<?xml version='1.0' encoding='UTF-8'?>
<SpRL>
    <SCENE>
        <DOCNO>annotations/01/1060.eng</DOCNO>
        <IMAGE>images/01/1060.jpg</IMAGE>
        <SENTENCE id="s601" start="0" end="88"><TEXT>behind it a bar with chairs and two people , and a bench with one person lying on it .</TEXT><SPATIALINDICATOR id="S3" start="79" end="81" text="on"/><TRAJECTOR id="T3" start="62" end="72" text="one person"/><TRAJECTOR id="T4" start="49" end="56" text="a bench"/><LANDMARK id="L5" start="82" end="84" text="it"/><RELATION id="SR1" trajector_id="T3" landmark_id="L5" spatial_indicator_id="S3" general_type="" specific_type="" RCC8_value="" FoR=""/><RELATION id="SR2" trajector_id="T4" landmark_id="L5" spatial_indicator_id="S3" general_type="" specific_type="" RCC8_value="" FoR=""/></SENTENCE><SENTENCE id="s602" start="88" end="130"><TEXT>upper level with doors and a blue rail .</TEXT></SENTENCE></SCENE>
    <SCENE>
        <DOCNO>annotations/01/1069.eng</DOCNO>
        <IMAGE>images/01/1069.jpg</IMAGE>
        <SENTENCE id="s603" start="130" end="344"><TEXT>Interior view of a room with a large bed with red bedcovers , a white wooden desk and chair below a TV fixed in the corner , a white fridge and a glass door with a wooden frame leading onto a veranda and garden .</TEXT><SPATIALINDICATOR id="S9" start="109" end="111" text="in"/><TRAJECTOR id="T9" start="144" end="156" text="a glass door"/><TRAJECTOR id="T10" start="98" end="102" text="a TV"/><TRAJECTOR id="T11" start="125" end="139" text="a white fridge"/><LANDMARK id="L12" start="112" end="122" text="the corner"/><RELATION id="SR6" trajector_id="T9" landmark_id="L12" spatial_indicator_id="S9" general_type="" specific_type="" RCC8_value="" FoR=""/><RELATION id="SR7" trajector_id="T10" landmark_id="L12" spatial_indicator_id="S9" general_type="" specific_type="" RCC8_value="" FoR=""/><RELATION id="SR8" trajector_id="T11" landmark_id="L12" spatial_indicator_id="S9" general_type="" specific_type="" RCC8_value="" FoR=""/><SPATIALINDICATOR id="S13" start="92" end="97" text="below"/><TRAJECTOR id="T13" start="62" end="81" text="a white wooden desk"/><TRAJECTOR id="T14" start="86" end="91" text="chair"/><LANDMARK id="L15" start="144" end="156" text="a glass door"/><LANDMARK id="L16" start="98" end="102" text="a TV"/><LANDMARK id="L17" start="125" end="139" text="a white fridge"/><RELATION id="SR10" trajector_id="T13" landmark_id="L15" spatial_indicator_id="S13" general_type="" specific_type="" RCC8_value="" FoR=""/><RELATION id="SR11" trajector_id="T13" landmark_id="L16" spatial_indicator_id="S13" general_type="" specific_type="" RCC8_value="" FoR=""/><RELATION id="SR12" trajector_id="T13" landmark_id="L17" spatial_indicator_id="S13" general_type="" specific_type="" RCC8_value="" FoR=""/><RELATION id="SR13" trajector_id="T14" landmark_id="L15" spatial_indicator_id="S13" general_type="" specific_type="" RCC8_value="" FoR=""/><RELATION id="SR14" trajector_id="T14" landmark_id="L16" spatial_indicator_id="S13" general_type="" specific_type="" RCC8_value="" FoR=""/><RELATION id="SR15" trajector_id="T14" landmark_id="L17" spatial_indicator_id="S13" general_type="" specific_type="" RCC8_value="" FoR=""/></SENTENCE></SCENE>
    <SCENE>
        <DOCNO>annotations/01/1071.eng</DOCNO>
        <IMAGE>images/01/1071.jpg</IMAGE>
        <SENTENCE id="s604" start="344" end="486"><TEXT>a white bungalow with big windows , stairs to the left and the right , a neat lawn and flowers in front of the house and trees at the back .</TEXT><SPATIALINDICATOR id="S22" start="95" end="106" text="in front of"/><TRAJECTOR id="T22" start="87" end="94" text="flowers"/><LANDMARK id="L22" start="121" end="126" text="trees"/><LANDMARK id="L23" start="107" end="116" text="the house"/><RELATION id="SR18" trajector_id="T22" landmark_id="L22" spatial_indicator_id="S22" general_type="" specific_type="" RCC8_value="" FoR=""/><RELATION id="SR19" trajector_id="T22" landmark_id="L23" spatial_indicator_id="S22" general_type="" specific_type="" RCC8_value="" FoR=""/></SENTENCE><SENTENCE id="s605" start="486" end="516"><TEXT>blue sky in the background .</TEXT><SPATIALINDICATOR id="S26" start="9" end="11" text="in"/><TRAJECTOR id="T26" start="0" end="8" text="blue sky"/><LANDMARK id="L26" start="12" end="26" text="the background"/><RELATION id="SR22" trajector_id="T26" landmark_id="L26" spatial_indicator_id="S26" general_type="" specific_type="" RCC8_value="" FoR=""/></SENTENCE></SCENE>
    <SCENE>
        <DOCNO>annotations/01/1072.eng</DOCNO>
        <IMAGE>images/01/1072.jpg</IMAGE>
        <SENTENCE id="s606" start="516" end="614"><TEXT>a white hostel with a large tree to its left and a gravel road in front of the wooden entrance .</TEXT><SPATIALINDICATOR id="S29" start="63" end="74" text="in front of"/><TRAJECTOR id="T29" start="49" end="62" text="a gravel road"/><LANDMARK id="L29" start="75" end="94" text="the wooden entrance"/><RELATION id="SR25" trajector_id="T29" landmark_id="L29" spatial_indicator_id="S29" general_type="" specific_type="" RCC8_value="" FoR=""/></SENTENCE></SCENE>
    <SCENE>
        <DOCNO>annotations/01/1074.eng</DOCNO>
        <IMAGE>images/01/1074.jpg</IMAGE>
        <SENTENCE id="s607" start="614" end="721"><TEXT>photo of an inner courtyard under a transparent roof , with a lawn and a large flower pot in the centre .</TEXT><SPATIALINDICATOR id="S32" start="28" end="33" text="under"/><TRAJECTOR id="T32" start="0" end="27" text="photo of an inner courtyard"/><LANDMARK id="L32" start="34" end="52" text="a transparent roof"/><RELATION id="SR28" trajector_id="T32" landmark_id="L32" spatial_indicator_id="S32" general_type="" specific_type="" RCC8_value="" FoR=""/><SPATIALINDICATOR id="S33" start="90" end="92" text="in"/><TRAJECTOR id="T33" start="71" end="89" text="a large flower pot"/><LANDMARK id="L33" start="93" end="103" text="the centre"/><RELATION id="SR30" trajector_id="T33" landmark_id="L33" spatial_indicator_id="S33" general_type="" specific_type="" RCC8_value="" FoR=""/></SENTENCE></SCENE>
    <SCENE>
        <DOCNO>annotations/01/1075.eng</DOCNO>
        <IMAGE>images/01/1075.jpg</IMAGE>
        <SENTENCE id="s608" start="721" end="919"><TEXT>interior view of a room containing a double bed with a blue and white chequered bedcover and a single bed with a brownish green bedcover , with a wooden night table and a bedside lamp in between .</TEXT></SENTENCE><SENTENCE id="s609" start="919" end="962"><TEXT>light and dark brown tiles on the floor .</TEXT><SPATIALINDICATOR id="S38" start="27" end="29" text="on"/><TRAJECTOR id="T38" start="15" end="26" text="brown tiles"/><LANDMARK id="L38" start="30" end="39" text="the floor"/><RELATION id="SR34" trajector_id="T38" landmark_id="L38" spatial_indicator_id="S38" general_type="" specific_type="" RCC8_value="" FoR=""/></SENTENCE></SCENE>
    <SCENE>
        <DOCNO>annotations/01/1079.eng</DOCNO>
        <IMAGE>images/01/1079.jpg</IMAGE>
        <SENTENCE id="s610" start="962" end="1115"><TEXT>a green , three story building ( the upper two levels are fully visible ) with a cross on the flat roof and small windows with a white , wooden frame .</TEXT><SPATIALINDICATOR id="S42" start="87" end="89" text="on"/><TRAJECTOR id="T42" start="79" end="86" text="a cross"/><LANDMARK id="L42" start="90" end="103" text="the flat roof"/><LANDMARK id="L43" start="108" end="121" text="small windows"/><RELATION id="SR37" trajector_id="T42" landmark_id="L42" spatial_indicator_id="S42" general_type="" specific_type="" RCC8_value="" FoR=""/><RELATION id="SR38" trajector_id="T42" landmark_id="L43" spatial_indicator_id="S42" general_type="" specific_type="" RCC8_value="" FoR=""/></SENTENCE><SENTENCE id="s611" start="1115" end="1163"><TEXT>small red canopy above ground floor entrance .</TEXT><SPATIALINDICATOR id="S46" start="17" end="22" text="above"/><TRAJECTOR id="T46" start="0" end="16" text="small red canopy"/><LANDMARK id="L46" start="23" end="44" text="ground floor entrance"/><RELATION id="SR41" trajector_id="T46" landmark_id="L46" spatial_indicator_id="S46" general_type="" specific_type="" RCC8_value="" FoR=""/></SENTENCE></SCENE>
    <SCENE>
        <DOCNO>annotations/01/1081.eng</DOCNO>
        <IMAGE>images/01/1081.jpg</IMAGE>
        <SENTENCE id="s612" start="1163" end="1271"><TEXT>Aerial view of seven light brown houses with black roofs on a grassy slope , connected by paved pathways .</TEXT><SPATIALINDICATOR id="S50" start="57" end="59" text="on"/><TRAJECTOR id="T50" start="0" end="39" text="Aerial view of seven light brown houses"/><TRAJECTOR id="T51" start="45" end="56" text="black roofs"/><LANDMARK id="L52" start="60" end="74" text="a grassy slope"/><RELATION id="SR44" trajector_id="T50" landmark_id="L52" spatial_indicator_id="S50" general_type="" specific_type="" RCC8_value="" FoR=""/><RELATION id="SR45" trajector_id="T51" landmark_id="L52" spatial_indicator_id="S50" general_type="" specific_type="" RCC8_value="" FoR=""/><SPATIALINDICATOR id="S53" start="87" end="89" text="by"/><TRAJECTOR id="T53" start="60" end="74" text="a grassy slope"/><LANDMARK id="L53" start="90" end="104" text="paved pathways"/><RELATION id="SR47" trajector_id="T53" landmark_id="L53" spatial_indicator_id="S53" general_type="" specific_type="" RCC8_value="" FoR=""/></SENTENCE><SENTENCE id="s613" start="1271" end="1298"><TEXT>trees in the background .</TEXT><SPATIALINDICATOR id="S55" start="6" end="8" text="in"/><TRAJECTOR id="T55" start="0" end="5" text="trees"/><LANDMARK id="L55" start="9" end="23" text="the background"/><RELATION id="SR50" trajector_id="T55" landmark_id="L55" spatial_indicator_id="S55" general_type="" specific_type="" RCC8_value="" FoR=""/></SENTENCE></SCENE>
    <SCENE>
        <DOCNO>annotations/01/1084.eng</DOCNO>
        <IMAGE>images/01/1084.jpg</IMAGE>
        <SENTENCE id="s614" start="1298" end="1390"><TEXT>Interior view of a room with white walls , divided into two parts by a small wooden rail .</TEXT><SPATIALINDICATOR id="S60" start="66" end="68" text="by"/><TRAJECTOR id="T60" start="56" end="65" text="two parts"/><LANDMARK id="L60" start="69" end="88" text="a small wooden rail"/><RELATION id="SR53" trajector_id="T60" landmark_id="L60" spatial_indicator_id="S60" general_type="" specific_type="" RCC8_value="" FoR=""/></SENTENCE><SENTENCE id="s615" start="1390" end="1464"><TEXT>there is a double bed , a night table and a bed lamp in the foreground .</TEXT><SPATIALINDICATOR id="S62" start="53" end="55" text="in"/><TRAJECTOR id="T62" start="42" end="52" text="a bed lamp"/><TRAJECTOR id="T63" start="24" end="37" text="a night table"/><TRAJECTOR id="T64" start="9" end="21" text="a double bed"/><LANDMARK id="L65" start="56" end="70" text="the foreground"/><RELATION id="SR56" trajector_id="T62" landmark_id="L65" spatial_indicator_id="S62" general_type="" specific_type="" RCC8_value="" FoR=""/><RELATION id="SR57" trajector_id="T63" landmark_id="L65" spatial_indicator_id="S62" general_type="" specific_type="" RCC8_value="" FoR=""/><RELATION id="SR58" trajector_id="T64" landmark_id="L65" spatial_indicator_id="S62" general_type="" specific_type="" RCC8_value="" FoR=""/></SENTENCE><SENTENCE id="s616" start="1464" end="1576"><TEXT>there is a coffee table with a sofa and chairs around and pictures are hanging on the wall in the background .</TEXT><SPATIALINDICATOR id="S67" start="91" end="93" text="in"/><TRAJECTOR id="T67" start="82" end="90" text="the wall"/><LANDMARK id="L67" start="94" end="108" text="the background"/><RELATION id="SR61" trajector_id="T67" landmark_id="L67" spatial_indicator_id="S67" general_type="" specific_type="" RCC8_value="" FoR=""/><SPATIALINDICATOR id="S68" start="47" end="53" text="around"/><TRAJECTOR id="T68" start="40" end="46" text="chairs"/><LANDMARK id="L68" start="58" end="66" text="pictures"/><RELATION id="SR63" trajector_id="T68" landmark_id="L68" spatial_indicator_id="S68" general_type="" specific_type="" RCC8_value="" FoR=""/><SPATIALINDICATOR id="S69" start="79" end="81" text="on"/><TRAJECTOR id="T69" start="58" end="66" text="pictures"/><LANDMARK id="L69" start="82" end="90" text="the wall"/><RELATION id="SR65" trajector_id="T69" landmark_id="L69" spatial_indicator_id="S69" general_type="" specific_type="" RCC8_value="" FoR=""/></SENTENCE></SCENE>
    <SCENE>
        <DOCNO>annotations/01/1085.eng</DOCNO>
        <IMAGE>images/01/1085.jpg</IMAGE>
        <SENTENCE id="s617" start="1576" end="1673"><TEXT>a room with white walls , two single beds , a glass door with a wooden frame and red curtains .</TEXT></SENTENCE><SENTENCE id="s618" start="1673" end="1721"><TEXT>there is a picture above the bed on the wall .</TEXT><SPATIALINDICATOR id="S74" start="33" end="35" text="on"/><TRAJECTOR id="T74" start="25" end="32" text="the bed"/><LANDMARK id="L74" start="36" end="44" text="the wall"/><RELATION id="SR69" trajector_id="T74" landmark_id="L74" spatial_indicator_id="S74" general_type="" specific_type="" RCC8_value="" FoR=""/><SPATIALINDICATOR id="S75" start="19" end="24" text="above"/><TRAJECTOR id="T75" start="9" end="18" text="a picture"/><LANDMARK id="L75" start="25" end="32" text="the bed"/><RELATION id="SR71" trajector_id="T75" landmark_id="L75" spatial_indicator_id="S75" general_type="" specific_type="" RCC8_value="" FoR=""/></SENTENCE></SCENE>
    <SCENE>
        <DOCNO>annotations/01/1086.eng</DOCNO>
        <IMAGE>images/01/1086.jpg</IMAGE>
        <SENTENCE id="s619" start="1721" end="1777"><TEXT>a room with two single beds and a lamp above one bed .</TEXT><SPATIALINDICATOR id="S81" start="39" end="44" text="above"/><TRAJECTOR id="T81" start="32" end="38" text="a lamp"/><LANDMARK id="L81" start="45" end="52" text="one bed"/><RELATION id="SR74" trajector_id="T81" landmark_id="L81" spatial_indicator_id="S81" general_type="" specific_type="" RCC8_value="" FoR=""/></SENTENCE><SENTENCE id="s620" start="1777" end="1817"><TEXT>half of the walls is covered by wood .</TEXT><SPATIALINDICATOR id="S83" start="29" end="31" text="by"/><TRAJECTOR id="T83" start="8" end="17" text="the walls"/><LANDMARK id="L83" start="32" end="36" text="wood"/><RELATION id="SR77" trajector_id="T83" landmark_id="L83" spatial_indicator_id="S83" general_type="" specific_type="" RCC8_value="" FoR=""/></SENTENCE><SENTENCE id="s621" start="1817" end="1877"><TEXT>a table with two chairs at the back ( next to a window ) .</TEXT></SENTENCE><SENTENCE id="s622" start="1877" end="1913"><TEXT>a vase with flowers on the table :</TEXT><SPATIALINDICATOR id="S86" start="20" end="22" text="on"/><TRAJECTOR id="T86" start="12" end="19" text="flowers"/><TRAJECTOR id="T87" start="0" end="6" text="a vase"/><LANDMARK id="L88" start="23" end="32" text="the table"/><RELATION id="SR81" trajector_id="T86" landmark_id="L88" spatial_indicator_id="S86" general_type="" specific_type="" RCC8_value="" FoR=""/><RELATION id="SR82" trajector_id="T87" landmark_id="L88" spatial_indicator_id="S86" general_type="" specific_type="" RCC8_value="" FoR=""/></SENTENCE></SCENE>
    <SCENE>
        <DOCNO>annotations/01/1087.eng</DOCNO>
        <IMAGE>images/01/1087.jpg</IMAGE>
        <SENTENCE id="s623" start="1913" end="1993"><TEXT>a room with white walls , two single beds with a night table in between them .</TEXT><SPATIALINDICATOR id="S93" start="61" end="71" text="in between"/><TRAJECTOR id="T93" start="47" end="60" text="a night table"/><TRAJECTOR id="T94" start="26" end="41" text="two single beds"/><LANDMARK id="L95" start="72" end="76" text="them"/><RELATION id="SR85" trajector_id="T93" landmark_id="L95" spatial_indicator_id="S93" general_type="" specific_type="" RCC8_value="" FoR=""/><RELATION id="SR86" trajector_id="T94" landmark_id="L95" spatial_indicator_id="S93" general_type="" specific_type="" RCC8_value="" FoR=""/></SENTENCE><SENTENCE id="s624" start="1993" end="2099"><TEXT>there is a lamp on the wall above one bed , a light switch next to it , and a phone on the night table .</TEXT><SPATIALINDICATOR id="S97" start="28" end="33" text="above"/><TRAJECTOR id="T97" start="19" end="27" text="the wall"/><LANDMARK id="L97" start="34" end="41" text="one bed"/><RELATION id="SR89" trajector_id="T97" landmark_id="L97" spatial_indicator_id="S97" general_type="" specific_type="" RCC8_value="" FoR=""/><SPATIALINDICATOR id="S98" start="84" end="86" text="on"/><TRAJECTOR id="T98" start="76" end="83" text="a phone"/><LANDMARK id="L98" start="87" end="102" text="the night table"/><RELATION id="SR91" trajector_id="T98" landmark_id="L98" spatial_indicator_id="S98" general_type="" specific_type="" RCC8_value="" FoR=""/><SPATIALINDICATOR id="S99" start="16" end="18" text="on"/><TRAJECTOR id="T99" start="76" end="83" text="a phone"/><TRAJECTOR id="T100" start="9" end="15" text="a lamp"/><LANDMARK id="L101" start="19" end="27" text="the wall"/><RELATION id="SR93" trajector_id="T99" landmark_id="L101" spatial_indicator_id="S99" general_type="" specific_type="" RCC8_value="" FoR=""/><RELATION id="SR94" trajector_id="T100" landmark_id="L101" spatial_indicator_id="S99" general_type="" specific_type="" RCC8_value="" FoR=""/></SENTENCE><SENTENCE id="s625" start="2099" end="2175"><TEXT>further , there is a window with closed curtains at the back of the room .</TEXT></SENTENCE></SCENE>
    <SCENE>
        <DOCNO>annotations/01/1088.eng</DOCNO>
        <IMAGE>images/01/1088.jpg</IMAGE>
        <SENTENCE id="s626" start="2175" end="2302"><TEXT>a photo of a room with white walls , two single beds with a night table in between and a picture on the wall above the beds .</TEXT><SPATIALINDICATOR id="S105" start="97" end="99" text="on"/><TRAJECTOR id="T105" start="87" end="96" text="a picture"/><LANDMARK id="L105" start="100" end="108" text="the wall"/><RELATION id="SR98" trajector_id="T105" landmark_id="L105" spatial_indicator_id="S105" general_type="" specific_type="" RCC8_value="" FoR=""/><SPATIALINDICATOR id="S106" start="109" end="114" text="above"/><TRAJECTOR id="T106" start="100" end="108" text="the wall"/><LANDMARK id="L106" start="115" end="123" text="the beds"/><RELATION id="SR100" trajector_id="T106" landmark_id="L106" spatial_indicator_id="S106" general_type="" specific_type="" RCC8_value="" FoR=""/><SPATIALINDICATOR id="S107" start="72" end="82" text="in between"/><TRAJECTOR id="T107" start="58" end="71" text="a night table"/><TRAJECTOR id="T108" start="37" end="52" text="two single beds"/><LANDMARK id="L109" start="87" end="96" text="a picture"/><RELATION id="SR102" trajector_id="T107" landmark_id="L109" spatial_indicator_id="S107" general_type="" specific_type="" RCC8_value="" FoR=""/><RELATION id="SR103" trajector_id="T108" landmark_id="L109" spatial_indicator_id="S107" general_type="" specific_type="" RCC8_value="" FoR=""/></SENTENCE></SCENE>
    <SCENE>
        <DOCNO>annotations/01/1089.eng</DOCNO>
        <IMAGE>images/01/1089.jpg</IMAGE>
        <SENTENCE id="s627" start="2302" end="2351"><TEXT>a bungalow made of red bricks with a red roof .</TEXT></SENTENCE><SENTENCE id="s628" start="2351" end="2439"><TEXT>a neat lawn in front of the house , and lots of trees , bushes and flowers around it .</TEXT><SPATIALINDICATOR id="S115" start="12" end="23" text="in front of"/><TRAJECTOR id="T115" start="0" end="11" text="a neat lawn"/><TRAJECTOR id="T116" start="40" end="53" text="lots of trees"/><LANDMARK id="L117" start="24" end="33" text="the house"/><RELATION id="SR107" trajector_id="T115" landmark_id="L117" spatial_indicator_id="S115" general_type="" specific_type="" RCC8_value="" FoR=""/><RELATION id="SR108" trajector_id="T116" landmark_id="L117" spatial_indicator_id="S115" general_type="" specific_type="" RCC8_value="" FoR=""/><SPATIALINDICATOR id="S118" start="75" end="81" text="around"/><TRAJECTOR id="T118" start="40" end="53" text="lots of trees"/><TRAJECTOR id="T119" start="56" end="62" text="bushes"/><TRAJECTOR id="T120" start="67" end="74" text="flowers"/><LANDMARK id="L121" start="82" end="84" text="it"/><RELATION id="SR110" trajector_id="T118" landmark_id="L121" spatial_indicator_id="S118" general_type="" specific_type="" RCC8_value="" FoR=""/><RELATION id="SR111" trajector_id="T119" landmark_id="L121" spatial_indicator_id="S118" general_type="" specific_type="" RCC8_value="" FoR=""/><RELATION id="SR112" trajector_id="T120" landmark_id="L121" spatial_indicator_id="S118" general_type="" specific_type="" RCC8_value="" FoR=""/></SENTENCE><SENTENCE id="s629" start="2439" end="2469"><TEXT>a forest in the background .</TEXT><SPATIALINDICATOR id="S123" start="9" end="11" text="in"/><TRAJECTOR id="T123" start="0" end="8" text="a forest"/><LANDMARK id="L123" start="12" end="26" text="the background"/><RELATION id="SR115" trajector_id="T123" landmark_id="L123" spatial_indicator_id="S123" general_type="" specific_type="" RCC8_value="" FoR=""/></SENTENCE></SCENE>
    <SCENE>
        <DOCNO>annotations/01/1090.eng</DOCNO>
        <IMAGE>images/01/1090.jpg</IMAGE>
        <SENTENCE id="s630" start="2469" end="2512"><TEXT>exterior view of a three story building .</TEXT></SENTENCE><SENTENCE id="s631" start="2512" end="2686"><TEXT>entrance and arched windows on ground floor , a coop with a rail , a balcony with several arches and columns on the second floor , balcony with columns on the third floor .</TEXT><SPATIALINDICATOR id="S128" start="152" end="154" text="on"/><TRAJECTOR id="T128" start="144" end="151" text="columns"/><TRAJECTOR id="T129" start="131" end="138" text="balcony"/><LANDMARK id="L130" start="155" end="170" text="the third floor"/><RELATION id="SR119" trajector_id="T128" landmark_id="L130" spatial_indicator_id="S128" general_type="" specific_type="" RCC8_value="" FoR=""/><RELATION id="SR120" trajector_id="T129" landmark_id="L130" spatial_indicator_id="S128" general_type="" specific_type="" RCC8_value="" FoR=""/><SPATIALINDICATOR id="S131" start="28" end="30" text="on"/><TRAJECTOR id="T131" start="0" end="27" text="entrance and arched windows"/><LANDMARK id="L131" start="31" end="43" text="ground floor"/><RELATION id="SR122" trajector_id="T131" landmark_id="L131" spatial_indicator_id="S131" general_type="" specific_type="" RCC8_value="" FoR=""/><SPATIALINDICATOR id="S132" start="109" end="111" text="on"/><TRAJECTOR id="T132" start="101" end="108" text="columns"/><LANDMARK id="L132" start="112" end="128" text="the second floor"/><RELATION id="SR124" trajector_id="T132" landmark_id="L132" spatial_indicator_id="S132" general_type="" specific_type="" RCC8_value="" FoR=""/></SENTENCE></SCENE>
    <SCENE>
        <DOCNO>annotations/01/1091.eng</DOCNO>
        <IMAGE>images/01/1091.jpg</IMAGE>
        <SENTENCE id="s632" start="2686" end="2777"><TEXT>Exterior view of a four story building , with large windows and a balcony at each level .</TEXT><SPATIALINDICATOR id="S135" start="74" end="76" text="at"/><TRAJECTOR id="T135" start="64" end="73" text="a balcony"/><LANDMARK id="L135" start="77" end="87" text="each level"/><RELATION id="SR127" trajector_id="T135" landmark_id="L135" spatial_indicator_id="S135" general_type="" specific_type="" RCC8_value="" FoR=""/></SENTENCE></SCENE>
    <SCENE>
        <DOCNO>annotations/01/1092.eng</DOCNO>
        <IMAGE>images/01/1092.jpg</IMAGE>
        <SENTENCE id="s633" start="2777" end="2951"><TEXT>front view of a brown , three story building with arches on ground level , large windows on the second level and three little towers with a window each on the third level .</TEXT><SPATIALINDICATOR id="S138" start="57" end="59" text="on"/><TRAJECTOR id="T138" start="50" end="56" text="arches"/><LANDMARK id="L138" start="60" end="72" text="ground level"/><RELATION id="SR130" trajector_id="T138" landmark_id="L138" spatial_indicator_id="S138" general_type="" specific_type="" RCC8_value="" FoR=""/><SPATIALINDICATOR id="S139" start="89" end="91" text="on"/><TRAJECTOR id="T139" start="75" end="88" text="large windows"/><LANDMARK id="L139" start="92" end="108" text="the second level"/><RELATION id="SR132" trajector_id="T139" landmark_id="L139" spatial_indicator_id="S139" general_type="" specific_type="" RCC8_value="" FoR=""/><SPATIALINDICATOR id="S140" start="152" end="154" text="on"/><TRAJECTOR id="T140" start="138" end="146" text="a window"/><TRAJECTOR id="T141" start="113" end="132" text="three little towers"/><LANDMARK id="L142" start="155" end="170" text="the third level"/><RELATION id="SR134" trajector_id="T140" landmark_id="L142" spatial_indicator_id="S140" general_type="" specific_type="" RCC8_value="" FoR=""/><RELATION id="SR135" trajector_id="T141" landmark_id="L142" spatial_indicator_id="S140" general_type="" specific_type="" RCC8_value="" FoR=""/></SENTENCE></SCENE>
    <SCENE>
        <DOCNO>annotations/01/1094.eng</DOCNO>
        <IMAGE>images/01/1094.jpg</IMAGE>
        <SENTENCE id="s634" start="2951" end="3087"><TEXT>Front view of a light khaki house with two small windows , a huge painting on the left and an entrance on the right ( in the shade ) .</TEXT><SPATIALINDICATOR id="S147" start="75" end="86" text="on the left"/><TRAJECTOR id="T147" start="59" end="74" text="a huge painting"/><TRAJECTOR id="T148" start="91" end="102" text="an entrance"/><LANDMARK id="L149" start="-1" end="-1"/><RELATION id="SR138" trajector_id="T147" landmark_id="L149" spatial_indicator_id="S147" general_type="" specific_type="" RCC8_value="" FoR=""/><RELATION id="SR139" trajector_id="T148" landmark_id="L149" spatial_indicator_id="S147" general_type="" specific_type="" RCC8_value="" FoR=""/><SPATIALINDICATOR id="S150" start="103" end="115" text="on the right"/><TRAJECTOR id="T150" start="91" end="102" text="an entrance"/><LANDMARK id="L150" start="-1" end="-1"/><RELATION id="SR141" trajector_id="T150" landmark_id="L150" spatial_indicator_id="S150" general_type="" specific_type="" RCC8_value="" FoR=""/></SENTENCE><SENTENCE id="s635" start="3087" end="3158"><TEXT>one person sitting on a bench in front of the house ( on the left ) .</TEXT><SPATIALINDICATOR id="S152" start="30" end="41" text="in front of"/><TRAJECTOR id="T152" start="22" end="29" text="a bench"/><LANDMARK id="L152" start="42" end="51" text="the house"/><RELATION id="SR144" trajector_id="T152" landmark_id="L152" spatial_indicator_id="S152" general_type="" specific_type="" RCC8_value="" FoR=""/><SPATIALINDICATOR id="S153" start="19" end="21" text="on"/><TRAJECTOR id="T153" start="0" end="10" text="one person"/><LANDMARK id="L153" start="22" end="29" text="a bench"/><RELATION id="SR146" trajector_id="T153" landmark_id="L153" spatial_indicator_id="S153" general_type="" specific_type="" RCC8_value="" FoR=""/><SPATIALINDICATOR id="S154" start="54" end="65" text="on the left"/><TRAJECTOR id="T154" start="42" end="51" text="the house"/><LANDMARK id="L154" start="-1" end="-1"/><RELATION id="SR148" trajector_id="T154" landmark_id="L154" spatial_indicator_id="S154" general_type="" specific_type="" RCC8_value="" FoR=""/></SENTENCE><SENTENCE id="s636" start="3158" end="3195"><TEXT>large mountains in the background .</TEXT><SPATIALINDICATOR id="S156" start="16" end="18" text="in"/><TRAJECTOR id="T156" start="0" end="15" text="large mountains"/><LANDMARK id="L156" start="19" end="33" text="the background"/><RELATION id="SR151" trajector_id="T156" landmark_id="L156" spatial_indicator_id="S156" general_type="" specific_type="" RCC8_value="" FoR=""/></SENTENCE></SCENE>
    <SCENE>
        <DOCNO>annotations/01/1096.eng</DOCNO>
        <IMAGE>images/01/1096.jpg</IMAGE>
        <SENTENCE id="s637" start="3195" end="3276"><TEXT>white hostal with three levels and two large palm trees in front of the house .</TEXT><SPATIALINDICATOR id="S161" start="56" end="67" text="in front of"/><TRAJECTOR id="T161" start="35" end="55" text="two large palm trees"/><LANDMARK id="L161" start="68" end="77" text="the house"/><RELATION id="SR154" trajector_id="T161" landmark_id="L161" spatial_indicator_id="S161" general_type="" specific_type="" RCC8_value="" FoR=""/></SENTENCE><SENTENCE id="s638" start="3276" end="3338"><TEXT>sunchairs and umbrellas on the balcony of the second floor .</TEXT><SPATIALINDICATOR id="S163" start="24" end="26" text="on"/><TRAJECTOR id="T163" start="14" end="23" text="umbrellas"/><TRAJECTOR id="T164" start="0" end="9" text="sunchairs"/><LANDMARK id="L165" start="27" end="58" text="the balcony of the second floor"/><RELATION id="SR157" trajector_id="T163" landmark_id="L165" spatial_indicator_id="S163" general_type="" specific_type="" RCC8_value="" FoR=""/><RELATION id="SR158" trajector_id="T164" landmark_id="L165" spatial_indicator_id="S163" general_type="" specific_type="" RCC8_value="" FoR=""/></SENTENCE><SENTENCE id="s639" start="3338" end="3392"><TEXT>white wall in front of the house with an iron gate .</TEXT><SPATIALINDICATOR id="S167" start="11" end="22" text="in front of"/><TRAJECTOR id="T167" start="0" end="10" text="white wall"/><LANDMARK id="L167" start="23" end="32" text="the house"/><RELATION id="SR161" trajector_id="T167" landmark_id="L167" spatial_indicator_id="S167" general_type="" specific_type="" RCC8_value="" FoR=""/></SENTENCE></SCENE>
    <SCENE>
        <DOCNO>annotations/01/1098.eng</DOCNO>
        <IMAGE>images/01/1098.jpg</IMAGE>
        <SENTENCE id="s640" start="3392" end="3491"><TEXT>a man in a black jacket and brown pants shovelling snow from the entrance ( with a red shovel ) .</TEXT><SPATIALINDICATOR id="S171" start="6" end="8" text="in"/><TRAJECTOR id="T171" start="0" end="5" text="a man"/><LANDMARK id="L171" start="28" end="39" text="brown pants"/><LANDMARK id="L172" start="9" end="23" text="a black jacket"/><RELATION id="SR164" trajector_id="T171" landmark_id="L171" spatial_indicator_id="S171" general_type="" specific_type="" RCC8_value="" FoR=""/><RELATION id="SR165" trajector_id="T171" landmark_id="L172" spatial_indicator_id="S171" general_type="" specific_type="" RCC8_value="" FoR=""/><LANDMARK id="L174" start="61" end="73" text="the entrance"/><SPATIALINDICATOR id="S174" start="56" end="60" text="from"/><TRAJECTOR id="T174" start="51" end="55" text="snow"/><RELATION id="SR167" trajector_id="T174" landmark_id="L174" spatial_indicator_id="S174" general_type="" specific_type="" RCC8_value="" FoR=""/></SENTENCE><SENTENCE id="s641" start="3491" end="3535"><TEXT>behind him a white door , a large window .</TEXT></SENTENCE></SCENE>
    <SCENE>
        <DOCNO>annotations/01/1099.eng</DOCNO>
        <IMAGE>images/01/1099.jpg</IMAGE>
        <SENTENCE id="s642" start="3535" end="3574"><TEXT>two story building with white walls .</TEXT></SENTENCE><SENTENCE id="s643" start="3574" end="3698"><TEXT>three large window ( with hammocks in front of each the windows ) and large wooden doors next to them on the first floor .</TEXT><SPATIALINDICATOR id="S181" start="35" end="46" text="in front of"/><TRAJECTOR id="T181" start="26" end="34" text="hammocks"/><LANDMARK id="L181" start="52" end="63" text="the windows"/><RELATION id="SR173" trajector_id="T181" landmark_id="L181" spatial_indicator_id="S181" general_type="" specific_type="" RCC8_value="" FoR=""/><SPATIALINDICATOR id="S182" start="89" end="96" text="next to"/><TRAJECTOR id="T182" start="70" end="88" text="large wooden doors"/><LANDMARK id="L182" start="97" end="101" text="them"/><RELATION id="SR175" trajector_id="T182" landmark_id="L182" spatial_indicator_id="S182" general_type="" specific_type="" RCC8_value="" FoR=""/><SPATIALINDICATOR id="S183" start="102" end="104" text="on"/><TRAJECTOR id="T183" start="97" end="101" text="them"/><LANDMARK id="L183" start="105" end="120" text="the first floor"/><RELATION id="SR177" trajector_id="T183" landmark_id="L183" spatial_indicator_id="S183" general_type="" specific_type="" RCC8_value="" FoR=""/></SENTENCE><SENTENCE id="s644" start="3698" end="3785"><TEXT>large windows and doors on the second floor too , with a wooden rail on the balcony .</TEXT><SPATIALINDICATOR id="S185" start="69" end="71" text="on"/><TRAJECTOR id="T185" start="55" end="68" text="a wooden rail"/><LANDMARK id="L185" start="72" end="83" text="the balcony"/><RELATION id="SR180" trajector_id="T185" landmark_id="L185" spatial_indicator_id="S185" general_type="" specific_type="" RCC8_value="" FoR=""/><SPATIALINDICATOR id="S186" start="24" end="26" text="on"/><TRAJECTOR id="T186" start="0" end="13" text="large windows"/><TRAJECTOR id="T187" start="18" end="23" text="doors"/><LANDMARK id="L188" start="27" end="43" text="the second floor"/><RELATION id="SR182" trajector_id="T186" landmark_id="L188" spatial_indicator_id="S186" general_type="" specific_type="" RCC8_value="" FoR=""/><RELATION id="SR183" trajector_id="T187" landmark_id="L188" spatial_indicator_id="S186" general_type="" specific_type="" RCC8_value="" FoR=""/></SENTENCE></SCENE>
    <SCENE>
        <DOCNO>annotations/01/1100.eng</DOCNO>
        <IMAGE>images/01/1100.jpg</IMAGE>
        <SENTENCE id="s645" start="3785" end="3938"><TEXT>a room with white walls , two wooden single beds , one with a blue blanket , the other one with a green , light pink and light purple striped blanket .</TEXT></SENTENCE><SENTENCE id="s646" start="3938" end="3992"><TEXT>wooden door at the back , and a poster on the wall .</TEXT><SPATIALINDICATOR id="S193" start="39" end="41" text="on"/><TRAJECTOR id="T193" start="30" end="38" text="a poster"/><LANDMARK id="L193" start="42" end="50" text="the wall"/><RELATION id="SR187" trajector_id="T193" landmark_id="L193" spatial_indicator_id="S193" general_type="" specific_type="" RCC8_value="" FoR=""/></SENTENCE></SCENE>
    <SCENE>
        <DOCNO>annotations/01/1101.eng</DOCNO>
        <IMAGE>images/01/1101.jpg</IMAGE>
        <SENTENCE id="s647" start="3992" end="4043"><TEXT>a king size bed with a night table on each side .</TEXT><SPATIALINDICATOR id="S198" start="35" end="37" text="on"/><TRAJECTOR id="T198" start="0" end="15" text="a king size bed"/><TRAJECTOR id="T199" start="21" end="34" text="a night table"/><LANDMARK id="L200" start="38" end="47" text="each side"/><RELATION id="SR190" trajector_id="T198" landmark_id="L200" spatial_indicator_id="S198" general_type="" specific_type="" RCC8_value="" FoR=""/><RELATION id="SR191" trajector_id="T199" landmark_id="L200" spatial_indicator_id="S198" general_type="" specific_type="" RCC8_value="" FoR=""/></SENTENCE><SENTENCE id="s648" start="4043" end="4128"><TEXT>phone on the right table , phone books ( yellow and white pages ) below the table .</TEXT><SPATIALINDICATOR id="S202" start="66" end="71" text="below"/><TRAJECTOR id="T202" start="58" end="63" text="pages"/><LANDMARK id="L202" start="72" end="81" text="the table"/><RELATION id="SR194" trajector_id="T202" landmark_id="L202" spatial_indicator_id="S202" general_type="" specific_type="" RCC8_value="" FoR=""/><SPATIALINDICATOR id="S203" start="6" end="18" text="on the right"/><TRAJECTOR id="T203" start="0" end="5" text="phone"/><LANDMARK id="L203" start="-1" end="-1"/><RELATION id="SR196" trajector_id="T203" landmark_id="L203" spatial_indicator_id="S203" general_type="" specific_type="" RCC8_value="" FoR=""/></SENTENCE><SENTENCE id="s649" start="4128" end="4179"><TEXT>picture and two lamps on the wall above the bed .</TEXT><SPATIALINDICATOR id="S205" start="34" end="39" text="above"/><TRAJECTOR id="T205" start="25" end="33" text="the wall"/><LANDMARK id="L205" start="40" end="47" text="the bed"/><RELATION id="SR199" trajector_id="T205" landmark_id="L205" spatial_indicator_id="S205" general_type="" specific_type="" RCC8_value="" FoR=""/><SPATIALINDICATOR id="S206" start="22" end="24" text="on"/><TRAJECTOR id="T206" start="12" end="21" text="two lamps"/><TRAJECTOR id="T207" start="0" end="7" text="picture"/><LANDMARK id="L208" start="25" end="33" text="the wall"/><RELATION id="SR201" trajector_id="T206" landmark_id="L208" spatial_indicator_id="S206" general_type="" specific_type="" RCC8_value="" FoR=""/><RELATION id="SR202" trajector_id="T207" landmark_id="L208" spatial_indicator_id="S206" general_type="" specific_type="" RCC8_value="" FoR=""/></SENTENCE></SCENE>
    <SCENE>
        <DOCNO>annotations/01/1103.eng</DOCNO>
        <IMAGE>images/01/1103.jpg</IMAGE>
        <SENTENCE id="s650" start="4179" end="4277"><TEXT>a large wooden king-size bed with a white bedcover and a wooden night table with a phone on it .</TEXT><SPATIALINDICATOR id="S212" start="89" end="91" text="on"/><TRAJECTOR id="T212" start="81" end="88" text="a phone"/><TRAJECTOR id="T213" start="55" end="75" text="a wooden night table"/><LANDMARK id="L214" start="92" end="94" text="it"/><RELATION id="SR205" trajector_id="T212" landmark_id="L214" spatial_indicator_id="S212" general_type="" specific_type="" RCC8_value="" FoR=""/><RELATION id="SR206" trajector_id="T213" landmark_id="L214" spatial_indicator_id="S212" general_type="" specific_type="" RCC8_value="" FoR=""/></SENTENCE><SENTENCE id="s651" start="4277" end="4315"><TEXT>almost closed curtains at the back .</TEXT></SENTENCE></SCENE>
    <SCENE>
        <DOCNO>annotations/01/1106.eng</DOCNO>
        <IMAGE>images/01/1106.jpg</IMAGE>
        <SENTENCE id="s652" start="4315" end="4360"><TEXT>Exterior shot of a large , brownish hotel .</TEXT></SENTENCE></SCENE>
    <SCENE>
        <DOCNO>annotations/01/1107.eng</DOCNO>
        <IMAGE>images/01/1107.jpg</IMAGE>
        <SENTENCE id="s653" start="4360" end="4394"><TEXT>King-size bed with two pillows .</TEXT></SENTENCE><SENTENCE id="s654" start="4394" end="4433"><TEXT>night table with a lamp next to bed .</TEXT></SENTENCE><SENTENCE id="s655" start="4433" end="4464"><TEXT>a chair in front of the bed .</TEXT><SPATIALINDICATOR id="S225" start="8" end="19" text="in front of"/><TRAJECTOR id="T225" start="0" end="7" text="a chair"/><LANDMARK id="L225" start="20" end="27" text="the bed"/><RELATION id="SR213" trajector_id="T225" landmark_id="L225" spatial_indicator_id="S225" general_type="" specific_type="" RCC8_value="" FoR=""/></SENTENCE><SENTENCE id="s656" start="4464" end="4491"><TEXT>curtains and a painting .</TEXT></SENTENCE></SCENE>
    <SCENE>
        <DOCNO>annotations/01/1108.eng</DOCNO>
        <IMAGE>images/01/1108.jpg</IMAGE>
        <SENTENCE id="s657" start="4491" end="4526"><TEXT>Corner view of a large building .</TEXT></SENTENCE><SENTENCE id="s658" start="4526" end="4559"><TEXT>front is mainly made of glass .</TEXT></SENTENCE></SCENE>
    <SCENE>
        <DOCNO>annotations/01/1109.eng</DOCNO>
        <IMAGE>images/01/1109.jpg</IMAGE>
        <SENTENCE id="s659" start="4559" end="4611"><TEXT>a room with a king-size bed with purple bedcover .</TEXT></SENTENCE><SENTENCE id="s660" start="4611" end="4652"><TEXT>window and white curtains on the left .</TEXT><SPATIALINDICATOR id="S235" start="26" end="37" text="on the left"/><TRAJECTOR id="T235" start="0" end="25" text="window and white curtains"/><LANDMARK id="L235" start="-1" end="-1"/><RELATION id="SR220" trajector_id="T235" landmark_id="L235" spatial_indicator_id="S235" general_type="" specific_type="" RCC8_value="" FoR=""/></SENTENCE></SCENE>
    <SCENE>
        <DOCNO>annotations/01/1110.eng</DOCNO>
        <IMAGE>images/01/1110.jpg</IMAGE>
        <SENTENCE id="s661" start="4652" end="4697"><TEXT>Front view of a grey , ten story building .</TEXT></SENTENCE></SCENE>
    <SCENE>
        <DOCNO>annotations/01/1111.eng</DOCNO>
        <IMAGE>images/01/1111.jpg</IMAGE>
        <SENTENCE id="s662" start="4697" end="4796"><TEXT>a room with white walls , a wooden bed with a light brown blanket , bedside lamps on both sides .</TEXT><SPATIALINDICATOR id="S242" start="82" end="84" text="on"/><TRAJECTOR id="T242" start="68" end="81" text="bedside lamps"/><LANDMARK id="L242" start="85" end="95" text="both sides"/><RELATION id="SR224" trajector_id="T242" landmark_id="L242" spatial_indicator_id="S242" general_type="" specific_type="" RCC8_value="" FoR=""/></SENTENCE><SENTENCE id="s663" start="4796" end="4843"><TEXT>a table with a flower pot in the foreground .</TEXT><SPATIALINDICATOR id="S244" start="26" end="28" text="in"/><TRAJECTOR id="T244" start="13" end="25" text="a flower pot"/><TRAJECTOR id="T245" start="0" end="7" text="a table"/><LANDMARK id="L246" start="29" end="43" text="the foreground"/><RELATION id="SR227" trajector_id="T244" landmark_id="L246" spatial_indicator_id="S244" general_type="" specific_type="" RCC8_value="" FoR=""/><RELATION id="SR228" trajector_id="T245" landmark_id="L246" spatial_indicator_id="S244" general_type="" specific_type="" RCC8_value="" FoR=""/></SENTENCE><SENTENCE id="s664" start="4843" end="4885"><TEXT>window with curtains in the background .</TEXT><SPATIALINDICATOR id="S248" start="21" end="23" text="in"/><TRAJECTOR id="T248" start="12" end="20" text="curtains"/><TRAJECTOR id="T249" start="0" end="6" text="window"/><LANDMARK id="L250" start="24" end="38" text="the background"/><RELATION id="SR231" trajector_id="T248" landmark_id="L250" spatial_indicator_id="S248" general_type="" specific_type="" RCC8_value="" FoR=""/><RELATION id="SR232" trajector_id="T249" landmark_id="L250" spatial_indicator_id="S248" general_type="" specific_type="" RCC8_value="" FoR=""/></SENTENCE></SCENE>
    <SCENE>
        <DOCNO>annotations/01/1113.eng</DOCNO>
        <IMAGE>images/01/1113.jpg</IMAGE>
        <SENTENCE id="s665" start="4885" end="4937"><TEXT>narrow , multi-story building made of red bricks .</TEXT></SENTENCE><SENTENCE id="s666" start="4937" end="4970"><TEXT>green plants on the balconies .</TEXT><SPATIALINDICATOR id="S256" start="13" end="15" text="on"/><TRAJECTOR id="T256" start="0" end="12" text="green plants"/><LANDMARK id="L256" start="16" end="29" text="the balconies"/><RELATION id="SR236" trajector_id="T256" landmark_id="L256" spatial_indicator_id="S256" general_type="" specific_type="" RCC8_value="" FoR=""/></SENTENCE><SENTENCE id="s667" start="4970" end="5010"><TEXT>Argentinian flags above the entrance .</TEXT><SPATIALINDICATOR id="S258" start="18" end="23" text="above"/><TRAJECTOR id="T258" start="0" end="17" text="Argentinian flags"/><LANDMARK id="L258" start="24" end="36" text="the entrance"/><RELATION id="SR239" trajector_id="T258" landmark_id="L258" spatial_indicator_id="S258" general_type="" specific_type="" RCC8_value="" FoR=""/></SENTENCE></SCENE>
    <SCENE>
        <DOCNO>annotations/01/1114.eng</DOCNO>
        <IMAGE>images/01/1114.jpg</IMAGE>
        <SENTENCE id="s668" start="5010" end="5038"><TEXT>a room with yellow walls .</TEXT></SENTENCE><SENTENCE id="s669" start="5038" end="5124"><TEXT>a double-bed made of iron with a dark-yellow bedcover and two dark-yellow cushions .</TEXT></SENTENCE><SENTENCE id="s670" start="5124" end="5175"><TEXT>a night table with a bedside lamp on both sides .</TEXT><SPATIALINDICATOR id="S268" start="34" end="36" text="on"/><TRAJECTOR id="T268" start="19" end="33" text="a bedside lamp"/><TRAJECTOR id="T269" start="0" end="13" text="a night table"/><LANDMARK id="L270" start="37" end="47" text="both sides"/><RELATION id="SR244" trajector_id="T268" landmark_id="L270" spatial_indicator_id="S268" general_type="" specific_type="" RCC8_value="" FoR=""/><RELATION id="SR245" trajector_id="T269" landmark_id="L270" spatial_indicator_id="S268" general_type="" specific_type="" RCC8_value="" FoR=""/></SENTENCE><SENTENCE id="s671" start="5175" end="5228"><TEXT>there is a window with curtains in the background .</TEXT><SPATIALINDICATOR id="S272" start="32" end="34" text="in"/><TRAJECTOR id="T272" start="9" end="17" text="a window"/><LANDMARK id="L272" start="35" end="49" text="the background"/><RELATION id="SR248" trajector_id="T272" landmark_id="L272" spatial_indicator_id="S272" general_type="" specific_type="" RCC8_value="" FoR=""/></SENTENCE><SENTENCE id="s672" start="5228" end="5242"><TEXT>red carpet .</TEXT></SENTENCE><SENTENCE id="s673" start="5242" end="5274"><TEXT>oval table in the foreground .</TEXT><SPATIALINDICATOR id="S275" start="11" end="13" text="in"/><TRAJECTOR id="T275" start="0" end="10" text="oval table"/><LANDMARK id="L275" start="14" end="28" text="the foreground"/><RELATION id="SR252" trajector_id="T275" landmark_id="L275" spatial_indicator_id="S275" general_type="" specific_type="" RCC8_value="" FoR=""/></SENTENCE></SCENE>
    <SCENE>
        <DOCNO>annotations/01/1115.eng</DOCNO>
        <IMAGE>images/01/1115.jpg</IMAGE>
        <SENTENCE id="s674" start="5274" end="5384"><TEXT>a grey and brown terraced house with a large , ornate entrance and two cars that are parked in front of it .</TEXT><LANDMARK id="L278" start="104" end="106" text="it"/><SPATIALINDICATOR id="S278" start="92" end="103" text="in front of"/><TRAJECTOR id="T278" start="67" end="75" text="two cars"/><RELATION id="SR255" trajector_id="T278" landmark_id="L278" spatial_indicator_id="S278" general_type="" specific_type="" RCC8_value="" FoR=""/></SENTENCE></SCENE>
    <SCENE>
        <DOCNO>annotations/01/1116.eng</DOCNO>
        <IMAGE>images/01/1116.jpg</IMAGE>
        <SENTENCE id="s675" start="5384" end="5411"><TEXT>a room with beige walls .</TEXT></SENTENCE><SENTENCE id="s676" start="5411" end="5479"><TEXT>two single beds with a white bedcover , a pillow and a lamp each .</TEXT></SENTENCE><SENTENCE id="s677" start="5479" end="5575"><TEXT>there is a mirrow on the left , between the beds and on the left there is a of a night table .</TEXT><SPATIALINDICATOR id="S286" start="18" end="29" text="on the left"/><TRAJECTOR id="T286" start="9" end="17" text="a mirrow"/><LANDMARK id="L286" start="-1" end="-1"/><RELATION id="SR261" trajector_id="T286" landmark_id="L286" spatial_indicator_id="S286" general_type="" specific_type="" RCC8_value="" FoR=""/><SPATIALINDICATOR id="S287" start="53" end="64" text="on the left"/><TRAJECTOR id="T287" start="40" end="48" text="the beds"/><TRAJECTOR id="T288" start="71" end="73" text="is"/><LANDMARK id="L289" start="-1" end="-1"/><RELATION id="SR263" trajector_id="T287" landmark_id="L289" spatial_indicator_id="S287" general_type="" specific_type="" RCC8_value="" FoR=""/><RELATION id="SR264" trajector_id="T288" landmark_id="L289" spatial_indicator_id="S287" general_type="" specific_type="" RCC8_value="" FoR=""/></SENTENCE><SENTENCE id="s678" start="5575" end="5651"><TEXT>and in the background on the right there is a window with white curtains .</TEXT><SPATIALINDICATOR id="S291" start="22" end="34" text="on the right"/><TRAJECTOR id="T291" start="7" end="21" text="the background"/><LANDMARK id="L291" start="-1" end="-1"/><RELATION id="SR267" trajector_id="T291" landmark_id="L291" spatial_indicator_id="S291" general_type="" specific_type="" RCC8_value="" FoR=""/></SENTENCE></SCENE>
    <SCENE>
        <DOCNO>annotations/01/1117.eng</DOCNO>
        <IMAGE>images/01/1117.jpg</IMAGE>
        <SENTENCE id="s679" start="5651" end="5742"><TEXT>a grey , multistorey building with arced windows and an entrance decorated with flowers .</TEXT></SENTENCE></SCENE>
    <SCENE>
        <DOCNO>annotations/01/1118.eng</DOCNO>
        <IMAGE>images/01/1118.jpg</IMAGE>
        <SENTENCE id="s680" start="5742" end="5800"><TEXT>two bunk beds made of wood with multicoloured bedcover .</TEXT></SENTENCE><SENTENCE id="s681" start="5800" end="5841"><TEXT>there is a blue cupboard between them .</TEXT><SPATIALINDICATOR id="S299" start="25" end="32" text="between"/><TRAJECTOR id="T299" start="9" end="24" text="a blue cupboard"/><LANDMARK id="L299" start="33" end="37" text="them"/><RELATION id="SR272" trajector_id="T299" landmark_id="L299" spatial_indicator_id="S299" general_type="" specific_type="" RCC8_value="" FoR=""/></SENTENCE><SENTENCE id="s682" start="5841" end="5912"><TEXT>in the background on the right there is a window with blue curtains .</TEXT><SPATIALINDICATOR id="S301" start="18" end="30" text="on the right"/><TRAJECTOR id="T301" start="3" end="17" text="the background"/><LANDMARK id="L301" start="-1" end="-1"/><RELATION id="SR275" trajector_id="T301" landmark_id="L301" spatial_indicator_id="S301" general_type="" specific_type="" RCC8_value="" FoR=""/></SENTENCE></SCENE>
    <SCENE>
        <DOCNO>annotations/01/1119.eng</DOCNO>
        <IMAGE>images/01/1119.jpg</IMAGE>
        <SENTENCE id="s683" start="5912" end="6015"><TEXT>a house with blue tiles , iron bars in front of the entrance and a large window on the second floor .</TEXT><SPATIALINDICATOR id="S305" start="80" end="82" text="on"/><TRAJECTOR id="T305" start="65" end="79" text="a large window"/><LANDMARK id="L305" start="83" end="99" text="the second floor"/><RELATION id="SR278" trajector_id="T305" landmark_id="L305" spatial_indicator_id="S305" general_type="" specific_type="" RCC8_value="" FoR=""/><SPATIALINDICATOR id="S306" start="36" end="47" text="in front of"/><TRAJECTOR id="T306" start="26" end="35" text="iron bars"/><LANDMARK id="L306" start="48" end="60" text="the entrance"/><RELATION id="SR280" trajector_id="T306" landmark_id="L306" spatial_indicator_id="S306" general_type="" specific_type="" RCC8_value="" FoR=""/></SENTENCE><SENTENCE id="s684" start="6015" end="6053"><TEXT>there is a supermarket on the left .</TEXT><SPATIALINDICATOR id="S308" start="23" end="34" text="on the left"/><TRAJECTOR id="T308" start="9" end="22" text="a supermarket"/><LANDMARK id="L308" start="-1" end="-1"/><RELATION id="SR283" trajector_id="T308" landmark_id="L308" spatial_indicator_id="S308" general_type="" specific_type="" RCC8_value="" FoR=""/></SENTENCE></SCENE>
    <SCENE>
        <DOCNO>annotations/01/1121.eng</DOCNO>
        <IMAGE>images/01/1121.jpg</IMAGE>
        <SENTENCE id="s685" start="6053" end="6159"><TEXT>View of the courtyard of a brown house with white window frames and an iron rail and two angel statues .</TEXT></SENTENCE><SENTENCE id="s686" start="6159" end="6208"><TEXT>there are canes in the foreground on the left .</TEXT><SPATIALINDICATOR id="S314" start="16" end="18" text="in"/><TRAJECTOR id="T314" start="10" end="15" text="canes"/><LANDMARK id="L314" start="19" end="33" text="the foreground"/><RELATION id="SR287" trajector_id="T314" landmark_id="L314" spatial_indicator_id="S314" general_type="" specific_type="" RCC8_value="" FoR=""/><SPATIALINDICATOR id="S315" start="34" end="45" text="on the left"/><TRAJECTOR id="T315" start="19" end="33" text="the foreground"/><LANDMARK id="L315" start="-1" end="-1"/><RELATION id="SR289" trajector_id="T315" landmark_id="L315" spatial_indicator_id="S315" general_type="" specific_type="" RCC8_value="" FoR=""/></SENTENCE><SENTENCE id="s687" start="6208" end="6254"><TEXT>a man is sitting at a table on the balcony .</TEXT><SPATIALINDICATOR id="S317" start="28" end="30" text="on"/><TRAJECTOR id="T317" start="20" end="27" text="a table"/><LANDMARK id="L317" start="31" end="42" text="the balcony"/><RELATION id="SR292" trajector_id="T317" landmark_id="L317" spatial_indicator_id="S317" general_type="" specific_type="" RCC8_value="" FoR=""/><SPATIALINDICATOR id="S318" start="17" end="19" text="at"/><TRAJECTOR id="T318" start="0" end="5" text="a man"/><LANDMARK id="L318" start="20" end="27" text="a table"/><RELATION id="SR294" trajector_id="T318" landmark_id="L318" spatial_indicator_id="S318" general_type="" specific_type="" RCC8_value="" FoR=""/></SENTENCE></SCENE>
    <SCENE>
        <DOCNO>annotations/01/1122.eng</DOCNO>
        <IMAGE>images/01/1122.jpg</IMAGE>
        <SENTENCE id="s688" start="6254" end="6313"><TEXT>a room with white and orange walls and a brown ornament .</TEXT></SENTENCE><SENTENCE id="s689" start="6313" end="6401"><TEXT>there is a double bed made of iron , light brown pillows , white bedcover and towels .</TEXT></SENTENCE><SENTENCE id="s690" start="6401" end="6463"><TEXT>a night table with a bedside lamp and a phone on the right .</TEXT><SPATIALINDICATOR id="S326" start="46" end="58" text="on the right"/><TRAJECTOR id="T326" start="38" end="45" text="a phone"/><LANDMARK id="L326" start="-1" end="-1"/><RELATION id="SR299" trajector_id="T326" landmark_id="L326" spatial_indicator_id="S326" general_type="" specific_type="" RCC8_value="" FoR=""/></SENTENCE><SENTENCE id="s691" start="6463" end="6517"><TEXT>and a window with white curtains on the very right .</TEXT></SENTENCE></SCENE>
    <SCENE>
        <DOCNO>annotations/01/1123.eng</DOCNO>
        <IMAGE>images/01/1123.jpg</IMAGE>
        <SENTENCE id="s692" start="6517" end="6586"><TEXT>a house made of grey bricks with wooden pillars and red rooftiles .</TEXT></SENTENCE><SENTENCE id="s693" start="6586" end="6669"><TEXT>there are trees on the left and right side in both the fore- and the background .</TEXT><SPATIALINDICATOR id="S332" start="43" end="45" text="in"/><TRAJECTOR id="T332" start="32" end="42" text="right side"/><LANDMARK id="L332" start="51" end="59" text="the fore"/><RELATION id="SR304" trajector_id="T332" landmark_id="L332" spatial_indicator_id="S332" general_type="" specific_type="" RCC8_value="" FoR=""/><SPATIALINDICATOR id="S333" start="16" end="27" text="on the left"/><TRAJECTOR id="T333" start="32" end="42" text="right side"/><TRAJECTOR id="T334" start="10" end="15" text="trees"/><LANDMARK id="L335" start="-1" end="-1"/><RELATION id="SR306" trajector_id="T333" landmark_id="L335" spatial_indicator_id="S333" general_type="" specific_type="" RCC8_value="" FoR=""/><RELATION id="SR307" trajector_id="T334" landmark_id="L335" spatial_indicator_id="S333" general_type="" specific_type="" RCC8_value="" FoR=""/></SENTENCE></SCENE>
    <SCENE>
        <DOCNO>annotations/01/1124.eng</DOCNO>
        <IMAGE>images/01/1124.jpg</IMAGE>
        <SENTENCE id="s694" start="6669" end="6754"><TEXT>a room with walls made of wood and a double bed with a colourful-striped bedcover .</TEXT></SENTENCE><SENTENCE id="s695" start="6754" end="6874"><TEXT>there is a night table with a bedside lamp on the right , and a window with multicoloured curtains on the very right .</TEXT><SPATIALINDICATOR id="S340" start="43" end="55" text="on the right"/><TRAJECTOR id="T340" start="28" end="42" text="a bedside lamp"/><TRAJECTOR id="T341" start="9" end="22" text="a night table"/><LANDMARK id="L342" start="-1" end="-1"/><RELATION id="SR311" trajector_id="T340" landmark_id="L342" spatial_indicator_id="S340" general_type="" specific_type="" RCC8_value="" FoR=""/><RELATION id="SR312" trajector_id="T341" landmark_id="L342" spatial_indicator_id="S340" general_type="" specific_type="" RCC8_value="" FoR=""/></SENTENCE></SCENE>
    <SCENE>
        <DOCNO>annotations/01/1125.eng</DOCNO>
        <IMAGE>images/01/1125.jpg</IMAGE>
        <SENTENCE id="s696" start="6874" end="7011"><TEXT>a wooden house with green window frames , a small balcony on the left and a green Unmittelbare Treffer corrugated sheet roof above it .</TEXT><SPATIALINDICATOR id="S346" start="125" end="130" text="above"/><TRAJECTOR id="T346" start="95" end="124" text="Treffer corrugated sheet roof"/><TRAJECTOR id="T347" start="82" end="94" text="Unmittelbare"/><LANDMARK id="L348" start="131" end="133" text="it"/><RELATION id="SR315" trajector_id="T346" landmark_id="L348" spatial_indicator_id="S346" general_type="" specific_type="" RCC8_value="" FoR=""/><RELATION id="SR316" trajector_id="T347" landmark_id="L348" spatial_indicator_id="S346" general_type="" specific_type="" RCC8_value="" FoR=""/><SPATIALINDICATOR id="S349" start="58" end="69" text="on the left"/><TRAJECTOR id="T349" start="42" end="57" text="a small balcony"/><LANDMARK id="L349" start="-1" end="-1"/><RELATION id="SR318" trajector_id="T349" landmark_id="L349" spatial_indicator_id="S349" general_type="" specific_type="" RCC8_value="" FoR=""/></SENTENCE><SENTENCE id="s697" start="7011" end="7073"><TEXT>there are plants in front of the house and trees behind it .</TEXT><SPATIALINDICATOR id="S351" start="49" end="55" text="behind"/><TRAJECTOR id="T351" start="43" end="48" text="trees"/><LANDMARK id="L351" start="56" end="58" text="it"/><RELATION id="SR321" trajector_id="T351" landmark_id="L351" spatial_indicator_id="S351" general_type="" specific_type="" RCC8_value="" FoR=""/><SPATIALINDICATOR id="S352" start="17" end="28" text="in front of"/><TRAJECTOR id="T352" start="10" end="16" text="plants"/><LANDMARK id="L352" start="43" end="48" text="trees"/><LANDMARK id="L353" start="29" end="38" text="the house"/><RELATION id="SR323" trajector_id="T352" landmark_id="L352" spatial_indicator_id="S352" general_type="" specific_type="" RCC8_value="" FoR=""/><RELATION id="SR324" trajector_id="T352" landmark_id="L353" spatial_indicator_id="S352" general_type="" specific_type="" RCC8_value="" FoR=""/></SENTENCE></SCENE>
    <SCENE>
        <DOCNO>annotations/01/1126.eng</DOCNO>
        <IMAGE>images/01/1126.jpg</IMAGE>
        <SENTENCE id="s698" start="7073" end="7158"><TEXT>a room with walls made of wood and a large window with white curtains on the left .</TEXT><SPATIALINDICATOR id="S358" start="70" end="81" text="on the left"/><TRAJECTOR id="T358" start="35" end="49" text="a large window"/><TRAJECTOR id="T359" start="55" end="69" text="white curtains"/><LANDMARK id="L360" start="-1" end="-1"/><RELATION id="SR327" trajector_id="T358" landmark_id="L360" spatial_indicator_id="S358" general_type="" specific_type="" RCC8_value="" FoR=""/><RELATION id="SR328" trajector_id="T359" landmark_id="L360" spatial_indicator_id="S358" general_type="" specific_type="" RCC8_value="" FoR=""/></SENTENCE><SENTENCE id="s699" start="7158" end="7256"><TEXT>there is a double bed with a red bedcover in the centre , with an orange mosquito net above it .</TEXT><SPATIALINDICATOR id="S362" start="86" end="91" text="above"/><TRAJECTOR id="T362" start="63" end="85" text="an orange mosquito net"/><LANDMARK id="L362" start="92" end="94" text="it"/><RELATION id="SR331" trajector_id="T362" landmark_id="L362" spatial_indicator_id="S362" general_type="" specific_type="" RCC8_value="" FoR=""/><SPATIALINDICATOR id="S363" start="42" end="44" text="in"/><TRAJECTOR id="T363" start="9" end="21" text="a double bed"/><LANDMARK id="L363" start="45" end="55" text="the centre"/><RELATION id="SR333" trajector_id="T363" landmark_id="L363" spatial_indicator_id="S363" general_type="" specific_type="" RCC8_value="" FoR=""/></SENTENCE></SCENE>
    <SCENE>
        <DOCNO>annotations/01/1127.eng</DOCNO>
        <IMAGE>images/01/1127.jpg</IMAGE>
        <SENTENCE id="s700" start="7256" end="7351"><TEXT>a white house with a thatched roof and a garden with a lot of vegetation behind a grey wall .</TEXT><SPATIALINDICATOR id="S366" start="73" end="79" text="behind"/><TRAJECTOR id="T366" start="53" end="72" text="a lot of vegetation"/><TRAJECTOR id="T367" start="39" end="47" text="a garden"/><LANDMARK id="L368" start="80" end="91" text="a grey wall"/><RELATION id="SR336" trajector_id="T366" landmark_id="L368" spatial_indicator_id="S366" general_type="" specific_type="" RCC8_value="" FoR=""/><RELATION id="SR337" trajector_id="T367" landmark_id="L368" spatial_indicator_id="S366" general_type="" specific_type="" RCC8_value="" FoR=""/></SENTENCE></SCENE>
    <SCENE>
        <DOCNO>annotations/01/1128.eng</DOCNO>
        <IMAGE>images/01/1128.jpg</IMAGE>
        <SENTENCE id="s701" start="7351" end="7379"><TEXT>a room with wooden walls .</TEXT></SENTENCE><SENTENCE id="s702" start="7379" end="7519"><TEXT>in the corner on the right there is a bunk bed made of wood , another single bed made of wood on the left , and a night table in between .</TEXT><SPATIALINDICATOR id="S373" start="94" end="105" text="on the left"/><TRAJECTOR id="T373" start="89" end="93" text="wood"/><LANDMARK id="L373" start="-1" end="-1"/><RELATION id="SR341" trajector_id="T373" landmark_id="L373" spatial_indicator_id="S373" general_type="" specific_type="" RCC8_value="" FoR=""/><SPATIALINDICATOR id="S374" start="14" end="26" text="on the right"/><TRAJECTOR id="T374" start="3" end="13" text="the corner"/><LANDMARK id="L374" start="-1" end="-1"/><RELATION id="SR343" trajector_id="T374" landmark_id="L374" spatial_indicator_id="S374" general_type="" specific_type="" RCC8_value="" FoR=""/></SENTENCE></SCENE>
    <SCENE>
        <DOCNO>annotations/01/1129.eng</DOCNO>
        <IMAGE>images/01/1129.jpg</IMAGE>
        <SENTENCE id="s703" start="7519" end="7631"><TEXT>a roofed terrace with hammocks , wooden pillars , a wooden rail and a view onto the jungle in the background .</TEXT><SPATIALINDICATOR id="S377" start="91" end="93" text="in"/><TRAJECTOR id="T377" start="80" end="90" text="the jungle"/><LANDMARK id="L377" start="94" end="108" text="the background"/><RELATION id="SR346" trajector_id="T377" landmark_id="L377" spatial_indicator_id="S377" general_type="" specific_type="" RCC8_value="" FoR=""/></SENTENCE></SCENE>
    <SCENE>
        <DOCNO>annotations/01/1131.eng</DOCNO>
        <IMAGE>images/01/1131.jpg</IMAGE>
        <SENTENCE id="s704" start="7631" end="7717"><TEXT>a room with white walls , a single bed made of wood with white and violet bedcover .</TEXT></SENTENCE><SENTENCE id="s705" start="7717" end="7798"><TEXT>on the left and on the right there is a window with white and violet curtains .</TEXT></SENTENCE></SCENE>
    <SCENE>
        <DOCNO>annotations/01/1132.eng</DOCNO>
        <IMAGE>images/01/1132.jpg</IMAGE>
        <SENTENCE id="s706" start="7798" end="7866"><TEXT>a white , two-storey house with a big , blue Hotel Plaza writing .</TEXT></SENTENCE><SENTENCE id="s707" start="7866" end="7937"><TEXT>there is an iron fence in front of the hous and a tree on the right .</TEXT><SPATIALINDICATOR id="S386" start="23" end="34" text="in front of"/><TRAJECTOR id="T386" start="9" end="22" text="an iron fence"/><LANDMARK id="L386" start="35" end="43" text="the hous"/><RELATION id="SR352" trajector_id="T386" landmark_id="L386" spatial_indicator_id="S386" general_type="" specific_type="" RCC8_value="" FoR=""/><SPATIALINDICATOR id="S387" start="55" end="67" text="on the right"/><TRAJECTOR id="T387" start="48" end="54" text="a tree"/><LANDMARK id="L387" start="-1" end="-1"/><RELATION id="SR354" trajector_id="T387" landmark_id="L387" spatial_indicator_id="S387" general_type="" specific_type="" RCC8_value="" FoR=""/></SENTENCE></SCENE>
    <SCENE>
        <DOCNO>annotations/01/1133.eng</DOCNO>
        <IMAGE>images/01/1133.jpg</IMAGE>
        <SENTENCE id="s708" start="7937" end="8049"><TEXT>a room made of wood with two king-size beds and a wooden night table in between with a burning lamp above it .</TEXT><SPATIALINDICATOR id="S391" start="69" end="79" text="in between"/><TRAJECTOR id="T391" start="48" end="68" text="a wooden night table"/><TRAJECTOR id="T392" start="25" end="43" text="two king-size beds"/><TRAJECTOR id="T393" start="15" end="19" text="wood"/><LANDMARK id="L394" start="85" end="99" text="a burning lamp"/><RELATION id="SR357" trajector_id="T391" landmark_id="L394" spatial_indicator_id="S391" general_type="" specific_type="" RCC8_value="" FoR=""/><RELATION id="SR358" trajector_id="T392" landmark_id="L394" spatial_indicator_id="S391" general_type="" specific_type="" RCC8_value="" FoR=""/><RELATION id="SR359" trajector_id="T393" landmark_id="L394" spatial_indicator_id="S391" general_type="" specific_type="" RCC8_value="" FoR=""/><SPATIALINDICATOR id="S395" start="100" end="105" text="above"/><TRAJECTOR id="T395" start="85" end="99" text="a burning lamp"/><LANDMARK id="L395" start="106" end="108" text="it"/><RELATION id="SR361" trajector_id="T395" landmark_id="L395" spatial_indicator_id="S395" general_type="" specific_type="" RCC8_value="" FoR=""/></SENTENCE><SENTENCE id="s709" start="8049" end="8058"><TEXT>droop .</TEXT></SENTENCE></SCENE>
    <SCENE>
        <DOCNO>annotations/01/1134.eng</DOCNO>
        <IMAGE>images/01/1134.jpg</IMAGE>
        <SENTENCE id="s710" start="8058" end="8110"><TEXT>a red house with a courtyard and a thatched roof .</TEXT></SENTENCE><SENTENCE id="s711" start="8110" end="8220"><TEXT>there is a wooden fence , horses and grass in front of it and a snowcovered peak in the distant background .</TEXT><SPATIALINDICATOR id="S401" start="81" end="83" text="in"/><TRAJECTOR id="T401" start="62" end="80" text="a snowcovered peak"/><LANDMARK id="L401" start="84" end="106" text="the distant background"/><RELATION id="SR366" trajector_id="T401" landmark_id="L401" spatial_indicator_id="S401" general_type="" specific_type="" RCC8_value="" FoR=""/><SPATIALINDICATOR id="S402" start="43" end="54" text="in front of"/><TRAJECTOR id="T402" start="37" end="42" text="grass"/><LANDMARK id="L402" start="55" end="57" text="it"/><RELATION id="SR368" trajector_id="T402" landmark_id="L402" spatial_indicator_id="S402" general_type="" specific_type="" RCC8_value="" FoR=""/></SENTENCE></SCENE>
    <SCENE>
        <DOCNO>annotations/01/1136.eng</DOCNO>
        <IMAGE>images/01/1136.jpg</IMAGE>
        <SENTENCE id="s712" start="8220" end="8312"><TEXT>a white house with brown rooftiles , a lot of glass on the right and on the second floor .</TEXT><SPATIALINDICATOR id="S406" start="52" end="64" text="on the right"/><TRAJECTOR id="T406" start="37" end="51" text="a lot of glass"/><LANDMARK id="L406" start="-1" end="-1"/><RELATION id="SR371" trajector_id="T406" landmark_id="L406" spatial_indicator_id="S406" general_type="" specific_type="" RCC8_value="" FoR=""/></SENTENCE><SENTENCE id="s713" start="8312" end="8346"><TEXT>there are cactuses on the left .</TEXT><SPATIALINDICATOR id="S408" start="19" end="30" text="on the left"/><TRAJECTOR id="T408" start="10" end="18" text="cactuses"/><LANDMARK id="L408" start="-1" end="-1"/><RELATION id="SR374" trajector_id="T408" landmark_id="L408" spatial_indicator_id="S408" general_type="" specific_type="" RCC8_value="" FoR=""/></SENTENCE></SCENE>
    <SCENE>
        <DOCNO>annotations/01/1137.eng</DOCNO>
        <IMAGE>images/01/1137.jpg</IMAGE>
        <SENTENCE id="s714" start="8346" end="8493"><TEXT>a room with an orange and a white wall , two single beds made of wood with a multicoloured bedcover , white towels and a night table in between .</TEXT></SENTENCE><SENTENCE id="s715" start="8493" end="8631"><TEXT>there is a couch chair and another night table with a lamp and a phone on the left , and a window with closed curtains behind the beds .</TEXT><SPATIALINDICATOR id="S413" start="119" end="125" text="behind"/><TRAJECTOR id="T413" start="103" end="118" text="closed curtains"/><TRAJECTOR id="T414" start="89" end="97" text="a window"/><LANDMARK id="L415" start="126" end="134" text="the beds"/><RELATION id="SR378" trajector_id="T413" landmark_id="L415" spatial_indicator_id="S413" general_type="" specific_type="" RCC8_value="" FoR=""/><RELATION id="SR379" trajector_id="T414" landmark_id="L415" spatial_indicator_id="S413" general_type="" specific_type="" RCC8_value="" FoR=""/><SPATIALINDICATOR id="S416" start="71" end="82" text="on the left"/><TRAJECTOR id="T416" start="63" end="70" text="a phone"/><LANDMARK id="L416" start="-1" end="-1"/><RELATION id="SR381" trajector_id="T416" landmark_id="L416" spatial_indicator_id="S416" general_type="" specific_type="" RCC8_value="" FoR=""/></SENTENCE></SCENE>
    <SCENE>
        <DOCNO>annotations/01/1138.eng</DOCNO>
        <IMAGE>images/01/1138.jpg</IMAGE>
        <SENTENCE id="s716" start="8631" end="8809"><TEXT>the courtyard of a two-storey building made of red bricks , brown wooden doors and red rooftiles , a swimming pool in the centre with canvas chairs , chairs and potted plants .</TEXT></SENTENCE><SENTENCE id="s717" start="8809" end="8863"><TEXT>there are palm leafs in the foreground on the left .</TEXT><SPATIALINDICATOR id="S421" start="21" end="23" text="in"/><TRAJECTOR id="T421" start="10" end="20" text="palm leafs"/><LANDMARK id="L421" start="24" end="38" text="the foreground"/><RELATION id="SR385" trajector_id="T421" landmark_id="L421" spatial_indicator_id="S421" general_type="" specific_type="" RCC8_value="" FoR=""/><SPATIALINDICATOR id="S422" start="39" end="50" text="on the left"/><TRAJECTOR id="T422" start="24" end="38" text="the foreground"/><LANDMARK id="L422" start="-1" end="-1"/><RELATION id="SR387" trajector_id="T422" landmark_id="L422" spatial_indicator_id="S422" general_type="" specific_type="" RCC8_value="" FoR=""/></SENTENCE></SCENE>
    <SCENE>
        <DOCNO>annotations/01/1139.eng</DOCNO>
        <IMAGE>images/01/1139.jpg</IMAGE>
        <SENTENCE id="s718" start="8863" end="8996"><TEXT>a room with white walls , two single beds made of wood and with golden bedcover , a night table in between and two lamps above it .</TEXT><SPATIALINDICATOR id="S426" start="121" end="126" text="above"/><TRAJECTOR id="T426" start="111" end="120" text="two lamps"/><LANDMARK id="L426" start="127" end="129" text="it"/><RELATION id="SR390" trajector_id="T426" landmark_id="L426" spatial_indicator_id="S426" general_type="" specific_type="" RCC8_value="" FoR=""/></SENTENCE><SENTENCE id="s719" start="8996" end="9112"><TEXT>there are a commode , a mirror and a chair in the front on the left , and behind it a window with brown curtains .</TEXT><SPATIALINDICATOR id="S428" start="43" end="45" text="in"/><TRAJECTOR id="T428" start="22" end="30" text="a mirror"/><TRAJECTOR id="T429" start="35" end="42" text="a chair"/><TRAJECTOR id="T430" start="10" end="19" text="a commode"/><LANDMARK id="L431" start="46" end="55" text="the front"/><RELATION id="SR393" trajector_id="T428" landmark_id="L431" spatial_indicator_id="S428" general_type="" specific_type="" RCC8_value="" FoR=""/><RELATION id="SR394" trajector_id="T429" landmark_id="L431" spatial_indicator_id="S428" general_type="" specific_type="" RCC8_value="" FoR=""/><RELATION id="SR395" trajector_id="T430" landmark_id="L431" spatial_indicator_id="S428" general_type="" specific_type="" RCC8_value="" FoR=""/><SPATIALINDICATOR id="S432" start="56" end="67" text="on the left"/><TRAJECTOR id="T432" start="46" end="55" text="the front"/><LANDMARK id="L432" start="-1" end="-1"/><RELATION id="SR397" trajector_id="T432" landmark_id="L432" spatial_indicator_id="S432" general_type="" specific_type="" RCC8_value="" FoR=""/></SENTENCE></SCENE>
    <SCENE>
        <DOCNO>annotations/01/1140.eng</DOCNO>
        <IMAGE>images/01/1140.jpg</IMAGE>
        <SENTENCE id="s720" start="9112" end="9187"><TEXT>a courtyard of a white building with a stone fountain and potted plants .</TEXT></SENTENCE></SCENE>
    <SCENE>
        <DOCNO>annotations/01/1142.eng</DOCNO>
        <IMAGE>images/01/1142.jpg</IMAGE>
        <SENTENCE id="s721" start="9187" end="9361"><TEXT>a room with two single beds made of wood , a colourfully chequered bedcover , in between a night table with a phone and an alarm clock and a painting on the wall above it .</TEXT><SPATIALINDICATOR id="S437" start="150" end="152" text="on"/><TRAJECTOR id="T437" start="139" end="149" text="a painting"/><TRAJECTOR id="T438" start="120" end="134" text="an alarm clock"/><LANDMARK id="L439" start="153" end="161" text="the wall"/><RELATION id="SR401" trajector_id="T437" landmark_id="L439" spatial_indicator_id="S437" general_type="" specific_type="" RCC8_value="" FoR=""/><RELATION id="SR402" trajector_id="T438" landmark_id="L439" spatial_indicator_id="S437" general_type="" specific_type="" RCC8_value="" FoR=""/><SPATIALINDICATOR id="S440" start="162" end="167" text="above"/><TRAJECTOR id="T440" start="153" end="161" text="the wall"/><LANDMARK id="L440" start="168" end="170" text="it"/><RELATION id="SR404" trajector_id="T440" landmark_id="L440" spatial_indicator_id="S440" general_type="" specific_type="" RCC8_value="" FoR=""/><LANDMARK id="L441" start="89" end="102" text="a night table"/><SPATIALINDICATOR id="S441" start="78" end="88" text="in between"/><TRAJECTOR id="T441" start="43" end="75" text="a colourfully chequered bedcover"/><TRAJECTOR id="T442" start="36" end="40" text="wood"/><RELATION id="SR406" trajector_id="T441" landmark_id="L441" spatial_indicator_id="S441" general_type="" specific_type="" RCC8_value="" FoR=""/><RELATION id="SR407" trajector_id="T442" landmark_id="L441" spatial_indicator_id="S441" general_type="" specific_type="" RCC8_value="" FoR=""/></SENTENCE></SCENE>
    <SCENE>
        <DOCNO>annotations/01/1143.eng</DOCNO>
        <IMAGE>images/01/1143.jpg</IMAGE>
        <SENTENCE id="s722" start="9361" end="9457"><TEXT>a white , five-storey building with greenish windows and a large Hotel Continental Park sign .</TEXT></SENTENCE><SENTENCE id="s723" start="9457" end="9504"><TEXT>there is a penthouse on top of the building .</TEXT><SPATIALINDICATOR id="S449" start="21" end="30" text="on top of"/><TRAJECTOR id="T449" start="9" end="20" text="a penthouse"/><LANDMARK id="L449" start="31" end="43" text="the building"/><RELATION id="SR412" trajector_id="T449" landmark_id="L449" spatial_indicator_id="S449" general_type="" specific_type="" RCC8_value="" FoR=""/></SENTENCE><SENTENCE id="s724" start="9504" end="9554"><TEXT>and there are a couple of trees in front of it .</TEXT><SPATIALINDICATOR id="S451" start="32" end="43" text="in front of"/><TRAJECTOR id="T451" start="14" end="31" text="a couple of trees"/><LANDMARK id="L451" start="44" end="46" text="it"/><RELATION id="SR415" trajector_id="T451" landmark_id="L451" spatial_indicator_id="S451" general_type="" specific_type="" RCC8_value="" FoR=""/></SENTENCE></SCENE>
    <SCENE>
        <DOCNO>annotations/01/1144.eng</DOCNO>
        <IMAGE>images/01/1144.jpg</IMAGE>
        <SENTENCE id="s725" start="9554" end="9663"><TEXT>a room with white walls , a double bed made of wood with a blue and yellow chequered bedcover and pillows .</TEXT></SENTENCE><SENTENCE id="s726" start="9663" end="9776"><TEXT>there is a carpet , a table and a night table with a lamp and a phone on the left , and a window on the right .</TEXT><SPATIALINDICATOR id="S456" start="70" end="81" text="on the left"/><TRAJECTOR id="T456" start="62" end="69" text="a phone"/><LANDMARK id="L456" start="-1" end="-1"/><RELATION id="SR419" trajector_id="T456" landmark_id="L456" spatial_indicator_id="S456" general_type="" specific_type="" RCC8_value="" FoR=""/><SPATIALINDICATOR id="S457" start="97" end="109" text="on the right"/><TRAJECTOR id="T457" start="88" end="96" text="a window"/><LANDMARK id="L457" start="-1" end="-1"/><RELATION id="SR421" trajector_id="T457" landmark_id="L457" spatial_indicator_id="S457" general_type="" specific_type="" RCC8_value="" FoR=""/></SENTENCE></SCENE>
    <SCENE>
        <DOCNO>annotations/01/1145.eng</DOCNO>
        <IMAGE>images/01/1145.jpg</IMAGE>
        <SENTENCE id="s727" start="9776" end="9934"><TEXT>a courtyard with stairs on the left , a big palm tree in the centre , a few tables and chairs and a light brown house with red rooftiles in the background .</TEXT><SPATIALINDICATOR id="S460" start="54" end="56" text="in"/><TRAJECTOR id="T460" start="38" end="53" text="a big palm tree"/><LANDMARK id="L460" start="57" end="67" text="the centre"/><RELATION id="SR424" trajector_id="T460" landmark_id="L460" spatial_indicator_id="S460" general_type="" specific_type="" RCC8_value="" FoR=""/><SPATIALINDICATOR id="S461" start="24" end="35" text="on the left"/><TRAJECTOR id="T461" start="17" end="23" text="stairs"/><TRAJECTOR id="T462" start="0" end="11" text="a courtyard"/><LANDMARK id="L463" start="-1" end="-1"/><RELATION id="SR426" trajector_id="T461" landmark_id="L463" spatial_indicator_id="S461" general_type="" specific_type="" RCC8_value="" FoR=""/><RELATION id="SR427" trajector_id="T462" landmark_id="L463" spatial_indicator_id="S461" general_type="" specific_type="" RCC8_value="" FoR=""/></SENTENCE></SCENE>
    <SCENE>
        <DOCNO>annotations/01/1146.eng</DOCNO>
        <IMAGE>images/01/1146.jpg</IMAGE>
        <SENTENCE id="s728" start="9934" end="10070"><TEXT>a room with two single beds made of wood and green , white and red bedcover , with a night table with a lamp on the left of each bed .</TEXT></SENTENCE><SENTENCE id="s729" start="10070" end="10099"><TEXT>curtains on the very left .</TEXT></SENTENCE></SCENE>
    <SCENE>
        <DOCNO>annotations/01/1147.eng</DOCNO>
        <IMAGE>images/01/1147.jpg</IMAGE>
        <SENTENCE id="s730" start="10099" end="10220"><TEXT>A waiting hall with a green couch , black couch chairs , red columns , light and dark brown walls and red door frames .</TEXT></SENTENCE></SCENE>
    <SCENE>
        <DOCNO>annotations/01/1148.eng</DOCNO>
        <IMAGE>images/01/1148.jpg</IMAGE>
        <SENTENCE id="s731" start="10220" end="10290"><TEXT>a room with white walls and a double bed with a dark blue bedcover .</TEXT></SENTENCE><SENTENCE id="s732" start="10290" end="10355"><TEXT>there is a black night table with burning lamps on both sides .</TEXT><SPATIALINDICATOR id="S475" start="48" end="50" text="on"/><TRAJECTOR id="T475" start="42" end="47" text="lamps"/><LANDMARK id="L475" start="51" end="61" text="both sides"/><RELATION id="SR434" trajector_id="T475" landmark_id="L475" spatial_indicator_id="S475" general_type="" specific_type="" RCC8_value="" FoR=""/></SENTENCE><SENTENCE id="s733" start="10355" end="10422"><TEXT>there is also a telephone on the right and a closet on the left .</TEXT><SPATIALINDICATOR id="S477" start="52" end="63" text="on the left"/><TRAJECTOR id="T477" start="43" end="51" text="a closet"/><LANDMARK id="L477" start="-1" end="-1"/><RELATION id="SR437" trajector_id="T477" landmark_id="L477" spatial_indicator_id="S477" general_type="" specific_type="" RCC8_value="" FoR=""/><SPATIALINDICATOR id="S478" start="26" end="38" text="on the right"/><TRAJECTOR id="T478" start="14" end="25" text="a telephone"/><LANDMARK id="L478" start="-1" end="-1"/><RELATION id="SR439" trajector_id="T478" landmark_id="L478" spatial_indicator_id="S478" general_type="" specific_type="" RCC8_value="" FoR=""/></SENTENCE></SCENE>
    <SCENE>
        <DOCNO>annotations/01/1149.eng</DOCNO>
        <IMAGE>images/01/1149.jpg</IMAGE>
        <SENTENCE id="s734" start="10422" end="10493"><TEXT>a white house with arches , columns and flower pots at the entrance .</TEXT><SPATIALINDICATOR id="S482" start="52" end="54" text="at"/><TRAJECTOR id="T482" start="28" end="35" text="columns"/><TRAJECTOR id="T483" start="40" end="51" text="flower pots"/><LANDMARK id="L484" start="55" end="67" text="the entrance"/><RELATION id="SR442" trajector_id="T482" landmark_id="L484" spatial_indicator_id="S482" general_type="" specific_type="" RCC8_value="" FoR=""/><RELATION id="SR443" trajector_id="T483" landmark_id="L484" spatial_indicator_id="S482" general_type="" specific_type="" RCC8_value="" FoR=""/></SENTENCE><SENTENCE id="s735" start="10493" end="10603"><TEXT>there is another arched gate in red colour behind it , and an iron rail on the balcony of the second floor .</TEXT><SPATIALINDICATOR id="S486" start="72" end="74" text="on"/><TRAJECTOR id="T486" start="59" end="71" text="an iron rail"/><LANDMARK id="L486" start="75" end="106" text="the balcony of the second floor"/><RELATION id="SR446" trajector_id="T486" landmark_id="L486" spatial_indicator_id="S486" general_type="" specific_type="" RCC8_value="" FoR=""/><SPATIALINDICATOR id="S487" start="43" end="49" text="behind"/><TRAJECTOR id="T487" start="32" end="42" text="red colour"/><LANDMARK id="L487" start="50" end="52" text="it"/><RELATION id="SR448" trajector_id="T487" landmark_id="L487" spatial_indicator_id="S487" general_type="" specific_type="" RCC8_value="" FoR=""/><SPATIALINDICATOR id="S488" start="29" end="31" text="in"/><TRAJECTOR id="T488" start="9" end="28" text="another arched gate"/><LANDMARK id="L488" start="32" end="42" text="red colour"/><RELATION id="SR450" trajector_id="T488" landmark_id="L488" spatial_indicator_id="S488" general_type="" specific_type="" RCC8_value="" FoR=""/></SENTENCE></SCENE>
    <SCENE>
        <DOCNO>annotations/01/1152.eng</DOCNO>
        <IMAGE>images/01/1152.jpg</IMAGE>
        <SENTENCE id="s736" start="10603" end="10763"><TEXT>a room with white walls , a double bed made of wood with a green bedcover with black and white decoration and night tables with a bedside lamp on both sides .</TEXT></SENTENCE></SCENE>
    <SCENE>
        <DOCNO>annotations/01/1153.eng</DOCNO>
        <IMAGE>images/01/1153.jpg</IMAGE>
        <SENTENCE id="s737" start="10763" end="10873"><TEXT>a room with white walls , a double bed made of iron and with a red bedcover and a striped blanket above it .</TEXT></SENTENCE><SENTENCE id="s738" start="10873" end="10954"><TEXT>night tables on both sides and with a phone and a plastic bottle on the right .</TEXT><SPATIALINDICATOR id="S495" start="13" end="15" text="on"/><TRAJECTOR id="T495" start="0" end="12" text="night tables"/><LANDMARK id="L495" start="16" end="26" text="both sides"/><LANDMARK id="L496" start="36" end="43" text="a phone"/><RELATION id="SR455" trajector_id="T495" landmark_id="L495" spatial_indicator_id="S495" general_type="" specific_type="" RCC8_value="" FoR=""/><RELATION id="SR456" trajector_id="T495" landmark_id="L496" spatial_indicator_id="S495" general_type="" specific_type="" RCC8_value="" FoR=""/><SPATIALINDICATOR id="S498" start="65" end="77" text="on the right"/><TRAJECTOR id="T498" start="48" end="64" text="a plastic bottle"/><LANDMARK id="L498" start="-1" end="-1"/><RELATION id="SR458" trajector_id="T498" landmark_id="L498" spatial_indicator_id="S498" general_type="" specific_type="" RCC8_value="" FoR=""/></SENTENCE></SCENE>
    <SCENE>
        <DOCNO>annotations/01/1154.eng</DOCNO>
        <IMAGE>images/01/1154.jpg</IMAGE>
        <SENTENCE id="s739" start="10954" end="11047"><TEXT>a white house with black window frames , stairs with iron rails and a few creeping plants .</TEXT></SENTENCE></SCENE>
    <SCENE>
        <DOCNO>annotations/01/1155.eng</DOCNO>
        <IMAGE>images/01/1155.jpg</IMAGE>
        <SENTENCE id="s740" start="11047" end="11142"><TEXT>a very large room with a double bed made of wood with a night table and lamps on both sides .</TEXT><SPATIALINDICATOR id="S505" start="78" end="80" text="on"/><TRAJECTOR id="T505" start="54" end="67" text="a night table"/><TRAJECTOR id="T506" start="72" end="77" text="lamps"/><TRAJECTOR id="T507" start="44" end="48" text="wood"/><LANDMARK id="L508" start="81" end="91" text="both sides"/><RELATION id="SR462" trajector_id="T505" landmark_id="L508" spatial_indicator_id="S505" general_type="" specific_type="" RCC8_value="" FoR=""/><RELATION id="SR463" trajector_id="T506" landmark_id="L508" spatial_indicator_id="S505" general_type="" specific_type="" RCC8_value="" FoR=""/><RELATION id="SR464" trajector_id="T507" landmark_id="L508" spatial_indicator_id="S505" general_type="" specific_type="" RCC8_value="" FoR=""/></SENTENCE><SENTENCE id="s741" start="11142" end="11267"><TEXT>there is a brown couch in the foreground , behind it a TV , a commode and in the far corner a round table with two chairs .</TEXT><SPATIALINDICATOR id="S510" start="74" end="76" text="in"/><TRAJECTOR id="T510" start="53" end="57" text="a TV"/><TRAJECTOR id="T511" start="77" end="91" text="the far corner"/><TRAJECTOR id="T512" start="60" end="69" text="a commode"/><LANDMARK id="L513" start="77" end="91" text="the far corner"/><RELATION id="SR467" trajector_id="T510" landmark_id="L513" spatial_indicator_id="S510" general_type="" specific_type="" RCC8_value="" FoR=""/><RELATION id="SR468" trajector_id="T511" landmark_id="L513" spatial_indicator_id="S510" general_type="" specific_type="" RCC8_value="" FoR=""/><RELATION id="SR469" trajector_id="T512" landmark_id="L513" spatial_indicator_id="S510" general_type="" specific_type="" RCC8_value="" FoR=""/><SPATIALINDICATOR id="S514" start="43" end="49" text="behind"/><TRAJECTOR id="T514" start="26" end="40" text="the foreground"/><LANDMARK id="L514" start="50" end="52" text="it"/><RELATION id="SR471" trajector_id="T514" landmark_id="L514" spatial_indicator_id="S514" general_type="" specific_type="" RCC8_value="" FoR=""/><SPATIALINDICATOR id="S515" start="23" end="25" text="in"/><TRAJECTOR id="T515" start="9" end="22" text="a brown couch"/><LANDMARK id="L515" start="26" end="40" text="the foreground"/><RELATION id="SR473" trajector_id="T515" landmark_id="L515" spatial_indicator_id="S515" general_type="" specific_type="" RCC8_value="" FoR=""/></SENTENCE><SENTENCE id="s742" start="11267" end="11368"><TEXT>there is also a window with white curtains in the background , and there are pictures on the wall .</TEXT><SPATIALINDICATOR id="S517" start="43" end="45" text="in"/><TRAJECTOR id="T517" start="14" end="22" text="a window"/><LANDMARK id="L517" start="46" end="60" text="the background"/><RELATION id="SR476" trajector_id="T517" landmark_id="L517" spatial_indicator_id="S517" general_type="" specific_type="" RCC8_value="" FoR=""/><SPATIALINDICATOR id="S518" start="86" end="88" text="on"/><TRAJECTOR id="T518" start="77" end="85" text="pictures"/><LANDMARK id="L518" start="89" end="97" text="the wall"/><RELATION id="SR478" trajector_id="T518" landmark_id="L518" spatial_indicator_id="S518" general_type="" specific_type="" RCC8_value="" FoR=""/></SENTENCE></SCENE>
    <SCENE>
        <DOCNO>annotations/01/1156.eng</DOCNO>
        <IMAGE>images/01/1156.jpg</IMAGE>
        <SENTENCE id="s743" start="11368" end="11486"><TEXT>a white two-storey building with a lot of columns , red rooftiles and a big swimming pool and a spa in front of it .</TEXT><SPATIALINDICATOR id="S522" start="100" end="111" text="in front of"/><TRAJECTOR id="T522" start="94" end="99" text="a spa"/><TRAJECTOR id="T523" start="52" end="65" text="red rooftiles"/><TRAJECTOR id="T524" start="70" end="89" text="a big swimming pool"/><LANDMARK id="L525" start="112" end="114" text="it"/><RELATION id="SR481" trajector_id="T522" landmark_id="L525" spatial_indicator_id="S522" general_type="" specific_type="" RCC8_value="" FoR=""/><RELATION id="SR482" trajector_id="T523" landmark_id="L525" spatial_indicator_id="S522" general_type="" specific_type="" RCC8_value="" FoR=""/><RELATION id="SR483" trajector_id="T524" landmark_id="L525" spatial_indicator_id="S522" general_type="" specific_type="" RCC8_value="" FoR=""/></SENTENCE><SENTENCE id="s744" start="11486" end="11540"><TEXT>there is a lawn on the right with large palm leafs .</TEXT><SPATIALINDICATOR id="S527" start="16" end="28" text="on the right"/><TRAJECTOR id="T527" start="9" end="15" text="a lawn"/><LANDMARK id="L527" start="-1" end="-1"/><RELATION id="SR486" trajector_id="T527" landmark_id="L527" spatial_indicator_id="S527" general_type="" specific_type="" RCC8_value="" FoR=""/></SENTENCE></SCENE>
    <SCENE>
        <DOCNO>annotations/01/1157.eng</DOCNO>
        <IMAGE>images/01/1157.jpg</IMAGE>
        <SENTENCE id="s745" start="11540" end="11574"><TEXT>a large room with yellow walls .</TEXT></SENTENCE><SENTENCE id="s746" start="11574" end="11675"><TEXT>there are two single beds with light blue bedcovers on the left , and two arm chairs on the right .</TEXT><SPATIALINDICATOR id="S533" start="52" end="63" text="on the left"/><TRAJECTOR id="T533" start="10" end="25" text="two single beds"/><TRAJECTOR id="T534" start="31" end="51" text="light blue bedcovers"/><LANDMARK id="L535" start="-1" end="-1"/><RELATION id="SR490" trajector_id="T533" landmark_id="L535" spatial_indicator_id="S533" general_type="" specific_type="" RCC8_value="" FoR=""/><RELATION id="SR491" trajector_id="T534" landmark_id="L535" spatial_indicator_id="S533" general_type="" specific_type="" RCC8_value="" FoR=""/><SPATIALINDICATOR id="S536" start="85" end="97" text="on the right"/><TRAJECTOR id="T536" start="70" end="84" text="two arm chairs"/><LANDMARK id="L536" start="-1" end="-1"/><RELATION id="SR493" trajector_id="T536" landmark_id="L536" spatial_indicator_id="S536" general_type="" specific_type="" RCC8_value="" FoR=""/></SENTENCE><SENTENCE id="s747" start="11675" end="11784"><TEXT>the are a table , two red chairs , a potted plant and a window with light blue curtains in the background .</TEXT><SPATIALINDICATOR id="S538" start="88" end="90" text="in"/><TRAJECTOR id="T538" start="68" end="87" text="light blue curtains"/><LANDMARK id="L538" start="91" end="105" text="the background"/><RELATION id="SR496" trajector_id="T538" landmark_id="L538" spatial_indicator_id="S538" general_type="" specific_type="" RCC8_value="" FoR=""/></SENTENCE></SCENE>
    <SCENE>
        <DOCNO>annotations/01/1158.eng</DOCNO>
        <IMAGE>images/01/1158.jpg</IMAGE>
        <SENTENCE id="s748" start="11784" end="11866"><TEXT>the waiting hall of a yellow three-storey building with a lot of potted plants .</TEXT></SENTENCE><SENTENCE id="s749" start="11866" end="12039"><TEXT>the single rooms are on the left , there is a table with lots of arm chairs around it , and behind it a fountain with even more plants , and glass wall in the background .</TEXT><SPATIALINDICATOR id="S543" start="152" end="154" text="in"/><TRAJECTOR id="T543" start="141" end="151" text="glass wall"/><LANDMARK id="L543" start="155" end="169" text="the background"/><RELATION id="SR500" trajector_id="T543" landmark_id="L543" spatial_indicator_id="S543" general_type="" specific_type="" RCC8_value="" FoR=""/><SPATIALINDICATOR id="S544" start="76" end="82" text="around"/><TRAJECTOR id="T544" start="44" end="51" text="a table"/><TRAJECTOR id="T545" start="57" end="75" text="lots of arm chairs"/><LANDMARK id="L546" start="83" end="85" text="it"/><RELATION id="SR502" trajector_id="T544" landmark_id="L546" spatial_indicator_id="S544" general_type="" specific_type="" RCC8_value="" FoR=""/><RELATION id="SR503" trajector_id="T545" landmark_id="L546" spatial_indicator_id="S544" general_type="" specific_type="" RCC8_value="" FoR=""/><SPATIALINDICATOR id="S547" start="92" end="98" text="behind"/><TRAJECTOR id="T547" start="83" end="85" text="it"/><LANDMARK id="L547" start="99" end="101" text="it"/><RELATION id="SR505" trajector_id="T547" landmark_id="L547" spatial_indicator_id="S547" general_type="" specific_type="" RCC8_value="" FoR=""/><SPATIALINDICATOR id="S548" start="21" end="32" text="on the left"/><TRAJECTOR id="T548" start="0" end="16" text="the single rooms"/><LANDMARK id="L548" start="-1" end="-1"/><RELATION id="SR507" trajector_id="T548" landmark_id="L548" spatial_indicator_id="S548" general_type="" specific_type="" RCC8_value="" FoR=""/></SENTENCE></SCENE>
    <SCENE>
        <DOCNO>annotations/01/1159.eng</DOCNO>
        <IMAGE>images/01/1159.jpg</IMAGE>
        <SENTENCE id="s750" start="12039" end="12169"><TEXT>a room with white walls , a double bed made of wood with an orange and blue bedcover and a night table with a lamp to the left .</TEXT></SENTENCE><SENTENCE id="s751" start="12169" end="12258"><TEXT>there is also a window with a wooden frame and a light brown curtain on the very left .</TEXT></SENTENCE></SCENE>
    <SCENE>
        <DOCNO>annotations/01/1160.eng</DOCNO>
        <IMAGE>images/01/1160.jpg</IMAGE>
        <SENTENCE id="s752" start="12258" end="12338"><TEXT>a white one-storey terraced house with windows behind bars and red rooftiles .</TEXT><SPATIALINDICATOR id="S556" start="47" end="53" text="behind"/><TRAJECTOR id="T556" start="39" end="46" text="windows"/><TRAJECTOR id="T557" start="2" end="33" text="white one-storey terraced house"/><LANDMARK id="L558" start="54" end="58" text="bars"/><LANDMARK id="L559" start="63" end="76" text="red rooftiles"/><RELATION id="SR512" trajector_id="T556" landmark_id="L558" spatial_indicator_id="S556" general_type="" specific_type="" RCC8_value="" FoR=""/><RELATION id="SR513" trajector_id="T556" landmark_id="L559" spatial_indicator_id="S556" general_type="" specific_type="" RCC8_value="" FoR=""/><RELATION id="SR514" trajector_id="T557" landmark_id="L558" spatial_indicator_id="S556" general_type="" specific_type="" RCC8_value="" FoR=""/><RELATION id="SR515" trajector_id="T557" landmark_id="L559" spatial_indicator_id="S556" general_type="" specific_type="" RCC8_value="" FoR=""/></SENTENCE><SENTENCE id="s753" start="12338" end="12398"><TEXT>there is a tree behind a brownish red fence on the right .</TEXT><SPATIALINDICATOR id="S562" start="16" end="22" text="behind"/><TRAJECTOR id="T562" start="9" end="15" text="a tree"/><LANDMARK id="L562" start="23" end="43" text="a brownish red fence"/><RELATION id="SR518" trajector_id="T562" landmark_id="L562" spatial_indicator_id="S562" general_type="" specific_type="" RCC8_value="" FoR=""/><SPATIALINDICATOR id="S563" start="44" end="56" text="on the right"/><TRAJECTOR id="T563" start="23" end="43" text="a brownish red fence"/><LANDMARK id="L563" start="-1" end="-1"/><RELATION id="SR520" trajector_id="T563" landmark_id="L563" spatial_indicator_id="S563" general_type="" specific_type="" RCC8_value="" FoR=""/></SENTENCE></SCENE>
    <SCENE>
        <DOCNO>annotations/01/1166.eng</DOCNO>
        <IMAGE>images/01/1166.jpg</IMAGE>
        <SENTENCE id="s754" start="12398" end="12515"><TEXT>a room with light yellow walls and two single beds made of wood in a row , with different multicoloured bedcovers .</TEXT><LANDMARK id="L566" start="67" end="72" text="a row"/><SPATIALINDICATOR id="S566" start="64" end="66" text="in"/><TRAJECTOR id="T566" start="59" end="63" text="wood"/><RELATION id="SR523" trajector_id="T566" landmark_id="L566" spatial_indicator_id="S566" general_type="" specific_type="" RCC8_value="" FoR=""/></SENTENCE></SCENE>
    <SCENE>
        <DOCNO>annotations/01/1167.eng</DOCNO>
        <IMAGE>images/01/1167.jpg</IMAGE>
        <SENTENCE id="s755" start="12515" end="12642"><TEXT>a table with four chairs around it on a couryard of a light yellow house plastered with red bricks and with a lot of plants .</TEXT><SPATIALINDICATOR id="S570" start="25" end="31" text="around"/><TRAJECTOR id="T570" start="13" end="24" text="four chairs"/><TRAJECTOR id="T571" start="0" end="7" text="a table"/><LANDMARK id="L572" start="32" end="34" text="it"/><RELATION id="SR527" trajector_id="T570" landmark_id="L572" spatial_indicator_id="S570" general_type="" specific_type="" RCC8_value="" FoR=""/><RELATION id="SR528" trajector_id="T571" landmark_id="L572" spatial_indicator_id="S570" general_type="" specific_type="" RCC8_value="" FoR=""/><SPATIALINDICATOR id="S573" start="35" end="37" text="on"/><TRAJECTOR id="T573" start="32" end="34" text="it"/><LANDMARK id="L573" start="38" end="72" text="a couryard of a light yellow house"/><LANDMARK id="L574" start="108" end="123" text="a lot of plants"/><RELATION id="SR530" trajector_id="T573" landmark_id="L573" spatial_indicator_id="S573" general_type="" specific_type="" RCC8_value="" FoR=""/><RELATION id="SR531" trajector_id="T573" landmark_id="L574" spatial_indicator_id="S573" general_type="" specific_type="" RCC8_value="" FoR=""/></SENTENCE><SENTENCE id="s756" start="12642" end="12700"><TEXT>there is a pink hammock in the background on the right .</TEXT><SPATIALINDICATOR id="S577" start="24" end="26" text="in"/><TRAJECTOR id="T577" start="9" end="23" text="a pink hammock"/><LANDMARK id="L577" start="27" end="41" text="the background"/><RELATION id="SR534" trajector_id="T577" landmark_id="L577" spatial_indicator_id="S577" general_type="" specific_type="" RCC8_value="" FoR=""/><SPATIALINDICATOR id="S578" start="42" end="54" text="on the right"/><TRAJECTOR id="T578" start="27" end="41" text="the background"/><LANDMARK id="L578" start="-1" end="-1"/><RELATION id="SR536" trajector_id="T578" landmark_id="L578" spatial_indicator_id="S578" general_type="" specific_type="" RCC8_value="" FoR=""/></SENTENCE></SCENE>
    <SCENE>
        <DOCNO>annotations/01/1168.eng</DOCNO>
        <IMAGE>images/01/1168.jpg</IMAGE>
        <SENTENCE id="s757" start="12700" end="12832"><TEXT>a room with white walls and a single bed made of wood and with a night table on both sides , and an additional phone on the left .</TEXT><SPATIALINDICATOR id="S582" start="117" end="128" text="on the left"/><TRAJECTOR id="T582" start="97" end="116" text="an additional phone"/><LANDMARK id="L582" start="-1" end="-1"/><RELATION id="SR539" trajector_id="T582" landmark_id="L582" spatial_indicator_id="S582" general_type="" specific_type="" RCC8_value="" FoR=""/><LANDMARK id="L583" start="80" end="90" text="both sides"/><SPATIALINDICATOR id="S583" start="77" end="79" text="on"/><TRAJECTOR id="T583" start="49" end="53" text="wood"/><TRAJECTOR id="T584" start="63" end="76" text="a night table"/><RELATION id="SR541" trajector_id="T583" landmark_id="L583" spatial_indicator_id="S583" general_type="" specific_type="" RCC8_value="" FoR=""/><RELATION id="SR542" trajector_id="T584" landmark_id="L583" spatial_indicator_id="S583" general_type="" specific_type="" RCC8_value="" FoR=""/></SENTENCE><SENTENCE id="s758" start="12832" end="12929"><TEXT>there is a green bedcover with white flowers on the bed , and a pink curtain on the very left .</TEXT><SPATIALINDICATOR id="S587" start="45" end="47" text="on"/><TRAJECTOR id="T587" start="9" end="25" text="a green bedcover"/><LANDMARK id="L587" start="48" end="55" text="the bed"/><RELATION id="SR546" trajector_id="T587" landmark_id="L587" spatial_indicator_id="S587" general_type="" specific_type="" RCC8_value="" FoR=""/></SENTENCE></SCENE>
    <SCENE>
        <DOCNO>annotations/01/1169.eng</DOCNO>
        <IMAGE>images/01/1169.jpg</IMAGE>
        <SENTENCE id="s759" start="12929" end="12989"><TEXT>a four-storey building with arched windows and balconies .</TEXT></SENTENCE><SENTENCE id="s760" start="12989" end="13109"><TEXT>there are cars parking in front of the house , and behind it there is another two-storey building with red rooftiles .</TEXT><SPATIALINDICATOR id="S592" start="51" end="57" text="behind"/><TRAJECTOR id="T592" start="35" end="44" text="the house"/><LANDMARK id="L592" start="58" end="60" text="it"/><RELATION id="SR550" trajector_id="T592" landmark_id="L592" spatial_indicator_id="S592" general_type="" specific_type="" RCC8_value="" FoR=""/><SPATIALINDICATOR id="S593" start="23" end="34" text="in front of"/><TRAJECTOR id="T593" start="10" end="22" text="cars parking"/><LANDMARK id="L593" start="35" end="44" text="the house"/><RELATION id="SR552" trajector_id="T593" landmark_id="L593" spatial_indicator_id="S593" general_type="" specific_type="" RCC8_value="" FoR=""/></SENTENCE></SCENE>
    <SCENE>
        <DOCNO>annotations/01/1170.eng</DOCNO>
        <IMAGE>images/01/1170.jpg</IMAGE>
        <SENTENCE id="s761" start="13109" end="13228"><TEXT>a room with white walls ( that are supported by wooden pillars ) and a multicoloured curtain in front of the window .</TEXT><SPATIALINDICATOR id="S597" start="93" end="104" text="in front of"/><TRAJECTOR id="T597" start="69" end="92" text="a multicoloured curtain"/><LANDMARK id="L597" start="105" end="115" text="the window"/><RELATION id="SR555" trajector_id="T597" landmark_id="L597" spatial_indicator_id="S597" general_type="" specific_type="" RCC8_value="" FoR=""/></SENTENCE><SENTENCE id="s762" start="13228" end="13371"><TEXT>there is a single bed made of wood with a light blue blanket and a green mosquito net at the bed-head , and an open wooden door on the left .</TEXT><SPATIALINDICATOR id="S599" start="86" end="88" text="at"/><TRAJECTOR id="T599" start="30" end="34" text="wood"/><TRAJECTOR id="T600" start="65" end="85" text="a green mosquito net"/><TRAJECTOR id="T601" start="40" end="60" text="a light blue blanket"/><LANDMARK id="L602" start="89" end="101" text="the bed-head"/><RELATION id="SR558" trajector_id="T599" landmark_id="L602" spatial_indicator_id="S599" general_type="" specific_type="" RCC8_value="" FoR=""/><RELATION id="SR559" trajector_id="T600" landmark_id="L602" spatial_indicator_id="S599" general_type="" specific_type="" RCC8_value="" FoR=""/><RELATION id="SR560" trajector_id="T601" landmark_id="L602" spatial_indicator_id="S599" general_type="" specific_type="" RCC8_value="" FoR=""/><SPATIALINDICATOR id="S603" start="128" end="139" text="on the left"/><TRAJECTOR id="T603" start="108" end="127" text="an open wooden door"/><LANDMARK id="L603" start="-1" end="-1"/><RELATION id="SR562" trajector_id="T603" landmark_id="L603" spatial_indicator_id="S603" general_type="" specific_type="" RCC8_value="" FoR=""/></SENTENCE></SCENE>
    <SCENE>
        <DOCNO>annotations/01/1171.eng</DOCNO>
        <IMAGE>images/01/1171.jpg</IMAGE>
        <SENTENCE id="s763" start="13371" end="13489"><TEXT>a two-storey house made of wood and with a thatched roof , with balconies on both levels , wooden rails and stairs .</TEXT></SENTENCE><SENTENCE id="s764" start="13489" end="13605"><TEXT>there is a little table with chairs , an canvas chair and lots of plants around it in the foreground on the left .</TEXT><SPATIALINDICATOR id="S608" start="73" end="79" text="around"/><TRAJECTOR id="T608" start="38" end="53" text="an canvas chair"/><TRAJECTOR id="T609" start="58" end="72" text="lots of plants"/><LANDMARK id="L610" start="80" end="82" text="it"/><RELATION id="SR566" trajector_id="T608" landmark_id="L610" spatial_indicator_id="S608" general_type="" specific_type="" RCC8_value="" FoR=""/><RELATION id="SR567" trajector_id="T609" landmark_id="L610" spatial_indicator_id="S608" general_type="" specific_type="" RCC8_value="" FoR=""/><SPATIALINDICATOR id="S611" start="83" end="85" text="in"/><TRAJECTOR id="T611" start="80" end="82" text="it"/><LANDMARK id="L611" start="86" end="100" text="the foreground"/><RELATION id="SR569" trajector_id="T611" landmark_id="L611" spatial_indicator_id="S611" general_type="" specific_type="" RCC8_value="" FoR=""/><SPATIALINDICATOR id="S612" start="101" end="112" text="on the left"/><TRAJECTOR id="T612" start="86" end="100" text="the foreground"/><LANDMARK id="L612" start="-1" end="-1"/><RELATION id="SR571" trajector_id="T612" landmark_id="L612" spatial_indicator_id="S612" general_type="" specific_type="" RCC8_value="" FoR=""/></SENTENCE></SCENE>
    <SCENE>
        <DOCNO>annotations/01/1172.eng</DOCNO>
        <IMAGE>images/01/1172.jpg</IMAGE>
        <SENTENCE id="s765" start="13605" end="13757"><TEXT>a room with a grey and turquoise wall and a single bed on the left and on the right , with a white mattress and a blue and grey blanket on top of it .</TEXT><SPATIALINDICATOR id="S617" start="136" end="145" text="on top of"/><TRAJECTOR id="T617" start="114" end="135" text="blue and grey blanket"/><LANDMARK id="L617" start="146" end="148" text="it"/><RELATION id="SR574" trajector_id="T617" landmark_id="L617" spatial_indicator_id="S617" general_type="" specific_type="" RCC8_value="" FoR=""/><SPATIALINDICATOR id="S618" start="55" end="66" text="on the left"/><TRAJECTOR id="T618" start="42" end="54" text="a single bed"/><LANDMARK id="L618" start="-1" end="-1"/><RELATION id="SR576" trajector_id="T618" landmark_id="L618" spatial_indicator_id="S618" general_type="" specific_type="" RCC8_value="" FoR=""/></SENTENCE><SENTENCE id="s766" start="13757" end="13838"><TEXT>there is also a sleeping bag on the bed on the left and a backpack next to it .</TEXT><SPATIALINDICATOR id="S620" start="29" end="31" text="on"/><TRAJECTOR id="T620" start="14" end="28" text="a sleeping bag"/><LANDMARK id="L620" start="32" end="39" text="the bed"/><RELATION id="SR579" trajector_id="T620" landmark_id="L620" spatial_indicator_id="S620" general_type="" specific_type="" RCC8_value="" FoR=""/><SPATIALINDICATOR id="S621" start="40" end="51" text="on the left"/><TRAJECTOR id="T621" start="32" end="39" text="the bed"/><LANDMARK id="L621" start="-1" end="-1"/><RELATION id="SR581" trajector_id="T621" landmark_id="L621" spatial_indicator_id="S621" general_type="" specific_type="" RCC8_value="" FoR=""/></SENTENCE><SENTENCE id="s767" start="13838" end="13887"><TEXT>there is a fireplace with some ash in between .</TEXT></SENTENCE></SCENE>
    <SCENE>
        <DOCNO>annotations/01/1175.eng</DOCNO>
        <IMAGE>images/01/1175.jpg</IMAGE>
        <SENTENCE id="s768" start="13887" end="14041"><TEXT>a room with light pink walls , a double bed made of wood with a white bedcover with orange and pink squares , and a black and red carpet over the bead .</TEXT></SENTENCE><SENTENCE id="s769" start="14041" end="14127"><TEXT>there is a door to the bathroom on the right , and before it a light brown commode .</TEXT><SPATIALINDICATOR id="S627" start="32" end="44" text="on the right"/><TRAJECTOR id="T627" start="19" end="31" text="the bathroom"/><LANDMARK id="L627" start="-1" end="-1"/><RELATION id="SR586" trajector_id="T627" landmark_id="L627" spatial_indicator_id="S627" general_type="" specific_type="" RCC8_value="" FoR=""/></SENTENCE></SCENE>
    <SCENE>
        <DOCNO>annotations/01/1176.eng</DOCNO>
        <IMAGE>images/01/1176.jpg</IMAGE>
        <SENTENCE id="s770" start="14127" end="14299"><TEXT>view of a white two- and three-storey building , with many columns , tables and potted plants on the ground level and turquoise rails on the balcony on the second floor .</TEXT><SPATIALINDICATOR id="S630" start="149" end="151" text="on"/><TRAJECTOR id="T630" start="137" end="148" text="the balcony"/><LANDMARK id="L630" start="152" end="168" text="the second floor"/><RELATION id="SR589" trajector_id="T630" landmark_id="L630" spatial_indicator_id="S630" general_type="" specific_type="" RCC8_value="" FoR=""/><SPATIALINDICATOR id="S631" start="134" end="136" text="on"/><TRAJECTOR id="T631" start="118" end="133" text="turquoise rails"/><LANDMARK id="L631" start="137" end="148" text="the balcony"/><RELATION id="SR591" trajector_id="T631" landmark_id="L631" spatial_indicator_id="S631" general_type="" specific_type="" RCC8_value="" FoR=""/><SPATIALINDICATOR id="S632" start="94" end="96" text="on"/><TRAJECTOR id="T632" start="80" end="93" text="potted plants"/><TRAJECTOR id="T633" start="69" end="75" text="tables"/><LANDMARK id="L634" start="97" end="113" text="the ground level"/><LANDMARK id="L635" start="118" end="133" text="turquoise rails"/><RELATION id="SR593" trajector_id="T632" landmark_id="L634" spatial_indicator_id="S632" general_type="" specific_type="" RCC8_value="" FoR=""/><RELATION id="SR594" trajector_id="T632" landmark_id="L635" spatial_indicator_id="S632" general_type="" specific_type="" RCC8_value="" FoR=""/><RELATION id="SR595" trajector_id="T633" landmark_id="L634" spatial_indicator_id="S632" general_type="" specific_type="" RCC8_value="" FoR=""/><RELATION id="SR596" trajector_id="T633" landmark_id="L635" spatial_indicator_id="S632" general_type="" specific_type="" RCC8_value="" FoR=""/></SENTENCE></SCENE>
    <SCENE>
        <DOCNO>annotations/01/1177.eng</DOCNO>
        <IMAGE>images/01/1177.jpg</IMAGE>
        <SENTENCE id="s771" start="14299" end="14390"><TEXT>there are cars at the roofed entrance of a grey hotel with the writing Hilton Colon Quito</TEXT><SPATIALINDICATOR id="S639" start="15" end="17" text="at"/><TRAJECTOR id="T639" start="10" end="14" text="cars"/><LANDMARK id="L639" start="18" end="53" text="the roofed entrance of a grey hotel"/><RELATION id="SR599" trajector_id="T639" landmark_id="L639" spatial_indicator_id="S639" general_type="" specific_type="" RCC8_value="" FoR=""/></SENTENCE></SCENE>
    <SCENE>
        <DOCNO>annotations/01/1179.eng</DOCNO>
        <IMAGE>images/01/1179.jpg</IMAGE>
        <SENTENCE id="s772" start="14390" end="14525"><TEXT>a very big , longish room with light blue walls , a double bed made of wood , with a night table and a ventilator in the background .</TEXT></SENTENCE><SENTENCE id="s773" start="14525" end="14642"><TEXT>there are also two windows in the background , and two arm chairs , a coffee table and a mirrow in the foreground .</TEXT><SPATIALINDICATOR id="S644" start="96" end="98" text="in"/><TRAJECTOR id="T644" start="87" end="95" text="a mirrow"/><TRAJECTOR id="T645" start="51" end="65" text="two arm chairs"/><TRAJECTOR id="T646" start="68" end="82" text="a coffee table"/><LANDMARK id="L647" start="99" end="113" text="the foreground"/><RELATION id="SR603" trajector_id="T644" landmark_id="L647" spatial_indicator_id="S644" general_type="" specific_type="" RCC8_value="" FoR=""/><RELATION id="SR604" trajector_id="T645" landmark_id="L647" spatial_indicator_id="S644" general_type="" specific_type="" RCC8_value="" FoR=""/><RELATION id="SR605" trajector_id="T646" landmark_id="L647" spatial_indicator_id="S644" general_type="" specific_type="" RCC8_value="" FoR=""/><SPATIALINDICATOR id="S648" start="27" end="29" text="in"/><TRAJECTOR id="T648" start="15" end="26" text="two windows"/><LANDMARK id="L648" start="30" end="44" text="the background"/><RELATION id="SR607" trajector_id="T648" landmark_id="L648" spatial_indicator_id="S648" general_type="" specific_type="" RCC8_value="" FoR=""/></SENTENCE></SCENE>
    <SCENE>
        <DOCNO>annotations/01/1183.eng</DOCNO>
        <IMAGE>images/01/1183.jpg</IMAGE>
        <SENTENCE id="s774" start="14642" end="14791"><TEXT>a room with white walls , a double bed made of wood with a multicoloured bedcover and a night table on both sides , each having a lamp above them .</TEXT><SPATIALINDICATOR id="S652" start="100" end="102" text="on"/><TRAJECTOR id="T652" start="86" end="99" text="a night table"/><TRAJECTOR id="T653" start="47" end="51" text="wood"/><TRAJECTOR id="T654" start="57" end="81" text="a multicoloured bedcover"/><LANDMARK id="L655" start="103" end="113" text="both sides"/><RELATION id="SR610" trajector_id="T652" landmark_id="L655" spatial_indicator_id="S652" general_type="" specific_type="" RCC8_value="" FoR=""/><RELATION id="SR611" trajector_id="T653" landmark_id="L655" spatial_indicator_id="S652" general_type="" specific_type="" RCC8_value="" FoR=""/><RELATION id="SR612" trajector_id="T654" landmark_id="L655" spatial_indicator_id="S652" general_type="" specific_type="" RCC8_value="" FoR=""/><SPATIALINDICATOR id="S656" start="135" end="140" text="above"/><TRAJECTOR id="T656" start="128" end="134" text="a lamp"/><LANDMARK id="L656" start="141" end="145" text="them"/><RELATION id="SR614" trajector_id="T656" landmark_id="L656" spatial_indicator_id="S656" general_type="" specific_type="" RCC8_value="" FoR=""/></SENTENCE><SENTENCE id="s775" start="14791" end="14817"><TEXT>a parquet made of wood .</TEXT></SENTENCE></SCENE>
    <SCENE>
        <DOCNO>annotations/01/1184.eng</DOCNO>
        <IMAGE>images/01/1184.jpg</IMAGE>
        <SENTENCE id="s776" start="14817" end="14924"><TEXT>a dark red house with lots of arches and columns , and red rails and a few potted plants in front of it .</TEXT><SPATIALINDICATOR id="S660" start="89" end="100" text="in front of"/><TRAJECTOR id="T660" start="69" end="88" text="a few potted plants"/><TRAJECTOR id="T661" start="55" end="64" text="red rails"/><LANDMARK id="L662" start="101" end="103" text="it"/><RELATION id="SR618" trajector_id="T660" landmark_id="L662" spatial_indicator_id="S660" general_type="" specific_type="" RCC8_value="" FoR=""/><RELATION id="SR619" trajector_id="T661" landmark_id="L662" spatial_indicator_id="S660" general_type="" specific_type="" RCC8_value="" FoR=""/></SENTENCE></SCENE>
    <SCENE>
        <DOCNO>annotations/01/1185.eng</DOCNO>
        <IMAGE>images/01/1185.jpg</IMAGE>
        <SENTENCE id="s777" start="14924" end="15013"><TEXT>a swimming pool with white canvas chairs and palm trees in the background on the left .</TEXT><SPATIALINDICATOR id="S665" start="56" end="58" text="in"/><TRAJECTOR id="T665" start="45" end="55" text="palm trees"/><LANDMARK id="L665" start="59" end="73" text="the background"/><RELATION id="SR622" trajector_id="T665" landmark_id="L665" spatial_indicator_id="S665" general_type="" specific_type="" RCC8_value="" FoR=""/><SPATIALINDICATOR id="S666" start="74" end="85" text="on the left"/><TRAJECTOR id="T666" start="59" end="73" text="the background"/><LANDMARK id="L666" start="-1" end="-1"/><RELATION id="SR624" trajector_id="T666" landmark_id="L666" spatial_indicator_id="S666" general_type="" specific_type="" RCC8_value="" FoR=""/></SENTENCE></SCENE>
    <SCENE>
        <DOCNO>annotations/01/1187.eng</DOCNO>
        <IMAGE>images/01/1187.jpg</IMAGE>
        <SENTENCE id="s778" start="15013" end="15157"><TEXT>a room with white walls , a double bed with a yellow and red chequered bedcover , a night table of both sides and a burning lamp on the left .</TEXT><SPATIALINDICATOR id="S670" start="129" end="140" text="on the left"/><TRAJECTOR id="T670" start="114" end="128" text="a burning lamp"/><TRAJECTOR id="T671" start="82" end="109" text="a night table of both sides"/><LANDMARK id="L672" start="-1" end="-1"/><RELATION id="SR627" trajector_id="T670" landmark_id="L672" spatial_indicator_id="S670" general_type="" specific_type="" RCC8_value="" FoR=""/><RELATION id="SR628" trajector_id="T671" landmark_id="L672" spatial_indicator_id="S670" general_type="" specific_type="" RCC8_value="" FoR=""/></SENTENCE><SENTENCE id="s779" start="15157" end="15261"><TEXT>there is also a wooden table and chair in the background and a fridge in the foreground on the right .</TEXT><SPATIALINDICATOR id="S674" start="70" end="72" text="in"/><TRAJECTOR id="T674" start="61" end="69" text="a fridge"/><LANDMARK id="L674" start="73" end="87" text="the foreground"/><RELATION id="SR631" trajector_id="T674" landmark_id="L674" spatial_indicator_id="S674" general_type="" specific_type="" RCC8_value="" FoR=""/><SPATIALINDICATOR id="S675" start="39" end="41" text="in"/><TRAJECTOR id="T675" start="33" end="38" text="chair"/><TRAJECTOR id="T676" start="14" end="28" text="a wooden table"/><LANDMARK id="L677" start="42" end="56" text="the background"/><LANDMARK id="L678" start="61" end="69" text="a fridge"/><RELATION id="SR633" trajector_id="T675" landmark_id="L677" spatial_indicator_id="S675" general_type="" specific_type="" RCC8_value="" FoR=""/><RELATION id="SR634" trajector_id="T675" landmark_id="L678" spatial_indicator_id="S675" general_type="" specific_type="" RCC8_value="" FoR=""/><RELATION id="SR635" trajector_id="T676" landmark_id="L677" spatial_indicator_id="S675" general_type="" specific_type="" RCC8_value="" FoR=""/><RELATION id="SR636" trajector_id="T676" landmark_id="L678" spatial_indicator_id="S675" general_type="" specific_type="" RCC8_value="" FoR=""/><SPATIALINDICATOR id="S680" start="88" end="100" text="on the right"/><TRAJECTOR id="T680" start="73" end="87" text="the foreground"/><LANDMARK id="L680" start="-1" end="-1"/><RELATION id="SR638" trajector_id="T680" landmark_id="L680" spatial_indicator_id="S680" general_type="" specific_type="" RCC8_value="" FoR=""/></SENTENCE></SCENE>
    <SCENE>
        <DOCNO>annotations/01/1188.eng</DOCNO>
        <IMAGE>images/01/1188.jpg</IMAGE>
        <SENTENCE id="s780" start="15261" end="15336"><TEXT>a white house with stairs , arches and columns in front of the entrance .</TEXT><SPATIALINDICATOR id="S684" start="47" end="58" text="in front of"/><TRAJECTOR id="T684" start="39" end="46" text="columns"/><TRAJECTOR id="T685" start="28" end="34" text="arches"/><LANDMARK id="L686" start="59" end="71" text="the entrance"/><RELATION id="SR641" trajector_id="T684" landmark_id="L686" spatial_indicator_id="S684" general_type="" specific_type="" RCC8_value="" FoR=""/><RELATION id="SR642" trajector_id="T685" landmark_id="L686" spatial_indicator_id="S684" general_type="" specific_type="" RCC8_value="" FoR=""/></SENTENCE><SENTENCE id="s781" start="15336" end="15413"><TEXT>there is a garden on the left with a lawn , flowers and little palm trees .</TEXT><SPATIALINDICATOR id="S688" start="18" end="29" text="on the left"/><TRAJECTOR id="T688" start="9" end="17" text="a garden"/><LANDMARK id="L688" start="-1" end="-1"/><RELATION id="SR645" trajector_id="T688" landmark_id="L688" spatial_indicator_id="S688" general_type="" specific_type="" RCC8_value="" FoR=""/></SENTENCE></SCENE>
    <SCENE>
        <DOCNO>annotations/01/1189.eng</DOCNO>
        <IMAGE>images/01/1189.jpg</IMAGE>
        <SENTENCE id="s782" start="15413" end="15487"><TEXT>a room with a single bed , a white bedcover and multicoloured blankets .</TEXT></SENTENCE><SENTENCE id="s783" start="15487" end="15672"><TEXT>there is a green bench on the left , a wooden table with a TV in front of a window with light brown curtains on the right , and a wooden door with glass and blinds in the background .</TEXT><SPATIALINDICATOR id="S693" start="62" end="73" text="in front of"/><TRAJECTOR id="T693" start="57" end="61" text="a TV"/><TRAJECTOR id="T694" start="37" end="51" text="a wooden table"/><LANDMARK id="L695" start="74" end="82" text="a window"/><RELATION id="SR649" trajector_id="T693" landmark_id="L695" spatial_indicator_id="S693" general_type="" specific_type="" RCC8_value="" FoR=""/><RELATION id="SR650" trajector_id="T694" landmark_id="L695" spatial_indicator_id="S693" general_type="" specific_type="" RCC8_value="" FoR=""/><SPATIALINDICATOR id="S696" start="164" end="166" text="in"/><TRAJECTOR id="T696" start="157" end="163" text="blinds"/><LANDMARK id="L696" start="167" end="181" text="the background"/><RELATION id="SR652" trajector_id="T696" landmark_id="L696" spatial_indicator_id="S696" general_type="" specific_type="" RCC8_value="" FoR=""/><SPATIALINDICATOR id="S697" start="23" end="34" text="on the left"/><TRAJECTOR id="T697" start="37" end="51" text="a wooden table"/><TRAJECTOR id="T698" start="128" end="141" text="a wooden door"/><TRAJECTOR id="T699" start="9" end="22" text="a green bench"/><LANDMARK id="L700" start="-1" end="-1"/><RELATION id="SR654" trajector_id="T697" landmark_id="L700" spatial_indicator_id="S697" general_type="" specific_type="" RCC8_value="" FoR=""/><RELATION id="SR655" trajector_id="T698" landmark_id="L700" spatial_indicator_id="S697" general_type="" specific_type="" RCC8_value="" FoR=""/><RELATION id="SR656" trajector_id="T699" landmark_id="L700" spatial_indicator_id="S697" general_type="" specific_type="" RCC8_value="" FoR=""/><SPATIALINDICATOR id="S701" start="109" end="121" text="on the right"/><TRAJECTOR id="T701" start="88" end="108" text="light brown curtains"/><LANDMARK id="L701" start="-1" end="-1"/><RELATION id="SR658" trajector_id="T701" landmark_id="L701" spatial_indicator_id="S701" general_type="" specific_type="" RCC8_value="" FoR=""/></SENTENCE></SCENE>
    <SCENE>
        <DOCNO>annotations/01/1190.eng</DOCNO>
        <IMAGE>images/01/1190.jpg</IMAGE>
        <SENTENCE id="s784" start="15672" end="15840"><TEXT>a light orange three-storey building with blue windows , a garden that is surrounded by an iron fence and white columns , and people walking on a pavement before it .</TEXT><SPATIALINDICATOR id="S704" start="155" end="161" text="before"/><TRAJECTOR id="T704" start="144" end="154" text="a pavement"/><LANDMARK id="L704" start="162" end="164" text="it"/><RELATION id="SR661" trajector_id="T704" landmark_id="L704" spatial_indicator_id="S704" general_type="" specific_type="" RCC8_value="" FoR=""/><SPATIALINDICATOR id="S705" start="85" end="87" text="by"/><TRAJECTOR id="T705" start="57" end="65" text="a garden"/><LANDMARK id="L705" start="88" end="101" text="an iron fence"/><LANDMARK id="L706" start="106" end="119" text="white columns"/><RELATION id="SR663" trajector_id="T705" landmark_id="L705" spatial_indicator_id="S705" general_type="" specific_type="" RCC8_value="" FoR=""/><RELATION id="SR664" trajector_id="T705" landmark_id="L706" spatial_indicator_id="S705" general_type="" specific_type="" RCC8_value="" FoR=""/><LANDMARK id="L708" start="144" end="154" text="a pavement"/><SPATIALINDICATOR id="S708" start="141" end="143" text="on"/><TRAJECTOR id="T708" start="126" end="132" text="people"/><RELATION id="SR666" trajector_id="T708" landmark_id="L708" spatial_indicator_id="S708" general_type="" specific_type="" RCC8_value="" FoR=""/></SENTENCE></SCENE>
    <SCENE>
        <DOCNO>annotations/01/1191.eng</DOCNO>
        <IMAGE>images/01/1191.jpg</IMAGE>
        <SENTENCE id="s785" start="15840" end="15999"><TEXT>a room with a double bed and a single bed made of wood , with green , yellow and blue bedcovers and a night table with a lamp and an alarm clock in between .</TEXT></SENTENCE></SCENE>
    <SCENE>
        <DOCNO>annotations/01/1192.eng</DOCNO>
        <IMAGE>images/01/1192.jpg</IMAGE>
        <SENTENCE id="s786" start="15999" end="16125"><TEXT>a room with green and yellow walls , two single beds with multicoloured bedcovers and a night table with a lamp in between .</TEXT></SENTENCE><SENTENCE id="s787" start="16125" end="16251"><TEXT>there is a wooden door that has been painted white on the left , and a big window with open , orange curtains on the right .</TEXT><SPATIALINDICATOR id="S715" start="110" end="122" text="on the right"/><TRAJECTOR id="T715" start="69" end="81" text="a big window"/><TRAJECTOR id="T716" start="87" end="109" text="open , orange curtains"/><LANDMARK id="L717" start="-1" end="-1"/><RELATION id="SR672" trajector_id="T715" landmark_id="L717" spatial_indicator_id="S715" general_type="" specific_type="" RCC8_value="" FoR=""/><RELATION id="SR673" trajector_id="T716" landmark_id="L717" spatial_indicator_id="S715" general_type="" specific_type="" RCC8_value="" FoR=""/></SENTENCE></SCENE>
    <SCENE>
        <DOCNO>annotations/01/1193.eng</DOCNO>
        <IMAGE>images/01/1193.jpg</IMAGE>
        <SENTENCE id="s788" start="16251" end="16351"><TEXT>a car is parking in front of a white , three-storey building with big windows and brown curtains .</TEXT><SPATIALINDICATOR id="S721" start="17" end="28" text="in front of"/><TRAJECTOR id="T721" start="0" end="5" text="a car"/><TRAJECTOR id="T722" start="9" end="16" text="parking"/><LANDMARK id="L723" start="31" end="60" text="white , three-storey building"/><RELATION id="SR676" trajector_id="T721" landmark_id="L723" spatial_indicator_id="S721" general_type="" specific_type="" RCC8_value="" FoR=""/><RELATION id="SR677" trajector_id="T722" landmark_id="L723" spatial_indicator_id="S721" general_type="" specific_type="" RCC8_value="" FoR=""/></SENTENCE><SENTENCE id="s789" start="16351" end="16403"><TEXT>there is also a power line in front of the house .</TEXT><SPATIALINDICATOR id="S725" start="27" end="38" text="in front of"/><TRAJECTOR id="T725" start="14" end="26" text="a power line"/><LANDMARK id="L725" start="39" end="48" text="the house"/><RELATION id="SR680" trajector_id="T725" landmark_id="L725" spatial_indicator_id="S725" general_type="" specific_type="" RCC8_value="" FoR=""/></SENTENCE></SCENE>
    <SCENE>
        <DOCNO>annotations/01/1194.eng</DOCNO>
        <IMAGE>images/01/1194.jpg</IMAGE>
        <SENTENCE id="s790" start="16403" end="16492"><TEXT>a room with light orange walls , a single bed with a violet bedcover and white towels .</TEXT></SENTENCE><SENTENCE id="s791" start="16492" end="16586"><TEXT>there is a night table with a lamp on the right and a white and yellow curtain on the left .</TEXT><SPATIALINDICATOR id="S730" start="79" end="90" text="on the left"/><TRAJECTOR id="T730" start="54" end="78" text="white and yellow curtain"/><LANDMARK id="L730" start="-1" end="-1"/><RELATION id="SR684" trajector_id="T730" landmark_id="L730" spatial_indicator_id="S730" general_type="" specific_type="" RCC8_value="" FoR=""/><SPATIALINDICATOR id="S731" start="35" end="47" text="on the right"/><TRAJECTOR id="T731" start="54" end="78" text="white and yellow curtain"/><TRAJECTOR id="T732" start="9" end="22" text="a night table"/><TRAJECTOR id="T733" start="28" end="34" text="a lamp"/><LANDMARK id="L734" start="-1" end="-1"/><RELATION id="SR686" trajector_id="T731" landmark_id="L734" spatial_indicator_id="S731" general_type="" specific_type="" RCC8_value="" FoR=""/><RELATION id="SR687" trajector_id="T732" landmark_id="L734" spatial_indicator_id="S731" general_type="" specific_type="" RCC8_value="" FoR=""/><RELATION id="SR688" trajector_id="T733" landmark_id="L734" spatial_indicator_id="S731" general_type="" specific_type="" RCC8_value="" FoR=""/></SENTENCE></SCENE>
    <SCENE>
        <DOCNO>annotations/01/1195.eng</DOCNO>
        <IMAGE>images/01/1195.jpg</IMAGE>
        <SENTENCE id="s792" start="16586" end="16763"><TEXT>a swimming pool with a blue edge , blue canvas chairs and a blue sunshade on the left , behind it a pink house surround by palm trees , and a big sand dune in the background .</TEXT><SPATIALINDICATOR id="S737" start="156" end="158" text="in"/><TRAJECTOR id="T737" start="140" end="155" text="a big sand dune"/><LANDMARK id="L737" start="159" end="173" text="the background"/><RELATION id="SR691" trajector_id="T737" landmark_id="L737" spatial_indicator_id="S737" general_type="" specific_type="" RCC8_value="" FoR=""/><SPATIALINDICATOR id="S738" start="120" end="122" text="by"/><TRAJECTOR id="T738" start="98" end="110" text="a pink house"/><LANDMARK id="L738" start="123" end="133" text="palm trees"/><RELATION id="SR693" trajector_id="T738" landmark_id="L738" spatial_indicator_id="S738" general_type="" specific_type="" RCC8_value="" FoR=""/><SPATIALINDICATOR id="S739" start="74" end="85" text="on the left"/><TRAJECTOR id="T739" start="58" end="73" text="a blue sunshade"/><TRAJECTOR id="T740" start="35" end="53" text="blue canvas chairs"/><LANDMARK id="L741" start="-1" end="-1"/><RELATION id="SR695" trajector_id="T739" landmark_id="L741" spatial_indicator_id="S739" general_type="" specific_type="" RCC8_value="" FoR=""/><RELATION id="SR696" trajector_id="T740" landmark_id="L741" spatial_indicator_id="S739" general_type="" specific_type="" RCC8_value="" FoR=""/></SENTENCE></SCENE>
    <SCENE>
        <DOCNO>annotations/01/1196.eng</DOCNO>
        <IMAGE>images/01/1196.jpg</IMAGE>
        <SENTENCE id="s793" start="16763" end="16872"><TEXT>a room with a wall made of red bricks ( on the left ) and a white wall with two pictures ( on the right ) .</TEXT><SPATIALINDICATOR id="S746" start="40" end="51" text="on the left"/><TRAJECTOR id="T746" start="58" end="70" text="a white wall"/><TRAJECTOR id="T747" start="27" end="37" text="red bricks"/><LANDMARK id="L748" start="-1" end="-1"/><RELATION id="SR699" trajector_id="T746" landmark_id="L748" spatial_indicator_id="S746" general_type="" specific_type="" RCC8_value="" FoR=""/><RELATION id="SR700" trajector_id="T747" landmark_id="L748" spatial_indicator_id="S746" general_type="" specific_type="" RCC8_value="" FoR=""/></SENTENCE><SENTENCE id="s794" start="16872" end="16961"><TEXT>there are two single beds with brown blankets and a night table and a lamp in between .</TEXT></SENTENCE><SENTENCE id="s795" start="16961" end="17020"><TEXT>there is also a window with purple curtains on the left .</TEXT><SPATIALINDICATOR id="S751" start="44" end="55" text="on the left"/><TRAJECTOR id="T751" start="28" end="43" text="purple curtains"/><TRAJECTOR id="T752" start="14" end="22" text="a window"/><LANDMARK id="L753" start="-1" end="-1"/><RELATION id="SR704" trajector_id="T751" landmark_id="L753" spatial_indicator_id="S751" general_type="" specific_type="" RCC8_value="" FoR=""/><RELATION id="SR705" trajector_id="T752" landmark_id="L753" spatial_indicator_id="S751" general_type="" specific_type="" RCC8_value="" FoR=""/></SENTENCE></SCENE>
    <SCENE>
        <DOCNO>annotations/01/1197.eng</DOCNO>
        <IMAGE>images/01/1197.jpg</IMAGE>
        <SENTENCE id="s796" start="17020" end="17143"><TEXT>a three-storey house made of red bricks with green ornaments and a yellow corner with a sign saying La Posada del Conde .</TEXT></SENTENCE><SENTENCE id="s797" start="17143" end="17177"><TEXT>all levels have arched windows .</TEXT></SENTENCE><SENTENCE id="s798" start="17177" end="17230"><TEXT>there is a jeep in front of the house on the left .</TEXT><SPATIALINDICATOR id="S760" start="16" end="27" text="in front of"/><TRAJECTOR id="T760" start="9" end="15" text="a jeep"/><LANDMARK id="L760" start="28" end="37" text="the house"/><RELATION id="SR710" trajector_id="T760" landmark_id="L760" spatial_indicator_id="S760" general_type="" specific_type="" RCC8_value="" FoR=""/><SPATIALINDICATOR id="S761" start="38" end="49" text="on the left"/><TRAJECTOR id="T761" start="28" end="37" text="the house"/><LANDMARK id="L761" start="-1" end="-1"/><RELATION id="SR712" trajector_id="T761" landmark_id="L761" spatial_indicator_id="S761" general_type="" specific_type="" RCC8_value="" FoR=""/></SENTENCE></SCENE>
    <SCENE>
        <DOCNO>annotations/01/1199.eng</DOCNO>
        <IMAGE>images/01/1199.jpg</IMAGE>
        <SENTENCE id="s799" start="17230" end="17271"><TEXT>a white ship in full speed on the sea .</TEXT><SPATIALINDICATOR id="S765" start="13" end="15" text="in"/><TRAJECTOR id="T765" start="0" end="12" text="a white ship"/><LANDMARK id="L765" start="16" end="26" text="full speed"/><RELATION id="SR715" trajector_id="T765" landmark_id="L765" spatial_indicator_id="S765" general_type="" specific_type="" RCC8_value="" FoR=""/><SPATIALINDICATOR id="S766" start="27" end="29" text="on"/><TRAJECTOR id="T766" start="16" end="26" text="full speed"/><LANDMARK id="L766" start="30" end="37" text="the sea"/><RELATION id="SR717" trajector_id="T766" landmark_id="L766" spatial_indicator_id="S766" general_type="" specific_type="" RCC8_value="" FoR=""/></SENTENCE><SENTENCE id="s800" start="17271" end="17303"><TEXT>a blue sky in the background .</TEXT><SPATIALINDICATOR id="S768" start="11" end="13" text="in"/><TRAJECTOR id="T768" start="0" end="10" text="a blue sky"/><LANDMARK id="L768" start="14" end="28" text="the background"/><RELATION id="SR720" trajector_id="T768" landmark_id="L768" spatial_indicator_id="S768" general_type="" specific_type="" RCC8_value="" FoR=""/></SENTENCE></SCENE>
    <SCENE>
        <DOCNO>annotations/01/1200.eng</DOCNO>
        <IMAGE>images/01/1200.jpg</IMAGE>
        <SENTENCE id="s801" start="17303" end="17408"><TEXT>a room with blue walls , two single beds made of wood with a phone in between and a painting above it .</TEXT><SPATIALINDICATOR id="S772" start="93" end="98" text="above"/><TRAJECTOR id="T772" start="82" end="92" text="a painting"/><LANDMARK id="L772" start="99" end="101" text="it"/><RELATION id="SR723" trajector_id="T772" landmark_id="L772" spatial_indicator_id="S772" general_type="" specific_type="" RCC8_value="" FoR=""/><LANDMARK id="L773" start="82" end="92" text="a painting"/><SPATIALINDICATOR id="S773" start="67" end="77" text="in between"/><TRAJECTOR id="T773" start="49" end="53" text="wood"/><TRAJECTOR id="T774" start="59" end="66" text="a phone"/><RELATION id="SR725" trajector_id="T773" landmark_id="L773" spatial_indicator_id="S773" general_type="" specific_type="" RCC8_value="" FoR=""/><RELATION id="SR726" trajector_id="T774" landmark_id="L773" spatial_indicator_id="S773" general_type="" specific_type="" RCC8_value="" FoR=""/></SENTENCE><SENTENCE id="s802" start="17408" end="17501"><TEXT>the bedcover of the bed in the front is purple and green , the other one is multicoloured .</TEXT><SPATIALINDICATOR id="S777" start="24" end="26" text="in"/><TRAJECTOR id="T777" start="0" end="23" text="the bedcover of the bed"/><LANDMARK id="L777" start="27" end="36" text="the front"/><RELATION id="SR730" trajector_id="T777" landmark_id="L777" spatial_indicator_id="S777" general_type="" specific_type="" RCC8_value="" FoR=""/></SENTENCE></SCENE>
    <SCENE>
        <DOCNO>annotations/01/1201.eng</DOCNO>
        <IMAGE>images/01/1201.jpg</IMAGE>
        <SENTENCE id="s803" start="17501" end="17627"><TEXT>a grey and brown building with a bright blue entrance and a blue writing Alameda del Peregrino on a bright blue background .</TEXT><SPATIALINDICATOR id="S780" start="95" end="97" text="on"/><TRAJECTOR id="T780" start="65" end="94" text="writing Alameda del Peregrino"/><LANDMARK id="L780" start="98" end="122" text="a bright blue background"/><RELATION id="SR733" trajector_id="T780" landmark_id="L780" spatial_indicator_id="S780" general_type="" specific_type="" RCC8_value="" FoR=""/></SENTENCE></SCENE>
    <SCENE>
        <DOCNO>annotations/01/1202.eng</DOCNO>
        <IMAGE>images/01/1202.jpg</IMAGE>
        <SENTENCE id="s804" start="17627" end="17678"><TEXT>a king-sized bed with a white and grey bedcover .</TEXT></SENTENCE><SENTENCE id="s805" start="17678" end="17815"><TEXT>there is a night table to the left and a chair in front of a mirror on the right , and a painting of a half-naked woman above the bed .</TEXT><SPATIALINDICATOR id="S785" start="47" end="58" text="in front of"/><TRAJECTOR id="T785" start="39" end="46" text="a chair"/><LANDMARK id="L785" start="59" end="67" text="a mirror"/><RELATION id="SR737" trajector_id="T785" landmark_id="L785" spatial_indicator_id="S785" general_type="" specific_type="" RCC8_value="" FoR=""/><SPATIALINDICATOR id="S786" start="120" end="125" text="above"/><TRAJECTOR id="T786" start="87" end="119" text="a painting of a half-naked woman"/><LANDMARK id="L786" start="126" end="133" text="the bed"/><RELATION id="SR739" trajector_id="T786" landmark_id="L786" spatial_indicator_id="S786" general_type="" specific_type="" RCC8_value="" FoR=""/><SPATIALINDICATOR id="S787" start="68" end="80" text="on the right"/><TRAJECTOR id="T787" start="59" end="67" text="a mirror"/><LANDMARK id="L787" start="-1" end="-1"/><RELATION id="SR741" trajector_id="T787" landmark_id="L787" spatial_indicator_id="S787" general_type="" specific_type="" RCC8_value="" FoR=""/></SENTENCE></SCENE>
    <SCENE>
        <DOCNO>annotations/01/1203.eng</DOCNO>
        <IMAGE>images/01/1203.jpg</IMAGE>
        <SENTENCE id="s806" start="17815" end="17842"><TEXT>the entrance of a hotel .</TEXT></SENTENCE><SENTENCE id="s807" start="17842" end="17997"><TEXT>there is a lamp on the left and on the right , an ornament above the entrance , a man on the way to the stairs next to a flower pot behind the entrance ,</TEXT><SPATIALINDICATOR id="S792" start="59" end="64" text="above"/><TRAJECTOR id="T792" start="47" end="58" text="an ornament"/><LANDMARK id="L792" start="65" end="77" text="the entrance"/><RELATION id="SR745" trajector_id="T792" landmark_id="L792" spatial_indicator_id="S792" general_type="" specific_type="" RCC8_value="" FoR=""/><SPATIALINDICATOR id="S793" start="86" end="88" text="on"/><TRAJECTOR id="T793" start="80" end="85" text="a man"/><LANDMARK id="L793" start="89" end="96" text="the way"/><RELATION id="SR747" trajector_id="T793" landmark_id="L793" spatial_indicator_id="S793" general_type="" specific_type="" RCC8_value="" FoR=""/><SPATIALINDICATOR id="S794" start="132" end="138" text="behind"/><TRAJECTOR id="T794" start="119" end="131" text="a flower pot"/><LANDMARK id="L794" start="139" end="151" text="the entrance"/><RELATION id="SR749" trajector_id="T794" landmark_id="L794" spatial_indicator_id="S794" general_type="" specific_type="" RCC8_value="" FoR=""/><SPATIALINDICATOR id="S795" start="111" end="118" text="next to"/><TRAJECTOR id="T795" start="100" end="110" text="the stairs"/><LANDMARK id="L795" start="119" end="131" text="a flower pot"/><RELATION id="SR751" trajector_id="T795" landmark_id="L795" spatial_indicator_id="S795" general_type="" specific_type="" RCC8_value="" FoR=""/><SPATIALINDICATOR id="S796" start="16" end="27" text="on the left"/><TRAJECTOR id="T796" start="9" end="15" text="a lamp"/><LANDMARK id="L796" start="-1" end="-1"/><RELATION id="SR753" trajector_id="T796" landmark_id="L796" spatial_indicator_id="S796" general_type="" specific_type="" RCC8_value="" FoR=""/></SENTENCE></SCENE>
    <SCENE>
        <DOCNO>annotations/01/1204.eng</DOCNO>
        <IMAGE>images/01/1204.jpg</IMAGE>
        <SENTENCE id="s808" start="17997" end="18178"><TEXT>a room with light blue walls , a double bed made of wood with a purple bedcover , a night table with a phone , remote controls and a lamp on the right , and a fridge on the left .</TEXT><SPATIALINDICATOR id="S799" start="166" end="177" text="on the left"/><TRAJECTOR id="T799" start="157" end="165" text="a fridge"/><LANDMARK id="L799" start="-1" end="-1"/><RELATION id="SR756" trajector_id="T799" landmark_id="L799" spatial_indicator_id="S799" general_type="" specific_type="" RCC8_value="" FoR=""/><SPATIALINDICATOR id="S800" start="138" end="150" text="on the right"/><TRAJECTOR id="T800" start="111" end="126" text="remote controls"/><TRAJECTOR id="T801" start="131" end="137" text="a lamp"/><LANDMARK id="L802" start="-1" end="-1"/><RELATION id="SR758" trajector_id="T800" landmark_id="L802" spatial_indicator_id="S800" general_type="" specific_type="" RCC8_value="" FoR=""/><RELATION id="SR759" trajector_id="T801" landmark_id="L802" spatial_indicator_id="S800" general_type="" specific_type="" RCC8_value="" FoR=""/></SENTENCE></SCENE>
    <SCENE>
        <DOCNO>annotations/01/1205.eng</DOCNO>
        <IMAGE>images/01/1205.jpg</IMAGE>
        <SENTENCE id="s809" start="18178" end="18283"><TEXT>a brown house with large windows and flags above the entrance , and the white writing Hotel Peregrino .</TEXT><SPATIALINDICATOR id="S805" start="43" end="48" text="above"/><TRAJECTOR id="T805" start="37" end="42" text="flags"/><LANDMARK id="L805" start="49" end="61" text="the entrance"/><RELATION id="SR762" trajector_id="T805" landmark_id="L805" spatial_indicator_id="S805" general_type="" specific_type="" RCC8_value="" FoR=""/></SENTENCE></SCENE>
    <SCENE>
        <DOCNO>annotations/01/1206.eng</DOCNO>
        <IMAGE>images/01/1206.jpg</IMAGE>
        <SENTENCE id="s810" start="18283" end="18479"><TEXT>a room with light and dark brown walls , a double bed made of wood with a multicolour-striped bedcover , an arm chair and a plant at a window with orange curtains in the background on the left .</TEXT><SPATIALINDICATOR id="S808" start="163" end="165" text="in"/><TRAJECTOR id="T808" start="147" end="162" text="orange curtains"/><LANDMARK id="L808" start="166" end="180" text="the background"/><RELATION id="SR765" trajector_id="T808" landmark_id="L808" spatial_indicator_id="S808" general_type="" specific_type="" RCC8_value="" FoR=""/><SPATIALINDICATOR id="S809" start="181" end="192" text="on the left"/><TRAJECTOR id="T809" start="166" end="180" text="the background"/><LANDMARK id="L809" start="-1" end="-1"/><RELATION id="SR767" trajector_id="T809" landmark_id="L809" spatial_indicator_id="S809" general_type="" specific_type="" RCC8_value="" FoR=""/></SENTENCE></SCENE>
    <SCENE>
        <DOCNO>annotations/01/1207.eng</DOCNO>
        <IMAGE>images/01/1207.jpg</IMAGE>
        <SENTENCE id="s811" start="18479" end="18534"><TEXT>view of a brown house with grey and brown rooftiles .</TEXT></SENTENCE><SENTENCE id="s812" start="18534" end="18655"><TEXT>there is a meadow with flowers in front of the house and a couple of trees behind it , and a canyon in the background .</TEXT><SPATIALINDICATOR id="S814" start="100" end="102" text="in"/><TRAJECTOR id="T814" start="91" end="99" text="a canyon"/><LANDMARK id="L814" start="103" end="117" text="the background"/><RELATION id="SR771" trajector_id="T814" landmark_id="L814" spatial_indicator_id="S814" general_type="" specific_type="" RCC8_value="" FoR=""/><SPATIALINDICATOR id="S815" start="75" end="81" text="behind"/><TRAJECTOR id="T815" start="57" end="74" text="a couple of trees"/><LANDMARK id="L815" start="82" end="84" text="it"/><RELATION id="SR773" trajector_id="T815" landmark_id="L815" spatial_indicator_id="S815" general_type="" specific_type="" RCC8_value="" FoR=""/><SPATIALINDICATOR id="S816" start="31" end="42" text="in front of"/><TRAJECTOR id="T816" start="9" end="17" text="a meadow"/><LANDMARK id="L816" start="43" end="52" text="the house"/><RELATION id="SR775" trajector_id="T816" landmark_id="L816" spatial_indicator_id="S816" general_type="" specific_type="" RCC8_value="" FoR=""/></SENTENCE></SCENE>
    <SCENE>
        <DOCNO>annotations/01/1208.eng</DOCNO>
        <IMAGE>images/01/1208.jpg</IMAGE>
        <SENTENCE id="s813" start="18655" end="18810"><TEXT>a room with white walls , a double bed made of wood , a light blue and white chequered bedcover and white towels and a black chimney in the back corner .</TEXT></SENTENCE></SCENE>
    <SCENE>
        <DOCNO>annotations/01/1209.eng</DOCNO>
        <IMAGE>images/01/1209.jpg</IMAGE>
        <SENTENCE id="s814" start="18810" end="18881"><TEXT>an orange house with three small windows and stones set in concrete .</TEXT><LANDMARK id="L822" start="59" end="67" text="concrete"/><SPATIALINDICATOR id="S822" start="56" end="58" text="in"/><TRAJECTOR id="T822" start="45" end="51" text="stones"/><RELATION id="SR779" trajector_id="T822" landmark_id="L822" spatial_indicator_id="S822" general_type="" specific_type="" RCC8_value="" FoR=""/></SENTENCE><SENTENCE id="s815" start="18881" end="18989"><TEXT>there is a dense vegetation with bushes , trees and potted plants in front of the house of the neighbour .</TEXT><SPATIALINDICATOR id="S824" start="66" end="77" text="in front of"/><TRAJECTOR id="T824" start="42" end="47" text="trees"/><TRAJECTOR id="T825" start="52" end="65" text="potted plants"/><LANDMARK id="L826" start="78" end="104" text="the house of the neighbour"/><RELATION id="SR783" trajector_id="T824" landmark_id="L826" spatial_indicator_id="S824" general_type="" specific_type="" RCC8_value="" FoR=""/><RELATION id="SR784" trajector_id="T825" landmark_id="L826" spatial_indicator_id="S824" general_type="" specific_type="" RCC8_value="" FoR=""/></SENTENCE></SCENE>
    <SCENE>
        <DOCNO>annotations/01/1210.eng</DOCNO>
        <IMAGE>images/01/1210.jpg</IMAGE>
        <SENTENCE id="s816" start="18989" end="19195"><TEXT>a room with white walls and a crate behind the two single beds made of wood with a multicoloured bedcover , white towels and a night table with a lamp and a phone in between them and a painting above it .</TEXT><SPATIALINDICATOR id="S830" start="36" end="42" text="behind"/><TRAJECTOR id="T830" start="28" end="35" text="a crate"/><LANDMARK id="L830" start="43" end="62" text="the two single beds"/><RELATION id="SR787" trajector_id="T830" landmark_id="L830" spatial_indicator_id="S830" general_type="" specific_type="" RCC8_value="" FoR=""/><SPATIALINDICATOR id="S831" start="163" end="173" text="in between"/><TRAJECTOR id="T831" start="155" end="162" text="a phone"/><LANDMARK id="L831" start="174" end="178" text="them"/><RELATION id="SR789" trajector_id="T831" landmark_id="L831" spatial_indicator_id="S831" general_type="" specific_type="" RCC8_value="" FoR=""/><SPATIALINDICATOR id="S832" start="194" end="199" text="above"/><TRAJECTOR id="T832" start="183" end="193" text="a painting"/><LANDMARK id="L832" start="200" end="202" text="it"/><RELATION id="SR791" trajector_id="T832" landmark_id="L832" spatial_indicator_id="S832" general_type="" specific_type="" RCC8_value="" FoR=""/></SENTENCE><SENTENCE id="s817" start="19195" end="19253"><TEXT>there is a white closet in the background on the right .</TEXT><SPATIALINDICATOR id="S834" start="24" end="26" text="in"/><TRAJECTOR id="T834" start="9" end="23" text="a white closet"/><LANDMARK id="L834" start="27" end="41" text="the background"/><RELATION id="SR794" trajector_id="T834" landmark_id="L834" spatial_indicator_id="S834" general_type="" specific_type="" RCC8_value="" FoR=""/><SPATIALINDICATOR id="S835" start="42" end="54" text="on the right"/><TRAJECTOR id="T835" start="27" end="41" text="the background"/><LANDMARK id="L835" start="-1" end="-1"/><RELATION id="SR796" trajector_id="T835" landmark_id="L835" spatial_indicator_id="S835" general_type="" specific_type="" RCC8_value="" FoR=""/></SENTENCE></SCENE>
    <SCENE>
        <DOCNO>annotations/01/1211.eng</DOCNO>
        <IMAGE>images/01/1211.jpg</IMAGE>
        <SENTENCE id="s818" start="19253" end="19358"><TEXT>a ranch with yellow sunshades , red walls , white columns , flags , palm trees , a fountain , a hedge .</TEXT></SENTENCE><SENTENCE id="s819" start="19358" end="19397"><TEXT>there is a forest in the background .</TEXT><SPATIALINDICATOR id="S840" start="18" end="20" text="in"/><TRAJECTOR id="T840" start="9" end="17" text="a forest"/><LANDMARK id="L840" start="21" end="35" text="the background"/><RELATION id="SR800" trajector_id="T840" landmark_id="L840" spatial_indicator_id="S840" general_type="" specific_type="" RCC8_value="" FoR=""/></SENTENCE></SCENE>
    <SCENE>
        <DOCNO>annotations/01/1212.eng</DOCNO>
        <IMAGE>images/01/1212.jpg</IMAGE>
        <SENTENCE id="s820" start="19397" end="19563"><TEXT>a room with light yellow walls , two wooden ornamental strips , a double bed with a blue and brown striped bedcover , a night table with a red lamp and an ashtray .</TEXT></SENTENCE></SCENE>
    <SCENE>
        <DOCNO>annotations/01/1213.eng</DOCNO>
        <IMAGE>images/01/1213.jpg</IMAGE>
        <SENTENCE id="s821" start="19563" end="19692"><TEXT>a courtyard of a white , two-storey building with a lot of brownish red wood ( doors , timber and balcony ) and red rooftiles .</TEXT></SENTENCE><SENTENCE id="s822" start="19692" end="19753"><TEXT>a swimming pool with a blue and white sunshade next to it .</TEXT><SPATIALINDICATOR id="S847" start="47" end="54" text="next to"/><TRAJECTOR id="T847" start="23" end="46" text="blue and white sunshade"/><LANDMARK id="L847" start="55" end="57" text="it"/><RELATION id="SR805" trajector_id="T847" landmark_id="L847" spatial_indicator_id="S847" general_type="" specific_type="" RCC8_value="" FoR=""/></SENTENCE></SCENE>
    <SCENE>
        <DOCNO>annotations/01/1214.eng</DOCNO>
        <IMAGE>images/01/1214.jpg</IMAGE>
        <SENTENCE id="s823" start="19753" end="19873"><TEXT>a gravel road with an reddish-brown house on the left , a pavilion on the right and a wooded slope in the background .</TEXT><SPATIALINDICATOR id="S850" start="99" end="101" text="in"/><TRAJECTOR id="T850" start="84" end="98" text="a wooded slope"/><LANDMARK id="L850" start="102" end="116" text="the background"/><RELATION id="SR808" trajector_id="T850" landmark_id="L850" spatial_indicator_id="S850" general_type="" specific_type="" RCC8_value="" FoR=""/><SPATIALINDICATOR id="S851" start="42" end="53" text="on the left"/><TRAJECTOR id="T851" start="0" end="13" text="a gravel road"/><TRAJECTOR id="T852" start="56" end="66" text="a pavilion"/><TRAJECTOR id="T853" start="84" end="98" text="a wooded slope"/><TRAJECTOR id="T854" start="19" end="41" text="an reddish-brown house"/><LANDMARK id="L855" start="-1" end="-1"/><RELATION id="SR810" trajector_id="T851" landmark_id="L855" spatial_indicator_id="S851" general_type="" specific_type="" RCC8_value="" FoR=""/><RELATION id="SR811" trajector_id="T852" landmark_id="L855" spatial_indicator_id="S851" general_type="" specific_type="" RCC8_value="" FoR=""/><RELATION id="SR812" trajector_id="T853" landmark_id="L855" spatial_indicator_id="S851" general_type="" specific_type="" RCC8_value="" FoR=""/><RELATION id="SR813" trajector_id="T854" landmark_id="L855" spatial_indicator_id="S851" general_type="" specific_type="" RCC8_value="" FoR=""/><SPATIALINDICATOR id="S856" start="67" end="79" text="on the right"/><TRAJECTOR id="T856" start="56" end="66" text="a pavilion"/><LANDMARK id="L856" start="-1" end="-1"/><RELATION id="SR815" trajector_id="T856" landmark_id="L856" spatial_indicator_id="S856" general_type="" specific_type="" RCC8_value="" FoR=""/></SENTENCE></SCENE>
    <SCENE>
        <DOCNO>annotations/01/1215.eng</DOCNO>
        <IMAGE>images/01/1215.jpg</IMAGE>
        <SENTENCE id="s824" start="19873" end="19992"><TEXT>a room with white walls , ( red with blue squares behind the ) two single beds with white and blue striped bedcover .</TEXT><SPATIALINDICATOR id="S859" start="50" end="56" text="behind"/><TRAJECTOR id="T859" start="37" end="49" text="blue squares"/><LANDMARK id="L859" start="63" end="78" text="two single beds"/><RELATION id="SR818" trajector_id="T859" landmark_id="L859" spatial_indicator_id="S859" general_type="" specific_type="" RCC8_value="" FoR=""/></SENTENCE></SCENE>
    <SCENE>
        <DOCNO>annotations/01/1216.eng</DOCNO>
        <IMAGE>images/01/1216.jpg</IMAGE>
        <SENTENCE id="s825" start="19992" end="20074"><TEXT>a bungalow with two hammocks in front of the entrance and two trees next to it .</TEXT><SPATIALINDICATOR id="S863" start="29" end="40" text="in front of"/><TRAJECTOR id="T863" start="16" end="28" text="two hammocks"/><TRAJECTOR id="T864" start="0" end="10" text="a bungalow"/><LANDMARK id="L865" start="58" end="67" text="two trees"/><LANDMARK id="L866" start="41" end="53" text="the entrance"/><RELATION id="SR821" trajector_id="T863" landmark_id="L865" spatial_indicator_id="S863" general_type="" specific_type="" RCC8_value="" FoR=""/><RELATION id="SR822" trajector_id="T863" landmark_id="L866" spatial_indicator_id="S863" general_type="" specific_type="" RCC8_value="" FoR=""/><RELATION id="SR823" trajector_id="T864" landmark_id="L865" spatial_indicator_id="S863" general_type="" specific_type="" RCC8_value="" FoR=""/><RELATION id="SR824" trajector_id="T864" landmark_id="L866" spatial_indicator_id="S863" general_type="" specific_type="" RCC8_value="" FoR=""/><SPATIALINDICATOR id="S868" start="68" end="75" text="next to"/><TRAJECTOR id="T868" start="58" end="67" text="two trees"/><LANDMARK id="L868" start="76" end="78" text="it"/><RELATION id="SR826" trajector_id="T868" landmark_id="L868" spatial_indicator_id="S868" general_type="" specific_type="" RCC8_value="" FoR=""/></SENTENCE><SENTENCE id="s826" start="20074" end="20156"><TEXT>there are people at the entrance , and a meadow and a forest in the background .</TEXT><SPATIALINDICATOR id="S870" start="61" end="63" text="in"/><TRAJECTOR id="T870" start="52" end="60" text="a forest"/><TRAJECTOR id="T871" start="39" end="47" text="a meadow"/><LANDMARK id="L872" start="64" end="78" text="the background"/><RELATION id="SR829" trajector_id="T870" landmark_id="L872" spatial_indicator_id="S870" general_type="" specific_type="" RCC8_value="" FoR=""/><RELATION id="SR830" trajector_id="T871" landmark_id="L872" spatial_indicator_id="S870" general_type="" specific_type="" RCC8_value="" FoR=""/><SPATIALINDICATOR id="S873" start="17" end="19" text="at"/><TRAJECTOR id="T873" start="10" end="16" text="people"/><LANDMARK id="L873" start="20" end="32" text="the entrance"/><RELATION id="SR832" trajector_id="T873" landmark_id="L873" spatial_indicator_id="S873" general_type="" specific_type="" RCC8_value="" FoR=""/></SENTENCE></SCENE>
    <SCENE>
        <DOCNO>annotations/01/1217.eng</DOCNO>
        <IMAGE>images/01/1217.jpg</IMAGE>
        <SENTENCE id="s827" start="20156" end="20390"><TEXT>a room with light blue walls , two single beds ( one of it is fully visible ) made of wood and a night table with a lamp , a phone and a phone book in between , above it a painting , and a curtain in front of a window on the right .</TEXT><SPATIALINDICATOR id="S876" start="197" end="208" text="in front of"/><TRAJECTOR id="T876" start="187" end="196" text="a curtain"/><LANDMARK id="L876" start="209" end="217" text="a window"/><RELATION id="SR835" trajector_id="T876" landmark_id="L876" spatial_indicator_id="S876" general_type="" specific_type="" RCC8_value="" FoR=""/><SPATIALINDICATOR id="S877" start="218" end="230" text="on the right"/><TRAJECTOR id="T877" start="209" end="217" text="a window"/><LANDMARK id="L877" start="-1" end="-1"/><RELATION id="SR837" trajector_id="T877" landmark_id="L877" spatial_indicator_id="S877" general_type="" specific_type="" RCC8_value="" FoR=""/></SENTENCE></SCENE>
    <SCENE>
        <DOCNO>annotations/01/1220.eng</DOCNO>
        <IMAGE>images/01/1220.jpg</IMAGE>
        <SENTENCE id="s828" start="20390" end="20506"><TEXT>a white , brown and green four-storey building with a Peruvian flag and the writing Hotel San Miguel on the roof .</TEXT><SPATIALINDICATOR id="S881" start="101" end="103" text="on"/><TRAJECTOR id="T881" start="76" end="100" text="writing Hotel San Miguel"/><LANDMARK id="L881" start="104" end="112" text="the roof"/><RELATION id="SR840" trajector_id="T881" landmark_id="L881" spatial_indicator_id="S881" general_type="" specific_type="" RCC8_value="" FoR=""/></SENTENCE><SENTENCE id="s829" start="20506" end="20581"><TEXT>there are two street lamps and three small palm trees in the foreground .</TEXT><SPATIALINDICATOR id="S883" start="54" end="56" text="in"/><TRAJECTOR id="T883" start="10" end="26" text="two street lamps"/><TRAJECTOR id="T884" start="31" end="53" text="three small palm trees"/><LANDMARK id="L885" start="57" end="71" text="the foreground"/><RELATION id="SR843" trajector_id="T883" landmark_id="L885" spatial_indicator_id="S883" general_type="" specific_type="" RCC8_value="" FoR=""/><RELATION id="SR844" trajector_id="T884" landmark_id="L885" spatial_indicator_id="S883" general_type="" specific_type="" RCC8_value="" FoR=""/></SENTENCE></SCENE>
    <SCENE>
        <DOCNO>annotations/01/1221.eng</DOCNO>
        <IMAGE>images/01/1221.jpg</IMAGE>
        <SENTENCE id="s830" start="20581" end="20769"><TEXT>a room with walls that are wallpapered in grey and brown and a double bed with a multicoloured bedcover , night tables on both sides , an iron ornament behind it and two lamps above it .</TEXT><SPATIALINDICATOR id="S889" start="152" end="158" text="behind"/><TRAJECTOR id="T889" start="135" end="151" text="an iron ornament"/><LANDMARK id="L889" start="159" end="161" text="it"/><LANDMARK id="L890" start="166" end="175" text="two lamps"/><RELATION id="SR847" trajector_id="T889" landmark_id="L889" spatial_indicator_id="S889" general_type="" specific_type="" RCC8_value="" FoR=""/><RELATION id="SR848" trajector_id="T889" landmark_id="L890" spatial_indicator_id="S889" general_type="" specific_type="" RCC8_value="" FoR=""/><SPATIALINDICATOR id="S892" start="119" end="121" text="on"/><TRAJECTOR id="T892" start="106" end="118" text="night tables"/><LANDMARK id="L892" start="122" end="132" text="both sides"/><RELATION id="SR850" trajector_id="T892" landmark_id="L892" spatial_indicator_id="S892" general_type="" specific_type="" RCC8_value="" FoR=""/><SPATIALINDICATOR id="S893" start="176" end="181" text="above"/><TRAJECTOR id="T893" start="166" end="175" text="two lamps"/><LANDMARK id="L893" start="182" end="184" text="it"/><RELATION id="SR852" trajector_id="T893" landmark_id="L893" spatial_indicator_id="S893" general_type="" specific_type="" RCC8_value="" FoR=""/></SENTENCE><SENTENCE id="s831" start="20769" end="20826"><TEXT>there is also a window with curtains on the very left .</TEXT></SENTENCE></SCENE>
    <SCENE>
        <DOCNO>annotations/01/1222.eng</DOCNO>
        <IMAGE>images/01/1222.jpg</IMAGE>
        <SENTENCE id="s832" start="20826" end="21008"><TEXT>two dark yellow car in front of a light yellow , two-storey house with white columns , window frames and ornaments , and the Peruvian flag with two other flags above the entrance .</TEXT><SPATIALINDICATOR id="S897" start="20" end="31" text="in front of"/><TRAJECTOR id="T897" start="121" end="138" text="the Peruvian flag"/><TRAJECTOR id="T898" start="0" end="19" text="two dark yellow car"/><LANDMARK id="L899" start="40" end="65" text="yellow , two-storey house"/><RELATION id="SR856" trajector_id="T897" landmark_id="L899" spatial_indicator_id="S897" general_type="" specific_type="" RCC8_value="" FoR=""/><RELATION id="SR857" trajector_id="T898" landmark_id="L899" spatial_indicator_id="S897" general_type="" specific_type="" RCC8_value="" FoR=""/><SPATIALINDICATOR id="S900" start="160" end="165" text="above"/><TRAJECTOR id="T900" start="144" end="159" text="two other flags"/><TRAJECTOR id="T901" start="121" end="138" text="the Peruvian flag"/><LANDMARK id="L902" start="166" end="178" text="the entrance"/><RELATION id="SR859" trajector_id="T900" landmark_id="L902" spatial_indicator_id="S900" general_type="" specific_type="" RCC8_value="" FoR=""/><RELATION id="SR860" trajector_id="T901" landmark_id="L902" spatial_indicator_id="S900" general_type="" specific_type="" RCC8_value="" FoR=""/></SENTENCE></SCENE>
    <SCENE>
        <DOCNO>annotations/01/1223.eng</DOCNO>
        <IMAGE>images/01/1223.jpg</IMAGE>
        <SENTENCE id="s833" start="21008" end="21140"><TEXT>the view into a the courtyard of a dark yellow building with white doors and grey gates , and a trunk of a palm tree on the left .</TEXT><SPATIALINDICATOR id="S905" start="117" end="128" text="on the left"/><TRAJECTOR id="T905" start="94" end="116" text="a trunk of a palm tree"/><LANDMARK id="L905" start="-1" end="-1"/><RELATION id="SR863" trajector_id="T905" landmark_id="L905" spatial_indicator_id="S905" general_type="" specific_type="" RCC8_value="" FoR=""/></SENTENCE></SCENE>
    <SCENE>
        <DOCNO>annotations/01/1224.eng</DOCNO>
        <IMAGE>images/01/1224.jpg</IMAGE>
        <SENTENCE id="s834" start="21140" end="21279"><TEXT>a room with a grey wall and two single beds with multicoloured bedcovers , a night table with a phone in between and two lamps above it .</TEXT><SPATIALINDICATOR id="S909" start="102" end="112" text="in between"/><TRAJECTOR id="T909" start="75" end="88" text="a night table"/><TRAJECTOR id="T910" start="94" end="101" text="a phone"/><LANDMARK id="L911" start="117" end="126" text="two lamps"/><RELATION id="SR866" trajector_id="T909" landmark_id="L911" spatial_indicator_id="S909" general_type="" specific_type="" RCC8_value="" FoR=""/><RELATION id="SR867" trajector_id="T910" landmark_id="L911" spatial_indicator_id="S909" general_type="" specific_type="" RCC8_value="" FoR=""/><SPATIALINDICATOR id="S912" start="127" end="132" text="above"/><TRAJECTOR id="T912" start="117" end="126" text="two lamps"/><LANDMARK id="L912" start="133" end="135" text="it"/><RELATION id="SR869" trajector_id="T912" landmark_id="L912" spatial_indicator_id="S912" general_type="" specific_type="" RCC8_value="" FoR=""/></SENTENCE><SENTENCE id="s835" start="21279" end="21359"><TEXT>there are white curtains in front of a window in the background on the right .</TEXT><SPATIALINDICATOR id="S914" start="46" end="48" text="in"/><TRAJECTOR id="T914" start="37" end="45" text="a window"/><LANDMARK id="L914" start="49" end="63" text="the background"/><RELATION id="SR872" trajector_id="T914" landmark_id="L914" spatial_indicator_id="S914" general_type="" specific_type="" RCC8_value="" FoR=""/><SPATIALINDICATOR id="S915" start="25" end="36" text="in front of"/><TRAJECTOR id="T915" start="10" end="24" text="white curtains"/><LANDMARK id="L915" start="37" end="45" text="a window"/><RELATION id="SR874" trajector_id="T915" landmark_id="L915" spatial_indicator_id="S915" general_type="" specific_type="" RCC8_value="" FoR=""/><SPATIALINDICATOR id="S916" start="64" end="76" text="on the right"/><TRAJECTOR id="T916" start="49" end="63" text="the background"/><LANDMARK id="L916" start="-1" end="-1"/><RELATION id="SR876" trajector_id="T916" landmark_id="L916" spatial_indicator_id="S916" general_type="" specific_type="" RCC8_value="" FoR=""/></SENTENCE></SCENE>
    <SCENE>
        <DOCNO>annotations/01/1225.eng</DOCNO>
        <IMAGE>images/01/1225.jpg</IMAGE>
        <SENTENCE id="s836" start="21359" end="21444"><TEXT>front view of a grey and white building , with a few men in front of the entrance .</TEXT><SPATIALINDICATOR id="S919" start="57" end="68" text="in front of"/><TRAJECTOR id="T919" start="47" end="56" text="a few men"/><LANDMARK id="L919" start="69" end="81" text="the entrance"/><RELATION id="SR879" trajector_id="T919" landmark_id="L919" spatial_indicator_id="S919" general_type="" specific_type="" RCC8_value="" FoR=""/></SENTENCE></SCENE>
    <SCENE>
        <DOCNO>annotations/01/1226.eng</DOCNO>
        <IMAGE>images/01/1226.jpg</IMAGE>
        <SENTENCE id="s837" start="21444" end="21530"><TEXT>a room with grey walls , two single beds made of wood and yellow and blue bedcover .</TEXT></SENTENCE><SENTENCE id="s838" start="21530" end="21604"><TEXT>there are night tables with burning bedside lamps on each of the sides .</TEXT><SPATIALINDICATOR id="S925" start="50" end="52" text="on"/><TRAJECTOR id="T925" start="36" end="49" text="bedside lamps"/><LANDMARK id="L925" start="61" end="70" text="the sides"/><RELATION id="SR883" trajector_id="T925" landmark_id="L925" spatial_indicator_id="S925" general_type="" specific_type="" RCC8_value="" FoR=""/></SENTENCE><SENTENCE id="s839" start="21604" end="21712"><TEXT>there is a white , wooden door in the background on the right , and a painting on the wall above the bed .</TEXT><SPATIALINDICATOR id="S927" start="79" end="81" text="on"/><TRAJECTOR id="T927" start="68" end="78" text="a painting"/><LANDMARK id="L927" start="82" end="90" text="the wall"/><RELATION id="SR886" trajector_id="T927" landmark_id="L927" spatial_indicator_id="S927" general_type="" specific_type="" RCC8_value="" FoR=""/><SPATIALINDICATOR id="S928" start="91" end="96" text="above"/><TRAJECTOR id="T928" start="82" end="90" text="the wall"/><LANDMARK id="L928" start="97" end="104" text="the bed"/><RELATION id="SR888" trajector_id="T928" landmark_id="L928" spatial_indicator_id="S928" general_type="" specific_type="" RCC8_value="" FoR=""/><SPATIALINDICATOR id="S929" start="31" end="33" text="in"/><TRAJECTOR id="T929" start="11" end="30" text="white , wooden door"/><LANDMARK id="L929" start="34" end="48" text="the background"/><RELATION id="SR890" trajector_id="T929" landmark_id="L929" spatial_indicator_id="S929" general_type="" specific_type="" RCC8_value="" FoR=""/><SPATIALINDICATOR id="S930" start="49" end="61" text="on the right"/><TRAJECTOR id="T930" start="34" end="48" text="the background"/><LANDMARK id="L930" start="-1" end="-1"/><RELATION id="SR892" trajector_id="T930" landmark_id="L930" spatial_indicator_id="S930" general_type="" specific_type="" RCC8_value="" FoR=""/></SENTENCE></SCENE>
    <SCENE>
        <DOCNO>annotations/01/1227.eng</DOCNO>
        <IMAGE>images/01/1227.jpg</IMAGE>
        <SENTENCE id="s840" start="21712" end="21811"><TEXT>a room with brown-greyish walls , two single beds made of wood with bluish bedcover and pillows .</TEXT></SENTENCE><SENTENCE id="s841" start="21811" end="21955"><TEXT>there is a night table between the beds , a lamp above each of the beds and a window with light green curtains in the background on the left .</TEXT><SPATIALINDICATOR id="S935" start="111" end="113" text="in"/><TRAJECTOR id="T935" start="76" end="84" text="a window"/><TRAJECTOR id="T936" start="90" end="110" text="light green curtains"/><LANDMARK id="L937" start="114" end="128" text="the background"/><RELATION id="SR896" trajector_id="T935" landmark_id="L937" spatial_indicator_id="S935" general_type="" specific_type="" RCC8_value="" FoR=""/><RELATION id="SR897" trajector_id="T936" landmark_id="L937" spatial_indicator_id="S935" general_type="" specific_type="" RCC8_value="" FoR=""/><SPATIALINDICATOR id="S938" start="49" end="54" text="above"/><TRAJECTOR id="T938" start="76" end="84" text="a window"/><TRAJECTOR id="T939" start="42" end="48" text="a lamp"/><LANDMARK id="L940" start="63" end="71" text="the beds"/><RELATION id="SR899" trajector_id="T938" landmark_id="L940" spatial_indicator_id="S938" general_type="" specific_type="" RCC8_value="" FoR=""/><RELATION id="SR900" trajector_id="T939" landmark_id="L940" spatial_indicator_id="S938" general_type="" specific_type="" RCC8_value="" FoR=""/><SPATIALINDICATOR id="S941" start="23" end="30" text="between"/><TRAJECTOR id="T941" start="9" end="22" text="a night table"/><LANDMARK id="L941" start="31" end="39" text="the beds"/><RELATION id="SR902" trajector_id="T941" landmark_id="L941" spatial_indicator_id="S941" general_type="" specific_type="" RCC8_value="" FoR=""/><SPATIALINDICATOR id="S942" start="129" end="140" text="on the left"/><TRAJECTOR id="T942" start="114" end="128" text="the background"/><LANDMARK id="L942" start="-1" end="-1"/><RELATION id="SR904" trajector_id="T942" landmark_id="L942" spatial_indicator_id="S942" general_type="" specific_type="" RCC8_value="" FoR=""/></SENTENCE></SCENE>
    <SCENE>
        <DOCNO>annotations/01/1228.eng</DOCNO>
        <IMAGE>images/01/1228.jpg</IMAGE>
        <SENTENCE id="s842" start="21955" end="22035"><TEXT>a swimming pool with canvas chairs , chairs , tables and sunshades behind it .</TEXT><SPATIALINDICATOR id="S946" start="67" end="73" text="behind"/><TRAJECTOR id="T946" start="46" end="52" text="tables"/><TRAJECTOR id="T947" start="57" end="66" text="sunshades"/><TRAJECTOR id="T948" start="37" end="43" text="chairs"/><LANDMARK id="L949" start="74" end="76" text="it"/><RELATION id="SR907" trajector_id="T946" landmark_id="L949" spatial_indicator_id="S946" general_type="" specific_type="" RCC8_value="" FoR=""/><RELATION id="SR908" trajector_id="T947" landmark_id="L949" spatial_indicator_id="S946" general_type="" specific_type="" RCC8_value="" FoR=""/><RELATION id="SR909" trajector_id="T948" landmark_id="L949" spatial_indicator_id="S946" general_type="" specific_type="" RCC8_value="" FoR=""/></SENTENCE><SENTENCE id="s843" start="22035" end="22078"><TEXT>palm trees and bushed in the background .</TEXT></SENTENCE></SCENE>
    <SCENE>
        <DOCNO>annotations/01/1229.eng</DOCNO>
        <IMAGE>images/01/1229.jpg</IMAGE>
        <SENTENCE id="s844" start="22078" end="22157"><TEXT>a room with yellow walls with a painting and some parts with natural stones .</TEXT></SENTENCE><SENTENCE id="s845" start="22157" end="22284"><TEXT>there is a king-sized bed made of wood with light-pinkish bedcover and two white towels , a bedside lamp and a wooden chair .</TEXT></SENTENCE></SCENE>
    <SCENE>
        <DOCNO>annotations/01/1230.eng</DOCNO>
        <IMAGE>images/01/1230.jpg</IMAGE>
        <SENTENCE id="s846" start="22284" end="22392"><TEXT>a courtyard with tables , wooden chairs , a fountain on the right , several arches and columns and a bar .</TEXT><SPATIALINDICATOR id="S958" start="53" end="65" text="on the right"/><TRAJECTOR id="T958" start="26" end="39" text="wooden chairs"/><TRAJECTOR id="T959" start="42" end="52" text="a fountain"/><LANDMARK id="L960" start="-1" end="-1"/><RELATION id="SR915" trajector_id="T958" landmark_id="L960" spatial_indicator_id="S958" general_type="" specific_type="" RCC8_value="" FoR=""/><RELATION id="SR916" trajector_id="T959" landmark_id="L960" spatial_indicator_id="S958" general_type="" specific_type="" RCC8_value="" FoR=""/></SENTENCE><SENTENCE id="s847" start="22392" end="22470"><TEXT>there are potted plants and green rails on the balcony of the second floor .</TEXT><SPATIALINDICATOR id="S962" start="40" end="42" text="on"/><TRAJECTOR id="T962" start="10" end="23" text="potted plants"/><TRAJECTOR id="T963" start="28" end="39" text="green rails"/><LANDMARK id="L964" start="43" end="74" text="the balcony of the second floor"/><RELATION id="SR919" trajector_id="T962" landmark_id="L964" spatial_indicator_id="S962" general_type="" specific_type="" RCC8_value="" FoR=""/><RELATION id="SR920" trajector_id="T963" landmark_id="L964" spatial_indicator_id="S962" general_type="" specific_type="" RCC8_value="" FoR=""/></SENTENCE></SCENE>
    <SCENE>
        <DOCNO>annotations/01/1231.eng</DOCNO>
        <IMAGE>images/01/1231.jpg</IMAGE>
        <SENTENCE id="s848" start="22470" end="22592"><TEXT>room with light blue walls and two single bed made of wood right next to each other with light and dark blue bedcovers .</TEXT><SPATIALINDICATOR id="S968" start="65" end="72" text="next to"/><TRAJECTOR id="T968" start="54" end="58" text="wood"/><TRAJECTOR id="T969" start="59" end="64" text="right"/></SENTENCE><SENTENCE id="s849" start="22592" end="22706"><TEXT>there is a night table with bedside lamp on the right , and a window with curtains behind the beds on the left .</TEXT><SPATIALINDICATOR id="S972" start="83" end="89" text="behind"/><TRAJECTOR id="T972" start="60" end="68" text="a window"/><TRAJECTOR id="T973" start="74" end="82" text="curtains"/><LANDMARK id="L974" start="90" end="98" text="the beds"/><RELATION id="SR926" trajector_id="T972" landmark_id="L974" spatial_indicator_id="S972" general_type="" specific_type="" RCC8_value="" FoR=""/><RELATION id="SR927" trajector_id="T973" landmark_id="L974" spatial_indicator_id="S972" general_type="" specific_type="" RCC8_value="" FoR=""/><SPATIALINDICATOR id="S975" start="41" end="53" text="on the right"/><TRAJECTOR id="T975" start="9" end="22" text="a night table"/><TRAJECTOR id="T976" start="28" end="40" text="bedside lamp"/><LANDMARK id="L977" start="-1" end="-1"/><RELATION id="SR929" trajector_id="T975" landmark_id="L977" spatial_indicator_id="S975" general_type="" specific_type="" RCC8_value="" FoR=""/><RELATION id="SR930" trajector_id="T976" landmark_id="L977" spatial_indicator_id="S975" general_type="" specific_type="" RCC8_value="" FoR=""/><SPATIALINDICATOR id="S978" start="99" end="110" text="on the left"/><TRAJECTOR id="T978" start="90" end="98" text="the beds"/><LANDMARK id="L978" start="-1" end="-1"/><RELATION id="SR932" trajector_id="T978" landmark_id="L978" spatial_indicator_id="S978" general_type="" specific_type="" RCC8_value="" FoR=""/></SENTENCE></SCENE>
    <SCENE>
        <DOCNO>annotations/01/1232.eng</DOCNO>
        <IMAGE>images/01/1232.jpg</IMAGE>
        <SENTENCE id="s850" start="22706" end="22792"><TEXT>a light brown house with a garden with a thatched roof and white chairs and tables .</TEXT></SENTENCE></SCENE>
    <SCENE>
        <DOCNO>annotations/01/1233.eng</DOCNO>
        <IMAGE>images/01/1233.jpg</IMAGE>
        <SENTENCE id="s851" start="22792" end="22924"><TEXT>room with grey walls , two single beds with yellow and blue chequered bedcovers and a night table with a bedside lamp in between .</TEXT></SENTENCE><SENTENCE id="s852" start="22924" end="22986"><TEXT>there is also a wooden door in the background on the right .</TEXT><SPATIALINDICATOR id="S985" start="28" end="30" text="in"/><TRAJECTOR id="T985" start="14" end="27" text="a wooden door"/><LANDMARK id="L985" start="31" end="45" text="the background"/><RELATION id="SR937" trajector_id="T985" landmark_id="L985" spatial_indicator_id="S985" general_type="" specific_type="" RCC8_value="" FoR=""/><SPATIALINDICATOR id="S986" start="46" end="58" text="on the right"/><TRAJECTOR id="T986" start="31" end="45" text="the background"/><LANDMARK id="L986" start="-1" end="-1"/><RELATION id="SR939" trajector_id="T986" landmark_id="L986" spatial_indicator_id="S986" general_type="" specific_type="" RCC8_value="" FoR=""/></SENTENCE></SCENE>
    <SCENE>
        <DOCNO>annotations/01/1234.eng</DOCNO>
        <IMAGE>images/01/1234.jpg</IMAGE>
        <SENTENCE id="s853" start="22986" end="23052"><TEXT>a swimming pool with an artificial peninsula and a plant on it .</TEXT><SPATIALINDICATOR id="S991" start="57" end="59" text="on"/><TRAJECTOR id="T991" start="49" end="56" text="a plant"/><LANDMARK id="L991" start="60" end="62" text="it"/><RELATION id="SR942" trajector_id="T991" landmark_id="L991" spatial_indicator_id="S991" general_type="" specific_type="" RCC8_value="" FoR=""/></SENTENCE><SENTENCE id="s854" start="23052" end="23200"><TEXT>there are white canvas chairs , a table with four normal chairs , a thatched roof over a walk and a white house with a lot of timber on the left .</TEXT><SPATIALINDICATOR id="S993" start="82" end="86" text="over"/><TRAJECTOR id="T993" start="66" end="81" text="a thatched roof"/><TRAJECTOR id="T994" start="98" end="111" text="a white house"/><LANDMARK id="L995" start="87" end="93" text="a walk"/><RELATION id="SR945" trajector_id="T993" landmark_id="L995" spatial_indicator_id="S993" general_type="" specific_type="" RCC8_value="" FoR=""/><RELATION id="SR946" trajector_id="T994" landmark_id="L995" spatial_indicator_id="S993" general_type="" specific_type="" RCC8_value="" FoR=""/><SPATIALINDICATOR id="S996" start="133" end="144" text="on the left"/><TRAJECTOR id="T996" start="117" end="132" text="a lot of timber"/><TRAJECTOR id="T997" start="98" end="111" text="a white house"/><LANDMARK id="L998" start="-1" end="-1"/><RELATION id="SR948" trajector_id="T996" landmark_id="L998" spatial_indicator_id="S996" general_type="" specific_type="" RCC8_value="" FoR=""/><RELATION id="SR949" trajector_id="T997" landmark_id="L998" spatial_indicator_id="S996" general_type="" specific_type="" RCC8_value="" FoR=""/></SENTENCE><SENTENCE id="s855" start="23200" end="23263"><TEXT>there are also palm leafs and other trees in the background .</TEXT><SPATIALINDICATOR id="S1000" start="42" end="44" text="in"/><TRAJECTOR id="T1000" start="30" end="41" text="other trees"/><TRAJECTOR id="T1001" start="15" end="25" text="palm leafs"/><LANDMARK id="L1002" start="45" end="59" text="the background"/><RELATION id="SR952" trajector_id="T1000" landmark_id="L1002" spatial_indicator_id="S1000" general_type="" specific_type="" RCC8_value="" FoR=""/><RELATION id="SR953" trajector_id="T1001" landmark_id="L1002" spatial_indicator_id="S1000" general_type="" specific_type="" RCC8_value="" FoR=""/></SENTENCE></SCENE>
    <SCENE>
        <DOCNO>annotations/01/1235.eng</DOCNO>
        <IMAGE>images/01/1235.jpg</IMAGE>
        <SENTENCE id="s856" start="23263" end="23373"><TEXT>a room with grey walls , a single bed with green , yellow and purple stripes and a bed table on both sides .</TEXT><SPATIALINDICATOR id="S1005" start="93" end="95" text="on"/><TRAJECTOR id="T1005" start="81" end="92" text="a bed table"/><LANDMARK id="L1005" start="96" end="106" text="both sides"/><RELATION id="SR956" trajector_id="T1005" landmark_id="L1005" spatial_indicator_id="S1005" general_type="" specific_type="" RCC8_value="" FoR=""/></SENTENCE></SCENE>
    <SCENE>
        <DOCNO>annotations/01/1236.eng</DOCNO>
        <IMAGE>images/01/1236.jpg</IMAGE>
        <SENTENCE id="s857" start="23373" end="23476"><TEXT>a sandy beach with a palm tree and a roofed picnic area made of wood with benches in the foreground .</TEXT><LANDMARK id="L1009" start="85" end="99" text="the foreground"/><SPATIALINDICATOR id="S1009" start="82" end="84" text="in"/><TRAJECTOR id="T1009" start="74" end="81" text="benches"/><TRAJECTOR id="T1010" start="64" end="68" text="wood"/><RELATION id="SR959" trajector_id="T1009" landmark_id="L1009" spatial_indicator_id="S1009" general_type="" specific_type="" RCC8_value="" FoR=""/><RELATION id="SR960" trajector_id="T1010" landmark_id="L1009" spatial_indicator_id="S1009" general_type="" specific_type="" RCC8_value="" FoR=""/></SENTENCE><SENTENCE id="s858" start="23476" end="23549"><TEXT>there are more palm trees and houses behind a hedge in the background .</TEXT><SPATIALINDICATOR id="S1013" start="52" end="54" text="in"/><TRAJECTOR id="T1013" start="44" end="51" text="a hedge"/><LANDMARK id="L1013" start="55" end="69" text="the background"/><RELATION id="SR964" trajector_id="T1013" landmark_id="L1013" spatial_indicator_id="S1013" general_type="" specific_type="" RCC8_value="" FoR=""/><SPATIALINDICATOR id="S1014" start="37" end="43" text="behind"/><TRAJECTOR id="T1014" start="10" end="25" text="more palm trees"/><TRAJECTOR id="T1015" start="30" end="36" text="houses"/><LANDMARK id="L1016" start="44" end="51" text="a hedge"/><RELATION id="SR966" trajector_id="T1014" landmark_id="L1016" spatial_indicator_id="S1014" general_type="" specific_type="" RCC8_value="" FoR=""/><RELATION id="SR967" trajector_id="T1015" landmark_id="L1016" spatial_indicator_id="S1014" general_type="" specific_type="" RCC8_value="" FoR=""/></SENTENCE></SCENE>
    <SCENE>
        <DOCNO>annotations/01/1237.eng</DOCNO>
        <IMAGE>images/01/1237.jpg</IMAGE>
        <SENTENCE id="s859" start="23549" end="23657"><TEXT>a room with a wooden king-sized bed , somewhat pale bedcovers and a large door with curtains on the left .</TEXT></SENTENCE><SENTENCE id="s860" start="23657" end="23698"><TEXT>palms and the sea are visible outside .</TEXT></SENTENCE></SCENE>
    <SCENE>
        <DOCNO>annotations/01/1238.eng</DOCNO>
        <IMAGE>images/01/1238.jpg</IMAGE>
        <SENTENCE id="s861" start="23698" end="23868"><TEXT>a palm tree in the foreground on the right , behind it a grey wall with a hedge and an entrance gate made of pillars to a garden with more palm trees and a pink house .</TEXT><SPATIALINDICATOR id="S1023" start="12" end="14" text="in"/><TRAJECTOR id="T1023" start="0" end="11" text="a palm tree"/><LANDMARK id="L1023" start="15" end="29" text="the foreground"/><RELATION id="SR972" trajector_id="T1023" landmark_id="L1023" spatial_indicator_id="S1023" general_type="" specific_type="" RCC8_value="" FoR=""/><SPATIALINDICATOR id="S1024" start="30" end="42" text="on the right"/><TRAJECTOR id="T1024" start="15" end="29" text="the foreground"/><LANDMARK id="L1024" start="-1" end="-1"/><RELATION id="SR974" trajector_id="T1024" landmark_id="L1024" spatial_indicator_id="S1024" general_type="" specific_type="" RCC8_value="" FoR=""/><LANDMARK id="L1025" start="120" end="128" text="a garden"/><SPATIALINDICATOR id="S1025" start="117" end="119" text="to"/><TRAJECTOR id="T1025" start="109" end="116" text="pillars"/><RELATION id="SR976" trajector_id="T1025" landmark_id="L1025" spatial_indicator_id="S1025" general_type="" specific_type="" RCC8_value="" FoR=""/></SENTENCE></SCENE>
    <SCENE>
        <DOCNO>annotations/01/1239.eng</DOCNO>
        <IMAGE>images/01/1239.jpg</IMAGE>
        <SENTENCE id="s862" start="23868" end="24006"><TEXT>a room with grey walls and a single bed made of wood , a night table with a bedside lamp and a window with closed curtains on the left .</TEXT><SPATIALINDICATOR id="S1028" start="123" end="134" text="on the left"/><TRAJECTOR id="T1028" start="107" end="122" text="closed curtains"/><TRAJECTOR id="T1029" start="93" end="101" text="a window"/><LANDMARK id="L1030" start="-1" end="-1"/><RELATION id="SR980" trajector_id="T1028" landmark_id="L1030" spatial_indicator_id="S1028" general_type="" specific_type="" RCC8_value="" FoR=""/><RELATION id="SR981" trajector_id="T1029" landmark_id="L1030" spatial_indicator_id="S1028" general_type="" specific_type="" RCC8_value="" FoR=""/></SENTENCE></SCENE>
    <SCENE>
        <DOCNO>annotations/01/1241.eng</DOCNO>
        <IMAGE>images/01/1241.jpg</IMAGE>
        <SENTENCE id="s863" start="24006" end="24136"><TEXT>a room with white walls , a king-sized bed with red bedcover and pillows and a large window with open blinds in the background .</TEXT><SPATIALINDICATOR id="S1033" start="109" end="111" text="in"/><TRAJECTOR id="T1033" start="97" end="108" text="open blinds"/><TRAJECTOR id="T1034" start="65" end="72" text="pillows"/><TRAJECTOR id="T1035" start="77" end="91" text="a large window"/><LANDMARK id="L1036" start="112" end="126" text="the background"/><RELATION id="SR984" trajector_id="T1033" landmark_id="L1036" spatial_indicator_id="S1033" general_type="" specific_type="" RCC8_value="" FoR=""/><RELATION id="SR985" trajector_id="T1034" landmark_id="L1036" spatial_indicator_id="S1033" general_type="" specific_type="" RCC8_value="" FoR=""/><RELATION id="SR986" trajector_id="T1035" landmark_id="L1036" spatial_indicator_id="S1033" general_type="" specific_type="" RCC8_value="" FoR=""/></SENTENCE></SCENE>
    <SCENE>
        <DOCNO>annotations/01/1242.eng</DOCNO>
        <IMAGE>images/01/1242.jpg</IMAGE>
        <SENTENCE id="s864" start="24136" end="24195"><TEXT>small palm trees along a footpath next to a gravel area .</TEXT><SPATIALINDICATOR id="S1040" start="34" end="41" text="next to"/><TRAJECTOR id="T1040" start="23" end="33" text="a footpath"/><LANDMARK id="L1040" start="42" end="55" text="a gravel area"/><RELATION id="SR989" trajector_id="T1040" landmark_id="L1040" spatial_indicator_id="S1040" general_type="" specific_type="" RCC8_value="" FoR=""/><SPATIALINDICATOR id="S1041" start="17" end="22" text="along"/><TRAJECTOR id="T1041" start="0" end="16" text="small palm trees"/><LANDMARK id="L1041" start="23" end="33" text="a footpath"/><RELATION id="SR991" trajector_id="T1041" landmark_id="L1041" spatial_indicator_id="S1041" general_type="" specific_type="" RCC8_value="" FoR=""/></SENTENCE><SENTENCE id="s865" start="24195" end="24275"><TEXT>there is a dark brown house , a swimming pool and a forest in the background .</TEXT><SPATIALINDICATOR id="S1043" start="59" end="61" text="in"/><TRAJECTOR id="T1043" start="30" end="45" text="a swimming pool"/><TRAJECTOR id="T1044" start="50" end="58" text="a forest"/><TRAJECTOR id="T1045" start="9" end="27" text="a dark brown house"/><LANDMARK id="L1046" start="62" end="76" text="the background"/><RELATION id="SR994" trajector_id="T1043" landmark_id="L1046" spatial_indicator_id="S1043" general_type="" specific_type="" RCC8_value="" FoR=""/><RELATION id="SR995" trajector_id="T1044" landmark_id="L1046" spatial_indicator_id="S1043" general_type="" specific_type="" RCC8_value="" FoR=""/><RELATION id="SR996" trajector_id="T1045" landmark_id="L1046" spatial_indicator_id="S1043" general_type="" specific_type="" RCC8_value="" FoR=""/></SENTENCE></SCENE>
    <SCENE>
        <DOCNO>annotations/01/1243.eng</DOCNO>
        <IMAGE>images/01/1243.jpg</IMAGE>
        <SENTENCE id="s866" start="24275" end="24423"><TEXT>a room with beige walls , two single beds made of wood with orange-brownish bedcovers and in between a night table with a lamp and a phone on it .</TEXT><SPATIALINDICATOR id="S1050" start="139" end="141" text="on"/><TRAJECTOR id="T1050" start="131" end="138" text="a phone"/><LANDMARK id="L1050" start="142" end="144" text="it"/><RELATION id="SR999" trajector_id="T1050" landmark_id="L1050" spatial_indicator_id="S1050" general_type="" specific_type="" RCC8_value="" FoR=""/><LANDMARK id="L1051" start="101" end="114" text="a night table"/><SPATIALINDICATOR id="S1051" start="90" end="100" text="in between"/><TRAJECTOR id="T1051" start="60" end="85" text="orange-brownish bedcovers"/><TRAJECTOR id="T1052" start="50" end="54" text="wood"/><RELATION id="SR1001" trajector_id="T1051" landmark_id="L1051" spatial_indicator_id="S1051" general_type="" specific_type="" RCC8_value="" FoR=""/><RELATION id="SR1002" trajector_id="T1052" landmark_id="L1051" spatial_indicator_id="S1051" general_type="" specific_type="" RCC8_value="" FoR=""/></SENTENCE><SENTENCE id="s867" start="24423" end="24469"><TEXT>there is also a large painting on the wall .</TEXT><SPATIALINDICATOR id="S1055" start="31" end="33" text="on"/><TRAJECTOR id="T1055" start="14" end="30" text="a large painting"/><LANDMARK id="L1055" start="34" end="42" text="the wall"/><RELATION id="SR1006" trajector_id="T1055" landmark_id="L1055" spatial_indicator_id="S1055" general_type="" specific_type="" RCC8_value="" FoR=""/></SENTENCE></SCENE>
    <SCENE>
        <DOCNO>annotations/01/1244.eng</DOCNO>
        <IMAGE>images/01/1244.jpg</IMAGE>
        <SENTENCE id="s868" start="24469" end="24624"><TEXT>the courtyard of an orange , two-storey building with a footpath to a swimming pool in the shape of an eight and small palm trees to the left and right .</TEXT><SPATIALINDICATOR id="S1058" start="84" end="86" text="in"/><TRAJECTOR id="T1058" start="68" end="83" text="a swimming pool"/><LANDMARK id="L1058" start="87" end="96" text="the shape"/><RELATION id="SR1009" trajector_id="T1058" landmark_id="L1058" spatial_indicator_id="S1058" general_type="" specific_type="" RCC8_value="" FoR=""/></SENTENCE></SCENE>
    <SCENE>
        <DOCNO>annotations/01/1245.eng</DOCNO>
        <IMAGE>images/01/1245.jpg</IMAGE>
        <SENTENCE id="s869" start="24624" end="24762"><TEXT>a simple room with white walls and a single bed with a light blue bedcover , a white and blue striped pillow and a curtain on the left .</TEXT><SPATIALINDICATOR id="S1061" start="123" end="134" text="on the left"/><TRAJECTOR id="T1061" start="113" end="122" text="a curtain"/><TRAJECTOR id="T1062" start="94" end="108" text="striped pillow"/><LANDMARK id="L1063" start="-1" end="-1"/><RELATION id="SR1012" trajector_id="T1061" landmark_id="L1063" spatial_indicator_id="S1061" general_type="" specific_type="" RCC8_value="" FoR=""/><RELATION id="SR1013" trajector_id="T1062" landmark_id="L1063" spatial_indicator_id="S1061" general_type="" specific_type="" RCC8_value="" FoR=""/></SENTENCE></SCENE>
    <SCENE>
        <DOCNO>annotations/01/1246.eng</DOCNO>
        <IMAGE>images/01/1246.jpg</IMAGE>
        <SENTENCE id="s870" start="24762" end="24888"><TEXT>an open square with a swimming pool , a red building with arched doors and a steep hill wit a lighthouse in the background .</TEXT><SPATIALINDICATOR id="S1066" start="105" end="107" text="in"/><TRAJECTOR id="T1066" start="75" end="91" text="a steep hill wit"/><TRAJECTOR id="T1067" start="92" end="104" text="a lighthouse"/><LANDMARK id="L1068" start="108" end="122" text="the background"/><RELATION id="SR1016" trajector_id="T1066" landmark_id="L1068" spatial_indicator_id="S1066" general_type="" specific_type="" RCC8_value="" FoR=""/><RELATION id="SR1017" trajector_id="T1067" landmark_id="L1068" spatial_indicator_id="S1066" general_type="" specific_type="" RCC8_value="" FoR=""/></SENTENCE></SCENE>
    <SCENE>
        <DOCNO>annotations/01/1248.eng</DOCNO>
        <IMAGE>images/01/1248.jpg</IMAGE>
        <SENTENCE id="s871" start="24888" end="24974"><TEXT>turquoise beach canvas chairs and sunshades in front of a wall made of grey stones .</TEXT><SPATIALINDICATOR id="S1072" start="44" end="55" text="in front of"/><TRAJECTOR id="T1072" start="34" end="43" text="sunshades"/><TRAJECTOR id="T1073" start="0" end="29" text="turquoise beach canvas chairs"/><LANDMARK id="L1074" start="56" end="62" text="a wall"/><RELATION id="SR1020" trajector_id="T1072" landmark_id="L1074" spatial_indicator_id="S1072" general_type="" specific_type="" RCC8_value="" FoR=""/><RELATION id="SR1021" trajector_id="T1073" landmark_id="L1074" spatial_indicator_id="S1072" general_type="" specific_type="" RCC8_value="" FoR=""/></SENTENCE><SENTENCE id="s872" start="24974" end="25023"><TEXT>palm trees and a few houses in the background .</TEXT><SPATIALINDICATOR id="S1076" start="28" end="30" text="in"/><TRAJECTOR id="T1076" start="0" end="10" text="palm trees"/><TRAJECTOR id="T1077" start="15" end="27" text="a few houses"/><LANDMARK id="L1078" start="31" end="45" text="the background"/><RELATION id="SR1024" trajector_id="T1076" landmark_id="L1078" spatial_indicator_id="S1076" general_type="" specific_type="" RCC8_value="" FoR=""/><RELATION id="SR1025" trajector_id="T1077" landmark_id="L1078" spatial_indicator_id="S1076" general_type="" specific_type="" RCC8_value="" FoR=""/></SENTENCE></SCENE>
    <SCENE>
        <DOCNO>annotations/01/1251.eng</DOCNO>
        <IMAGE>images/01/1251.jpg</IMAGE>
        <SENTENCE id="s873" start="25023" end="25141"><TEXT>a room with white walls , a king-sized bade made of wood , white and blue chequered bedcover and two satin pillows .</TEXT></SENTENCE><SENTENCE id="s874" start="25141" end="25255"><TEXT>there is a night table with a lamp on the left , a large painting above the bed and a small window on the left .</TEXT><SPATIALINDICATOR id="S1083" start="66" end="71" text="above"/><TRAJECTOR id="T1083" start="49" end="65" text="a large painting"/><LANDMARK id="L1083" start="72" end="79" text="the bed"/><RELATION id="SR1029" trajector_id="T1083" landmark_id="L1083" spatial_indicator_id="S1083" general_type="" specific_type="" RCC8_value="" FoR=""/><SPATIALINDICATOR id="S1084" start="99" end="110" text="on the left"/><TRAJECTOR id="T1084" start="84" end="98" text="a small window"/><LANDMARK id="L1084" start="-1" end="-1"/><RELATION id="SR1031" trajector_id="T1084" landmark_id="L1084" spatial_indicator_id="S1084" general_type="" specific_type="" RCC8_value="" FoR=""/><SPATIALINDICATOR id="S1085" start="35" end="46" text="on the left"/><TRAJECTOR id="T1085" start="28" end="34" text="a lamp"/><TRAJECTOR id="T1086" start="9" end="22" text="a night table"/><TRAJECTOR id="T1087" start="49" end="65" text="a large painting"/><TRAJECTOR id="T1088" start="84" end="98" text="a small window"/><LANDMARK id="L1089" start="-1" end="-1"/><RELATION id="SR1033" trajector_id="T1085" landmark_id="L1089" spatial_indicator_id="S1085" general_type="" specific_type="" RCC8_value="" FoR=""/><RELATION id="SR1034" trajector_id="T1086" landmark_id="L1089" spatial_indicator_id="S1085" general_type="" specific_type="" RCC8_value="" FoR=""/><RELATION id="SR1035" trajector_id="T1087" landmark_id="L1089" spatial_indicator_id="S1085" general_type="" specific_type="" RCC8_value="" FoR=""/><RELATION id="SR1036" trajector_id="T1088" landmark_id="L1089" spatial_indicator_id="S1085" general_type="" specific_type="" RCC8_value="" FoR=""/></SENTENCE></SCENE>
    <SCENE>
        <DOCNO>annotations/01/1252.eng</DOCNO>
        <IMAGE>images/01/1252.jpg</IMAGE>
        <SENTENCE id="s875" start="25255" end="25407"><TEXT>palm trees with hammocks in between , a slope , sunshades with a thatched roof and white sand in the foreground , and a few houses in the background .</TEXT><SPATIALINDICATOR id="S1092" start="94" end="96" text="in"/><TRAJECTOR id="T1092" start="83" end="93" text="white sand"/><LANDMARK id="L1092" start="97" end="111" text="the foreground"/><RELATION id="SR1039" trajector_id="T1092" landmark_id="L1092" spatial_indicator_id="S1092" general_type="" specific_type="" RCC8_value="" FoR=""/><SPATIALINDICATOR id="S1093" start="131" end="133" text="in"/><TRAJECTOR id="T1093" start="118" end="130" text="a few houses"/><LANDMARK id="L1093" start="134" end="148" text="the background"/><RELATION id="SR1041" trajector_id="T1093" landmark_id="L1093" spatial_indicator_id="S1093" general_type="" specific_type="" RCC8_value="" FoR=""/><SPATIALINDICATOR id="S1094" start="25" end="35" text="in between"/><TRAJECTOR id="T1094" start="0" end="10" text="palm trees"/><TRAJECTOR id="T1095" start="48" end="57" text="sunshades"/><TRAJECTOR id="T1096" start="118" end="130" text="a few houses"/><TRAJECTOR id="T1097" start="16" end="24" text="hammocks"/><LANDMARK id="L1098" start="38" end="45" text="a slope"/><RELATION id="SR1043" trajector_id="T1094" landmark_id="L1098" spatial_indicator_id="S1094" general_type="" specific_type="" RCC8_value="" FoR=""/><RELATION id="SR1044" trajector_id="T1095" landmark_id="L1098" spatial_indicator_id="S1094" general_type="" specific_type="" RCC8_value="" FoR=""/><RELATION id="SR1045" trajector_id="T1096" landmark_id="L1098" spatial_indicator_id="S1094" general_type="" specific_type="" RCC8_value="" FoR=""/><RELATION id="SR1046" trajector_id="T1097" landmark_id="L1098" spatial_indicator_id="S1094" general_type="" specific_type="" RCC8_value="" FoR=""/></SENTENCE></SCENE>
    <SCENE>
        <DOCNO>annotations/01/1253.eng</DOCNO>
        <IMAGE>images/01/1253.jpg</IMAGE>
        <SENTENCE id="s876" start="25407" end="25504"><TEXT>a room with a king-sized bed made of wood , blue and red chequered bedcover and white pillows .</TEXT></SENTENCE><SENTENCE id="s877" start="25504" end="25542"><TEXT>night table with lamp on the right .</TEXT><SPATIALINDICATOR id="S1104" start="22" end="34" text="on the right"/><TRAJECTOR id="T1104" start="17" end="21" text="lamp"/><TRAJECTOR id="T1105" start="0" end="11" text="night table"/><LANDMARK id="L1106" start="-1" end="-1"/><RELATION id="SR1050" trajector_id="T1104" landmark_id="L1106" spatial_indicator_id="S1104" general_type="" specific_type="" RCC8_value="" FoR=""/><RELATION id="SR1051" trajector_id="T1105" landmark_id="L1106" spatial_indicator_id="S1104" general_type="" specific_type="" RCC8_value="" FoR=""/></SENTENCE><SENTENCE id="s878" start="25542" end="25572"><TEXT>window with white curtains .</TEXT></SENTENCE></SCENE>
    <SCENE>
        <DOCNO>annotations/01/1254.eng</DOCNO>
        <IMAGE>images/01/1254.jpg</IMAGE>
        <SENTENCE id="s879" start="25572" end="25650"><TEXT>a swimming pool with blue and white canvas chairs and palm trees around it .</TEXT><SPATIALINDICATOR id="S1111" start="65" end="71" text="around"/><TRAJECTOR id="T1111" start="54" end="64" text="palm trees"/><LANDMARK id="L1111" start="72" end="74" text="it"/><RELATION id="SR1055" trajector_id="T1111" landmark_id="L1111" spatial_indicator_id="S1111" general_type="" specific_type="" RCC8_value="" FoR=""/></SENTENCE><SENTENCE id="s880" start="25650" end="25714"><TEXT>there is a white house with lots of timber in the background .</TEXT><SPATIALINDICATOR id="S1113" start="43" end="45" text="in"/><TRAJECTOR id="T1113" start="9" end="22" text="a white house"/><LANDMARK id="L1113" start="46" end="60" text="the background"/><RELATION id="SR1058" trajector_id="T1113" landmark_id="L1113" spatial_indicator_id="S1113" general_type="" specific_type="" RCC8_value="" FoR=""/></SENTENCE></SCENE>
    <SCENE>
        <DOCNO>annotations/01/1255.eng</DOCNO>
        <IMAGE>images/01/1255.jpg</IMAGE>
        <SENTENCE id="s881" start="25714" end="25819"><TEXT>a room with white walls , a king-sized bed made of wood , bluish bedcover and white towels on the bed .</TEXT><SPATIALINDICATOR id="S1117" start="91" end="93" text="on"/><TRAJECTOR id="T1117" start="58" end="73" text="bluish bedcover"/><TRAJECTOR id="T1118" start="51" end="55" text="wood"/><TRAJECTOR id="T1119" start="78" end="90" text="white towels"/><LANDMARK id="L1120" start="94" end="101" text="the bed"/><RELATION id="SR1061" trajector_id="T1117" landmark_id="L1120" spatial_indicator_id="S1117" general_type="" specific_type="" RCC8_value="" FoR=""/><RELATION id="SR1062" trajector_id="T1118" landmark_id="L1120" spatial_indicator_id="S1117" general_type="" specific_type="" RCC8_value="" FoR=""/><RELATION id="SR1063" trajector_id="T1119" landmark_id="L1120" spatial_indicator_id="S1117" general_type="" specific_type="" RCC8_value="" FoR=""/></SENTENCE><SENTENCE id="s882" start="25819" end="25887"><TEXT>there is a night table on the right and a painting above the bed .</TEXT><SPATIALINDICATOR id="S1122" start="51" end="56" text="above"/><TRAJECTOR id="T1122" start="40" end="50" text="a painting"/><LANDMARK id="L1122" start="57" end="64" text="the bed"/><RELATION id="SR1066" trajector_id="T1122" landmark_id="L1122" spatial_indicator_id="S1122" general_type="" specific_type="" RCC8_value="" FoR=""/><SPATIALINDICATOR id="S1123" start="23" end="35" text="on the right"/><TRAJECTOR id="T1123" start="9" end="22" text="a night table"/><LANDMARK id="L1123" start="-1" end="-1"/><RELATION id="SR1068" trajector_id="T1123" landmark_id="L1123" spatial_indicator_id="S1123" general_type="" specific_type="" RCC8_value="" FoR=""/></SENTENCE></SCENE>
    <SCENE>
        <DOCNO>annotations/01/1256.eng</DOCNO>
        <IMAGE>images/01/1256.jpg</IMAGE>
        <SENTENCE id="s883" start="25887" end="25984"><TEXT>a swimming pool with three palm trees , three burning lamps and a few canvas chairs around it .</TEXT><SPATIALINDICATOR id="S1127" start="84" end="90" text="around"/><TRAJECTOR id="T1127" start="64" end="83" text="a few canvas chairs"/><TRAJECTOR id="T1128" start="40" end="59" text="three burning lamps"/><LANDMARK id="L1129" start="91" end="93" text="it"/><RELATION id="SR1071" trajector_id="T1127" landmark_id="L1129" spatial_indicator_id="S1127" general_type="" specific_type="" RCC8_value="" FoR=""/><RELATION id="SR1072" trajector_id="T1128" landmark_id="L1129" spatial_indicator_id="S1127" general_type="" specific_type="" RCC8_value="" FoR=""/></SENTENCE><SENTENCE id="s884" start="25984" end="26079"><TEXT>there is a balcony with flowers and wooden rails on the right and the sea in the background .</TEXT><SPATIALINDICATOR id="S1131" start="74" end="76" text="in"/><TRAJECTOR id="T1131" start="66" end="73" text="the sea"/><LANDMARK id="L1131" start="77" end="91" text="the background"/><RELATION id="SR1075" trajector_id="T1131" landmark_id="L1131" spatial_indicator_id="S1131" general_type="" specific_type="" RCC8_value="" FoR=""/><SPATIALINDICATOR id="S1132" start="49" end="61" text="on the right"/><TRAJECTOR id="T1132" start="36" end="48" text="wooden rails"/><LANDMARK id="L1132" start="-1" end="-1"/><RELATION id="SR1077" trajector_id="T1132" landmark_id="L1132" spatial_indicator_id="S1132" general_type="" specific_type="" RCC8_value="" FoR=""/></SENTENCE></SCENE>
    <SCENE>
        <DOCNO>annotations/01/1258.eng</DOCNO>
        <IMAGE>images/01/1258.jpg</IMAGE>
        <SENTENCE id="s885" start="26079" end="26196"><TEXT>a room with white walls , a king-sized bed made of wood , a bedside lamp on the left and a painting above the bed .</TEXT></SENTENCE></SCENE>
    <SCENE>
        <DOCNO>annotations/01/1259.eng</DOCNO>
        <IMAGE>images/01/1259.jpg</IMAGE>
        <SENTENCE id="s886" start="26196" end="26279"><TEXT>wooden rails and a wooden table with an ash tray on a balcony in the foreground .</TEXT><SPATIALINDICATOR id="S1138" start="62" end="64" text="in"/><TRAJECTOR id="T1138" start="52" end="61" text="a balcony"/><LANDMARK id="L1138" start="65" end="79" text="the foreground"/><RELATION id="SR1081" trajector_id="T1138" landmark_id="L1138" spatial_indicator_id="S1138" general_type="" specific_type="" RCC8_value="" FoR=""/><SPATIALINDICATOR id="S1139" start="49" end="51" text="on"/><TRAJECTOR id="T1139" start="17" end="31" text="a wooden table"/><TRAJECTOR id="T1140" start="37" end="48" text="an ash tray"/><TRAJECTOR id="T1141" start="0" end="12" text="wooden rails"/><LANDMARK id="L1142" start="52" end="61" text="a balcony"/><RELATION id="SR1083" trajector_id="T1139" landmark_id="L1142" spatial_indicator_id="S1139" general_type="" specific_type="" RCC8_value="" FoR=""/><RELATION id="SR1084" trajector_id="T1140" landmark_id="L1142" spatial_indicator_id="S1139" general_type="" specific_type="" RCC8_value="" FoR=""/><RELATION id="SR1085" trajector_id="T1141" landmark_id="L1142" spatial_indicator_id="S1139" general_type="" specific_type="" RCC8_value="" FoR=""/></SENTENCE><SENTENCE id="s887" start="26279" end="26375"><TEXT>behind it a swimming pool with palm trees , and a sandy beach with the sea in the background .</TEXT><SPATIALINDICATOR id="S1144" start="75" end="77" text="in"/><TRAJECTOR id="T1144" start="48" end="61" text="a sandy beach"/><TRAJECTOR id="T1145" start="67" end="74" text="the sea"/><LANDMARK id="L1146" start="78" end="92" text="the background"/><RELATION id="SR1088" trajector_id="T1144" landmark_id="L1146" spatial_indicator_id="S1144" general_type="" specific_type="" RCC8_value="" FoR=""/><RELATION id="SR1089" trajector_id="T1145" landmark_id="L1146" spatial_indicator_id="S1144" general_type="" specific_type="" RCC8_value="" FoR=""/></SENTENCE></SCENE>
    <SCENE>
        <DOCNO>annotations/01/1261.eng</DOCNO>
        <IMAGE>images/01/1261.jpg</IMAGE>
        <SENTENCE id="s888" start="26375" end="26493"><TEXT>view from a wooden balcony with round , wooden rails and a palm tree in front of it onto a sandy beach and the sea .</TEXT><SPATIALINDICATOR id="S1149" start="32" end="37" text="round"/><TRAJECTOR id="T1149" start="10" end="26" text="a wooden balcony"/><LANDMARK id="L1149" start="40" end="52" text="wooden rails"/><RELATION id="SR1092" trajector_id="T1149" landmark_id="L1149" spatial_indicator_id="S1149" general_type="" specific_type="" RCC8_value="" FoR=""/><SPATIALINDICATOR id="S1150" start="69" end="80" text="in front of"/><TRAJECTOR id="T1150" start="40" end="52" text="wooden rails"/><TRAJECTOR id="T1151" start="57" end="68" text="a palm tree"/><LANDMARK id="L1152" start="81" end="83" text="it"/><RELATION id="SR1094" trajector_id="T1150" landmark_id="L1152" spatial_indicator_id="S1150" general_type="" specific_type="" RCC8_value="" FoR=""/><RELATION id="SR1095" trajector_id="T1151" landmark_id="L1152" spatial_indicator_id="S1150" general_type="" specific_type="" RCC8_value="" FoR=""/></SENTENCE></SCENE>
    <SCENE>
        <DOCNO>annotations/01/1262.eng</DOCNO>
        <IMAGE>images/01/1262.jpg</IMAGE>
        <SENTENCE id="s889" start="26493" end="26670"><TEXT>a room with blue and white walls , a king-sized bed made of wood , colourful bedcovers , a night table with a lamp on the left and the door to the bathroom in the background .</TEXT><SPATIALINDICATOR id="S1155" start="156" end="158" text="in"/><TRAJECTOR id="T1155" start="143" end="155" text="the bathroom"/><LANDMARK id="L1155" start="159" end="173" text="the background"/><RELATION id="SR1098" trajector_id="T1155" landmark_id="L1155" spatial_indicator_id="S1155" general_type="" specific_type="" RCC8_value="" FoR=""/></SENTENCE></SCENE>
    <SCENE>
        <DOCNO>annotations/01/1263.eng</DOCNO>
        <IMAGE>images/01/1263.jpg</IMAGE>
        <SENTENCE id="s890" start="26670" end="26845"><TEXT>a swimming pool in the foreground , with a sunshade , tables and chairs on the left and above it a light brown house with several storeys and wooden rails on the balconies .</TEXT><SPATIALINDICATOR id="S1159" start="16" end="18" text="in"/><TRAJECTOR id="T1159" start="0" end="15" text="a swimming pool"/><LANDMARK id="L1159" start="19" end="33" text="the foreground"/><RELATION id="SR1101" trajector_id="T1159" landmark_id="L1159" spatial_indicator_id="S1159" general_type="" specific_type="" RCC8_value="" FoR=""/><SPATIALINDICATOR id="S1160" start="155" end="157" text="on"/><TRAJECTOR id="T1160" start="142" end="154" text="wooden rails"/><LANDMARK id="L1160" start="158" end="171" text="the balconies"/><RELATION id="SR1103" trajector_id="T1160" landmark_id="L1160" spatial_indicator_id="S1160" general_type="" specific_type="" RCC8_value="" FoR=""/><SPATIALINDICATOR id="S1161" start="72" end="83" text="on the left"/><TRAJECTOR id="T1161" start="65" end="71" text="chairs"/><TRAJECTOR id="T1162" start="54" end="60" text="tables"/><LANDMARK id="L1163" start="-1" end="-1"/><RELATION id="SR1105" trajector_id="T1161" landmark_id="L1163" spatial_indicator_id="S1161" general_type="" specific_type="" RCC8_value="" FoR=""/><RELATION id="SR1106" trajector_id="T1162" landmark_id="L1163" spatial_indicator_id="S1161" general_type="" specific_type="" RCC8_value="" FoR=""/></SENTENCE><SENTENCE id="s891" start="26845" end="26949"><TEXT>there is another house in the background on the right with a thatched roof and a woman in the garden .</TEXT><SPATIALINDICATOR id="S1165" start="87" end="89" text="in"/><TRAJECTOR id="T1165" start="79" end="86" text="a woman"/><LANDMARK id="L1165" start="90" end="100" text="the garden"/><RELATION id="SR1109" trajector_id="T1165" landmark_id="L1165" spatial_indicator_id="S1165" general_type="" specific_type="" RCC8_value="" FoR=""/><SPATIALINDICATOR id="S1166" start="23" end="25" text="in"/><TRAJECTOR id="T1166" start="9" end="22" text="another house"/><LANDMARK id="L1166" start="26" end="40" text="the background"/><RELATION id="SR1111" trajector_id="T1166" landmark_id="L1166" spatial_indicator_id="S1166" general_type="" specific_type="" RCC8_value="" FoR=""/><SPATIALINDICATOR id="S1167" start="41" end="53" text="on the right"/><TRAJECTOR id="T1167" start="26" end="40" text="the background"/><LANDMARK id="L1167" start="-1" end="-1"/><RELATION id="SR1113" trajector_id="T1167" landmark_id="L1167" spatial_indicator_id="S1167" general_type="" specific_type="" RCC8_value="" FoR=""/></SENTENCE></SCENE>
    <SCENE>
        <DOCNO>annotations/01/1270.eng</DOCNO>
        <IMAGE>images/01/1270.jpg</IMAGE>
        <SENTENCE id="s892" start="26949" end="27084"><TEXT>a white high-rise building ( the middle rows are red ) with large windows ( especialy at the corners ) and flags above the entrance .</TEXT><SPATIALINDICATOR id="S1170" start="113" end="118" text="above"/><TRAJECTOR id="T1170" start="107" end="112" text="flags"/><LANDMARK id="L1170" start="119" end="131" text="the entrance"/><RELATION id="SR1116" trajector_id="T1170" landmark_id="L1170" spatial_indicator_id="S1170" general_type="" specific_type="" RCC8_value="" FoR=""/><SPATIALINDICATOR id="S1171" start="86" end="88" text="at"/><TRAJECTOR id="T1171" start="60" end="73" text="large windows"/><TRAJECTOR id="T1172" start="107" end="112" text="flags"/><LANDMARK id="L1173" start="89" end="100" text="the corners"/><RELATION id="SR1118" trajector_id="T1171" landmark_id="L1173" spatial_indicator_id="S1171" general_type="" specific_type="" RCC8_value="" FoR=""/><RELATION id="SR1119" trajector_id="T1172" landmark_id="L1173" spatial_indicator_id="S1171" general_type="" specific_type="" RCC8_value="" FoR=""/></SENTENCE></SCENE>
    <SCENE>
        <DOCNO>annotations/01/1271.eng</DOCNO>
        <IMAGE>images/01/1271.jpg</IMAGE>
        <SENTENCE id="s893" start="27084" end="27194"><TEXT>a yellow , two-storey building with a red roof and a grey wall in front of it and a yellow wall next to it .</TEXT><SPATIALINDICATOR id="S1177" start="63" end="74" text="in front of"/><TRAJECTOR id="T1177" start="51" end="62" text="a grey wall"/><LANDMARK id="L1177" start="75" end="77" text="it"/><RELATION id="SR1122" trajector_id="T1177" landmark_id="L1177" spatial_indicator_id="S1177" general_type="" specific_type="" RCC8_value="" FoR=""/><SPATIALINDICATOR id="S1178" start="96" end="103" text="next to"/><TRAJECTOR id="T1178" start="82" end="95" text="a yellow wall"/><LANDMARK id="L1178" start="104" end="106" text="it"/><RELATION id="SR1124" trajector_id="T1178" landmark_id="L1178" spatial_indicator_id="S1178" general_type="" specific_type="" RCC8_value="" FoR=""/></SENTENCE><SENTENCE id="s894" start="27194" end="27276"><TEXT>there is some water in the foreground and brown , bald hills in the background .</TEXT><SPATIALINDICATOR id="S1180" start="61" end="63" text="in"/><TRAJECTOR id="T1180" start="42" end="60" text="brown , bald hills"/><LANDMARK id="L1180" start="64" end="78" text="the background"/><RELATION id="SR1127" trajector_id="T1180" landmark_id="L1180" spatial_indicator_id="S1180" general_type="" specific_type="" RCC8_value="" FoR=""/><SPATIALINDICATOR id="S1181" start="20" end="22" text="in"/><TRAJECTOR id="T1181" start="9" end="19" text="some water"/><LANDMARK id="L1181" start="42" end="60" text="brown , bald hills"/><LANDMARK id="L1182" start="23" end="37" text="the foreground"/><RELATION id="SR1129" trajector_id="T1181" landmark_id="L1181" spatial_indicator_id="S1181" general_type="" specific_type="" RCC8_value="" FoR=""/><RELATION id="SR1130" trajector_id="T1181" landmark_id="L1182" spatial_indicator_id="S1181" general_type="" specific_type="" RCC8_value="" FoR=""/></SENTENCE></SCENE>
    <SCENE>
        <DOCNO>annotations/01/1272.eng</DOCNO>
        <IMAGE>images/01/1272.jpg</IMAGE>
        <SENTENCE id="s895" start="27276" end="27336"><TEXT>a room with beige walls , some parts with natural stones .</TEXT></SENTENCE><SENTENCE id="s896" start="27336" end="27444"><TEXT>two single beds with a gold and blue bedcover , burning lamps on each side and a painting above the beds .</TEXT><SPATIALINDICATOR id="S1188" start="90" end="95" text="above"/><TRAJECTOR id="T1188" start="79" end="89" text="a painting"/><LANDMARK id="L1188" start="96" end="104" text="the beds"/><RELATION id="SR1134" trajector_id="T1188" landmark_id="L1188" spatial_indicator_id="S1188" general_type="" specific_type="" RCC8_value="" FoR=""/><SPATIALINDICATOR id="S1189" start="62" end="64" text="on"/><TRAJECTOR id="T1189" start="48" end="61" text="burning lamps"/><TRAJECTOR id="T1190" start="79" end="89" text="a painting"/><LANDMARK id="L1191" start="65" end="74" text="each side"/><RELATION id="SR1136" trajector_id="T1189" landmark_id="L1191" spatial_indicator_id="S1189" general_type="" specific_type="" RCC8_value="" FoR=""/><RELATION id="SR1137" trajector_id="T1190" landmark_id="L1191" spatial_indicator_id="S1189" general_type="" specific_type="" RCC8_value="" FoR=""/></SENTENCE></SCENE>
    <SCENE>
        <DOCNO>annotations/01/1273.eng</DOCNO>
        <IMAGE>images/01/1273.jpg</IMAGE>
        <SENTENCE id="s897" start="27444" end="27583"><TEXT>a large room with yellow-brownish walls , a king-sized bed made of wood , carpets , a TV , and a window with curtains in the background .</TEXT></SENTENCE></SCENE>
    <SCENE>
        <DOCNO>annotations/01/1274.eng</DOCNO>
        <IMAGE>images/01/1274.jpg</IMAGE>
        <SENTENCE id="s898" start="27583" end="27699"><TEXT>the entrance of a high , black , grey and yellow building with a white limousine and a white flag in front of it .</TEXT><SPATIALINDICATOR id="S1197" start="98" end="109" text="in front of"/><TRAJECTOR id="T1197" start="85" end="97" text="a white flag"/><LANDMARK id="L1197" start="110" end="112" text="it"/><RELATION id="SR1141" trajector_id="T1197" landmark_id="L1197" spatial_indicator_id="S1197" general_type="" specific_type="" RCC8_value="" FoR=""/></SENTENCE><SENTENCE id="s899" start="27699" end="27753"><TEXT>there is also a tree in the foreground on the left .</TEXT><SPATIALINDICATOR id="S1199" start="21" end="23" text="in"/><TRAJECTOR id="T1199" start="14" end="20" text="a tree"/><LANDMARK id="L1199" start="24" end="38" text="the foreground"/><RELATION id="SR1144" trajector_id="T1199" landmark_id="L1199" spatial_indicator_id="S1199" general_type="" specific_type="" RCC8_value="" FoR=""/><SPATIALINDICATOR id="S1200" start="39" end="50" text="on the left"/><TRAJECTOR id="T1200" start="24" end="38" text="the foreground"/><LANDMARK id="L1200" start="-1" end="-1"/><RELATION id="SR1146" trajector_id="T1200" landmark_id="L1200" spatial_indicator_id="S1200" general_type="" specific_type="" RCC8_value="" FoR=""/></SENTENCE></SCENE>
    <SCENE>
        <DOCNO>annotations/01/1275.eng</DOCNO>
        <IMAGE>images/01/1275.jpg</IMAGE>
        <SENTENCE id="s900" start="27753" end="27878"><TEXT>a room with yellow walls , green wooden beds , chequered bedcovers and a green wooden night table in between with a phone .</TEXT><SPATIALINDICATOR id="S1204" start="98" end="108" text="in between"/><TRAJECTOR id="T1204" start="73" end="97" text="green wooden night table"/><LANDMARK id="L1204" start="114" end="121" text="a phone"/><RELATION id="SR1149" trajector_id="T1204" landmark_id="L1204" spatial_indicator_id="S1204" general_type="" specific_type="" RCC8_value="" FoR=""/></SENTENCE><SENTENCE id="s901" start="27878" end="27947"><TEXT>a window with curtains , a table and two chairs in the background .</TEXT><SPATIALINDICATOR id="S1206" start="48" end="50" text="in"/><TRAJECTOR id="T1206" start="37" end="47" text="two chairs"/><TRAJECTOR id="T1207" start="25" end="32" text="a table"/><LANDMARK id="L1208" start="51" end="65" text="the background"/><RELATION id="SR1152" trajector_id="T1206" landmark_id="L1208" spatial_indicator_id="S1206" general_type="" specific_type="" RCC8_value="" FoR=""/><RELATION id="SR1153" trajector_id="T1207" landmark_id="L1208" spatial_indicator_id="S1206" general_type="" specific_type="" RCC8_value="" FoR=""/></SENTENCE></SCENE>
    <SCENE>
        <DOCNO>annotations/01/1276.eng</DOCNO>
        <IMAGE>images/01/1276.jpg</IMAGE>
        <SENTENCE id="s902" start="27947" end="28088"><TEXT>a room with light-pink walls , a bed made of wood , white towels , a night table with a lamp on both sides , and a painting above the bed .</TEXT><SPATIALINDICATOR id="S1211" start="124" end="129" text="above"/><TRAJECTOR id="T1211" start="113" end="123" text="a painting"/><LANDMARK id="L1211" start="130" end="137" text="the bed"/><RELATION id="SR1156" trajector_id="T1211" landmark_id="L1211" spatial_indicator_id="S1211" general_type="" specific_type="" RCC8_value="" FoR=""/></SENTENCE></SCENE>
    <SCENE>
        <DOCNO>annotations/01/1277.eng</DOCNO>
        <IMAGE>images/01/1277.jpg</IMAGE>
        <SENTENCE id="s903" start="28088" end="28245"><TEXT>a room with walls made of orange bricks , two single beds made of wood with light bedcover , a night table with a lamp in between and a painting above it .</TEXT><SPATIALINDICATOR id="S1214" start="145" end="150" text="above"/><TRAJECTOR id="T1214" start="134" end="144" text="a painting"/><LANDMARK id="L1214" start="151" end="153" text="it"/><RELATION id="SR1159" trajector_id="T1214" landmark_id="L1214" spatial_indicator_id="S1214" general_type="" specific_type="" RCC8_value="" FoR=""/></SENTENCE></SCENE>
    <SCENE>
        <DOCNO>annotations/01/1278.eng</DOCNO>
        <IMAGE>images/01/1278.jpg</IMAGE>
        <SENTENCE id="s904" start="28245" end="28389"><TEXT>a grey car , a large green tree and a smaller tree blooming in purple and also a lot of potted plants in front of a one-storey , white house .</TEXT><SPATIALINDICATOR id="S1218" start="102" end="113" text="in front of"/><TRAJECTOR id="T1218" start="79" end="101" text="a lot of potted plants"/><LANDMARK id="L1218" start="116" end="140" text="one-storey , white house"/><RELATION id="SR1162" trajector_id="T1218" landmark_id="L1218" spatial_indicator_id="S1218" general_type="" specific_type="" RCC8_value="" FoR=""/></SENTENCE><SENTENCE id="s905" start="28389" end="28431"><TEXT>there is cobblestone in the foreground .</TEXT><SPATIALINDICATOR id="S1220" start="21" end="23" text="in"/><TRAJECTOR id="T1220" start="9" end="20" text="cobblestone"/><LANDMARK id="L1220" start="24" end="38" text="the foreground"/><RELATION id="SR1165" trajector_id="T1220" landmark_id="L1220" spatial_indicator_id="S1220" general_type="" specific_type="" RCC8_value="" FoR=""/></SENTENCE></SCENE>
    <SCENE>
        <DOCNO>annotations/01/1289.eng</DOCNO>
        <IMAGE>images/01/1289.jpg</IMAGE>
        <SENTENCE id="s906" start="28431" end="28508"><TEXT>a white house with a brown thatched roof and with a corrugated sheet roof .</TEXT></SENTENCE><SENTENCE id="s907" start="28508" end="28620"><TEXT>there is an earth wall in the foreground and a brown , bald hill with further small houses in the background .</TEXT><SPATIALINDICATOR id="S1225" start="91" end="93" text="in"/><TRAJECTOR id="T1225" start="47" end="64" text="brown , bald hill"/><TRAJECTOR id="T1226" start="70" end="90" text="further small houses"/><LANDMARK id="L1227" start="94" end="108" text="the background"/><RELATION id="SR1169" trajector_id="T1225" landmark_id="L1227" spatial_indicator_id="S1225" general_type="" specific_type="" RCC8_value="" FoR=""/><RELATION id="SR1170" trajector_id="T1226" landmark_id="L1227" spatial_indicator_id="S1225" general_type="" specific_type="" RCC8_value="" FoR=""/><SPATIALINDICATOR id="S1228" start="23" end="25" text="in"/><TRAJECTOR id="T1228" start="9" end="22" text="an earth wall"/><LANDMARK id="L1228" start="26" end="40" text="the foreground"/><LANDMARK id="L1229" start="47" end="64" text="brown , bald hill"/><RELATION id="SR1172" trajector_id="T1228" landmark_id="L1228" spatial_indicator_id="S1228" general_type="" specific_type="" RCC8_value="" FoR=""/><RELATION id="SR1173" trajector_id="T1228" landmark_id="L1229" spatial_indicator_id="S1228" general_type="" specific_type="" RCC8_value="" FoR=""/></SENTENCE></SCENE>
    <SCENE>
        <DOCNO>annotations/01/1290.eng</DOCNO>
        <IMAGE>images/01/1290.jpg</IMAGE>
        <SENTENCE id="s908" start="28620" end="28679"><TEXT>a wooden bulk bed with grey mattresses and red curtains .</TEXT></SENTENCE></SCENE>
    <SCENE>
        <DOCNO>annotations/01/1291.eng</DOCNO>
        <IMAGE>images/01/1291.jpg</IMAGE>
        <SENTENCE id="s909" start="28679" end="28746"><TEXT>a red , blue and white cargo ship in the water ( in a harbour   )</TEXT><SPATIALINDICATOR id="S1235" start="34" end="36" text="in"/><TRAJECTOR id="T1235" start="23" end="33" text="cargo ship"/><LANDMARK id="L1235" start="37" end="46" text="the water"/><RELATION id="SR1177" trajector_id="T1235" landmark_id="L1235" spatial_indicator_id="S1235" general_type="" specific_type="" RCC8_value="" FoR=""/><SPATIALINDICATOR id="S1236" start="49" end="51" text="in"/><TRAJECTOR id="T1236" start="37" end="46" text="the water"/><LANDMARK id="L1236" start="52" end="61" text="a harbour"/><RELATION id="SR1179" trajector_id="T1236" landmark_id="L1236" spatial_indicator_id="S1236" general_type="" specific_type="" RCC8_value="" FoR=""/></SENTENCE></SCENE>
    <SCENE>
        <DOCNO>annotations/01/1292.eng</DOCNO>
        <IMAGE>images/01/1292.jpg</IMAGE>
        <SENTENCE id="s910" start="28746" end="28797"><TEXT>a house in the middle of a forest and on a lake .</TEXT><SPATIALINDICATOR id="S1241" start="8" end="24" text="in the middle of"/><TRAJECTOR id="T1241" start="0" end="7" text="a house"/><LANDMARK id="L1241" start="25" end="33" text="a forest"/><RELATION id="SR1182" trajector_id="T1241" landmark_id="L1241" spatial_indicator_id="S1241" general_type="" specific_type="" RCC8_value="" FoR=""/><SPATIALINDICATOR id="S1242" start="38" end="40" text="on"/><TRAJECTOR id="T1242" start="25" end="33" text="a forest"/><LANDMARK id="L1242" start="41" end="47" text="a lake"/><RELATION id="SR1184" trajector_id="T1242" landmark_id="L1242" spatial_indicator_id="S1242" general_type="" specific_type="" RCC8_value="" FoR=""/></SENTENCE><SENTENCE id="s911" start="28797" end="28829"><TEXT>there is a road on the right .</TEXT><SPATIALINDICATOR id="S1244" start="16" end="28" text="on the right"/><TRAJECTOR id="T1244" start="9" end="15" text="a road"/><LANDMARK id="L1244" start="-1" end="-1"/><RELATION id="SR1187" trajector_id="T1244" landmark_id="L1244" spatial_indicator_id="S1244" general_type="" specific_type="" RCC8_value="" FoR=""/></SENTENCE><SENTENCE id="s912" start="28829" end="28896"><TEXT>there are wooded slopes and snowcovered peaks in the background .</TEXT><SPATIALINDICATOR id="S1246" start="46" end="48" text="in"/><TRAJECTOR id="T1246" start="28" end="45" text="snowcovered peaks"/><TRAJECTOR id="T1247" start="10" end="23" text="wooded slopes"/><LANDMARK id="L1248" start="49" end="63" text="the background"/><RELATION id="SR1190" trajector_id="T1246" landmark_id="L1248" spatial_indicator_id="S1246" general_type="" specific_type="" RCC8_value="" FoR=""/><RELATION id="SR1191" trajector_id="T1247" landmark_id="L1248" spatial_indicator_id="S1246" general_type="" specific_type="" RCC8_value="" FoR=""/></SENTENCE></SCENE>
    <SCENE>
        <DOCNO>annotations/01/1294.eng</DOCNO>
        <IMAGE>images/01/1294.jpg</IMAGE>
        <SENTENCE id="s913" start="28896" end="28958"><TEXT>an access gravel road to green houses with dark grey roofs .</TEXT></SENTENCE><SENTENCE id="s914" start="28958" end="29038"><TEXT>there is a wooden fence on the left , and there are cars parked on the right .</TEXT><SPATIALINDICATOR id="S1255" start="24" end="35" text="on the left"/><TRAJECTOR id="T1255" start="9" end="23" text="a wooden fence"/><LANDMARK id="L1255" start="-1" end="-1"/><RELATION id="SR1195" trajector_id="T1255" landmark_id="L1255" spatial_indicator_id="S1255" general_type="" specific_type="" RCC8_value="" FoR=""/></SENTENCE><SENTENCE id="s915" start="29038" end="29095"><TEXT>a small township with many dark green trees behind it .</TEXT><SPATIALINDICATOR id="S1257" start="44" end="50" text="behind"/><TRAJECTOR id="T1257" start="22" end="43" text="many dark green trees"/><TRAJECTOR id="T1258" start="0" end="16" text="a small township"/><LANDMARK id="L1259" start="51" end="53" text="it"/><RELATION id="SR1198" trajector_id="T1257" landmark_id="L1259" spatial_indicator_id="S1257" general_type="" specific_type="" RCC8_value="" FoR=""/><RELATION id="SR1199" trajector_id="T1258" landmark_id="L1259" spatial_indicator_id="S1257" general_type="" specific_type="" RCC8_value="" FoR=""/></SENTENCE><SENTENCE id="s916" start="29095" end="29191"><TEXT>and in the distant background a lake , an island and a mountain range with snowcovered peaks .</TEXT></SENTENCE></SCENE>
    <SCENE>
        <DOCNO>annotations/01/1299.eng</DOCNO>
        <IMAGE>images/01/1299.jpg</IMAGE>
        <SENTENCE id="s917" start="29191" end="29238"><TEXT>two men are standing on a cobbled foot path .</TEXT><SPATIALINDICATOR id="S1264" start="21" end="23" text="on"/><TRAJECTOR id="T1264" start="0" end="7" text="two men"/><LANDMARK id="L1264" start="24" end="43" text="a cobbled foot path"/><RELATION id="SR1203" trajector_id="T1264" landmark_id="L1264" spatial_indicator_id="S1264" general_type="" specific_type="" RCC8_value="" FoR=""/></SENTENCE><SENTENCE id="s918" start="29238" end="29390"><TEXT>there are trees , a Welcome Nancy Hospedaje sign and an iron fence on the right , and white houses with dark grey roofs or reddish roofs on the left .</TEXT><SPATIALINDICATOR id="S1266" start="67" end="79" text="on the right"/><TRAJECTOR id="T1266" start="53" end="66" text="an iron fence"/><TRAJECTOR id="T1267" start="20" end="48" text="Welcome Nancy Hospedaje sign"/><LANDMARK id="L1268" start="-1" end="-1"/><RELATION id="SR1206" trajector_id="T1266" landmark_id="L1268" spatial_indicator_id="S1266" general_type="" specific_type="" RCC8_value="" FoR=""/><RELATION id="SR1207" trajector_id="T1267" landmark_id="L1268" spatial_indicator_id="S1266" general_type="" specific_type="" RCC8_value="" FoR=""/><SPATIALINDICATOR id="S1269" start="137" end="148" text="on the left"/><TRAJECTOR id="T1269" start="123" end="136" text="reddish roofs"/><LANDMARK id="L1269" start="-1" end="-1"/><RELATION id="SR1209" trajector_id="T1269" landmark_id="L1269" spatial_indicator_id="S1269" general_type="" specific_type="" RCC8_value="" FoR=""/></SENTENCE></SCENE>
    <SCENE>
        <DOCNO>annotations/01/1300.eng</DOCNO>
        <IMAGE>images/01/1300.jpg</IMAGE>
        <SENTENCE id="s919" start="29390" end="29514"><TEXT>a greenish yellow house with white ornamental strips , a yellow entrance and a writing Hostal Bonbini on blue background .</TEXT><SPATIALINDICATOR id="S1273" start="102" end="104" text="on"/><TRAJECTOR id="T1273" start="77" end="101" text="a writing Hostal Bonbini"/><TRAJECTOR id="T1274" start="55" end="72" text="a yellow entrance"/><LANDMARK id="L1275" start="105" end="120" text="blue background"/><RELATION id="SR1212" trajector_id="T1273" landmark_id="L1275" spatial_indicator_id="S1273" general_type="" specific_type="" RCC8_value="" FoR=""/><RELATION id="SR1213" trajector_id="T1274" landmark_id="L1275" spatial_indicator_id="S1273" general_type="" specific_type="" RCC8_value="" FoR=""/></SENTENCE><SENTENCE id="s920" start="29514" end="29632"><TEXT>there are eight flags above the entrance , a pavement with a few pedestrians and a parked white car in front of it .</TEXT><SPATIALINDICATOR id="S1277" start="100" end="111" text="in front of"/><TRAJECTOR id="T1277" start="81" end="99" text="a parked white car"/><LANDMARK id="L1277" start="112" end="114" text="it"/><RELATION id="SR1216" trajector_id="T1277" landmark_id="L1277" spatial_indicator_id="S1277" general_type="" specific_type="" RCC8_value="" FoR=""/><SPATIALINDICATOR id="S1278" start="22" end="27" text="above"/><TRAJECTOR id="T1278" start="10" end="21" text="eight flags"/><LANDMARK id="L1278" start="28" end="40" text="the entrance"/><RELATION id="SR1218" trajector_id="T1278" landmark_id="L1278" spatial_indicator_id="S1278" general_type="" specific_type="" RCC8_value="" FoR=""/></SENTENCE></SCENE>
    <SCENE>
        <DOCNO>annotations/01/1301.eng</DOCNO>
        <IMAGE>images/01/1301.jpg</IMAGE>
        <SENTENCE id="s921" start="29632" end="29769"><TEXT>a room with brown walls and lots of cane , a couple of blankets on the ground , and window with blinds made of cane in the background .</TEXT><SPATIALINDICATOR id="S1281" start="64" end="66" text="on"/><TRAJECTOR id="T1281" start="43" end="63" text="a couple of blankets"/><TRAJECTOR id="T1282" start="28" end="40" text="lots of cane"/><LANDMARK id="L1283" start="67" end="77" text="the ground"/><RELATION id="SR1221" trajector_id="T1281" landmark_id="L1283" spatial_indicator_id="S1281" general_type="" specific_type="" RCC8_value="" FoR=""/><RELATION id="SR1222" trajector_id="T1282" landmark_id="L1283" spatial_indicator_id="S1281" general_type="" specific_type="" RCC8_value="" FoR=""/><LANDMARK id="L1284" start="119" end="133" text="the background"/><SPATIALINDICATOR id="S1284" start="116" end="118" text="in"/><TRAJECTOR id="T1284" start="111" end="115" text="cane"/><RELATION id="SR1224" trajector_id="T1284" landmark_id="L1284" spatial_indicator_id="S1284" general_type="" specific_type="" RCC8_value="" FoR=""/></SENTENCE></SCENE>
    <SCENE>
        <DOCNO>annotations/01/1302.eng</DOCNO>
        <IMAGE>images/01/1302.jpg</IMAGE>
        <SENTENCE id="s922" start="29769" end="29848"><TEXT>a room with walls made of wood and also a wooden bed that has not been made .</TEXT></SENTENCE><SENTENCE id="s923" start="29848" end="29884"><TEXT>white bedcover and white pillows .</TEXT></SENTENCE><SENTENCE id="s924" start="29884" end="29951"><TEXT>there is a mosquito net above the bed and a backpack next to it .</TEXT><SPATIALINDICATOR id="S1291" start="24" end="29" text="above"/><TRAJECTOR id="T1291" start="42" end="60" text="a backpack next to"/><TRAJECTOR id="T1292" start="9" end="23" text="a mosquito net"/><LANDMARK id="L1293" start="30" end="37" text="the bed"/><RELATION id="SR1230" trajector_id="T1291" landmark_id="L1293" spatial_indicator_id="S1291" general_type="" specific_type="" RCC8_value="" FoR=""/><RELATION id="SR1231" trajector_id="T1292" landmark_id="L1293" spatial_indicator_id="S1291" general_type="" specific_type="" RCC8_value="" FoR=""/></SENTENCE></SCENE>
    <SCENE>
        <DOCNO>annotations/01/1303.eng</DOCNO>
        <IMAGE>images/01/1303.jpg</IMAGE>
        <SENTENCE id="s925" start="29951" end="30038"><TEXT>two wooden huts on pillars , with a thatched roof and a green corrugated sheet roof .</TEXT><SPATIALINDICATOR id="S1297" start="16" end="18" text="on"/><TRAJECTOR id="T1297" start="0" end="15" text="two wooden huts"/><LANDMARK id="L1297" start="19" end="26" text="pillars"/><RELATION id="SR1234" trajector_id="T1297" landmark_id="L1297" spatial_indicator_id="S1297" general_type="" specific_type="" RCC8_value="" FoR=""/></SENTENCE><SENTENCE id="s926" start="30038" end="30120"><TEXT>dense vegetation , a palm tree , flowers and bushes in front of and below them .</TEXT></SENTENCE></SCENE>
    <SCENE>
        <DOCNO>annotations/01/1304.eng</DOCNO>
        <IMAGE>images/01/1304.jpg</IMAGE>
        <SENTENCE id="s927" start="30120" end="30164"><TEXT>room with yellow walls and two paintings .</TEXT></SENTENCE><SENTENCE id="s928" start="30164" end="30205"><TEXT>a king-sized bed with purple bedcover .</TEXT></SENTENCE><SENTENCE id="s929" start="30205" end="30334"><TEXT>there is a night table on the left and a chair on the right , and a window with white curtains in the background on the right .</TEXT><SPATIALINDICATOR id="S1306" start="95" end="97" text="in"/><TRAJECTOR id="T1306" start="80" end="94" text="white curtains"/><TRAJECTOR id="T1307" start="66" end="74" text="a window"/><LANDMARK id="L1308" start="98" end="112" text="the background"/><RELATION id="SR1240" trajector_id="T1306" landmark_id="L1308" spatial_indicator_id="S1306" general_type="" specific_type="" RCC8_value="" FoR=""/><RELATION id="SR1241" trajector_id="T1307" landmark_id="L1308" spatial_indicator_id="S1306" general_type="" specific_type="" RCC8_value="" FoR=""/><SPATIALINDICATOR id="S1309" start="23" end="34" text="on the left"/><TRAJECTOR id="T1309" start="9" end="22" text="a night table"/><TRAJECTOR id="T1310" start="39" end="46" text="a chair"/><LANDMARK id="L1311" start="-1" end="-1"/><RELATION id="SR1243" trajector_id="T1309" landmark_id="L1311" spatial_indicator_id="S1309" general_type="" specific_type="" RCC8_value="" FoR=""/><RELATION id="SR1244" trajector_id="T1310" landmark_id="L1311" spatial_indicator_id="S1309" general_type="" specific_type="" RCC8_value="" FoR=""/><SPATIALINDICATOR id="S1312" start="47" end="59" text="on the right"/><TRAJECTOR id="T1312" start="39" end="46" text="a chair"/><LANDMARK id="L1312" start="-1" end="-1"/><RELATION id="SR1246" trajector_id="T1312" landmark_id="L1312" spatial_indicator_id="S1312" general_type="" specific_type="" RCC8_value="" FoR=""/><SPATIALINDICATOR id="S1313" start="113" end="125" text="on the right"/><TRAJECTOR id="T1313" start="98" end="112" text="the background"/><LANDMARK id="L1313" start="-1" end="-1"/><RELATION id="SR1248" trajector_id="T1313" landmark_id="L1313" spatial_indicator_id="S1313" general_type="" specific_type="" RCC8_value="" FoR=""/></SENTENCE><SENTENCE id="s930" start="30334" end="30354"><TEXT>grey-blue carpet .</TEXT></SENTENCE></SCENE>
    <SCENE>
        <DOCNO>annotations/01/1307.eng</DOCNO>
        <IMAGE>images/01/1307.jpg</IMAGE>
        <SENTENCE id="s931" start="30354" end="30473"><TEXT>grey and red building with big windows ( on the right ) and closed garage doors ( on the left ) on the ground level .</TEXT><SPATIALINDICATOR id="S1318" start="82" end="93" text="on the left"/><TRAJECTOR id="T1318" start="60" end="79" text="closed garage doors"/><LANDMARK id="L1318" start="-1" end="-1"/><RELATION id="SR1252" trajector_id="T1318" landmark_id="L1318" spatial_indicator_id="S1318" general_type="" specific_type="" RCC8_value="" FoR=""/></SENTENCE><SENTENCE id="s932" start="30473" end="30553"><TEXT>there are ten international flags and the writing Central above the entrance .</TEXT><SPATIALINDICATOR id="S1320" start="58" end="63" text="above"/><TRAJECTOR id="T1320" start="38" end="57" text="the writing Central"/><TRAJECTOR id="T1321" start="10" end="33" text="ten international flags"/><LANDMARK id="L1322" start="64" end="76" text="the entrance"/><RELATION id="SR1255" trajector_id="T1320" landmark_id="L1322" spatial_indicator_id="S1320" general_type="" specific_type="" RCC8_value="" FoR=""/><RELATION id="SR1256" trajector_id="T1321" landmark_id="L1322" spatial_indicator_id="S1320" general_type="" specific_type="" RCC8_value="" FoR=""/></SENTENCE></SCENE>
    <SCENE>
        <DOCNO>annotations/01/1308.eng</DOCNO>
        <IMAGE>images/01/1308.jpg</IMAGE>
        <SENTENCE id="s933" start="30553" end="30592"><TEXT>room with white walls and a picture .</TEXT></SENTENCE><SENTENCE id="s934" start="30592" end="30665"><TEXT>two single beds made of wood with red blankets and light-blue pillows .</TEXT></SENTENCE></SCENE>
    <SCENE>
        <DOCNO>annotations/01/1309.eng</DOCNO>
        <IMAGE>images/01/1309.jpg</IMAGE>
        <SENTENCE id="s935" start="30665" end="30737"><TEXT>a white , two-storey building with the green writing Hostal El Ancla .</TEXT></SENTENCE><SENTENCE id="s936" start="30737" end="30807"><TEXT>arched windows behind an iron fence and an green , arched entrance .</TEXT><SPATIALINDICATOR id="S1332" start="15" end="21" text="behind"/><TRAJECTOR id="T1332" start="0" end="14" text="arched windows"/><LANDMARK id="L1332" start="43" end="66" text="green , arched entrance"/><LANDMARK id="L1333" start="22" end="35" text="an iron fence"/><RELATION id="SR1262" trajector_id="T1332" landmark_id="L1332" spatial_indicator_id="S1332" general_type="" specific_type="" RCC8_value="" FoR=""/><RELATION id="SR1263" trajector_id="T1332" landmark_id="L1333" spatial_indicator_id="S1332" general_type="" specific_type="" RCC8_value="" FoR=""/></SENTENCE><SENTENCE id="s937" start="30807" end="30861"><TEXT>there is a small , grey wall in front of the house .</TEXT><SPATIALINDICATOR id="S1336" start="29" end="40" text="in front of"/><TRAJECTOR id="T1336" start="11" end="28" text="small , grey wall"/><LANDMARK id="L1336" start="41" end="50" text="the house"/><RELATION id="SR1266" trajector_id="T1336" landmark_id="L1336" spatial_indicator_id="S1336" general_type="" specific_type="" RCC8_value="" FoR=""/></SENTENCE></SCENE>
    <SCENE>
        <DOCNO>annotations/01/1310.eng</DOCNO>
        <IMAGE>images/01/1310.jpg</IMAGE>
        <SENTENCE id="s938" start="30861" end="31000"><TEXT>a room with grey walls , two single beds with grey , green and yellow striped bedcover and a night table with a bedside lamp in between .</TEXT></SENTENCE><SENTENCE id="s939" start="31000" end="31059"><TEXT>there is a window with white curtains in the background .</TEXT><SPATIALINDICATOR id="S1341" start="38" end="40" text="in"/><TRAJECTOR id="T1341" start="9" end="17" text="a window"/><LANDMARK id="L1341" start="41" end="55" text="the background"/><RELATION id="SR1270" trajector_id="T1341" landmark_id="L1341" spatial_indicator_id="S1341" general_type="" specific_type="" RCC8_value="" FoR=""/></SENTENCE></SCENE>
    <SCENE>
        <DOCNO>annotations/01/1311.eng</DOCNO>
        <IMAGE>images/01/1311.jpg</IMAGE>
        <SENTENCE id="s940" start="31059" end="31146"><TEXT>a swimming pool in the courtyard of a white building with a lot of trees and plants .</TEXT><SPATIALINDICATOR id="S1345" start="16" end="18" text="in"/><TRAJECTOR id="T1345" start="0" end="15" text="a swimming pool"/><LANDMARK id="L1345" start="19" end="52" text="the courtyard of a white building"/><RELATION id="SR1273" trajector_id="T1345" landmark_id="L1345" spatial_indicator_id="S1345" general_type="" specific_type="" RCC8_value="" FoR=""/></SENTENCE><SENTENCE id="s941" start="31146" end="31242"><TEXT>there are yellow and white canvas chairs , a sunshade and a grey cobblestone around the pool .</TEXT><SPATIALINDICATOR id="S1347" start="77" end="83" text="around"/><TRAJECTOR id="T1347" start="43" end="53" text="a sunshade"/><TRAJECTOR id="T1348" start="58" end="76" text="a grey cobblestone"/><TRAJECTOR id="T1349" start="27" end="40" text="canvas chairs"/><LANDMARK id="L1350" start="84" end="92" text="the pool"/><RELATION id="SR1276" trajector_id="T1347" landmark_id="L1350" spatial_indicator_id="S1347" general_type="" specific_type="" RCC8_value="" FoR=""/><RELATION id="SR1277" trajector_id="T1348" landmark_id="L1350" spatial_indicator_id="S1347" general_type="" specific_type="" RCC8_value="" FoR=""/><RELATION id="SR1278" trajector_id="T1349" landmark_id="L1350" spatial_indicator_id="S1347" general_type="" specific_type="" RCC8_value="" FoR=""/></SENTENCE></SCENE>
    <SCENE>
        <DOCNO>annotations/01/1312.eng</DOCNO>
        <IMAGE>images/01/1312.jpg</IMAGE>
        <SENTENCE id="s942" start="31242" end="31336"><TEXT>a modern room with white walls , a king-sized bed made of wood and gold and blue bed cover .</TEXT></SENTENCE><SENTENCE id="s943" start="31336" end="31407"><TEXT>there is a night table and a window with white curtains on the left .</TEXT><SPATIALINDICATOR id="S1356" start="56" end="67" text="on the left"/><TRAJECTOR id="T1356" start="41" end="55" text="white curtains"/><LANDMARK id="L1356" start="-1" end="-1"/><RELATION id="SR1282" trajector_id="T1356" landmark_id="L1356" spatial_indicator_id="S1356" general_type="" specific_type="" RCC8_value="" FoR=""/></SENTENCE><SENTENCE id="s944" start="31407" end="31458"><TEXT>there are two further windows with yellow glass .</TEXT></SENTENCE></SCENE>
    <SCENE>
        <DOCNO>annotations/01/1313.eng</DOCNO>
        <IMAGE>images/01/1313.jpg</IMAGE>
        <SENTENCE id="s945" start="31458" end="31536"><TEXT>a terrace of a white house with white tables and chairs and blue sunshades .</TEXT></SENTENCE><SENTENCE id="s946" start="31536" end="31614"><TEXT>there is a beach with breaking waves and the setting sun in the background .</TEXT><SPATIALINDICATOR id="S1362" start="57" end="59" text="in"/><TRAJECTOR id="T1362" start="41" end="56" text="the setting sun"/><LANDMARK id="L1362" start="60" end="74" text="the background"/><RELATION id="SR1287" trajector_id="T1362" landmark_id="L1362" spatial_indicator_id="S1362" general_type="" specific_type="" RCC8_value="" FoR=""/></SENTENCE></SCENE>
    <SCENE>
        <DOCNO>annotations/01/1314.eng</DOCNO>
        <IMAGE>images/01/1314.jpg</IMAGE>
        <SENTENCE id="s947" start="31614" end="31760"><TEXT>a white bungalow with a huge , brown hill behind it and trees , a sunshade , plastic chairs , a plastic table and canvas chairs in front of it .</TEXT><SPATIALINDICATOR id="S1366" start="42" end="48" text="behind"/><TRAJECTOR id="T1366" start="24" end="41" text="huge , brown hill"/><LANDMARK id="L1366" start="49" end="51" text="it"/><LANDMARK id="L1367" start="56" end="61" text="trees"/><RELATION id="SR1290" trajector_id="T1366" landmark_id="L1366" spatial_indicator_id="S1366" general_type="" specific_type="" RCC8_value="" FoR=""/><RELATION id="SR1291" trajector_id="T1366" landmark_id="L1367" spatial_indicator_id="S1366" general_type="" specific_type="" RCC8_value="" FoR=""/><SPATIALINDICATOR id="S1369" start="128" end="139" text="in front of"/><TRAJECTOR id="T1369" start="114" end="127" text="canvas chairs"/><TRAJECTOR id="T1370" start="94" end="109" text="a plastic table"/><LANDMARK id="L1371" start="140" end="142" text="it"/><RELATION id="SR1293" trajector_id="T1369" landmark_id="L1371" spatial_indicator_id="S1369" general_type="" specific_type="" RCC8_value="" FoR=""/><RELATION id="SR1294" trajector_id="T1370" landmark_id="L1371" spatial_indicator_id="S1369" general_type="" specific_type="" RCC8_value="" FoR=""/></SENTENCE><SENTENCE id="s948" start="31760" end="31824"><TEXT>in the foreground one can also see a part of a swimming pool .</TEXT></SENTENCE></SCENE>
    <SCENE>
        <DOCNO>annotations/01/1315.eng</DOCNO>
        <IMAGE>images/01/1315.jpg</IMAGE>
        <SENTENCE id="s949" start="31824" end="31851"><TEXT>a room with green walls .</TEXT></SENTENCE><SENTENCE id="s950" start="31851" end="31961"><TEXT>two single beds made of wood with green and blue bedcover and a night table with a bedside lamp in between .</TEXT></SENTENCE><SENTENCE id="s951" start="31961" end="32014"><TEXT>there is a window with white curtains on the left .</TEXT><SPATIALINDICATOR id="S1379" start="38" end="49" text="on the left"/><TRAJECTOR id="T1379" start="23" end="37" text="white curtains"/><TRAJECTOR id="T1380" start="9" end="17" text="a window"/><LANDMARK id="L1381" start="-1" end="-1"/><RELATION id="SR1300" trajector_id="T1379" landmark_id="L1381" spatial_indicator_id="S1379" general_type="" specific_type="" RCC8_value="" FoR=""/><RELATION id="SR1301" trajector_id="T1380" landmark_id="L1381" spatial_indicator_id="S1379" general_type="" specific_type="" RCC8_value="" FoR=""/></SENTENCE></SCENE>
    <SCENE>
        <DOCNO>annotations/01/1316.eng</DOCNO>
        <IMAGE>images/01/1316.jpg</IMAGE>
        <SENTENCE id="s952" start="32014" end="32112"><TEXT>a room with light grey and yellow walls and a king-sized bed made of wood with green bed cover .</TEXT></SENTENCE><SENTENCE id="s953" start="32112" end="32170"><TEXT>there is a night table with a bedside lamp on the left .</TEXT><SPATIALINDICATOR id="S1387" start="43" end="54" text="on the left"/><TRAJECTOR id="T1387" start="28" end="42" text="a bedside lamp"/><TRAJECTOR id="T1388" start="9" end="22" text="a night table"/><LANDMARK id="L1389" start="-1" end="-1"/><RELATION id="SR1305" trajector_id="T1387" landmark_id="L1389" spatial_indicator_id="S1387" general_type="" specific_type="" RCC8_value="" FoR=""/><RELATION id="SR1306" trajector_id="T1388" landmark_id="L1389" spatial_indicator_id="S1387" general_type="" specific_type="" RCC8_value="" FoR=""/></SENTENCE><SENTENCE id="s954" start="32170" end="32209"><TEXT>and there is a painting on the wall .</TEXT><SPATIALINDICATOR id="S1391" start="24" end="26" text="on"/><TRAJECTOR id="T1391" start="13" end="23" text="a painting"/><LANDMARK id="L1391" start="27" end="35" text="the wall"/><RELATION id="SR1309" trajector_id="T1391" landmark_id="L1391" spatial_indicator_id="S1391" general_type="" specific_type="" RCC8_value="" FoR=""/></SENTENCE></SCENE>
    <SCENE>
        <DOCNO>annotations/01/1317.eng</DOCNO>
        <IMAGE>images/01/1317.jpg</IMAGE>
        <SENTENCE id="s955" start="32209" end="32338"><TEXT>a blue building with a thatched roof and a wooden balcony and a hedge , wooden tables and chairs and sunshades in front of it .</TEXT><SPATIALINDICATOR id="S1395" start="111" end="122" text="in front of"/><TRAJECTOR id="T1395" start="101" end="110" text="sunshades"/><TRAJECTOR id="T1396" start="72" end="85" text="wooden tables"/><TRAJECTOR id="T1397" start="90" end="96" text="chairs"/><LANDMARK id="L1398" start="123" end="125" text="it"/><RELATION id="SR1312" trajector_id="T1395" landmark_id="L1398" spatial_indicator_id="S1395" general_type="" specific_type="" RCC8_value="" FoR=""/><RELATION id="SR1313" trajector_id="T1396" landmark_id="L1398" spatial_indicator_id="S1395" general_type="" specific_type="" RCC8_value="" FoR=""/><RELATION id="SR1314" trajector_id="T1397" landmark_id="L1398" spatial_indicator_id="S1395" general_type="" specific_type="" RCC8_value="" FoR=""/></SENTENCE><SENTENCE id="s956" start="32338" end="32391"><TEXT>there are palm trees and a hill in the background .</TEXT><SPATIALINDICATOR id="S1400" start="32" end="34" text="in"/><TRAJECTOR id="T1400" start="10" end="20" text="palm trees"/><TRAJECTOR id="T1401" start="25" end="31" text="a hill"/><LANDMARK id="L1402" start="35" end="49" text="the background"/><RELATION id="SR1317" trajector_id="T1400" landmark_id="L1402" spatial_indicator_id="S1400" general_type="" specific_type="" RCC8_value="" FoR=""/><RELATION id="SR1318" trajector_id="T1401" landmark_id="L1402" spatial_indicator_id="S1400" general_type="" specific_type="" RCC8_value="" FoR=""/></SENTENCE></SCENE>
    <SCENE>
        <DOCNO>annotations/01/1318.eng</DOCNO>
        <IMAGE>images/01/1318.jpg</IMAGE>
        <SENTENCE id="s957" start="32391" end="32474"><TEXT>a room with red walls , two single beds made of iron and red and grey bedcovers .</TEXT></SENTENCE><SENTENCE id="s958" start="32474" end="32599"><TEXT>there is a night table with a bedside lamp in between the beds , and a door to the bathroom in the background on the left .</TEXT><SPATIALINDICATOR id="S1407" start="92" end="94" text="in"/><TRAJECTOR id="T1407" start="79" end="91" text="the bathroom"/><LANDMARK id="L1407" start="95" end="109" text="the background"/><RELATION id="SR1322" trajector_id="T1407" landmark_id="L1407" spatial_indicator_id="S1407" general_type="" specific_type="" RCC8_value="" FoR=""/><SPATIALINDICATOR id="S1408" start="43" end="53" text="in between"/><TRAJECTOR id="T1408" start="9" end="22" text="a night table"/><LANDMARK id="L1408" start="54" end="62" text="the beds"/><RELATION id="SR1324" trajector_id="T1408" landmark_id="L1408" spatial_indicator_id="S1408" general_type="" specific_type="" RCC8_value="" FoR=""/><SPATIALINDICATOR id="S1409" start="110" end="121" text="on the left"/><TRAJECTOR id="T1409" start="95" end="109" text="the background"/><LANDMARK id="L1409" start="-1" end="-1"/><RELATION id="SR1326" trajector_id="T1409" landmark_id="L1409" spatial_indicator_id="S1409" general_type="" specific_type="" RCC8_value="" FoR=""/></SENTENCE></SCENE>
    <SCENE>
        <DOCNO>annotations/01/1319.eng</DOCNO>
        <IMAGE>images/01/1319.jpg</IMAGE>
        <SENTENCE id="s959" start="32599" end="32807"><TEXT>a red building with doors and windows behind bars on the ground level , a white balcony with two balcony doors made of wood and glas and two more windows on the left with the white writing Hostal Colonial .</TEXT><SPATIALINDICATOR id="S1412" start="50" end="52" text="on"/><TRAJECTOR id="T1412" start="45" end="49" text="bars"/><LANDMARK id="L1412" start="53" end="69" text="the ground level"/><RELATION id="SR1329" trajector_id="T1412" landmark_id="L1412" spatial_indicator_id="S1412" general_type="" specific_type="" RCC8_value="" FoR=""/><SPATIALINDICATOR id="S1413" start="38" end="44" text="behind"/><TRAJECTOR id="T1413" start="30" end="37" text="windows"/><LANDMARK id="L1413" start="45" end="49" text="bars"/><RELATION id="SR1331" trajector_id="T1413" landmark_id="L1413" spatial_indicator_id="S1413" general_type="" specific_type="" RCC8_value="" FoR=""/><SPATIALINDICATOR id="S1414" start="154" end="165" text="on the left"/><TRAJECTOR id="T1414" start="137" end="153" text="two more windows"/><TRAJECTOR id="T1415" start="128" end="132" text="glas"/><LANDMARK id="L1416" start="-1" end="-1"/><RELATION id="SR1333" trajector_id="T1414" landmark_id="L1416" spatial_indicator_id="S1414" general_type="" specific_type="" RCC8_value="" FoR=""/><RELATION id="SR1334" trajector_id="T1415" landmark_id="L1416" spatial_indicator_id="S1414" general_type="" specific_type="" RCC8_value="" FoR=""/></SENTENCE></SCENE>
    <SCENE>
        <DOCNO>annotations/01/1320.eng</DOCNO>
        <IMAGE>images/01/1320.jpg</IMAGE>
        <SENTENCE id="s960" start="32807" end="32983"><TEXT>a room with yellowish walls and two single beds made of wood with colourful bedcovers and a night table next to each bed and a phone and light switches between the two beds .</TEXT></SENTENCE><SENTENCE id="s961" start="32983" end="33029"><TEXT>there is a painting above each of the beds .</TEXT><SPATIALINDICATOR id="S1421" start="20" end="25" text="above"/><TRAJECTOR id="T1421" start="9" end="19" text="a painting"/><LANDMARK id="L1421" start="34" end="42" text="the beds"/><RELATION id="SR1338" trajector_id="T1421" landmark_id="L1421" spatial_indicator_id="S1421" general_type="" specific_type="" RCC8_value="" FoR=""/></SENTENCE></SCENE>
    <SCENE>
        <DOCNO>annotations/01/1321.eng</DOCNO>
        <IMAGE>images/01/1321.jpg</IMAGE>
        <SENTENCE id="s962" start="33029" end="33137"><TEXT>a dark blue building with a large glass door as entrance with the reflection of the opposite street side .</TEXT></SENTENCE><SENTENCE id="s963" start="33137" end="33254"><TEXT>there are little cactuses in a small flower pot on the left , and there is another big window on the second floor .</TEXT><SPATIALINDICATOR id="S1426" start="94" end="96" text="on"/><TRAJECTOR id="T1426" start="75" end="93" text="another big window"/><LANDMARK id="L1426" start="97" end="113" text="the second floor"/><RELATION id="SR1342" trajector_id="T1426" landmark_id="L1426" spatial_indicator_id="S1426" general_type="" specific_type="" RCC8_value="" FoR=""/><SPATIALINDICATOR id="S1427" start="26" end="28" text="in"/><TRAJECTOR id="T1427" start="10" end="25" text="little cactuses"/><LANDMARK id="L1427" start="29" end="47" text="a small flower pot"/><RELATION id="SR1344" trajector_id="T1427" landmark_id="L1427" spatial_indicator_id="S1427" general_type="" specific_type="" RCC8_value="" FoR=""/><SPATIALINDICATOR id="S1428" start="48" end="59" text="on the left"/><TRAJECTOR id="T1428" start="29" end="47" text="a small flower pot"/><LANDMARK id="L1428" start="-1" end="-1"/><RELATION id="SR1346" trajector_id="T1428" landmark_id="L1428" spatial_indicator_id="S1428" general_type="" specific_type="" RCC8_value="" FoR=""/></SENTENCE></SCENE>
    <SCENE>
        <DOCNO>annotations/01/1322.eng</DOCNO>
        <IMAGE>images/01/1322.jpg</IMAGE>
        <SENTENCE id="s964" start="33254" end="33311"><TEXT>a room with white walls and a single bed made of wood .</TEXT></SENTENCE><SENTENCE id="s965" start="33311" end="33418"><TEXT>there is a night table and a lamp on the left , and a wooden window with brownish curtains on the right .</TEXT><SPATIALINDICATOR id="S1433" start="34" end="45" text="on the left"/><TRAJECTOR id="T1433" start="9" end="22" text="a night table"/><TRAJECTOR id="T1434" start="27" end="33" text="a lamp"/><LANDMARK id="L1435" start="-1" end="-1"/><RELATION id="SR1350" trajector_id="T1433" landmark_id="L1435" spatial_indicator_id="S1433" general_type="" specific_type="" RCC8_value="" FoR=""/><RELATION id="SR1351" trajector_id="T1434" landmark_id="L1435" spatial_indicator_id="S1433" general_type="" specific_type="" RCC8_value="" FoR=""/><SPATIALINDICATOR id="S1436" start="91" end="103" text="on the right"/><TRAJECTOR id="T1436" start="73" end="90" text="brownish curtains"/><TRAJECTOR id="T1437" start="52" end="67" text="a wooden window"/><LANDMARK id="L1438" start="-1" end="-1"/><RELATION id="SR1353" trajector_id="T1436" landmark_id="L1438" spatial_indicator_id="S1436" general_type="" specific_type="" RCC8_value="" FoR=""/><RELATION id="SR1354" trajector_id="T1437" landmark_id="L1438" spatial_indicator_id="S1436" general_type="" specific_type="" RCC8_value="" FoR=""/></SENTENCE></SCENE>
    <SCENE>
        <DOCNO>annotations/01/1323.eng</DOCNO>
        <IMAGE>images/01/1323.jpg</IMAGE>
        <SENTENCE id="s966" start="33418" end="33474"><TEXT>a brownish red house with a white decorated entrance .</TEXT></SENTENCE><SENTENCE id="s967" start="33474" end="33618"><TEXT>there are lamps and windows with white bars on the ground level , with a man with a ladder , a car , pedestrians and a street in front of it .</TEXT><SPATIALINDICATOR id="S1443" start="126" end="137" text="in front of"/><TRAJECTOR id="T1443" start="117" end="125" text="a street"/><LANDMARK id="L1443" start="138" end="140" text="it"/><RELATION id="SR1358" trajector_id="T1443" landmark_id="L1443" spatial_indicator_id="S1443" general_type="" specific_type="" RCC8_value="" FoR=""/><SPATIALINDICATOR id="S1444" start="44" end="46" text="on"/><TRAJECTOR id="T1444" start="33" end="43" text="white bars"/><TRAJECTOR id="T1445" start="10" end="15" text="lamps"/><TRAJECTOR id="T1446" start="20" end="27" text="windows"/><LANDMARK id="L1447" start="47" end="63" text="the ground level"/><RELATION id="SR1360" trajector_id="T1444" landmark_id="L1447" spatial_indicator_id="S1444" general_type="" specific_type="" RCC8_value="" FoR=""/><RELATION id="SR1361" trajector_id="T1445" landmark_id="L1447" spatial_indicator_id="S1444" general_type="" specific_type="" RCC8_value="" FoR=""/><RELATION id="SR1362" trajector_id="T1446" landmark_id="L1447" spatial_indicator_id="S1444" general_type="" specific_type="" RCC8_value="" FoR=""/></SENTENCE></SCENE>
    <SCENE>
        <DOCNO>annotations/01/1324.eng</DOCNO>
        <IMAGE>images/01/1324.jpg</IMAGE>
        <SENTENCE id="s968" start="33618" end="33705"><TEXT>a room with grey walls and a single bed made of iron with orange and white bedcover .</TEXT></SENTENCE><SENTENCE id="s969" start="33705" end="33754"><TEXT>a night table with a bedside lamp on the left .</TEXT><SPATIALINDICATOR id="S1453" start="34" end="45" text="on the left"/><TRAJECTOR id="T1453" start="0" end="13" text="a night table"/><TRAJECTOR id="T1454" start="19" end="33" text="a bedside lamp"/><LANDMARK id="L1455" start="-1" end="-1"/><RELATION id="SR1366" trajector_id="T1453" landmark_id="L1455" spatial_indicator_id="S1453" general_type="" specific_type="" RCC8_value="" FoR=""/><RELATION id="SR1367" trajector_id="T1454" landmark_id="L1455" spatial_indicator_id="S1453" general_type="" specific_type="" RCC8_value="" FoR=""/></SENTENCE><SENTENCE id="s970" start="33754" end="33800"><TEXT>wooden door in the background on the right .</TEXT><SPATIALINDICATOR id="S1457" start="12" end="14" text="in"/><TRAJECTOR id="T1457" start="0" end="11" text="wooden door"/><LANDMARK id="L1457" start="15" end="29" text="the background"/><RELATION id="SR1370" trajector_id="T1457" landmark_id="L1457" spatial_indicator_id="S1457" general_type="" specific_type="" RCC8_value="" FoR=""/><SPATIALINDICATOR id="S1458" start="30" end="42" text="on the right"/><TRAJECTOR id="T1458" start="15" end="29" text="the background"/><LANDMARK id="L1458" start="-1" end="-1"/><RELATION id="SR1372" trajector_id="T1458" landmark_id="L1458" spatial_indicator_id="S1458" general_type="" specific_type="" RCC8_value="" FoR=""/></SENTENCE></SCENE>
    <SCENE>
        <DOCNO>annotations/01/1325.eng</DOCNO>
        <IMAGE>images/01/1325.jpg</IMAGE>
        <SENTENCE id="s971" start="33800" end="33948"><TEXT>a narrow , two-storey , brownish red building with bars in front of windows and doors on the ground level and a broad window on the second floor .</TEXT><SPATIALINDICATOR id="S1462" start="125" end="127" text="on"/><TRAJECTOR id="T1462" start="110" end="124" text="a broad window"/><LANDMARK id="L1462" start="128" end="144" text="the second floor"/><RELATION id="SR1375" trajector_id="T1462" landmark_id="L1462" spatial_indicator_id="S1462" general_type="" specific_type="" RCC8_value="" FoR=""/><SPATIALINDICATOR id="S1463" start="56" end="67" text="in front of"/><TRAJECTOR id="T1463" start="110" end="124" text="a broad window"/><TRAJECTOR id="T1464" start="33" end="45" text="red building"/><TRAJECTOR id="T1465" start="51" end="55" text="bars"/><LANDMARK id="L1466" start="80" end="85" text="doors"/><LANDMARK id="L1467" start="68" end="75" text="windows"/><RELATION id="SR1377" trajector_id="T1463" landmark_id="L1466" spatial_indicator_id="S1463" general_type="" specific_type="" RCC8_value="" FoR=""/><RELATION id="SR1378" trajector_id="T1463" landmark_id="L1467" spatial_indicator_id="S1463" general_type="" specific_type="" RCC8_value="" FoR=""/><RELATION id="SR1379" trajector_id="T1464" landmark_id="L1466" spatial_indicator_id="S1463" general_type="" specific_type="" RCC8_value="" FoR=""/><RELATION id="SR1380" trajector_id="T1464" landmark_id="L1467" spatial_indicator_id="S1463" general_type="" specific_type="" RCC8_value="" FoR=""/><RELATION id="SR1381" trajector_id="T1465" landmark_id="L1466" spatial_indicator_id="S1463" general_type="" specific_type="" RCC8_value="" FoR=""/><RELATION id="SR1382" trajector_id="T1465" landmark_id="L1467" spatial_indicator_id="S1463" general_type="" specific_type="" RCC8_value="" FoR=""/><SPATIALINDICATOR id="S1469" start="86" end="88" text="on"/><TRAJECTOR id="T1469" start="80" end="85" text="doors"/><LANDMARK id="L1469" start="89" end="105" text="the ground level"/><RELATION id="SR1384" trajector_id="T1469" landmark_id="L1469" spatial_indicator_id="S1469" general_type="" specific_type="" RCC8_value="" FoR=""/></SENTENCE><SENTENCE id="s972" start="33948" end="34055"><TEXT>there is a cab and a man in front of the house , a white wall on the right and a grey house on the left .</TEXT><SPATIALINDICATOR id="S1471" start="25" end="36" text="in front of"/><TRAJECTOR id="T1471" start="19" end="24" text="a man"/><TRAJECTOR id="T1472" start="9" end="14" text="a cab"/><LANDMARK id="L1473" start="37" end="46" text="the house"/><RELATION id="SR1387" trajector_id="T1471" landmark_id="L1473" spatial_indicator_id="S1471" general_type="" specific_type="" RCC8_value="" FoR=""/><RELATION id="SR1388" trajector_id="T1472" landmark_id="L1473" spatial_indicator_id="S1471" general_type="" specific_type="" RCC8_value="" FoR=""/><SPATIALINDICATOR id="S1474" start="92" end="103" text="on the left"/><TRAJECTOR id="T1474" start="79" end="91" text="a grey house"/><LANDMARK id="L1474" start="-1" end="-1"/><RELATION id="SR1390" trajector_id="T1474" landmark_id="L1474" spatial_indicator_id="S1474" general_type="" specific_type="" RCC8_value="" FoR=""/><SPATIALINDICATOR id="S1475" start="62" end="74" text="on the right"/><TRAJECTOR id="T1475" start="49" end="61" text="a white wall"/><LANDMARK id="L1475" start="-1" end="-1"/><RELATION id="SR1392" trajector_id="T1475" landmark_id="L1475" spatial_indicator_id="S1475" general_type="" specific_type="" RCC8_value="" FoR=""/></SENTENCE></SCENE>
    <SCENE>
        <DOCNO>annotations/01/1326.eng</DOCNO>
        <IMAGE>images/01/1326.jpg</IMAGE>
        <SENTENCE id="s973" start="34055" end="34164"><TEXT>a room with grey walls , two single beds made of wood with grey and brown chequered bedcovers and pillows .</TEXT></SENTENCE><SENTENCE id="s974" start="34164" end="34220"><TEXT>night table with a bedside lamp between the two beds .</TEXT><SPATIALINDICATOR id="S1481" start="32" end="39" text="between"/><TRAJECTOR id="T1481" start="17" end="31" text="a bedside lamp"/><TRAJECTOR id="T1482" start="0" end="11" text="night table"/><LANDMARK id="L1483" start="40" end="52" text="the two beds"/><RELATION id="SR1396" trajector_id="T1481" landmark_id="L1483" spatial_indicator_id="S1481" general_type="" specific_type="" RCC8_value="" FoR=""/><RELATION id="SR1397" trajector_id="T1482" landmark_id="L1483" spatial_indicator_id="S1481" general_type="" specific_type="" RCC8_value="" FoR=""/></SENTENCE><SENTENCE id="s975" start="34220" end="34267"><TEXT>window with grey curtains in the background .</TEXT><SPATIALINDICATOR id="S1485" start="26" end="28" text="in"/><TRAJECTOR id="T1485" start="0" end="6" text="window"/><TRAJECTOR id="T1486" start="12" end="25" text="grey curtains"/><LANDMARK id="L1487" start="29" end="43" text="the background"/><RELATION id="SR1400" trajector_id="T1485" landmark_id="L1487" spatial_indicator_id="S1485" general_type="" specific_type="" RCC8_value="" FoR=""/><RELATION id="SR1401" trajector_id="T1486" landmark_id="L1487" spatial_indicator_id="S1485" general_type="" specific_type="" RCC8_value="" FoR=""/></SENTENCE></SCENE>
    <SCENE>
        <DOCNO>annotations/01/1327.eng</DOCNO>
        <IMAGE>images/01/1327.jpg</IMAGE>
        <SENTENCE id="s976" start="34267" end="34443"><TEXT>a terrace with white plastic chairs and white round tables , red flowers on the right , a street behind the terrace and waves of the sea breaking on the beach during sunset .</TEXT><SPATIALINDICATOR id="S1490" start="97" end="103" text="behind"/><TRAJECTOR id="T1490" start="88" end="96" text="a street"/><LANDMARK id="L1490" start="120" end="136" text="waves of the sea"/><LANDMARK id="L1491" start="104" end="115" text="the terrace"/><RELATION id="SR1404" trajector_id="T1490" landmark_id="L1490" spatial_indicator_id="S1490" general_type="" specific_type="" RCC8_value="" FoR=""/><RELATION id="SR1405" trajector_id="T1490" landmark_id="L1491" spatial_indicator_id="S1490" general_type="" specific_type="" RCC8_value="" FoR=""/><SPATIALINDICATOR id="S1493" start="73" end="85" text="on the right"/><TRAJECTOR id="T1493" start="40" end="58" text="white round tables"/><TRAJECTOR id="T1494" start="61" end="72" text="red flowers"/><LANDMARK id="L1495" start="-1" end="-1"/><RELATION id="SR1407" trajector_id="T1493" landmark_id="L1495" spatial_indicator_id="S1493" general_type="" specific_type="" RCC8_value="" FoR=""/><RELATION id="SR1408" trajector_id="T1494" landmark_id="L1495" spatial_indicator_id="S1493" general_type="" specific_type="" RCC8_value="" FoR=""/><LANDMARK id="L1496" start="149" end="158" text="the beach"/><SPATIALINDICATOR id="S1496" start="146" end="148" text="on"/><TRAJECTOR id="T1496" start="120" end="136" text="waves of the sea"/><RELATION id="SR1410" trajector_id="T1496" landmark_id="L1496" spatial_indicator_id="S1496" general_type="" specific_type="" RCC8_value="" FoR=""/></SENTENCE></SCENE>
    <SCENE>
        <DOCNO>annotations/01/1328.eng</DOCNO>
        <IMAGE>images/01/1328.jpg</IMAGE>
        <SENTENCE id="s977" start="34443" end="34512"><TEXT>bulk bed made of wood with a light blue pillow and a grey blanket .</TEXT></SENTENCE></SCENE>
    <SCENE>
        <DOCNO>annotations/01/1330.eng</DOCNO>
        <IMAGE>images/01/1330.jpg</IMAGE>
        <SENTENCE id="s978" start="34512" end="34584"><TEXT>a white bungalow with brown wooden doors and a little porch above it .</TEXT><SPATIALINDICATOR id="S1501" start="60" end="65" text="above"/><TRAJECTOR id="T1501" start="45" end="59" text="a little porch"/><LANDMARK id="L1501" start="66" end="68" text="it"/><RELATION id="SR1415" trajector_id="T1501" landmark_id="L1501" spatial_indicator_id="S1501" general_type="" specific_type="" RCC8_value="" FoR=""/></SENTENCE></SCENE>
    <SCENE>
        <DOCNO>annotations/01/1331.eng</DOCNO>
        <IMAGE>images/01/1331.jpg</IMAGE>
        <SENTENCE id="s979" start="34584" end="34632"><TEXT>room with light green walls and one painting .</TEXT></SENTENCE><SENTENCE id="s980" start="34632" end="34714"><TEXT>two single beds ( one fully visible ) made of wood with red and grey bedcovers .</TEXT></SENTENCE><SENTENCE id="s981" start="34714" end="34770"><TEXT>night table with a bedside lamp between the two beds .</TEXT><SPATIALINDICATOR id="S1508" start="32" end="39" text="between"/><TRAJECTOR id="T1508" start="0" end="11" text="night table"/><TRAJECTOR id="T1509" start="17" end="31" text="a bedside lamp"/><LANDMARK id="L1510" start="40" end="52" text="the two beds"/><RELATION id="SR1420" trajector_id="T1508" landmark_id="L1510" spatial_indicator_id="S1508" general_type="" specific_type="" RCC8_value="" FoR=""/><RELATION id="SR1421" trajector_id="T1509" landmark_id="L1510" spatial_indicator_id="S1508" general_type="" specific_type="" RCC8_value="" FoR=""/></SENTENCE></SCENE>
    <SCENE>
        <DOCNO>annotations/01/1332.eng</DOCNO>
        <IMAGE>images/01/1332.jpg</IMAGE>
        <SENTENCE id="s982" start="34770" end="34795"><TEXT>room with white walls .</TEXT></SENTENCE><SENTENCE id="s983" start="34795" end="34857"><TEXT>two single beds made of wood with green and grey bedcovers .</TEXT></SENTENCE><SENTENCE id="s984" start="34857" end="34923"><TEXT>night table with bedside lamp and a phone between the two beds .</TEXT><SPATIALINDICATOR id="S1517" start="42" end="49" text="between"/><TRAJECTOR id="T1517" start="34" end="41" text="a phone"/><LANDMARK id="L1517" start="50" end="62" text="the two beds"/><RELATION id="SR1426" trajector_id="T1517" landmark_id="L1517" spatial_indicator_id="S1517" general_type="" specific_type="" RCC8_value="" FoR=""/></SENTENCE></SCENE>
    <SCENE>
        <DOCNO>annotations/01/1333.eng</DOCNO>
        <IMAGE>images/01/1333.jpg</IMAGE>
        <SENTENCE id="s985" start="34923" end="35008"><TEXT>a red , two-storey building with large doors and windows and rails in front of it .</TEXT><SPATIALINDICATOR id="S1521" start="67" end="78" text="in front of"/><TRAJECTOR id="T1521" start="49" end="56" text="windows"/><TRAJECTOR id="T1522" start="61" end="66" text="rails"/><LANDMARK id="L1523" start="79" end="81" text="it"/><RELATION id="SR1429" trajector_id="T1521" landmark_id="L1523" spatial_indicator_id="S1521" general_type="" specific_type="" RCC8_value="" FoR=""/><RELATION id="SR1430" trajector_id="T1522" landmark_id="L1523" spatial_indicator_id="S1521" general_type="" specific_type="" RCC8_value="" FoR=""/></SENTENCE><SENTENCE id="s986" start="35008" end="35087"><TEXT>a few people are sitting at the wall , one man is walking next to the rails .</TEXT><SPATIALINDICATOR id="S1525" start="25" end="27" text="at"/><TRAJECTOR id="T1525" start="0" end="12" text="a few people"/><LANDMARK id="L1525" start="28" end="36" text="the wall"/><RELATION id="SR1433" trajector_id="T1525" landmark_id="L1525" spatial_indicator_id="S1525" general_type="" specific_type="" RCC8_value="" FoR=""/><LANDMARK id="L1526" start="66" end="75" text="the rails"/><SPATIALINDICATOR id="S1526" start="58" end="65" text="next to"/><TRAJECTOR id="T1526" start="0" end="12" text="a few people"/><RELATION id="SR1435" trajector_id="T1526" landmark_id="L1526" spatial_indicator_id="S1526" general_type="" specific_type="" RCC8_value="" FoR=""/></SENTENCE></SCENE>
    <SCENE>
        <DOCNO>annotations/01/1334.eng</DOCNO>
        <IMAGE>images/01/1334.jpg</IMAGE>
        <SENTENCE id="s987" start="35087" end="35191"><TEXT>Room with two beds on the right , a table with two chairs on the left and a large window in the back .</TEXT><SPATIALINDICATOR id="S1530" start="58" end="69" text="on the left"/><TRAJECTOR id="T1530" start="74" end="88" text="a large window"/><TRAJECTOR id="T1531" start="34" end="41" text="a table"/><TRAJECTOR id="T1532" start="47" end="57" text="two chairs"/><LANDMARK id="L1533" start="-1" end="-1"/><RELATION id="SR1439" trajector_id="T1530" landmark_id="L1533" spatial_indicator_id="S1530" general_type="" specific_type="" RCC8_value="" FoR=""/><RELATION id="SR1440" trajector_id="T1531" landmark_id="L1533" spatial_indicator_id="S1530" general_type="" specific_type="" RCC8_value="" FoR=""/><RELATION id="SR1441" trajector_id="T1532" landmark_id="L1533" spatial_indicator_id="S1530" general_type="" specific_type="" RCC8_value="" FoR=""/><SPATIALINDICATOR id="S1534" start="19" end="31" text="on the right"/><TRAJECTOR id="T1534" start="10" end="18" text="two beds"/><TRAJECTOR id="T1535" start="0" end="4" text="Room"/><LANDMARK id="L1536" start="-1" end="-1"/><RELATION id="SR1443" trajector_id="T1534" landmark_id="L1536" spatial_indicator_id="S1534" general_type="" specific_type="" RCC8_value="" FoR=""/><RELATION id="SR1444" trajector_id="T1535" landmark_id="L1536" spatial_indicator_id="S1534" general_type="" specific_type="" RCC8_value="" FoR=""/></SENTENCE><SENTENCE id="s988" start="35191" end="35229"><TEXT>there is also a mirror on the left .</TEXT><SPATIALINDICATOR id="S1538" start="23" end="34" text="on the left"/><TRAJECTOR id="T1538" start="14" end="22" text="a mirror"/><LANDMARK id="L1538" start="-1" end="-1"/><RELATION id="SR1447" trajector_id="T1538" landmark_id="L1538" spatial_indicator_id="S1538" general_type="" specific_type="" RCC8_value="" FoR=""/></SENTENCE></SCENE>
    <SCENE>
        <DOCNO>annotations/01/1335.eng</DOCNO>
        <IMAGE>images/01/1335.jpg</IMAGE>
        <SENTENCE id="s989" start="35229" end="35320"><TEXT>Front view of a house made of red bricks , with large wooden windows and white curtains .</TEXT></SENTENCE></SCENE>
    <SCENE>
        <DOCNO>annotations/01/1337.eng</DOCNO>
        <IMAGE>images/01/1337.jpg</IMAGE>
        <SENTENCE id="s990" start="35320" end="35414"><TEXT>a room with a king-sized bed and a night table and a bedside lamp on both sides of the bed .</TEXT><SPATIALINDICATOR id="S1544" start="66" end="68" text="on"/><TRAJECTOR id="T1544" start="33" end="46" text="a night table"/><TRAJECTOR id="T1545" start="51" end="65" text="a bedside lamp"/><LANDMARK id="L1546" start="69" end="90" text="both sides of the bed"/><RELATION id="SR1451" trajector_id="T1544" landmark_id="L1546" spatial_indicator_id="S1544" general_type="" specific_type="" RCC8_value="" FoR=""/><RELATION id="SR1452" trajector_id="T1545" landmark_id="L1546" spatial_indicator_id="S1544" general_type="" specific_type="" RCC8_value="" FoR=""/></SENTENCE><SENTENCE id="s991" start="35414" end="35453"><TEXT>behind it a wall made of red bricks .</TEXT></SENTENCE></SCENE>
    <SCENE>
        <DOCNO>annotations/01/1338.eng</DOCNO>
        <IMAGE>images/01/1338.jpg</IMAGE>
        <SENTENCE id="s992" start="35453" end="35504"><TEXT>The courtyard of a white , three story building .</TEXT></SENTENCE><SENTENCE id="s993" start="35504" end="35555"><TEXT>each level has a large balcony with arched rail .</TEXT></SENTENCE></SCENE>
    <SCENE>
        <DOCNO>annotations/01/1339.eng</DOCNO>
        <IMAGE>images/01/1339.jpg</IMAGE>
        <SENTENCE id="s994" start="35555" end="35669"><TEXT>A room with an unmade bed ( just the mattress ) , a wooden door on the right , a separate bathroom on the left .</TEXT><SPATIALINDICATOR id="S1556" start="99" end="110" text="on the left"/><TRAJECTOR id="T1556" start="79" end="98" text="a separate bathroom"/><LANDMARK id="L1556" start="-1" end="-1"/><RELATION id="SR1458" trajector_id="T1556" landmark_id="L1556" spatial_indicator_id="S1556" general_type="" specific_type="" RCC8_value="" FoR=""/><SPATIALINDICATOR id="S1557" start="64" end="76" text="on the right"/><TRAJECTOR id="T1557" start="50" end="63" text="a wooden door"/><LANDMARK id="L1557" start="-1" end="-1"/><RELATION id="SR1460" trajector_id="T1557" landmark_id="L1557" spatial_indicator_id="S1557" general_type="" specific_type="" RCC8_value="" FoR=""/></SENTENCE><SENTENCE id="s995" start="35669" end="35697"><TEXT>white tiles on the floor .</TEXT><SPATIALINDICATOR id="S1559" start="12" end="14" text="on"/><TRAJECTOR id="T1559" start="0" end="11" text="white tiles"/><LANDMARK id="L1559" start="15" end="24" text="the floor"/><RELATION id="SR1463" trajector_id="T1559" landmark_id="L1559" spatial_indicator_id="S1559" general_type="" specific_type="" RCC8_value="" FoR=""/></SENTENCE><SENTENCE id="s996" start="35697" end="35723"><TEXT>walls look like marmol .</TEXT></SENTENCE></SCENE>
    <SCENE>
        <DOCNO>annotations/01/1340.eng</DOCNO>
        <IMAGE>images/01/1340.jpg</IMAGE>
        <SENTENCE id="s997" start="35723" end="35807"><TEXT>a house made of red bricks , a little veranda with a small garden in front of it .</TEXT><SPATIALINDICATOR id="S1563" start="66" end="77" text="in front of"/><TRAJECTOR id="T1563" start="29" end="45" text="a little veranda"/><TRAJECTOR id="T1564" start="16" end="26" text="red bricks"/><TRAJECTOR id="T1565" start="51" end="65" text="a small garden"/><LANDMARK id="L1566" start="78" end="80" text="it"/><RELATION id="SR1467" trajector_id="T1563" landmark_id="L1566" spatial_indicator_id="S1563" general_type="" specific_type="" RCC8_value="" FoR=""/><RELATION id="SR1468" trajector_id="T1564" landmark_id="L1566" spatial_indicator_id="S1563" general_type="" specific_type="" RCC8_value="" FoR=""/><RELATION id="SR1469" trajector_id="T1565" landmark_id="L1566" spatial_indicator_id="S1563" general_type="" specific_type="" RCC8_value="" FoR=""/></SENTENCE></SCENE>
    <SCENE>
        <DOCNO>annotations/01/1341.eng</DOCNO>
        <IMAGE>images/01/1341.jpg</IMAGE>
        <SENTENCE id="s998" start="35807" end="35835"><TEXT>King-sized bed in a room .</TEXT><SPATIALINDICATOR id="S1573" start="15" end="17" text="in"/><TRAJECTOR id="T1573" start="0" end="14" text="King-sized bed"/><LANDMARK id="L1573" start="18" end="24" text="a room"/><RELATION id="SR1472" trajector_id="T1573" landmark_id="L1573" spatial_indicator_id="S1573" general_type="" specific_type="" RCC8_value="" FoR=""/></SENTENCE><SENTENCE id="s999" start="35835" end="35871"><TEXT>red and white chequered bedcover .</TEXT></SENTENCE><SENTENCE id="s1000" start="35871" end="35912"><TEXT>night tables on both sides of the bed .</TEXT><SPATIALINDICATOR id="S1576" start="13" end="15" text="on"/><TRAJECTOR id="T1576" start="0" end="12" text="night tables"/><LANDMARK id="L1576" start="16" end="37" text="both sides of the bed"/><RELATION id="SR1476" trajector_id="T1576" landmark_id="L1576" spatial_indicator_id="S1576" general_type="" specific_type="" RCC8_value="" FoR=""/></SENTENCE><SENTENCE id="s1001" start="35912" end="35944"><TEXT>walls are made of red bricks .</TEXT></SENTENCE><SENTENCE id="s1002" start="35944" end="35968"><TEXT>painting on the wall .</TEXT><SPATIALINDICATOR id="S1579" start="9" end="11" text="on"/><TRAJECTOR id="T1579" start="0" end="8" text="painting"/><LANDMARK id="L1579" start="12" end="20" text="the wall"/><RELATION id="SR1480" trajector_id="T1579" landmark_id="L1579" spatial_indicator_id="S1579" general_type="" specific_type="" RCC8_value="" FoR=""/></SENTENCE></SCENE>
    <SCENE>
        <DOCNO>annotations/01/1342.eng</DOCNO>
        <IMAGE>images/01/1342.jpg</IMAGE>
        <SENTENCE id="s1003" start="35968" end="36083"><TEXT>a narrow , long courtyard of a brown house with wooden doors , white door frames and many pictures on the walls .</TEXT><SPATIALINDICATOR id="S1583" start="99" end="101" text="on"/><TRAJECTOR id="T1583" start="85" end="98" text="many pictures"/><TRAJECTOR id="T1584" start="63" end="80" text="white door frames"/><LANDMARK id="L1585" start="102" end="111" text="the walls"/><RELATION id="SR1483" trajector_id="T1583" landmark_id="L1585" spatial_indicator_id="S1583" general_type="" specific_type="" RCC8_value="" FoR=""/><RELATION id="SR1484" trajector_id="T1584" landmark_id="L1585" spatial_indicator_id="S1583" general_type="" specific_type="" RCC8_value="" FoR=""/></SENTENCE><SENTENCE id="s1004" start="36083" end="36140"><TEXT>there are many plants , wooden chairs and flower pots .</TEXT></SENTENCE></SCENE>
    <SCENE>
        <DOCNO>annotations/01/1343.eng</DOCNO>
        <IMAGE>images/01/1343.jpg</IMAGE>
        <SENTENCE id="s1005" start="36140" end="36170"><TEXT>room with light grey walls .</TEXT></SENTENCE><SENTENCE id="s1006" start="36170" end="36270"><TEXT>king-sized bed made of wood , blue bedcover with white flowers , blue pillows with white flowers .</TEXT></SENTENCE><SENTENCE id="s1007" start="36270" end="36295"><TEXT>some stuff on the bed .</TEXT><SPATIALINDICATOR id="S1593" start="11" end="13" text="on"/><TRAJECTOR id="T1593" start="0" end="10" text="some stuff"/><LANDMARK id="L1593" start="14" end="21" text="the bed"/><RELATION id="SR1490" trajector_id="T1593" landmark_id="L1593" spatial_indicator_id="S1593" general_type="" specific_type="" RCC8_value="" FoR=""/></SENTENCE></SCENE>
    <SCENE>
        <DOCNO>annotations/01/1344.eng</DOCNO>
        <IMAGE>images/01/1344.jpg</IMAGE>
        <SENTENCE id="s1008" start="36295" end="36458"><TEXT>the courtyard of a white , two-storey building with red and brown rooftiles , a wooden balcony , rails and pillars and with many creeping and ornamental plants .</TEXT></SENTENCE></SCENE>
    <SCENE>
        <DOCNO>annotations/01/1345.eng</DOCNO>
        <IMAGE>images/01/1345.jpg</IMAGE>
        <SENTENCE id="s1009" start="36458" end="36560"><TEXT>a room with green and blue walls , a wooden bed with a wooden night table , a burning bedside lamp .</TEXT></SENTENCE><SENTENCE id="s1010" start="36560" end="36595"><TEXT>green and blue striped bedcover .</TEXT></SENTENCE></SCENE>
    <SCENE>
        <DOCNO>annotations/01/1346.eng</DOCNO>
        <IMAGE>images/01/1346.jpg</IMAGE>
        <SENTENCE id="s1011" start="36595" end="36663"><TEXT>Orange house surrounded by palm trees and bushes next to a river .</TEXT><SPATIALINDICATOR id="S1602" start="49" end="56" text="next to"/><TRAJECTOR id="T1602" start="42" end="48" text="bushes"/><LANDMARK id="L1602" start="57" end="64" text="a river"/><RELATION id="SR1496" trajector_id="T1602" landmark_id="L1602" spatial_indicator_id="S1602" general_type="" specific_type="" RCC8_value="" FoR=""/><SPATIALINDICATOR id="S1603" start="24" end="26" text="by"/><TRAJECTOR id="T1603" start="0" end="12" text="Orange house"/><LANDMARK id="L1603" start="27" end="37" text="palm trees"/><LANDMARK id="L1604" start="42" end="48" text="bushes"/><RELATION id="SR1498" trajector_id="T1603" landmark_id="L1603" spatial_indicator_id="S1603" general_type="" specific_type="" RCC8_value="" FoR=""/><RELATION id="SR1499" trajector_id="T1603" landmark_id="L1604" spatial_indicator_id="S1603" general_type="" specific_type="" RCC8_value="" FoR=""/></SENTENCE></SCENE>
    <SCENE>
        <DOCNO>annotations/01/1347.eng</DOCNO>
        <IMAGE>images/01/1347.jpg</IMAGE>
        <SENTENCE id="s1012" start="36663" end="36785"><TEXT>Room with wooden walls , one wooden bed with two pillows and white and green bedcovers with red and blue flowers on it .</TEXT><SPATIALINDICATOR id="S1608" start="113" end="115" text="on"/><TRAJECTOR id="T1608" start="61" end="86" text="white and green bedcovers"/><TRAJECTOR id="T1609" start="92" end="112" text="red and blue flowers"/><LANDMARK id="L1610" start="116" end="118" text="it"/><RELATION id="SR1502" trajector_id="T1608" landmark_id="L1610" spatial_indicator_id="S1608" general_type="" specific_type="" RCC8_value="" FoR=""/><RELATION id="SR1503" trajector_id="T1609" landmark_id="L1610" spatial_indicator_id="S1608" general_type="" specific_type="" RCC8_value="" FoR=""/></SENTENCE></SCENE>
    <SCENE>
        <DOCNO>annotations/01/1348.eng</DOCNO>
        <IMAGE>images/01/1348.jpg</IMAGE>
        <SENTENCE id="s1013" start="36785" end="36833"><TEXT>Cobbled street , greenish hotel on the right .</TEXT><SPATIALINDICATOR id="S1615" start="32" end="44" text="on the right"/><TRAJECTOR id="T1615" start="17" end="31" text="greenish hotel"/><TRAJECTOR id="T1616" start="0" end="14" text="Cobbled street"/><LANDMARK id="L1617" start="-1" end="-1"/><RELATION id="SR1506" trajector_id="T1615" landmark_id="L1617" spatial_indicator_id="S1615" general_type="" specific_type="" RCC8_value="" FoR=""/><RELATION id="SR1507" trajector_id="T1616" landmark_id="L1617" spatial_indicator_id="S1615" general_type="" specific_type="" RCC8_value="" FoR=""/></SENTENCE><SENTENCE id="s1014" start="36833" end="36865"><TEXT>a few people on the sidewalk .</TEXT><SPATIALINDICATOR id="S1619" start="13" end="15" text="on"/><TRAJECTOR id="T1619" start="0" end="12" text="a few people"/><LANDMARK id="L1619" start="16" end="28" text="the sidewalk"/><RELATION id="SR1510" trajector_id="T1619" landmark_id="L1619" spatial_indicator_id="S1619" general_type="" specific_type="" RCC8_value="" FoR=""/></SENTENCE><SENTENCE id="s1015" start="36865" end="36886"><TEXT>car in the street .</TEXT><SPATIALINDICATOR id="S1621" start="4" end="6" text="in"/><TRAJECTOR id="T1621" start="0" end="3" text="car"/><LANDMARK id="L1621" start="7" end="17" text="the street"/><RELATION id="SR1513" trajector_id="T1621" landmark_id="L1621" spatial_indicator_id="S1621" general_type="" specific_type="" RCC8_value="" FoR=""/></SENTENCE></SCENE>
    <SCENE>
        <DOCNO>annotations/01/1349.eng</DOCNO>
        <IMAGE>images/01/1349.jpg</IMAGE>
        <SENTENCE id="s1016" start="36886" end="36911"><TEXT>Courtyard with bushes .</TEXT></SENTENCE><SENTENCE id="s1017" start="36911" end="36987"><TEXT>buildings with wooden poles and wooden windows are to the left and right .</TEXT></SENTENCE></SCENE>
    <SCENE>
        <DOCNO>annotations/01/1350.eng</DOCNO>
        <IMAGE>images/01/1350.jpg</IMAGE>
        <SENTENCE id="s1018" start="36987" end="37060"><TEXT>a room with one king-sized bed and one single bed , both made of wood .</TEXT></SENTENCE><SENTENCE id="s1019" start="37060" end="37086"><TEXT>night table in between .</TEXT></SENTENCE><SENTENCE id="s1020" start="37086" end="37101"><TEXT>white walls .</TEXT></SENTENCE></SCENE>
    <SCENE>
        <DOCNO>annotations/01/1351.eng</DOCNO>
        <IMAGE>images/01/1351.jpg</IMAGE>
        <SENTENCE id="s1021" start="37101" end="37219"><TEXT>Room with four single beds made of wood ( two of them fully visible ) with light and dark orange striped bedcovers .</TEXT></SENTENCE><SENTENCE id="s1022" start="37219" end="37246"><TEXT>night table with a lamp .</TEXT></SENTENCE></SCENE>
    <SCENE>
        <DOCNO>annotations/01/1352.eng</DOCNO>
        <IMAGE>images/01/1352.jpg</IMAGE>
        <SENTENCE id="s1023" start="37246" end="37328"><TEXT>Two single beds , made of wood , painted white , with red and orange bedcovers .</TEXT></SENTENCE><SENTENCE id="s1024" start="37328" end="37355"><TEXT>white door on the right .</TEXT><SPATIALINDICATOR id="S1642" start="11" end="23" text="on the right"/><TRAJECTOR id="T1642" start="0" end="10" text="white door"/><LANDMARK id="L1642" start="-1" end="-1"/><RELATION id="SR1524" trajector_id="T1642" landmark_id="L1642" spatial_indicator_id="S1642" general_type="" specific_type="" RCC8_value="" FoR=""/></SENTENCE><SENTENCE id="s1025" start="37355" end="37395"><TEXT>window with red curtains on the left .</TEXT><SPATIALINDICATOR id="S1644" start="25" end="36" text="on the left"/><TRAJECTOR id="T1644" start="12" end="24" text="red curtains"/><TRAJECTOR id="T1645" start="0" end="6" text="window"/><LANDMARK id="L1646" start="-1" end="-1"/><RELATION id="SR1527" trajector_id="T1644" landmark_id="L1646" spatial_indicator_id="S1644" general_type="" specific_type="" RCC8_value="" FoR=""/><RELATION id="SR1528" trajector_id="T1645" landmark_id="L1646" spatial_indicator_id="S1644" general_type="" specific_type="" RCC8_value="" FoR=""/></SENTENCE><SENTENCE id="s1026" start="37395" end="37411"><TEXT>burning lamp .</TEXT></SENTENCE></SCENE>
    <SCENE>
        <DOCNO>annotations/01/1353.eng</DOCNO>
        <IMAGE>images/01/1353.jpg</IMAGE>
        <SENTENCE id="s1027" start="37411" end="37443"><TEXT>White , three story building .</TEXT></SENTENCE><SENTENCE id="s1028" start="37443" end="37456"><TEXT>flat roof .</TEXT></SENTENCE><SENTENCE id="s1029" start="37456" end="37483"><TEXT>upper level has balcony .</TEXT></SENTENCE><SENTENCE id="s1030" start="37483" end="37512"><TEXT>wooden roof over entrance .</TEXT><SPATIALINDICATOR id="S1657" start="12" end="16" text="over"/><TRAJECTOR id="T1657" start="0" end="11" text="wooden roof"/><LANDMARK id="L1657" start="17" end="25" text="entrance"/><RELATION id="SR1535" trajector_id="T1657" landmark_id="L1657" spatial_indicator_id="S1657" general_type="" specific_type="" RCC8_value="" FoR=""/></SENTENCE><SENTENCE id="s1031" start="37512" end="37529"><TEXT>large windows .</TEXT></SENTENCE></SCENE>
    <SCENE>
        <DOCNO>annotations/01/1354.eng</DOCNO>
        <IMAGE>images/01/1354.jpg</IMAGE>
        <SENTENCE id="s1032" start="37529" end="37608"><TEXT>Courtyard with a swimming pool , plastic charis and tables and one umbrella .</TEXT></SENTENCE><SENTENCE id="s1033" start="37608" end="37633"><TEXT>palm tree on the left .</TEXT><SPATIALINDICATOR id="S1664" start="10" end="21" text="on the left"/><TRAJECTOR id="T1664" start="0" end="9" text="palm tree"/><LANDMARK id="L1664" start="-1" end="-1"/><RELATION id="SR1540" trajector_id="T1664" landmark_id="L1664" spatial_indicator_id="S1664" general_type="" specific_type="" RCC8_value="" FoR=""/></SENTENCE><SENTENCE id="s1034" start="37633" end="37658"><TEXT>kid in the background .</TEXT><SPATIALINDICATOR id="S1666" start="4" end="6" text="in"/><TRAJECTOR id="T1666" start="0" end="3" text="kid"/><LANDMARK id="L1666" start="7" end="21" text="the background"/><RELATION id="SR1543" trajector_id="T1666" landmark_id="L1666" spatial_indicator_id="S1666" general_type="" specific_type="" RCC8_value="" FoR=""/></SENTENCE></SCENE>
    <SCENE>
        <DOCNO>annotations/01/1355.eng</DOCNO>
        <IMAGE>images/01/1355.jpg</IMAGE>
        <SENTENCE id="s1035" start="37658" end="37742"><TEXT>a grey car in front of a three-storey building with white walls and wide windows .</TEXT><SPATIALINDICATOR id="S1670" start="11" end="22" text="in front of"/><TRAJECTOR id="T1670" start="0" end="10" text="a grey car"/><LANDMARK id="L1670" start="23" end="46" text="a three-storey building"/><RELATION id="SR1546" trajector_id="T1670" landmark_id="L1670" spatial_indicator_id="S1670" general_type="" specific_type="" RCC8_value="" FoR=""/></SENTENCE><SENTENCE id="s1036" start="37742" end="37860"><TEXT>there is a thatched roof above the entrance on the ground floor , and there are a few people in front of the house .</TEXT><SPATIALINDICATOR id="S1672" start="44" end="46" text="on"/><TRAJECTOR id="T1672" start="31" end="43" text="the entrance"/><LANDMARK id="L1672" start="47" end="63" text="the ground floor"/><RELATION id="SR1549" trajector_id="T1672" landmark_id="L1672" spatial_indicator_id="S1672" general_type="" specific_type="" RCC8_value="" FoR=""/><SPATIALINDICATOR id="S1673" start="25" end="30" text="above"/><TRAJECTOR id="T1673" start="9" end="24" text="a thatched roof"/><LANDMARK id="L1673" start="31" end="43" text="the entrance"/><RELATION id="SR1551" trajector_id="T1673" landmark_id="L1673" spatial_indicator_id="S1673" general_type="" specific_type="" RCC8_value="" FoR=""/><SPATIALINDICATOR id="S1674" start="93" end="104" text="in front of"/><TRAJECTOR id="T1674" start="80" end="92" text="a few people"/><LANDMARK id="L1674" start="105" end="114" text="the house"/><RELATION id="SR1553" trajector_id="T1674" landmark_id="L1674" spatial_indicator_id="S1674" general_type="" specific_type="" RCC8_value="" FoR=""/></SENTENCE></SCENE>
    <SCENE>
        <DOCNO>annotations/01/1356.eng</DOCNO>
        <IMAGE>images/01/1356.jpg</IMAGE>
        <SENTENCE id="s1037" start="37860" end="37967"><TEXT>front view of a house with blue window frames , broad windows , trees and benches in front of the house .</TEXT><SPATIALINDICATOR id="S1677" start="82" end="93" text="in front of"/><TRAJECTOR id="T1677" start="74" end="81" text="benches"/><TRAJECTOR id="T1678" start="48" end="61" text="broad windows"/><TRAJECTOR id="T1679" start="64" end="69" text="trees"/><LANDMARK id="L1680" start="94" end="103" text="the house"/><RELATION id="SR1556" trajector_id="T1677" landmark_id="L1680" spatial_indicator_id="S1677" general_type="" specific_type="" RCC8_value="" FoR=""/><RELATION id="SR1557" trajector_id="T1678" landmark_id="L1680" spatial_indicator_id="S1677" general_type="" specific_type="" RCC8_value="" FoR=""/><RELATION id="SR1558" trajector_id="T1679" landmark_id="L1680" spatial_indicator_id="S1677" general_type="" specific_type="" RCC8_value="" FoR=""/></SENTENCE></SCENE>
    <SCENE>
        <DOCNO>annotations/01/1357.eng</DOCNO>
        <IMAGE>images/01/1357.jpg</IMAGE>
        <SENTENCE id="s1038" start="37967" end="38157"><TEXT>a room with walls painted in green and red , a double bed with a light and dark brown striped blanket , a night table with a lamp on the left and a door and two windows in the background .</TEXT><SPATIALINDICATOR id="S1683" start="169" end="171" text="in"/><TRAJECTOR id="T1683" start="157" end="168" text="two windows"/><TRAJECTOR id="T1684" start="146" end="152" text="a door"/><LANDMARK id="L1685" start="172" end="186" text="the background"/><RELATION id="SR1561" trajector_id="T1683" landmark_id="L1685" spatial_indicator_id="S1683" general_type="" specific_type="" RCC8_value="" FoR=""/><RELATION id="SR1562" trajector_id="T1684" landmark_id="L1685" spatial_indicator_id="S1683" general_type="" specific_type="" RCC8_value="" FoR=""/><SPATIALINDICATOR id="S1686" start="130" end="141" text="on the left"/><TRAJECTOR id="T1686" start="146" end="152" text="a door"/><TRAJECTOR id="T1687" start="123" end="129" text="a lamp"/><TRAJECTOR id="T1688" start="104" end="117" text="a night table"/><LANDMARK id="L1689" start="-1" end="-1"/><RELATION id="SR1564" trajector_id="T1686" landmark_id="L1689" spatial_indicator_id="S1686" general_type="" specific_type="" RCC8_value="" FoR=""/><RELATION id="SR1565" trajector_id="T1687" landmark_id="L1689" spatial_indicator_id="S1686" general_type="" specific_type="" RCC8_value="" FoR=""/><RELATION id="SR1566" trajector_id="T1688" landmark_id="L1689" spatial_indicator_id="S1686" general_type="" specific_type="" RCC8_value="" FoR=""/><SPATIALINDICATOR id="S1690" start="26" end="28" text="in"/><TRAJECTOR id="T1690" start="12" end="17" text="walls"/><TRAJECTOR id="T1691" start="0" end="6" text="a room"/></SENTENCE></SCENE>
    <SCENE>
        <DOCNO>annotations/01/1358.eng</DOCNO>
        <IMAGE>images/01/1358.jpg</IMAGE>
        <SENTENCE id="s1039" start="38157" end="38356"><TEXT>a multi-storey frame house on the left , a snowcovered mountain in the background on the right behind a couple of trees , and in the foreground a wall decorated with flowers , a garden and a lawn .</TEXT><SPATIALINDICATOR id="S1695" start="64" end="66" text="in"/><TRAJECTOR id="T1695" start="41" end="63" text="a snowcovered mountain"/><LANDMARK id="L1695" start="67" end="81" text="the background"/><RELATION id="SR1571" trajector_id="T1695" landmark_id="L1695" spatial_indicator_id="S1695" general_type="" specific_type="" RCC8_value="" FoR=""/><SPATIALINDICATOR id="S1696" start="126" end="128" text="in"/><TRAJECTOR id="T1696" start="102" end="119" text="a couple of trees"/><LANDMARK id="L1696" start="129" end="143" text="the foreground"/><RELATION id="SR1573" trajector_id="T1696" landmark_id="L1696" spatial_indicator_id="S1696" general_type="" specific_type="" RCC8_value="" FoR=""/><SPATIALINDICATOR id="S1697" start="27" end="38" text="on the left"/><TRAJECTOR id="T1697" start="0" end="26" text="a multi-storey frame house"/><TRAJECTOR id="T1698" start="41" end="63" text="a snowcovered mountain"/><TRAJECTOR id="T1699" start="129" end="143" text="the foreground"/><LANDMARK id="L1700" start="-1" end="-1"/><RELATION id="SR1575" trajector_id="T1697" landmark_id="L1700" spatial_indicator_id="S1697" general_type="" specific_type="" RCC8_value="" FoR=""/><RELATION id="SR1576" trajector_id="T1698" landmark_id="L1700" spatial_indicator_id="S1697" general_type="" specific_type="" RCC8_value="" FoR=""/><RELATION id="SR1577" trajector_id="T1699" landmark_id="L1700" spatial_indicator_id="S1697" general_type="" specific_type="" RCC8_value="" FoR=""/><SPATIALINDICATOR id="S1701" start="82" end="94" text="on the right"/><TRAJECTOR id="T1701" start="67" end="81" text="the background"/><LANDMARK id="L1701" start="-1" end="-1"/><RELATION id="SR1579" trajector_id="T1701" landmark_id="L1701" spatial_indicator_id="S1701" general_type="" specific_type="" RCC8_value="" FoR=""/></SENTENCE></SCENE>
    <SCENE>
        <DOCNO>annotations/01/1360.eng</DOCNO>
        <IMAGE>images/01/1360.jpg</IMAGE>
        <SENTENCE id="s1040" start="38356" end="38546"><TEXT>a yellow house with a thatched roof on the left , a hut with a thatched roof on the right , and in front of them a footpath to a hot spring pool which is surrounded by stones and flowers .</TEXT><SPATIALINDICATOR id="S1705" start="165" end="167" text="by"/><TRAJECTOR id="T1705" start="127" end="144" text="a hot spring pool"/><LANDMARK id="L1705" start="168" end="174" text="stones"/><LANDMARK id="L1706" start="179" end="186" text="flowers"/><RELATION id="SR1582" trajector_id="T1705" landmark_id="L1705" spatial_indicator_id="S1705" general_type="" specific_type="" RCC8_value="" FoR=""/><RELATION id="SR1583" trajector_id="T1705" landmark_id="L1706" spatial_indicator_id="S1705" general_type="" specific_type="" RCC8_value="" FoR=""/><SPATIALINDICATOR id="S1708" start="36" end="47" text="on the left"/><TRAJECTOR id="T1708" start="0" end="14" text="a yellow house"/><TRAJECTOR id="T1709" start="20" end="35" text="a thatched roof"/><LANDMARK id="L1711" start="-1" end="-1"/><RELATION id="SR1585" trajector_id="T1708" landmark_id="L1711" spatial_indicator_id="S1708" general_type="" specific_type="" RCC8_value="" FoR=""/><RELATION id="SR1586" trajector_id="T1709" landmark_id="L1711" spatial_indicator_id="S1708" general_type="" specific_type="" RCC8_value="" FoR=""/><SPATIALINDICATOR id="S1712" start="77" end="89" text="on the right"/><TRAJECTOR id="T1712" start="50" end="55" text="a hut"/><TRAJECTOR id="T1713" start="61" end="76" text="a thatched roof"/><LANDMARK id="L1714" start="-1" end="-1"/><RELATION id="SR1588" trajector_id="T1712" landmark_id="L1714" spatial_indicator_id="S1712" general_type="" specific_type="" RCC8_value="" FoR=""/><RELATION id="SR1589" trajector_id="T1713" landmark_id="L1714" spatial_indicator_id="S1712" general_type="" specific_type="" RCC8_value="" FoR=""/></SENTENCE><SENTENCE id="s1041" start="38546" end="38587"><TEXT>meadows and forests in the background .</TEXT><SPATIALINDICATOR id="S1716" start="20" end="22" text="in"/><TRAJECTOR id="T1716" start="12" end="19" text="forests"/><TRAJECTOR id="T1717" start="0" end="7" text="meadows"/><LANDMARK id="L1718" start="23" end="37" text="the background"/><RELATION id="SR1592" trajector_id="T1716" landmark_id="L1718" spatial_indicator_id="S1716" general_type="" specific_type="" RCC8_value="" FoR=""/><RELATION id="SR1593" trajector_id="T1717" landmark_id="L1718" spatial_indicator_id="S1716" general_type="" specific_type="" RCC8_value="" FoR=""/></SENTENCE></SCENE>
    <SCENE>
        <DOCNO>annotations/01/1361.eng</DOCNO>
        <IMAGE>images/01/1361.jpg</IMAGE>
        <SENTENCE id="s1042" start="38587" end="38721"><TEXT>a white house with two large windows with wooden frames , two wooden pillars at the terrace with wooden benches and a wooden table .</TEXT><SPATIALINDICATOR id="S1722" start="77" end="79" text="at"/><TRAJECTOR id="T1722" start="58" end="76" text="two wooden pillars"/><LANDMARK id="L1722" start="80" end="91" text="the terrace"/><RELATION id="SR1596" trajector_id="T1722" landmark_id="L1722" spatial_indicator_id="S1722" general_type="" specific_type="" RCC8_value="" FoR=""/></SENTENCE><SENTENCE id="s1043" start="38721" end="38775"><TEXT>there are mountains in the background on the right .</TEXT><SPATIALINDICATOR id="S1724" start="20" end="22" text="in"/><TRAJECTOR id="T1724" start="10" end="19" text="mountains"/><LANDMARK id="L1724" start="23" end="37" text="the background"/><RELATION id="SR1599" trajector_id="T1724" landmark_id="L1724" spatial_indicator_id="S1724" general_type="" specific_type="" RCC8_value="" FoR=""/><SPATIALINDICATOR id="S1725" start="38" end="50" text="on the right"/><TRAJECTOR id="T1725" start="23" end="37" text="the background"/><LANDMARK id="L1725" start="-1" end="-1"/><RELATION id="SR1601" trajector_id="T1725" landmark_id="L1725" spatial_indicator_id="S1725" general_type="" specific_type="" RCC8_value="" FoR=""/></SENTENCE></SCENE>
    <SCENE>
        <DOCNO>annotations/01/1362.eng</DOCNO>
        <IMAGE>images/01/1362.jpg</IMAGE>
        <SENTENCE id="s1044" start="38775" end="38941"><TEXT>a woman in a room with white walls , a bunk bed made of wood on the left , another single bed on the right and a broad window with a wooden frame behind the woman .</TEXT><SPATIALINDICATOR id="S1728" start="8" end="10" text="in"/><TRAJECTOR id="T1728" start="0" end="7" text="a woman"/><LANDMARK id="L1728" start="11" end="17" text="a room"/><RELATION id="SR1604" trajector_id="T1728" landmark_id="L1728" spatial_indicator_id="S1728" general_type="" specific_type="" RCC8_value="" FoR=""/><SPATIALINDICATOR id="S1729" start="146" end="152" text="behind"/><TRAJECTOR id="T1729" start="131" end="145" text="a wooden frame"/><TRAJECTOR id="T1730" start="111" end="125" text="a broad window"/><LANDMARK id="L1731" start="153" end="162" text="the woman"/><RELATION id="SR1606" trajector_id="T1729" landmark_id="L1731" spatial_indicator_id="S1729" general_type="" specific_type="" RCC8_value="" FoR=""/><RELATION id="SR1607" trajector_id="T1730" landmark_id="L1731" spatial_indicator_id="S1729" general_type="" specific_type="" RCC8_value="" FoR=""/><SPATIALINDICATOR id="S1732" start="61" end="72" text="on the left"/><TRAJECTOR id="T1732" start="56" end="60" text="wood"/><LANDMARK id="L1732" start="-1" end="-1"/><RELATION id="SR1609" trajector_id="T1732" landmark_id="L1732" spatial_indicator_id="S1732" general_type="" specific_type="" RCC8_value="" FoR=""/><SPATIALINDICATOR id="S1733" start="94" end="106" text="on the right"/><TRAJECTOR id="T1733" start="75" end="93" text="another single bed"/><TRAJECTOR id="T1734" start="111" end="125" text="a broad window"/><LANDMARK id="L1735" start="-1" end="-1"/><RELATION id="SR1611" trajector_id="T1733" landmark_id="L1735" spatial_indicator_id="S1733" general_type="" specific_type="" RCC8_value="" FoR=""/><RELATION id="SR1612" trajector_id="T1734" landmark_id="L1735" spatial_indicator_id="S1733" general_type="" specific_type="" RCC8_value="" FoR=""/></SENTENCE></SCENE>
    <SCENE>
        <DOCNO>annotations/01/1365.eng</DOCNO>
        <IMAGE>images/01/1365.jpg</IMAGE>
        <SENTENCE id="s1045" start="38941" end="39033"><TEXT>view of a jungle lodge with a thatched roof and a very dense jungle vegetation around it .</TEXT><SPATIALINDICATOR id="S1739" start="79" end="85" text="around"/><TRAJECTOR id="T1739" start="28" end="43" text="a thatched roof"/><TRAJECTOR id="T1740" start="55" end="78" text="dense jungle vegetation"/><LANDMARK id="L1741" start="86" end="88" text="it"/><RELATION id="SR1615" trajector_id="T1739" landmark_id="L1741" spatial_indicator_id="S1739" general_type="" specific_type="" RCC8_value="" FoR=""/><RELATION id="SR1616" trajector_id="T1740" landmark_id="L1741" spatial_indicator_id="S1739" general_type="" specific_type="" RCC8_value="" FoR=""/></SENTENCE><SENTENCE id="s1046" start="39033" end="39065"><TEXT>there are stairs on the left .</TEXT><SPATIALINDICATOR id="S1743" start="17" end="28" text="on the left"/><TRAJECTOR id="T1743" start="10" end="16" text="stairs"/><LANDMARK id="L1743" start="-1" end="-1"/><RELATION id="SR1619" trajector_id="T1743" landmark_id="L1743" spatial_indicator_id="S1743" general_type="" specific_type="" RCC8_value="" FoR=""/></SENTENCE></SCENE>
    <SCENE>
        <DOCNO>annotations/01/1367.eng</DOCNO>
        <IMAGE>images/01/1367.jpg</IMAGE>
        <SENTENCE id="s1047" start="39065" end="39284"><TEXT>two single beds with blue bedcovers , a night table each with lamps on both sides , a picture over each of the beds on the light brown wall , and a very wide window with white curtains in the background on the right .</TEXT><SPATIALINDICATOR id="S1747" start="185" end="187" text="in"/><TRAJECTOR id="T1747" start="170" end="184" text="white curtains"/><TRAJECTOR id="T1748" start="146" end="164" text="a very wide window"/><LANDMARK id="L1749" start="188" end="202" text="the background"/><RELATION id="SR1622" trajector_id="T1747" landmark_id="L1749" spatial_indicator_id="S1747" general_type="" specific_type="" RCC8_value="" FoR=""/><RELATION id="SR1623" trajector_id="T1748" landmark_id="L1749" spatial_indicator_id="S1747" general_type="" specific_type="" RCC8_value="" FoR=""/><SPATIALINDICATOR id="S1750" start="94" end="98" text="over"/><TRAJECTOR id="T1750" start="84" end="93" text="a picture"/><LANDMARK id="L1750" start="107" end="115" text="the beds"/><RELATION id="SR1625" trajector_id="T1750" landmark_id="L1750" spatial_indicator_id="S1750" general_type="" specific_type="" RCC8_value="" FoR=""/><SPATIALINDICATOR id="S1751" start="116" end="118" text="on"/><TRAJECTOR id="T1751" start="107" end="115" text="the beds"/><LANDMARK id="L1751" start="119" end="139" text="the light brown wall"/><RELATION id="SR1627" trajector_id="T1751" landmark_id="L1751" spatial_indicator_id="S1751" general_type="" specific_type="" RCC8_value="" FoR=""/><SPATIALINDICATOR id="S1752" start="68" end="70" text="on"/><TRAJECTOR id="T1752" start="62" end="67" text="lamps"/><LANDMARK id="L1752" start="71" end="81" text="both sides"/><RELATION id="SR1629" trajector_id="T1752" landmark_id="L1752" spatial_indicator_id="S1752" general_type="" specific_type="" RCC8_value="" FoR=""/><SPATIALINDICATOR id="S1753" start="203" end="215" text="on the right"/><TRAJECTOR id="T1753" start="188" end="202" text="the background"/><LANDMARK id="L1753" start="-1" end="-1"/><RELATION id="SR1631" trajector_id="T1753" landmark_id="L1753" spatial_indicator_id="S1753" general_type="" specific_type="" RCC8_value="" FoR=""/></SENTENCE><SENTENCE id="s1048" start="39284" end="39308"><TEXT>wooden parquet floor .</TEXT></SENTENCE></SCENE>
    <SCENE>
        <DOCNO>annotations/01/1368.eng</DOCNO>
        <IMAGE>images/01/1368.jpg</IMAGE>
        <SENTENCE id="s1049" start="39308" end="39394"><TEXT>view of the upper level of a house with a wooden door , window , pillars and rails .</TEXT></SENTENCE><SENTENCE id="s1050" start="39394" end="39509"><TEXT>there are stairs on the left and a very dense vegetation on the right and more houses in the distant background .</TEXT><SPATIALINDICATOR id="S1759" start="86" end="88" text="in"/><TRAJECTOR id="T1759" start="74" end="85" text="more houses"/><LANDMARK id="L1759" start="89" end="111" text="the distant background"/><RELATION id="SR1636" trajector_id="T1759" landmark_id="L1759" spatial_indicator_id="S1759" general_type="" specific_type="" RCC8_value="" FoR=""/><SPATIALINDICATOR id="S1760" start="57" end="69" text="on the right"/><TRAJECTOR id="T1760" start="33" end="56" text="a very dense vegetation"/><LANDMARK id="L1760" start="-1" end="-1"/><RELATION id="SR1638" trajector_id="T1760" landmark_id="L1760" spatial_indicator_id="S1760" general_type="" specific_type="" RCC8_value="" FoR=""/><SPATIALINDICATOR id="S1761" start="17" end="28" text="on the left"/><TRAJECTOR id="T1761" start="10" end="16" text="stairs"/><TRAJECTOR id="T1762" start="33" end="56" text="a very dense vegetation"/><LANDMARK id="L1763" start="-1" end="-1"/><RELATION id="SR1640" trajector_id="T1761" landmark_id="L1763" spatial_indicator_id="S1761" general_type="" specific_type="" RCC8_value="" FoR=""/><RELATION id="SR1641" trajector_id="T1762" landmark_id="L1763" spatial_indicator_id="S1761" general_type="" specific_type="" RCC8_value="" FoR=""/></SENTENCE></SCENE>
    <SCENE>
        <DOCNO>annotations/01/1369.eng</DOCNO>
        <IMAGE>images/01/1369.jpg</IMAGE>
        <SENTENCE id="s1051" start="39509" end="39671"><TEXT>a room with a double bed made of dark wood , a blue and white chequered bedcover , white pillows , a door on the left , a fancy lamp and a fridge on the right .</TEXT><SPATIALINDICATOR id="S1766" start="106" end="117" text="on the left"/><TRAJECTOR id="T1766" start="99" end="105" text="a door"/><LANDMARK id="L1766" start="-1" end="-1"/><RELATION id="SR1644" trajector_id="T1766" landmark_id="L1766" spatial_indicator_id="S1766" general_type="" specific_type="" RCC8_value="" FoR=""/><SPATIALINDICATOR id="S1767" start="146" end="158" text="on the right"/><TRAJECTOR id="T1767" start="120" end="132" text="a fancy lamp"/><TRAJECTOR id="T1768" start="137" end="145" text="a fridge"/><LANDMARK id="L1769" start="-1" end="-1"/><RELATION id="SR1646" trajector_id="T1767" landmark_id="L1769" spatial_indicator_id="S1767" general_type="" specific_type="" RCC8_value="" FoR=""/><RELATION id="SR1647" trajector_id="T1768" landmark_id="L1769" spatial_indicator_id="S1767" general_type="" specific_type="" RCC8_value="" FoR=""/></SENTENCE></SCENE>
    <SCENE>
        <DOCNO>annotations/01/1370.eng</DOCNO>
        <IMAGE>images/01/1370.jpg</IMAGE>
        <SENTENCE id="s1052" start="39671" end="39841"><TEXT>front view of a white building with a street on the left , a wooden fence at the entrance at the front , three big windows and a big door and a little canopy above it .</TEXT><SPATIALINDICATOR id="S1773" start="74" end="76" text="at"/><TRAJECTOR id="T1773" start="59" end="73" text="a wooden fence"/><LANDMARK id="L1773" start="77" end="89" text="the entrance"/><RELATION id="SR1650" trajector_id="T1773" landmark_id="L1773" spatial_indicator_id="S1773" general_type="" specific_type="" RCC8_value="" FoR=""/><SPATIALINDICATOR id="S1774" start="90" end="92" text="at"/><TRAJECTOR id="T1774" start="77" end="89" text="the entrance"/><LANDMARK id="L1774" start="93" end="102" text="the front"/><RELATION id="SR1652" trajector_id="T1774" landmark_id="L1774" spatial_indicator_id="S1774" general_type="" specific_type="" RCC8_value="" FoR=""/><SPATIALINDICATOR id="S1775" start="158" end="163" text="above"/><TRAJECTOR id="T1775" start="127" end="137" text="a big door"/><TRAJECTOR id="T1776" start="142" end="157" text="a little canopy"/><TRAJECTOR id="T1777" start="105" end="122" text="three big windows"/><LANDMARK id="L1778" start="164" end="166" text="it"/><RELATION id="SR1654" trajector_id="T1775" landmark_id="L1778" spatial_indicator_id="S1775" general_type="" specific_type="" RCC8_value="" FoR=""/><RELATION id="SR1655" trajector_id="T1776" landmark_id="L1778" spatial_indicator_id="S1775" general_type="" specific_type="" RCC8_value="" FoR=""/><RELATION id="SR1656" trajector_id="T1777" landmark_id="L1778" spatial_indicator_id="S1775" general_type="" specific_type="" RCC8_value="" FoR=""/><SPATIALINDICATOR id="S1779" start="45" end="56" text="on the left"/><TRAJECTOR id="T1779" start="127" end="137" text="a big door"/><TRAJECTOR id="T1780" start="0" end="30" text="front view of a white building"/><TRAJECTOR id="T1781" start="105" end="122" text="three big windows"/><TRAJECTOR id="T1782" start="36" end="44" text="a street"/><LANDMARK id="L1783" start="-1" end="-1"/><RELATION id="SR1658" trajector_id="T1779" landmark_id="L1783" spatial_indicator_id="S1779" general_type="" specific_type="" RCC8_value="" FoR=""/><RELATION id="SR1659" trajector_id="T1780" landmark_id="L1783" spatial_indicator_id="S1779" general_type="" specific_type="" RCC8_value="" FoR=""/><RELATION id="SR1660" trajector_id="T1781" landmark_id="L1783" spatial_indicator_id="S1779" general_type="" specific_type="" RCC8_value="" FoR=""/><RELATION id="SR1661" trajector_id="T1782" landmark_id="L1783" spatial_indicator_id="S1779" general_type="" specific_type="" RCC8_value="" FoR=""/></SENTENCE><SENTENCE id="s1053" start="39841" end="39903"><TEXT>there are potted plants in front of the house on the right .</TEXT><SPATIALINDICATOR id="S1785" start="24" end="35" text="in front of"/><TRAJECTOR id="T1785" start="10" end="23" text="potted plants"/><LANDMARK id="L1785" start="36" end="45" text="the house"/><RELATION id="SR1664" trajector_id="T1785" landmark_id="L1785" spatial_indicator_id="S1785" general_type="" specific_type="" RCC8_value="" FoR=""/><SPATIALINDICATOR id="S1786" start="46" end="58" text="on the right"/><TRAJECTOR id="T1786" start="36" end="45" text="the house"/><LANDMARK id="L1786" start="-1" end="-1"/><RELATION id="SR1666" trajector_id="T1786" landmark_id="L1786" spatial_indicator_id="S1786" general_type="" specific_type="" RCC8_value="" FoR=""/></SENTENCE></SCENE>
    <SCENE>
        <DOCNO>annotations/01/1371.eng</DOCNO>
        <IMAGE>images/01/1371.jpg</IMAGE>
        <SENTENCE id="s1054" start="39903" end="39982"><TEXT>a double bed made of wood with pink and white striped pillows and bedcovers .</TEXT></SENTENCE><SENTENCE id="s1055" start="39982" end="40027"><TEXT>there is a shelf in the back on the right .</TEXT></SENTENCE><SENTENCE id="s1056" start="40027" end="40042"><TEXT>white walls .</TEXT></SENTENCE></SCENE>
    <SCENE>
        <DOCNO>annotations/01/1374.eng</DOCNO>
        <IMAGE>images/01/1374.jpg</IMAGE>
        <SENTENCE id="s1057" start="40042" end="40125"><TEXT>a room with white walls and an integrated double bed with a dark orange blanket .</TEXT></SENTENCE><SENTENCE id="s1058" start="40125" end="40171"><TEXT>there is a lampe on the wall above the bed .</TEXT><SPATIALINDICATOR id="S1797" start="29" end="34" text="above"/><TRAJECTOR id="T1797" start="20" end="28" text="the wall"/><LANDMARK id="L1797" start="35" end="42" text="the bed"/><RELATION id="SR1673" trajector_id="T1797" landmark_id="L1797" spatial_indicator_id="S1797" general_type="" specific_type="" RCC8_value="" FoR=""/><SPATIALINDICATOR id="S1798" start="17" end="19" text="on"/><TRAJECTOR id="T1798" start="9" end="16" text="a lampe"/><LANDMARK id="L1798" start="20" end="28" text="the wall"/><RELATION id="SR1675" trajector_id="T1798" landmark_id="L1798" spatial_indicator_id="S1798" general_type="" specific_type="" RCC8_value="" FoR=""/></SENTENCE></SCENE>
    <SCENE>
        <DOCNO>annotations/01/1375.eng</DOCNO>
        <IMAGE>images/01/1375.jpg</IMAGE>
        <SENTENCE id="s1059" start="40171" end="40245"><TEXT>front view of a yellow two-storey building with a hedge in front of it .</TEXT><SPATIALINDICATOR id="S1803" start="56" end="67" text="in front of"/><TRAJECTOR id="T1803" start="0" end="42" text="front view of a yellow two-storey building"/><TRAJECTOR id="T1804" start="48" end="55" text="a hedge"/><LANDMARK id="L1805" start="68" end="70" text="it"/><RELATION id="SR1678" trajector_id="T1803" landmark_id="L1805" spatial_indicator_id="S1803" general_type="" specific_type="" RCC8_value="" FoR=""/><RELATION id="SR1679" trajector_id="T1804" landmark_id="L1805" spatial_indicator_id="S1803" general_type="" specific_type="" RCC8_value="" FoR=""/></SENTENCE><SENTENCE id="s1060" start="40245" end="40303"><TEXT>the ground level has several arches with white columns .</TEXT></SENTENCE><SENTENCE id="s1061" start="40303" end="40436"><TEXT>behind it there is a higher white house , more houses in the background on the left , and the writing Hotel Real on the very left .</TEXT><SPATIALINDICATOR id="S1808" start="54" end="56" text="in"/><TRAJECTOR id="T1808" start="90" end="112" text="the writing Hotel Real"/><TRAJECTOR id="T1809" start="19" end="39" text="a higher white house"/><LANDMARK id="L1810" start="57" end="71" text="the background"/><RELATION id="SR1683" trajector_id="T1808" landmark_id="L1810" spatial_indicator_id="S1808" general_type="" specific_type="" RCC8_value="" FoR=""/><RELATION id="SR1684" trajector_id="T1809" landmark_id="L1810" spatial_indicator_id="S1808" general_type="" specific_type="" RCC8_value="" FoR=""/><SPATIALINDICATOR id="S1811" start="72" end="83" text="on the left"/><TRAJECTOR id="T1811" start="57" end="71" text="the background"/><LANDMARK id="L1811" start="-1" end="-1"/><RELATION id="SR1686" trajector_id="T1811" landmark_id="L1811" spatial_indicator_id="S1811" general_type="" specific_type="" RCC8_value="" FoR=""/></SENTENCE></SCENE>
    <SCENE>
        <DOCNO>annotations/01/1376.eng</DOCNO>
        <IMAGE>images/01/1376.jpg</IMAGE>
        <SENTENCE id="s1062" start="40436" end="40549"><TEXT>a room with a double bed , a carpet and a night table on the left , a painting above it and two burning lamps .</TEXT><SPATIALINDICATOR id="S1814" start="79" end="84" text="above"/><TRAJECTOR id="T1814" start="68" end="78" text="a painting"/><LANDMARK id="L1814" start="92" end="109" text="two burning lamps"/><LANDMARK id="L1815" start="85" end="87" text="it"/><RELATION id="SR1689" trajector_id="T1814" landmark_id="L1814" spatial_indicator_id="S1814" general_type="" specific_type="" RCC8_value="" FoR=""/><RELATION id="SR1690" trajector_id="T1814" landmark_id="L1815" spatial_indicator_id="S1814" general_type="" specific_type="" RCC8_value="" FoR=""/><SPATIALINDICATOR id="S1817" start="54" end="65" text="on the left"/><TRAJECTOR id="T1817" start="27" end="35" text="a carpet"/><TRAJECTOR id="T1818" start="40" end="53" text="a night table"/><LANDMARK id="L1819" start="-1" end="-1"/><RELATION id="SR1692" trajector_id="T1817" landmark_id="L1819" spatial_indicator_id="S1817" general_type="" specific_type="" RCC8_value="" FoR=""/><RELATION id="SR1693" trajector_id="T1818" landmark_id="L1819" spatial_indicator_id="S1817" general_type="" specific_type="" RCC8_value="" FoR=""/></SENTENCE></SCENE>
    <SCENE>
        <DOCNO>annotations/01/1377.eng</DOCNO>
        <IMAGE>images/01/1377.jpg</IMAGE>
        <SENTENCE id="s1063" start="40549" end="40695"><TEXT>front view of a light green house with a grey garage on the right , a white car in front of it and a round front with orange ornamental strips .</TEXT><SPATIALINDICATOR id="S1822" start="80" end="91" text="in front of"/><TRAJECTOR id="T1822" start="68" end="79" text="a white car"/><LANDMARK id="L1822" start="92" end="94" text="it"/><RELATION id="SR1696" trajector_id="T1822" landmark_id="L1822" spatial_indicator_id="S1822" general_type="" specific_type="" RCC8_value="" FoR=""/><SPATIALINDICATOR id="S1823" start="53" end="65" text="on the right"/><TRAJECTOR id="T1823" start="99" end="112" text="a round front"/><TRAJECTOR id="T1824" start="0" end="33" text="front view of a light green house"/><TRAJECTOR id="T1825" start="68" end="79" text="a white car"/><TRAJECTOR id="T1826" start="39" end="52" text="a grey garage"/><LANDMARK id="L1827" start="-1" end="-1"/><RELATION id="SR1698" trajector_id="T1823" landmark_id="L1827" spatial_indicator_id="S1823" general_type="" specific_type="" RCC8_value="" FoR=""/><RELATION id="SR1699" trajector_id="T1824" landmark_id="L1827" spatial_indicator_id="S1823" general_type="" specific_type="" RCC8_value="" FoR=""/><RELATION id="SR1700" trajector_id="T1825" landmark_id="L1827" spatial_indicator_id="S1823" general_type="" specific_type="" RCC8_value="" FoR=""/><RELATION id="SR1701" trajector_id="T1826" landmark_id="L1827" spatial_indicator_id="S1823" general_type="" specific_type="" RCC8_value="" FoR=""/></SENTENCE></SCENE>
    <SCENE>
        <DOCNO>annotations/01/1380.eng</DOCNO>
        <IMAGE>images/01/1380.jpg</IMAGE>
        <SENTENCE id="s1064" start="40695" end="40772"><TEXT>cars are parking in front of a dark orange house with small white columns .</TEXT><SPATIALINDICATOR id="S1831" start="17" end="28" text="in front of"/><TRAJECTOR id="T1831" start="0" end="4" text="cars"/><TRAJECTOR id="T1832" start="9" end="16" text="parking"/><LANDMARK id="L1833" start="29" end="48" text="a dark orange house"/><RELATION id="SR1704" trajector_id="T1831" landmark_id="L1833" spatial_indicator_id="S1831" general_type="" specific_type="" RCC8_value="" FoR=""/><RELATION id="SR1705" trajector_id="T1832" landmark_id="L1833" spatial_indicator_id="S1831" general_type="" specific_type="" RCC8_value="" FoR=""/></SENTENCE><SENTENCE id="s1065" start="40772" end="40825"><TEXT>there are three people at the red car on the left .</TEXT><SPATIALINDICATOR id="S1835" start="23" end="25" text="at"/><TRAJECTOR id="T1835" start="10" end="22" text="three people"/><LANDMARK id="L1835" start="26" end="37" text="the red car"/><RELATION id="SR1708" trajector_id="T1835" landmark_id="L1835" spatial_indicator_id="S1835" general_type="" specific_type="" RCC8_value="" FoR=""/><SPATIALINDICATOR id="S1836" start="38" end="49" text="on the left"/><TRAJECTOR id="T1836" start="26" end="37" text="the red car"/><LANDMARK id="L1836" start="-1" end="-1"/><RELATION id="SR1710" trajector_id="T1836" landmark_id="L1836" spatial_indicator_id="S1836" general_type="" specific_type="" RCC8_value="" FoR=""/></SENTENCE></SCENE>
    <SCENE>
        <DOCNO>annotations/01/1381.eng</DOCNO>
        <IMAGE>images/01/1381.jpg</IMAGE>
        <SENTENCE id="s1066" start="40825" end="40973"><TEXT>two single beds made of wood with white bedcovers in a room with a reddish brown wall on the left , a white wall behind the beds and white tiles .</TEXT><SPATIALINDICATOR id="S1839" start="113" end="119" text="behind"/><TRAJECTOR id="T1839" start="100" end="112" text="a white wall"/><LANDMARK id="L1839" start="120" end="128" text="the beds"/><LANDMARK id="L1840" start="133" end="144" text="white tiles"/><RELATION id="SR1713" trajector_id="T1839" landmark_id="L1839" spatial_indicator_id="S1839" general_type="" specific_type="" RCC8_value="" FoR=""/><RELATION id="SR1714" trajector_id="T1839" landmark_id="L1840" spatial_indicator_id="S1839" general_type="" specific_type="" RCC8_value="" FoR=""/><SPATIALINDICATOR id="S1842" start="86" end="97" text="on the left"/><TRAJECTOR id="T1842" start="65" end="85" text="a reddish brown wall"/><LANDMARK id="L1842" start="-1" end="-1"/><RELATION id="SR1716" trajector_id="T1842" landmark_id="L1842" spatial_indicator_id="S1842" general_type="" specific_type="" RCC8_value="" FoR=""/><LANDMARK id="L1843" start="53" end="59" text="a room"/><SPATIALINDICATOR id="S1843" start="50" end="52" text="in"/><TRAJECTOR id="T1843" start="34" end="49" text="white bedcovers"/><TRAJECTOR id="T1844" start="24" end="28" text="wood"/><RELATION id="SR1718" trajector_id="T1843" landmark_id="L1843" spatial_indicator_id="S1843" general_type="" specific_type="" RCC8_value="" FoR=""/><RELATION id="SR1719" trajector_id="T1844" landmark_id="L1843" spatial_indicator_id="S1843" general_type="" specific_type="" RCC8_value="" FoR=""/></SENTENCE></SCENE>
    <SCENE>
        <DOCNO>annotations/01/1382.eng</DOCNO>
        <IMAGE>images/01/1382.jpg</IMAGE>
        <SENTENCE id="s1067" start="40973" end="41180"><TEXT>a white high-rise building with 21 storeys , another three , brown high-rise buildings on the left , a tree and further houses behind it on the right , and a beach and a supporting wall in the foreground .</TEXT><SPATIALINDICATOR id="S1848" start="186" end="188" text="in"/><TRAJECTOR id="T1848" start="168" end="185" text="a supporting wall"/><TRAJECTOR id="T1849" start="156" end="163" text="a beach"/><LANDMARK id="L1850" start="189" end="203" text="the foreground"/><RELATION id="SR1723" trajector_id="T1848" landmark_id="L1850" spatial_indicator_id="S1848" general_type="" specific_type="" RCC8_value="" FoR=""/><RELATION id="SR1724" trajector_id="T1849" landmark_id="L1850" spatial_indicator_id="S1848" general_type="" specific_type="" RCC8_value="" FoR=""/><SPATIALINDICATOR id="S1851" start="127" end="133" text="behind"/><TRAJECTOR id="T1851" start="101" end="107" text="a tree"/><TRAJECTOR id="T1852" start="112" end="126" text="further houses"/><LANDMARK id="L1853" start="134" end="136" text="it"/><RELATION id="SR1726" trajector_id="T1851" landmark_id="L1853" spatial_indicator_id="S1851" general_type="" specific_type="" RCC8_value="" FoR=""/><RELATION id="SR1727" trajector_id="T1852" landmark_id="L1853" spatial_indicator_id="S1851" general_type="" specific_type="" RCC8_value="" FoR=""/><SPATIALINDICATOR id="S1854" start="87" end="98" text="on the left"/><TRAJECTOR id="T1854" start="61" end="86" text="brown high-rise buildings"/><LANDMARK id="L1854" start="-1" end="-1"/><RELATION id="SR1729" trajector_id="T1854" landmark_id="L1854" spatial_indicator_id="S1854" general_type="" specific_type="" RCC8_value="" FoR=""/><SPATIALINDICATOR id="S1855" start="137" end="149" text="on the right"/><TRAJECTOR id="T1855" start="134" end="136" text="it"/><LANDMARK id="L1855" start="-1" end="-1"/><RELATION id="SR1731" trajector_id="T1855" landmark_id="L1855" spatial_indicator_id="S1855" general_type="" specific_type="" RCC8_value="" FoR=""/></SENTENCE></SCENE>
    <SCENE>
        <DOCNO>annotations/01/1383.eng</DOCNO>
        <IMAGE>images/01/1383.jpg</IMAGE>
        <SENTENCE id="s1068" start="41180" end="41402"><TEXT>a room with blue and white walls , two single beds with blue and light brown bedcovers , a night table in between , two paintings above it , a wooden bar in the foreground and a white door in the background on the left .</TEXT><SPATIALINDICATOR id="S1858" start="154" end="156" text="in"/><TRAJECTOR id="T1858" start="141" end="153" text="a wooden bar"/><TRAJECTOR id="T1859" start="176" end="188" text="a white door"/><LANDMARK id="L1860" start="157" end="171" text="the foreground"/><RELATION id="SR1734" trajector_id="T1858" landmark_id="L1860" spatial_indicator_id="S1858" general_type="" specific_type="" RCC8_value="" FoR=""/><RELATION id="SR1735" trajector_id="T1859" landmark_id="L1860" spatial_indicator_id="S1858" general_type="" specific_type="" RCC8_value="" FoR=""/><SPATIALINDICATOR id="S1861" start="189" end="191" text="in"/><TRAJECTOR id="T1861" start="176" end="188" text="a white door"/><LANDMARK id="L1861" start="192" end="206" text="the background"/><RELATION id="SR1737" trajector_id="T1861" landmark_id="L1861" spatial_indicator_id="S1861" general_type="" specific_type="" RCC8_value="" FoR=""/><SPATIALINDICATOR id="S1862" start="103" end="113" text="in between"/><TRAJECTOR id="T1862" start="89" end="102" text="a night table"/><LANDMARK id="L1862" start="116" end="129" text="two paintings"/><RELATION id="SR1739" trajector_id="T1862" landmark_id="L1862" spatial_indicator_id="S1862" general_type="" specific_type="" RCC8_value="" FoR=""/><SPATIALINDICATOR id="S1863" start="130" end="135" text="above"/><TRAJECTOR id="T1863" start="116" end="129" text="two paintings"/><LANDMARK id="L1863" start="136" end="138" text="it"/><RELATION id="SR1741" trajector_id="T1863" landmark_id="L1863" spatial_indicator_id="S1863" general_type="" specific_type="" RCC8_value="" FoR=""/><SPATIALINDICATOR id="S1864" start="207" end="218" text="on the left"/><TRAJECTOR id="T1864" start="192" end="206" text="the background"/><LANDMARK id="L1864" start="-1" end="-1"/><RELATION id="SR1743" trajector_id="T1864" landmark_id="L1864" spatial_indicator_id="S1864" general_type="" specific_type="" RCC8_value="" FoR=""/></SENTENCE></SCENE>
    <SCENE>
        <DOCNO>annotations/01/1384.eng</DOCNO>
        <IMAGE>images/01/1384.jpg</IMAGE>
        <SENTENCE id="s1069" start="41402" end="41520"><TEXT>a slightly underexposed , white bungalow with a high palm tree in front of it and with trees to the left and right .</TEXT><SPATIALINDICATOR id="S1867" start="63" end="74" text="in front of"/><TRAJECTOR id="T1867" start="46" end="62" text="a high palm tree"/><TRAJECTOR id="T1868" start="26" end="40" text="white bungalow"/><LANDMARK id="L1869" start="75" end="77" text="it"/><RELATION id="SR1746" trajector_id="T1867" landmark_id="L1869" spatial_indicator_id="S1867" general_type="" specific_type="" RCC8_value="" FoR=""/><RELATION id="SR1747" trajector_id="T1868" landmark_id="L1869" spatial_indicator_id="S1867" general_type="" specific_type="" RCC8_value="" FoR=""/></SENTENCE></SCENE>
    <SCENE>
        <DOCNO>annotations/01/1385.eng</DOCNO>
        <IMAGE>images/01/1385.jpg</IMAGE>
        <SENTENCE id="s1070" start="41520" end="41660"><TEXT>a double and a single bed with mainly blue and yellow bedcovers in a room with white walls and dark brown ornamental strips made of wood .</TEXT><SPATIALINDICATOR id="S1872" start="64" end="66" text="in"/><TRAJECTOR id="T1872" start="38" end="63" text="blue and yellow bedcovers"/><LANDMARK id="L1872" start="67" end="73" text="a room"/><RELATION id="SR1750" trajector_id="T1872" landmark_id="L1872" spatial_indicator_id="S1872" general_type="" specific_type="" RCC8_value="" FoR=""/></SENTENCE></SCENE>
    <SCENE>
        <DOCNO>annotations/01/1386.eng</DOCNO>
        <IMAGE>images/01/1386.jpg</IMAGE>
        <SENTENCE id="s1071" start="41660" end="41717"><TEXT>corner view of a house with a big writing Hotel Royal .</TEXT></SENTENCE><SENTENCE id="s1072" start="41717" end="41815"><TEXT>there is a travel agency ( VASP ) on the ground level , and there are power lines on the right .</TEXT><SPATIALINDICATOR id="S1877" start="34" end="36" text="on"/><TRAJECTOR id="T1877" start="9" end="24" text="a travel agency"/><TRAJECTOR id="T1878" start="27" end="31" text="VASP"/><LANDMARK id="L1879" start="37" end="53" text="the ground level"/><RELATION id="SR1754" trajector_id="T1877" landmark_id="L1879" spatial_indicator_id="S1877" general_type="" specific_type="" RCC8_value="" FoR=""/><RELATION id="SR1755" trajector_id="T1878" landmark_id="L1879" spatial_indicator_id="S1877" general_type="" specific_type="" RCC8_value="" FoR=""/><SPATIALINDICATOR id="S1880" start="82" end="94" text="on the right"/><TRAJECTOR id="T1880" start="70" end="81" text="power lines"/><LANDMARK id="L1880" start="-1" end="-1"/><RELATION id="SR1757" trajector_id="T1880" landmark_id="L1880" spatial_indicator_id="S1880" general_type="" specific_type="" RCC8_value="" FoR=""/></SENTENCE></SCENE>
    <SCENE>
        <DOCNO>annotations/01/1387.eng</DOCNO>
        <IMAGE>images/01/1387.jpg</IMAGE>
        <SENTENCE id="s1073" start="41815" end="42000"><TEXT>a room with two double beds and a night table with a lamp and a phone in between , a painting above it on the white wall , a light blue ornamental strip and a dark green on the left .</TEXT><SPATIALINDICATOR id="S1883" start="70" end="80" text="in between"/><TRAJECTOR id="T1883" start="62" end="69" text="a phone"/><LANDMARK id="L1883" start="83" end="93" text="a painting"/><RELATION id="SR1760" trajector_id="T1883" landmark_id="L1883" spatial_indicator_id="S1883" general_type="" specific_type="" RCC8_value="" FoR=""/><SPATIALINDICATOR id="S1884" start="94" end="99" text="above"/><TRAJECTOR id="T1884" start="83" end="93" text="a painting"/><LANDMARK id="L1884" start="100" end="102" text="it"/><RELATION id="SR1762" trajector_id="T1884" landmark_id="L1884" spatial_indicator_id="S1884" general_type="" specific_type="" RCC8_value="" FoR=""/><SPATIALINDICATOR id="S1885" start="103" end="105" text="on"/><TRAJECTOR id="T1885" start="100" end="102" text="it"/><LANDMARK id="L1885" start="106" end="120" text="the white wall"/><RELATION id="SR1764" trajector_id="T1885" landmark_id="L1885" spatial_indicator_id="S1885" general_type="" specific_type="" RCC8_value="" FoR=""/><SPATIALINDICATOR id="S1886" start="170" end="181" text="on the left"/><TRAJECTOR id="T1886" start="125" end="152" text="light blue ornamental strip"/><LANDMARK id="L1886" start="-1" end="-1"/><RELATION id="SR1766" trajector_id="T1886" landmark_id="L1886" spatial_indicator_id="S1886" general_type="" specific_type="" RCC8_value="" FoR=""/></SENTENCE></SCENE>
    <SCENE>
        <DOCNO>annotations/01/1388.eng</DOCNO>
        <IMAGE>images/01/1388.jpg</IMAGE>
        <SENTENCE id="s1074" start="42000" end="42093"><TEXT>the courtyard of a white and orange house with orange columns , a spa and a swimming pool .</TEXT></SENTENCE></SCENE>
    <SCENE>
        <DOCNO>annotations/01/1389.eng</DOCNO>
        <IMAGE>images/01/1389.jpg</IMAGE>
        <SENTENCE id="s1075" start="42093" end="42217"><TEXT>a bald room with white walls , two bunk beds made of wood with white bedcovers , towels and pillows ( white and orange ) .</TEXT></SENTENCE></SCENE>
    <SCENE>
        <DOCNO>annotations/01/1392.eng</DOCNO>
        <IMAGE>images/01/1392.jpg</IMAGE>
        <SENTENCE id="s1076" start="42217" end="42331"><TEXT>corner view of a dark yellow , two-storey house with white window and door frams and balconies with iron rails .</TEXT></SENTENCE></SCENE>
    <SCENE>
        <DOCNO>annotations/01/1393.eng</DOCNO>
        <IMAGE>images/01/1393.jpg</IMAGE>
        <SENTENCE id="s1077" start="42331" end="42450"><TEXT>a double bed made of wood with white bedcover and two white pillows in a room with a crate and white walls above it .</TEXT><SPATIALINDICATOR id="S1896" start="68" end="70" text="in"/><TRAJECTOR id="T1896" start="50" end="67" text="two white pillows"/><TRAJECTOR id="T1897" start="31" end="45" text="white bedcover"/><TRAJECTOR id="T1898" start="21" end="25" text="wood"/><LANDMARK id="L1899" start="71" end="77" text="a room"/><RELATION id="SR1772" trajector_id="T1896" landmark_id="L1899" spatial_indicator_id="S1896" general_type="" specific_type="" RCC8_value="" FoR=""/><RELATION id="SR1773" trajector_id="T1897" landmark_id="L1899" spatial_indicator_id="S1896" general_type="" specific_type="" RCC8_value="" FoR=""/><RELATION id="SR1774" trajector_id="T1898" landmark_id="L1899" spatial_indicator_id="S1896" general_type="" specific_type="" RCC8_value="" FoR=""/><SPATIALINDICATOR id="S1900" start="107" end="112" text="above"/><TRAJECTOR id="T1900" start="85" end="106" text="crate and white walls"/><LANDMARK id="L1900" start="113" end="115" text="it"/><RELATION id="SR1776" trajector_id="T1900" landmark_id="L1900" spatial_indicator_id="S1900" general_type="" specific_type="" RCC8_value="" FoR=""/></SENTENCE><SENTENCE id="s1078" start="42450" end="42510"><TEXT>there are red ornaments around the entrance on the right .</TEXT><SPATIALINDICATOR id="S1902" start="24" end="30" text="around"/><TRAJECTOR id="T1902" start="10" end="23" text="red ornaments"/><LANDMARK id="L1902" start="31" end="43" text="the entrance"/><RELATION id="SR1779" trajector_id="T1902" landmark_id="L1902" spatial_indicator_id="S1902" general_type="" specific_type="" RCC8_value="" FoR=""/><SPATIALINDICATOR id="S1903" start="44" end="56" text="on the right"/><TRAJECTOR id="T1903" start="31" end="43" text="the entrance"/><LANDMARK id="L1903" start="-1" end="-1"/><RELATION id="SR1781" trajector_id="T1903" landmark_id="L1903" spatial_indicator_id="S1903" general_type="" specific_type="" RCC8_value="" FoR=""/></SENTENCE></SCENE>
    <SCENE>
        <DOCNO>annotations/01/1394.eng</DOCNO>
        <IMAGE>images/01/1394.jpg</IMAGE>
        <SENTENCE id="s1079" start="42510" end="42615"><TEXT>front view of a dark yellow house with wooden windows , white window frames and an iron entrance gate .</TEXT></SENTENCE></SCENE>
    <SCENE>
        <DOCNO>annotations/01/1395.eng</DOCNO>
        <IMAGE>images/01/1395.jpg</IMAGE>
        <SENTENCE id="s1080" start="42615" end="42811"><TEXT>a room with white walls and an inclined picture , two single beds made of wood on the right , a commode with a TV on the left , and in the background on the right a window with orange curtains .</TEXT><SPATIALINDICATOR id="S1908" start="150" end="162" text="on the right"/><TRAJECTOR id="T1908" start="135" end="149" text="the background"/><LANDMARK id="L1908" start="-1" end="-1"/><RELATION id="SR1785" trajector_id="T1908" landmark_id="L1908" spatial_indicator_id="S1908" general_type="" specific_type="" RCC8_value="" FoR=""/></SENTENCE></SCENE>
    <SCENE>
        <DOCNO>annotations/01/1398.eng</DOCNO>
        <IMAGE>images/01/1398.jpg</IMAGE>
        <SENTENCE id="s1081" start="42811" end="42864"><TEXT>a red car in front of the entrance of a big hotel .</TEXT><SPATIALINDICATOR id="S1912" start="10" end="21" text="in front of"/><TRAJECTOR id="T1912" start="0" end="9" text="a red car"/><LANDMARK id="L1912" start="22" end="49" text="the entrance of a big hotel"/><RELATION id="SR1788" trajector_id="T1912" landmark_id="L1912" spatial_indicator_id="S1912" general_type="" specific_type="" RCC8_value="" FoR=""/></SENTENCE><SENTENCE id="s1082" start="42864" end="42921"><TEXT>a tall high-rise building with a facade made of glass .</TEXT></SENTENCE></SCENE>
    <SCENE>
        <DOCNO>annotations/01/1399.eng</DOCNO>
        <IMAGE>images/01/1399.jpg</IMAGE>
        <SENTENCE id="s1083" start="42921" end="43147"><TEXT>a room with white and grey walls , a large double bed made of wood in the foreground , an armchair , a small table and three more chairs and two lamps behind it , and a window with grey and white curtains in the background .</TEXT><SPATIALINDICATOR id="S1916" start="205" end="207" text="in"/><TRAJECTOR id="T1916" start="181" end="204" text="grey and white curtains"/><TRAJECTOR id="T1917" start="167" end="175" text="a window"/><LANDMARK id="L1918" start="208" end="222" text="the background"/><RELATION id="SR1792" trajector_id="T1916" landmark_id="L1918" spatial_indicator_id="S1916" general_type="" specific_type="" RCC8_value="" FoR=""/><RELATION id="SR1793" trajector_id="T1917" landmark_id="L1918" spatial_indicator_id="S1916" general_type="" specific_type="" RCC8_value="" FoR=""/><SPATIALINDICATOR id="S1919" start="151" end="157" text="behind"/><TRAJECTOR id="T1919" start="119" end="136" text="three more chairs"/><TRAJECTOR id="T1920" start="141" end="150" text="two lamps"/><LANDMARK id="L1921" start="158" end="160" text="it"/><RELATION id="SR1795" trajector_id="T1919" landmark_id="L1921" spatial_indicator_id="S1919" general_type="" specific_type="" RCC8_value="" FoR=""/><RELATION id="SR1796" trajector_id="T1920" landmark_id="L1921" spatial_indicator_id="S1919" general_type="" specific_type="" RCC8_value="" FoR=""/><LANDMARK id="L1922" start="70" end="84" text="the foreground"/><SPATIALINDICATOR id="S1922" start="67" end="69" text="in"/><TRAJECTOR id="T1922" start="62" end="66" text="wood"/><RELATION id="SR1798" trajector_id="T1922" landmark_id="L1922" spatial_indicator_id="S1922" general_type="" specific_type="" RCC8_value="" FoR=""/></SENTENCE></SCENE>
    <SCENE>
        <DOCNO>annotations/01/1400.eng</DOCNO>
        <IMAGE>images/01/1400.jpg</IMAGE>
        <SENTENCE id="s1084" start="43147" end="43248"><TEXT>a grey car is parking in front of a grey house with brown window frames and plants on the balcony .</TEXT><SPATIALINDICATOR id="S1925" start="22" end="33" text="in front of"/><TRAJECTOR id="T1925" start="0" end="10" text="a grey car"/><TRAJECTOR id="T1926" start="14" end="21" text="parking"/><LANDMARK id="L1927" start="34" end="46" text="a grey house"/><RELATION id="SR1802" trajector_id="T1925" landmark_id="L1927" spatial_indicator_id="S1925" general_type="" specific_type="" RCC8_value="" FoR=""/><RELATION id="SR1803" trajector_id="T1926" landmark_id="L1927" spatial_indicator_id="S1925" general_type="" specific_type="" RCC8_value="" FoR=""/><SPATIALINDICATOR id="S1928" start="83" end="85" text="on"/><TRAJECTOR id="T1928" start="76" end="82" text="plants"/><LANDMARK id="L1928" start="86" end="97" text="the balcony"/><RELATION id="SR1805" trajector_id="T1928" landmark_id="L1928" spatial_indicator_id="S1928" general_type="" specific_type="" RCC8_value="" FoR=""/></SENTENCE></SCENE>
    <SCENE>
        <DOCNO>annotations/01/1401.eng</DOCNO>
        <IMAGE>images/01/1401.jpg</IMAGE>
        <SENTENCE id="s1085" start="43248" end="43326"><TEXT>children in a swimming pool in a garden that is surrounded by a green wall .</TEXT><SPATIALINDICATOR id="S1933" start="28" end="30" text="in"/><TRAJECTOR id="T1933" start="12" end="27" text="a swimming pool"/><LANDMARK id="L1933" start="31" end="39" text="a garden"/><RELATION id="SR1808" trajector_id="T1933" landmark_id="L1933" spatial_indicator_id="S1933" general_type="" specific_type="" RCC8_value="" FoR=""/><SPATIALINDICATOR id="S1934" start="9" end="11" text="in"/><TRAJECTOR id="T1934" start="0" end="8" text="children"/><LANDMARK id="L1934" start="12" end="27" text="a swimming pool"/><RELATION id="SR1810" trajector_id="T1934" landmark_id="L1934" spatial_indicator_id="S1934" general_type="" specific_type="" RCC8_value="" FoR=""/><SPATIALINDICATOR id="S1935" start="59" end="61" text="by"/><TRAJECTOR id="T1935" start="31" end="39" text="a garden"/><LANDMARK id="L1935" start="62" end="74" text="a green wall"/><RELATION id="SR1812" trajector_id="T1935" landmark_id="L1935" spatial_indicator_id="S1935" general_type="" specific_type="" RCC8_value="" FoR=""/></SENTENCE><SENTENCE id="s1086" start="43326" end="43443"><TEXT>there are two canvas chairs , white tables and chairs , a clothesline and a sunshade in the shade behind the pool .</TEXT><SPATIALINDICATOR id="S1937" start="98" end="104" text="behind"/><TRAJECTOR id="T1937" start="88" end="97" text="the shade"/><LANDMARK id="L1937" start="105" end="113" text="the pool"/><RELATION id="SR1815" trajector_id="T1937" landmark_id="L1937" spatial_indicator_id="S1937" general_type="" specific_type="" RCC8_value="" FoR=""/></SENTENCE><SENTENCE id="s1087" start="43443" end="43534"><TEXT>there is also the corner of a green house on the left there are trees in the background .</TEXT><SPATIALINDICATOR id="S1939" start="70" end="72" text="in"/><TRAJECTOR id="T1939" start="64" end="69" text="trees"/><LANDMARK id="L1939" start="73" end="87" text="the background"/><RELATION id="SR1818" trajector_id="T1939" landmark_id="L1939" spatial_indicator_id="S1939" general_type="" specific_type="" RCC8_value="" FoR=""/><SPATIALINDICATOR id="S1940" start="42" end="53" text="on the left"/><TRAJECTOR id="T1940" start="14" end="41" text="the corner of a green house"/><LANDMARK id="L1940" start="-1" end="-1"/><RELATION id="SR1820" trajector_id="T1940" landmark_id="L1940" spatial_indicator_id="S1940" general_type="" specific_type="" RCC8_value="" FoR=""/></SENTENCE></SCENE>
    <SCENE>
        <DOCNO>annotations/01/1402.eng</DOCNO>
        <IMAGE>images/01/1402.jpg</IMAGE>
        <SENTENCE id="s1088" start="43534" end="43584"><TEXT>a sailing ship with two masts and struck sails .</TEXT></SENTENCE><SENTENCE id="s1089" start="43584" end="43676"><TEXT>there is a small boat on the left , and a very flat , sparse landscape in the background .</TEXT><SPATIALINDICATOR id="S1945" start="71" end="73" text="in"/><TRAJECTOR id="T1945" start="47" end="70" text="flat , sparse landscape"/><LANDMARK id="L1945" start="74" end="88" text="the background"/><RELATION id="SR1824" trajector_id="T1945" landmark_id="L1945" spatial_indicator_id="S1945" general_type="" specific_type="" RCC8_value="" FoR=""/><SPATIALINDICATOR id="S1946" start="22" end="33" text="on the left"/><TRAJECTOR id="T1946" start="9" end="21" text="a small boat"/><LANDMARK id="L1946" start="-1" end="-1"/><RELATION id="SR1826" trajector_id="T1946" landmark_id="L1946" spatial_indicator_id="S1946" general_type="" specific_type="" RCC8_value="" FoR=""/></SENTENCE></SCENE>
    <SCENE>
        <DOCNO>annotations/01/1403.eng</DOCNO>
        <IMAGE>images/01/1403.jpg</IMAGE>
        <SENTENCE id="s1090" start="43676" end="43905"><TEXT>front view of a house in style of the Alpes: white walls , dark brown window frames made of wood , flower boxes below the windows , a little tower with red rooftiles and two palm trees and three flags in front of the entrance .</TEXT><SPATIALINDICATOR id="S1949" start="22" end="24" text="in"/><TRAJECTOR id="T1949" start="0" end="21" text="front view of a house"/><LANDMARK id="L1949" start="25" end="43" text="style of the Alpes"/><RELATION id="SR1829" trajector_id="T1949" landmark_id="L1949" spatial_indicator_id="S1949" general_type="" specific_type="" RCC8_value="" FoR=""/><SPATIALINDICATOR id="S1950" start="201" end="212" text="in front of"/><TRAJECTOR id="T1950" start="170" end="184" text="two palm trees"/><TRAJECTOR id="T1951" start="189" end="200" text="three flags"/><LANDMARK id="L1952" start="213" end="225" text="the entrance"/><RELATION id="SR1831" trajector_id="T1950" landmark_id="L1952" spatial_indicator_id="S1950" general_type="" specific_type="" RCC8_value="" FoR=""/><RELATION id="SR1832" trajector_id="T1951" landmark_id="L1952" spatial_indicator_id="S1950" general_type="" specific_type="" RCC8_value="" FoR=""/><SPATIALINDICATOR id="S1953" start="112" end="117" text="below"/><TRAJECTOR id="T1953" start="99" end="111" text="flower boxes"/><LANDMARK id="L1953" start="118" end="129" text="the windows"/><RELATION id="SR1834" trajector_id="T1953" landmark_id="L1953" spatial_indicator_id="S1953" general_type="" specific_type="" RCC8_value="" FoR=""/></SENTENCE></SCENE>
    <SCENE>
        <DOCNO>annotations/01/1404.eng</DOCNO>
        <IMAGE>images/01/1404.jpg</IMAGE>
        <SENTENCE id="s1091" start="43905" end="43989"><TEXT>a room with a double bed made of wood , light pink walls , pillows and bedcovers .</TEXT></SENTENCE><SENTENCE id="s1092" start="43989" end="44149"><TEXT>there are night tables on both sides , a phone on the right , two lamps above the beds , a painting on the left and a window with a curtain on the very left .</TEXT><SPATIALINDICATOR id="S1958" start="72" end="77" text="above"/><TRAJECTOR id="T1958" start="62" end="71" text="two lamps"/><LANDMARK id="L1958" start="78" end="86" text="the beds"/><RELATION id="SR1838" trajector_id="T1958" landmark_id="L1958" spatial_indicator_id="S1958" general_type="" specific_type="" RCC8_value="" FoR=""/><SPATIALINDICATOR id="S1959" start="23" end="25" text="on"/><TRAJECTOR id="T1959" start="10" end="22" text="night tables"/><TRAJECTOR id="T1960" start="116" end="124" text="a window"/><TRAJECTOR id="T1961" start="89" end="99" text="a painting"/><LANDMARK id="L1962" start="26" end="36" text="both sides"/><RELATION id="SR1840" trajector_id="T1959" landmark_id="L1962" spatial_indicator_id="S1959" general_type="" specific_type="" RCC8_value="" FoR=""/><RELATION id="SR1841" trajector_id="T1960" landmark_id="L1962" spatial_indicator_id="S1959" general_type="" specific_type="" RCC8_value="" FoR=""/><RELATION id="SR1842" trajector_id="T1961" landmark_id="L1962" spatial_indicator_id="S1959" general_type="" specific_type="" RCC8_value="" FoR=""/><SPATIALINDICATOR id="S1963" start="47" end="59" text="on the right"/><TRAJECTOR id="T1963" start="39" end="46" text="a phone"/><LANDMARK id="L1963" start="-1" end="-1"/><RELATION id="SR1844" trajector_id="T1963" landmark_id="L1963" spatial_indicator_id="S1963" general_type="" specific_type="" RCC8_value="" FoR=""/><SPATIALINDICATOR id="S1964" start="100" end="111" text="on the left"/><TRAJECTOR id="T1964" start="89" end="99" text="a painting"/><TRAJECTOR id="T1965" start="78" end="86" text="the beds"/><LANDMARK id="L1966" start="-1" end="-1"/><RELATION id="SR1846" trajector_id="T1964" landmark_id="L1966" spatial_indicator_id="S1964" general_type="" specific_type="" RCC8_value="" FoR=""/><RELATION id="SR1847" trajector_id="T1965" landmark_id="L1966" spatial_indicator_id="S1964" general_type="" specific_type="" RCC8_value="" FoR=""/></SENTENCE></SCENE>
    <SCENE>
        <DOCNO>annotations/01/1407.eng</DOCNO>
        <IMAGE>images/01/1407.jpg</IMAGE>
        <SENTENCE id="s1093" start="44149" end="44252"><TEXT>a three-storey building made of red bricks , with red doors and a blue jalousie on the ground level .</TEXT></SENTENCE><SENTENCE id="s1094" start="44252" end="44310"><TEXT>the uppermost level is still partly under construction .</TEXT><SPATIALINDICATOR id="S1971" start="36" end="41" text="under"/><TRAJECTOR id="T1971" start="0" end="19" text="the uppermost level"/><LANDMARK id="L1971" start="42" end="54" text="construction"/><RELATION id="SR1851" trajector_id="T1971" landmark_id="L1971" spatial_indicator_id="S1971" general_type="" specific_type="" RCC8_value="" FoR=""/></SENTENCE></SCENE>
    <SCENE>
        <DOCNO>annotations/01/1408.eng</DOCNO>
        <IMAGE>images/01/1408.jpg</IMAGE>
        <SENTENCE id="s1095" start="44310" end="44431"><TEXT>a double bed made of wood with white bedcovers , two pillows and a night table on the left in a room with white walls .</TEXT></SENTENCE></SCENE>
    <SCENE>
        <DOCNO>annotations/01/1409.eng</DOCNO>
        <IMAGE>images/01/1409.jpg</IMAGE>
        <SENTENCE id="s1096" start="44431" end="44509"><TEXT>a three-storey building with white and brown walls and lowered grey blinds .</TEXT></SENTENCE><SENTENCE id="s1097" start="44509" end="44556"><TEXT>the ground level is completely in the shade .</TEXT><SPATIALINDICATOR id="S1978" start="31" end="33" text="in"/><TRAJECTOR id="T1978" start="0" end="16" text="the ground level"/><LANDMARK id="L1978" start="34" end="43" text="the shade"/><RELATION id="SR1856" trajector_id="T1978" landmark_id="L1978" spatial_indicator_id="S1978" general_type="" specific_type="" RCC8_value="" FoR=""/></SENTENCE></SCENE>
    <SCENE>
        <DOCNO>annotations/01/1410.eng</DOCNO>
        <IMAGE>images/01/1410.jpg</IMAGE>
        <SENTENCE id="s1098" start="44556" end="44798"><TEXT>a room with orange walls , a double bed with a light orange bedcover , a night table on both sides of the bed , a phone and a lamp on the left side , two paintings on the wall above the bed , and a window with orange curtains on the right .</TEXT><SPATIALINDICATOR id="S1981" start="176" end="181" text="above"/><TRAJECTOR id="T1981" start="167" end="175" text="the wall"/><LANDMARK id="L1981" start="182" end="189" text="the bed"/><RELATION id="SR1859" trajector_id="T1981" landmark_id="L1981" spatial_indicator_id="S1981" general_type="" specific_type="" RCC8_value="" FoR=""/><SPATIALINDICATOR id="S1982" start="85" end="87" text="on"/><TRAJECTOR id="T1982" start="71" end="84" text="a night table"/><LANDMARK id="L1982" start="88" end="109" text="both sides of the bed"/><RELATION id="SR1861" trajector_id="T1982" landmark_id="L1982" spatial_indicator_id="S1982" general_type="" specific_type="" RCC8_value="" FoR=""/><SPATIALINDICATOR id="S1983" start="164" end="166" text="on"/><TRAJECTOR id="T1983" start="150" end="163" text="two paintings"/><LANDMARK id="L1983" start="167" end="175" text="the wall"/><RELATION id="SR1863" trajector_id="T1983" landmark_id="L1983" spatial_indicator_id="S1983" general_type="" specific_type="" RCC8_value="" FoR=""/><SPATIALINDICATOR id="S1984" start="131" end="142" text="on the left"/><TRAJECTOR id="T1984" start="124" end="130" text="a lamp"/><TRAJECTOR id="T1985" start="112" end="119" text="a phone"/><LANDMARK id="L1986" start="-1" end="-1"/><RELATION id="SR1865" trajector_id="T1984" landmark_id="L1986" spatial_indicator_id="S1984" general_type="" specific_type="" RCC8_value="" FoR=""/><RELATION id="SR1866" trajector_id="T1985" landmark_id="L1986" spatial_indicator_id="S1984" general_type="" specific_type="" RCC8_value="" FoR=""/><SPATIALINDICATOR id="S1987" start="226" end="238" text="on the right"/><TRAJECTOR id="T1987" start="196" end="204" text="a window"/><TRAJECTOR id="T1988" start="210" end="225" text="orange curtains"/><LANDMARK id="L1989" start="-1" end="-1"/><RELATION id="SR1868" trajector_id="T1987" landmark_id="L1989" spatial_indicator_id="S1987" general_type="" specific_type="" RCC8_value="" FoR=""/><RELATION id="SR1869" trajector_id="T1988" landmark_id="L1989" spatial_indicator_id="S1987" general_type="" specific_type="" RCC8_value="" FoR=""/></SENTENCE></SCENE>
    <SCENE>
        <DOCNO>annotations/01/1411.eng</DOCNO>
        <IMAGE>images/01/1411.jpg</IMAGE>
        <SENTENCE id="s1099" start="44798" end="44874"><TEXT>an illuminated multi-storey building with a large entrance at one corner .</TEXT><SPATIALINDICATOR id="S1992" start="59" end="61" text="at"/><TRAJECTOR id="T1992" start="42" end="58" text="a large entrance"/><TRAJECTOR id="T1993" start="0" end="36" text="an illuminated multi-storey building"/><LANDMARK id="L1994" start="62" end="72" text="one corner"/><RELATION id="SR1872" trajector_id="T1992" landmark_id="L1994" spatial_indicator_id="S1992" general_type="" specific_type="" RCC8_value="" FoR=""/><RELATION id="SR1873" trajector_id="T1993" landmark_id="L1994" spatial_indicator_id="S1992" general_type="" specific_type="" RCC8_value="" FoR=""/></SENTENCE></SCENE>
    <SCENE>
        <DOCNO>annotations/01/1412.eng</DOCNO>
        <IMAGE>images/01/1412.jpg</IMAGE>
        <SENTENCE id="s1100" start="44874" end="44995"><TEXT>a room with green walls , two single beds made of wood , a night table with a lamp in between and a painting above it .</TEXT><SPATIALINDICATOR id="S1998" start="83" end="93" text="in between"/><TRAJECTOR id="T1998" start="76" end="82" text="a lamp"/><TRAJECTOR id="T1999" start="50" end="54" text="wood"/><TRAJECTOR id="T2000" start="57" end="70" text="a night table"/><LANDMARK id="L2001" start="98" end="108" text="a painting"/><RELATION id="SR1876" trajector_id="T1998" landmark_id="L2001" spatial_indicator_id="S1998" general_type="" specific_type="" RCC8_value="" FoR=""/><RELATION id="SR1877" trajector_id="T1999" landmark_id="L2001" spatial_indicator_id="S1998" general_type="" specific_type="" RCC8_value="" FoR=""/><RELATION id="SR1878" trajector_id="T2000" landmark_id="L2001" spatial_indicator_id="S1998" general_type="" specific_type="" RCC8_value="" FoR=""/><SPATIALINDICATOR id="S2002" start="109" end="114" text="above"/><TRAJECTOR id="T2002" start="98" end="108" text="a painting"/><LANDMARK id="L2002" start="115" end="117" text="it"/><RELATION id="SR1880" trajector_id="T2002" landmark_id="L2002" spatial_indicator_id="S2002" general_type="" specific_type="" RCC8_value="" FoR=""/></SENTENCE><SENTENCE id="s1101" start="44995" end="45061"><TEXT>there is a window with a green and orange curtain on the right .</TEXT><SPATIALINDICATOR id="S2004" start="50" end="62" text="on the right"/><TRAJECTOR id="T2004" start="25" end="49" text="green and orange curtain"/><LANDMARK id="L2004" start="-1" end="-1"/><RELATION id="SR1883" trajector_id="T2004" landmark_id="L2004" spatial_indicator_id="S2004" general_type="" specific_type="" RCC8_value="" FoR=""/></SENTENCE></SCENE>
    <SCENE>
        <DOCNO>annotations/01/1413.eng</DOCNO>
        <IMAGE>images/01/1413.jpg</IMAGE>
        <SENTENCE id="s1102" start="45061" end="45299"><TEXT>a room with a dark green wall , a double bed made of wood with two yellow pillows and a brown and yellow chequered blanket , two lamps and a painting above the bed , a phone on the right and a window with an orange curtain on the left .</TEXT><SPATIALINDICATOR id="S2007" start="223" end="234" text="on the left"/><TRAJECTOR id="T2007" start="191" end="199" text="a window"/><TRAJECTOR id="T2008" start="205" end="222" text="an orange curtain"/><LANDMARK id="L2009" start="-1" end="-1"/><RELATION id="SR1886" trajector_id="T2007" landmark_id="L2009" spatial_indicator_id="S2007" general_type="" specific_type="" RCC8_value="" FoR=""/><RELATION id="SR1887" trajector_id="T2008" landmark_id="L2009" spatial_indicator_id="S2007" general_type="" specific_type="" RCC8_value="" FoR=""/><SPATIALINDICATOR id="S2010" start="174" end="186" text="on the right"/><TRAJECTOR id="T2010" start="191" end="199" text="a window"/><TRAJECTOR id="T2011" start="166" end="173" text="a phone"/><LANDMARK id="L2012" start="-1" end="-1"/><RELATION id="SR1889" trajector_id="T2010" landmark_id="L2012" spatial_indicator_id="S2010" general_type="" specific_type="" RCC8_value="" FoR=""/><RELATION id="SR1890" trajector_id="T2011" landmark_id="L2012" spatial_indicator_id="S2010" general_type="" specific_type="" RCC8_value="" FoR=""/></SENTENCE></SCENE>
    <SCENE>
        <DOCNO>annotations/01/1414.eng</DOCNO>
        <IMAGE>images/01/1414.jpg</IMAGE>
        <SENTENCE id="s1103" start="45299" end="45343"><TEXT>front view of quite an alternative house .</TEXT></SENTENCE><SENTENCE id="s1104" start="45343" end="45430"><TEXT>the ground level has grey walls , large windows and two flower pots at the entrance .</TEXT><SPATIALINDICATOR id="S2019" start="68" end="70" text="at"/><TRAJECTOR id="T2019" start="34" end="47" text="large windows"/><TRAJECTOR id="T2020" start="21" end="31" text="grey walls"/><TRAJECTOR id="T2021" start="52" end="67" text="two flower pots"/><LANDMARK id="L2022" start="71" end="83" text="the entrance"/><RELATION id="SR1894" trajector_id="T2019" landmark_id="L2022" spatial_indicator_id="S2019" general_type="" specific_type="" RCC8_value="" FoR=""/><RELATION id="SR1895" trajector_id="T2020" landmark_id="L2022" spatial_indicator_id="S2019" general_type="" specific_type="" RCC8_value="" FoR=""/><RELATION id="SR1896" trajector_id="T2021" landmark_id="L2022" spatial_indicator_id="S2019" general_type="" specific_type="" RCC8_value="" FoR=""/></SENTENCE><SENTENCE id="s1105" start="45430" end="45498"><TEXT>there is a painted skyline and the writing Hotel Amalfi above it .</TEXT><SPATIALINDICATOR id="S2024" start="56" end="61" text="above"/><TRAJECTOR id="T2024" start="31" end="55" text="the writing Hotel Amalfi"/><TRAJECTOR id="T2025" start="9" end="26" text="a painted skyline"/><LANDMARK id="L2026" start="62" end="64" text="it"/><RELATION id="SR1899" trajector_id="T2024" landmark_id="L2026" spatial_indicator_id="S2024" general_type="" specific_type="" RCC8_value="" FoR=""/><RELATION id="SR1900" trajector_id="T2025" landmark_id="L2026" spatial_indicator_id="S2024" general_type="" specific_type="" RCC8_value="" FoR=""/></SENTENCE><SENTENCE id="s1106" start="45498" end="45539"><TEXT>the upper level is inclined and white .</TEXT></SENTENCE></SCENE>
    <SCENE>
        <DOCNO>annotations/01/1417.eng</DOCNO>
        <IMAGE>images/01/1417.jpg</IMAGE>
        <SENTENCE id="s1107" start="45539" end="45656"><TEXT>front view of a house with white walls , wooden balconies , blue rails , grey columns and a brown supporting wall .</TEXT></SENTENCE><SENTENCE id="s1108" start="45656" end="45748"><TEXT>there are also an entrance with lots of flowers and two palm trees in front of the house .</TEXT><SPATIALINDICATOR id="S2032" start="67" end="78" text="in front of"/><TRAJECTOR id="T2032" start="52" end="66" text="two palm trees"/><LANDMARK id="L2032" start="79" end="88" text="the house"/><RELATION id="SR1905" trajector_id="T2032" landmark_id="L2032" spatial_indicator_id="S2032" general_type="" specific_type="" RCC8_value="" FoR=""/></SENTENCE></SCENE>
    <SCENE>
        <DOCNO>annotations/01/1419.eng</DOCNO>
        <IMAGE>images/01/1419.jpg</IMAGE>
        <SENTENCE id="s1109" start="45748" end="45886"><TEXT>a room with white walls , a blue and white bunk bed on the right and another single bed in front of a broad window with brown curtains .</TEXT><SPATIALINDICATOR id="S2035" start="88" end="99" text="in front of"/><TRAJECTOR id="T2035" start="69" end="87" text="another single bed"/><LANDMARK id="L2035" start="100" end="114" text="a broad window"/><RELATION id="SR1908" trajector_id="T2035" landmark_id="L2035" spatial_indicator_id="S2035" general_type="" specific_type="" RCC8_value="" FoR=""/><SPATIALINDICATOR id="S2036" start="52" end="64" text="on the right"/><TRAJECTOR id="T2036" start="43" end="51" text="bunk bed"/><LANDMARK id="L2036" start="-1" end="-1"/><RELATION id="SR1910" trajector_id="T2036" landmark_id="L2036" spatial_indicator_id="S2036" general_type="" specific_type="" RCC8_value="" FoR=""/></SENTENCE></SCENE>
    <SCENE>
        <DOCNO>annotations/01/1420.eng</DOCNO>
        <IMAGE>images/01/1420.jpg</IMAGE>
        <SENTENCE id="s1110" start="45886" end="46036"><TEXT>a two-storey terraced house with windows behind bars , a white painted entrance and flower pots on ground level , and a balcony on the upper level .</TEXT><SPATIALINDICATOR id="S2039" start="128" end="130" text="on"/><TRAJECTOR id="T2039" start="118" end="127" text="a balcony"/><LANDMARK id="L2039" start="131" end="146" text="the upper level"/><RELATION id="SR1913" trajector_id="T2039" landmark_id="L2039" spatial_indicator_id="S2039" general_type="" specific_type="" RCC8_value="" FoR=""/><SPATIALINDICATOR id="S2040" start="96" end="98" text="on"/><TRAJECTOR id="T2040" start="84" end="95" text="flower pots"/><TRAJECTOR id="T2041" start="55" end="79" text="a white painted entrance"/><LANDMARK id="L2042" start="99" end="111" text="ground level"/><RELATION id="SR1915" trajector_id="T2040" landmark_id="L2042" spatial_indicator_id="S2040" general_type="" specific_type="" RCC8_value="" FoR=""/><RELATION id="SR1916" trajector_id="T2041" landmark_id="L2042" spatial_indicator_id="S2040" general_type="" specific_type="" RCC8_value="" FoR=""/><SPATIALINDICATOR id="S2043" start="41" end="47" text="behind"/><TRAJECTOR id="T2043" start="118" end="127" text="a balcony"/><TRAJECTOR id="T2044" start="33" end="40" text="windows"/><TRAJECTOR id="T2045" start="0" end="27" text="a two-storey terraced house"/><LANDMARK id="L2046" start="48" end="52" text="bars"/><LANDMARK id="L2047" start="84" end="95" text="flower pots"/><LANDMARK id="L2048" start="55" end="79" text="a white painted entrance"/><RELATION id="SR1918" trajector_id="T2043" landmark_id="L2046" spatial_indicator_id="S2043" general_type="" specific_type="" RCC8_value="" FoR=""/><RELATION id="SR1919" trajector_id="T2043" landmark_id="L2047" spatial_indicator_id="S2043" general_type="" specific_type="" RCC8_value="" FoR=""/><RELATION id="SR1920" trajector_id="T2043" landmark_id="L2048" spatial_indicator_id="S2043" general_type="" specific_type="" RCC8_value="" FoR=""/><RELATION id="SR1921" trajector_id="T2044" landmark_id="L2046" spatial_indicator_id="S2043" general_type="" specific_type="" RCC8_value="" FoR=""/><RELATION id="SR1922" trajector_id="T2044" landmark_id="L2047" spatial_indicator_id="S2043" general_type="" specific_type="" RCC8_value="" FoR=""/><RELATION id="SR1923" trajector_id="T2044" landmark_id="L2048" spatial_indicator_id="S2043" general_type="" specific_type="" RCC8_value="" FoR=""/><RELATION id="SR1924" trajector_id="T2045" landmark_id="L2046" spatial_indicator_id="S2043" general_type="" specific_type="" RCC8_value="" FoR=""/><RELATION id="SR1925" trajector_id="T2045" landmark_id="L2047" spatial_indicator_id="S2043" general_type="" specific_type="" RCC8_value="" FoR=""/><RELATION id="SR1926" trajector_id="T2045" landmark_id="L2048" spatial_indicator_id="S2043" general_type="" specific_type="" RCC8_value="" FoR=""/></SENTENCE></SCENE>
    <SCENE>
        <DOCNO>annotations/01/1421.eng</DOCNO>
        <IMAGE>images/01/1421.jpg</IMAGE>
        <SENTENCE id="s1111" start="46036" end="46107"><TEXT>two single beds made of wood with white bedcovers and white pillows .</TEXT></SENTENCE><SENTENCE id="s1112" start="46107" end="46173"><TEXT>there is a white painted cupboard with hangers and a TV inside .</TEXT></SENTENCE></SCENE>
    <SCENE>
        <DOCNO>annotations/01/1422.eng</DOCNO>
        <IMAGE>images/01/1422.jpg</IMAGE>
        <SENTENCE id="s1113" start="46173" end="46297"><TEXT>a light green three-storey house with white window frames and trees , sunshades and plastic chairs in front of the house .</TEXT><SPATIALINDICATOR id="S2056" start="99" end="110" text="in front of"/><TRAJECTOR id="T2056" start="70" end="79" text="sunshades"/><TRAJECTOR id="T2057" start="84" end="98" text="plastic chairs"/><TRAJECTOR id="T2058" start="62" end="67" text="trees"/><LANDMARK id="L2059" start="111" end="120" text="the house"/><RELATION id="SR1931" trajector_id="T2056" landmark_id="L2059" spatial_indicator_id="S2056" general_type="" specific_type="" RCC8_value="" FoR=""/><RELATION id="SR1932" trajector_id="T2057" landmark_id="L2059" spatial_indicator_id="S2056" general_type="" specific_type="" RCC8_value="" FoR=""/><RELATION id="SR1933" trajector_id="T2058" landmark_id="L2059" spatial_indicator_id="S2056" general_type="" specific_type="" RCC8_value="" FoR=""/></SENTENCE></SCENE>
    <SCENE>
        <DOCNO>annotations/01/1423.eng</DOCNO>
        <IMAGE>images/01/1423.jpg</IMAGE>
        <SENTENCE id="s1114" start="46297" end="46423"><TEXT>a double bed made of wood with a light blue bedcover and light blue and white chequered pillows in a room with white walls .</TEXT></SENTENCE><SENTENCE id="s1115" start="46423" end="46473"><TEXT>there is a small carpet and a door on the left .</TEXT><SPATIALINDICATOR id="S2064" start="35" end="46" text="on the left"/><TRAJECTOR id="T2064" start="9" end="23" text="a small carpet"/><TRAJECTOR id="T2065" start="28" end="34" text="a door"/><LANDMARK id="L2066" start="-1" end="-1"/><RELATION id="SR1937" trajector_id="T2064" landmark_id="L2066" spatial_indicator_id="S2064" general_type="" specific_type="" RCC8_value="" FoR=""/><RELATION id="SR1938" trajector_id="T2065" landmark_id="L2066" spatial_indicator_id="S2064" general_type="" specific_type="" RCC8_value="" FoR=""/></SENTENCE></SCENE>
    <SCENE>
        <DOCNO>annotations/01/1424.eng</DOCNO>
        <IMAGE>images/01/1424.jpg</IMAGE>
        <SENTENCE id="s1116" start="46473" end="46560"><TEXT>a dark orange and grey wall with a potted plant on both sides of the white entrance .</TEXT><SPATIALINDICATOR id="S2070" start="48" end="50" text="on"/><TRAJECTOR id="T2070" start="0" end="13" text="a dark orange"/><TRAJECTOR id="T2071" start="18" end="27" text="grey wall"/><TRAJECTOR id="T2072" start="33" end="47" text="a potted plant"/><LANDMARK id="L2073" start="51" end="83" text="both sides of the white entrance"/><RELATION id="SR1941" trajector_id="T2070" landmark_id="L2073" spatial_indicator_id="S2070" general_type="" specific_type="" RCC8_value="" FoR=""/><RELATION id="SR1942" trajector_id="T2071" landmark_id="L2073" spatial_indicator_id="S2070" general_type="" specific_type="" RCC8_value="" FoR=""/><RELATION id="SR1943" trajector_id="T2072" landmark_id="L2073" spatial_indicator_id="S2070" general_type="" specific_type="" RCC8_value="" FoR=""/></SENTENCE><SENTENCE id="s1117" start="46560" end="46621"><TEXT>there is a large Pousada Girasol sign painted on the wall .</TEXT><LANDMARK id="L2075" start="49" end="57" text="the wall"/><SPATIALINDICATOR id="S2075" start="46" end="48" text="on"/><TRAJECTOR id="T2075" start="11" end="37" text="large Pousada Girasol sign"/><RELATION id="SR1946" trajector_id="T2075" landmark_id="L2075" spatial_indicator_id="S2075" general_type="" specific_type="" RCC8_value="" FoR=""/></SENTENCE></SCENE>
    <SCENE>
        <DOCNO>annotations/01/1425.eng</DOCNO>
        <IMAGE>images/01/1425.jpg</IMAGE>
        <SENTENCE id="s1118" start="46621" end="46743"><TEXT>two single beds made of wood with white bedcovers in a room with white walls and a window with brownish green curtains .</TEXT><LANDMARK id="L2078" start="53" end="59" text="a room"/><SPATIALINDICATOR id="S2078" start="50" end="52" text="in"/><TRAJECTOR id="T2078" start="34" end="49" text="white bedcovers"/><TRAJECTOR id="T2079" start="24" end="28" text="wood"/><RELATION id="SR1950" trajector_id="T2078" landmark_id="L2078" spatial_indicator_id="S2078" general_type="" specific_type="" RCC8_value="" FoR=""/><RELATION id="SR1951" trajector_id="T2079" landmark_id="L2078" spatial_indicator_id="S2078" general_type="" specific_type="" RCC8_value="" FoR=""/></SENTENCE></SCENE>
    <SCENE>
        <DOCNO>annotations/01/1426.eng</DOCNO>
        <IMAGE>images/01/1426.jpg</IMAGE>
        <SENTENCE id="s1119" start="46743" end="46874"><TEXT>front view of a light brown , two-storey building with white window frames , a terrace with sunshades and tables in front of it .</TEXT><SPATIALINDICATOR id="S2084" start="113" end="124" text="in front of"/><TRAJECTOR id="T2084" start="106" end="112" text="tables"/><LANDMARK id="L2084" start="125" end="127" text="it"/><RELATION id="SR1955" trajector_id="T2084" landmark_id="L2084" spatial_indicator_id="S2084" general_type="" specific_type="" RCC8_value="" FoR=""/></SENTENCE><SENTENCE id="s1120" start="46874" end="46944"><TEXT>there is a street in the foreground and a forest in the background .</TEXT><SPATIALINDICATOR id="S2086" start="49" end="51" text="in"/><TRAJECTOR id="T2086" start="40" end="48" text="a forest"/><LANDMARK id="L2086" start="52" end="66" text="the background"/><RELATION id="SR1958" trajector_id="T2086" landmark_id="L2086" spatial_indicator_id="S2086" general_type="" specific_type="" RCC8_value="" FoR=""/><SPATIALINDICATOR id="S2087" start="18" end="20" text="in"/><TRAJECTOR id="T2087" start="40" end="48" text="a forest"/><TRAJECTOR id="T2088" start="9" end="17" text="a street"/><LANDMARK id="L2089" start="21" end="35" text="the foreground"/><RELATION id="SR1960" trajector_id="T2087" landmark_id="L2089" spatial_indicator_id="S2087" general_type="" specific_type="" RCC8_value="" FoR=""/><RELATION id="SR1961" trajector_id="T2088" landmark_id="L2089" spatial_indicator_id="S2087" general_type="" specific_type="" RCC8_value="" FoR=""/></SENTENCE></SCENE>
    <SCENE>
        <DOCNO>annotations/01/1427.eng</DOCNO>
        <IMAGE>images/01/1427.jpg</IMAGE>
        <SENTENCE id="s1121" start="46944" end="47081"><TEXT>a room with white and orange walls , an orange double bed with white bedcovers and a window with dark brown window frames on the left .</TEXT><SPATIALINDICATOR id="S2092" start="122" end="133" text="on the left"/><TRAJECTOR id="T2092" start="83" end="91" text="a window"/><TRAJECTOR id="T2093" start="97" end="121" text="dark brown window frames"/><LANDMARK id="L2094" start="-1" end="-1"/><RELATION id="SR1964" trajector_id="T2092" landmark_id="L2094" spatial_indicator_id="S2092" general_type="" specific_type="" RCC8_value="" FoR=""/><RELATION id="SR1965" trajector_id="T2093" landmark_id="L2094" spatial_indicator_id="S2092" general_type="" specific_type="" RCC8_value="" FoR=""/></SENTENCE></SCENE>
    <SCENE>
        <DOCNO>annotations/01/1503.eng</DOCNO>
        <IMAGE>images/01/1503.jpg</IMAGE>
        <SENTENCE id="s1122" start="47081" end="47194"><TEXT>six children in the forground , more children and also grown-ups in a canteen kind of place in the background .</TEXT><SPATIALINDICATOR id="S2097" start="92" end="94" text="in"/><TRAJECTOR id="T2097" start="68" end="91" text="a canteen kind of place"/><LANDMARK id="L2097" start="95" end="109" text="the background"/><RELATION id="SR1968" trajector_id="T2097" landmark_id="L2097" spatial_indicator_id="S2097" general_type="" specific_type="" RCC8_value="" FoR=""/><SPATIALINDICATOR id="S2098" start="13" end="15" text="in"/><TRAJECTOR id="T2098" start="0" end="12" text="six children"/><LANDMARK id="L2098" start="16" end="29" text="the forground"/><RELATION id="SR1970" trajector_id="T2098" landmark_id="L2098" spatial_indicator_id="S2098" general_type="" specific_type="" RCC8_value="" FoR=""/><SPATIALINDICATOR id="S2099" start="65" end="67" text="in"/><TRAJECTOR id="T2099" start="55" end="64" text="grown-ups"/><LANDMARK id="L2099" start="68" end="91" text="a canteen kind of place"/><RELATION id="SR1972" trajector_id="T2099" landmark_id="L2099" spatial_indicator_id="S2099" general_type="" specific_type="" RCC8_value="" FoR=""/></SENTENCE></SCENE>
    <SCENE>
        <DOCNO>annotations/01/1515.eng</DOCNO>
        <IMAGE>images/01/1515.jpg</IMAGE>
        <SENTENCE id="s1123" start="47194" end="47223"><TEXT>an alligator in the water .</TEXT><SPATIALINDICATOR id="S2102" start="13" end="15" text="in"/><TRAJECTOR id="T2102" start="0" end="12" text="an alligator"/><LANDMARK id="L2102" start="16" end="25" text="the water"/><RELATION id="SR1975" trajector_id="T2102" landmark_id="L2102" spatial_indicator_id="S2102" general_type="" specific_type="" RCC8_value="" FoR=""/></SENTENCE></SCENE>
    <SCENE>
        <DOCNO>annotations/01/1516.eng</DOCNO>
        <IMAGE>images/01/1516.jpg</IMAGE>
        <SENTENCE id="s1124" start="47223" end="47250"><TEXT>a white ship at the sea .</TEXT><SPATIALINDICATOR id="S2106" start="13" end="15" text="at"/><TRAJECTOR id="T2106" start="0" end="12" text="a white ship"/><LANDMARK id="L2106" start="16" end="23" text="the sea"/><RELATION id="SR1978" trajector_id="T2106" landmark_id="L2106" spatial_indicator_id="S2106" general_type="" specific_type="" RCC8_value="" FoR=""/></SENTENCE><SENTENCE id="s1125" start="47250" end="47282"><TEXT>a blue sky in the background .</TEXT><SPATIALINDICATOR id="S2108" start="11" end="13" text="in"/><TRAJECTOR id="T2108" start="0" end="10" text="a blue sky"/><LANDMARK id="L2108" start="14" end="28" text="the background"/><RELATION id="SR1981" trajector_id="T2108" landmark_id="L2108" spatial_indicator_id="S2108" general_type="" specific_type="" RCC8_value="" FoR=""/></SENTENCE></SCENE>
    <SCENE>
        <DOCNO>annotations/01/1522.eng</DOCNO>
        <IMAGE>images/01/1522.jpg</IMAGE>
        <SENTENCE id="s1126" start="47282" end="47367"><TEXT>the end of a glacier , with broken off ice floes that are floating in front of it .</TEXT><LANDMARK id="L2112" start="79" end="81" text="it"/><SPATIALINDICATOR id="S2112" start="67" end="78" text="in front of"/><TRAJECTOR id="T2112" start="28" end="48" text="broken off ice floes"/><RELATION id="SR1984" trajector_id="T2112" landmark_id="L2112" spatial_indicator_id="S2112" general_type="" specific_type="" RCC8_value="" FoR=""/></SENTENCE><SENTENCE id="s1127" start="47367" end="47410"><TEXT>snowcovered mountains in the background .</TEXT><SPATIALINDICATOR id="S2114" start="22" end="24" text="in"/><TRAJECTOR id="T2114" start="0" end="21" text="snowcovered mountains"/><LANDMARK id="L2114" start="25" end="39" text="the background"/><RELATION id="SR1988" trajector_id="T2114" landmark_id="L2114" spatial_indicator_id="S2114" general_type="" specific_type="" RCC8_value="" FoR=""/></SENTENCE></SCENE>
    <SCENE>
        <DOCNO>annotations/01/1531.eng</DOCNO>
        <IMAGE>images/01/1531.jpg</IMAGE>
        <SENTENCE id="s1128" start="47410" end="47482"><TEXT>eight condors in the sky above a brown mountain landscape ( canyon ) .</TEXT><SPATIALINDICATOR id="S2117" start="25" end="30" text="above"/><TRAJECTOR id="T2117" start="17" end="24" text="the sky"/><LANDMARK id="L2117" start="31" end="57" text="a brown mountain landscape"/><RELATION id="SR1991" trajector_id="T2117" landmark_id="L2117" spatial_indicator_id="S2117" general_type="" specific_type="" RCC8_value="" FoR=""/><SPATIALINDICATOR id="S2118" start="14" end="16" text="in"/><TRAJECTOR id="T2118" start="0" end="13" text="eight condors"/><LANDMARK id="L2118" start="17" end="24" text="the sky"/><RELATION id="SR1993" trajector_id="T2118" landmark_id="L2118" spatial_indicator_id="S2118" general_type="" specific_type="" RCC8_value="" FoR=""/></SENTENCE></SCENE>
    <SCENE>
        <DOCNO>annotations/01/1532.eng</DOCNO>
        <IMAGE>images/01/1532.jpg</IMAGE>
        <SENTENCE id="s1129" start="47482" end="47537"><TEXT>a condor with spread wings is sailing over a canyon .</TEXT><LANDMARK id="L2122" start="43" end="51" text="a canyon"/><SPATIALINDICATOR id="S2122" start="38" end="42" text="over"/><TRAJECTOR id="T2122" start="0" end="8" text="a condor"/><RELATION id="SR1996" trajector_id="T2122" landmark_id="L2122" spatial_indicator_id="S2122" general_type="" specific_type="" RCC8_value="" FoR=""/></SENTENCE><SENTENCE id="s1130" start="47537" end="47588"><TEXT>high , bald , brown mountains in the background .</TEXT><SPATIALINDICATOR id="S2124" start="30" end="32" text="in"/><TRAJECTOR id="T2124" start="7" end="29" text="bald , brown mountains"/><LANDMARK id="L2124" start="33" end="47" text="the background"/><RELATION id="SR2000" trajector_id="T2124" landmark_id="L2124" spatial_indicator_id="S2124" general_type="" specific_type="" RCC8_value="" FoR=""/></SENTENCE></SCENE>
    <SCENE>
        <DOCNO>annotations/01/1533.eng</DOCNO>
        <IMAGE>images/01/1533.jpg</IMAGE>
        <SENTENCE id="s1131" start="47588" end="47629"><TEXT>a condor with spread wings in the sky .</TEXT><SPATIALINDICATOR id="S2127" start="27" end="29" text="in"/><TRAJECTOR id="T2127" start="0" end="8" text="a condor"/><TRAJECTOR id="T2128" start="14" end="26" text="spread wings"/><LANDMARK id="L2129" start="30" end="37" text="the sky"/><RELATION id="SR2003" trajector_id="T2127" landmark_id="L2129" spatial_indicator_id="S2127" general_type="" specific_type="" RCC8_value="" FoR=""/><RELATION id="SR2004" trajector_id="T2128" landmark_id="L2129" spatial_indicator_id="S2127" general_type="" specific_type="" RCC8_value="" FoR=""/></SENTENCE></SCENE>
    <SCENE>
        <DOCNO>annotations/01/1542.eng</DOCNO>
        <IMAGE>images/01/1542.jpg</IMAGE>
        <SENTENCE id="s1132" start="47629" end="47830"><TEXT>a large room with a wooden table and chairs on the left , four more chairs and a large painting in the background on the right , and a window with flower pots below it in the background on the left .</TEXT><SPATIALINDICATOR id="S2132" start="159" end="164" text="below"/><TRAJECTOR id="T2132" start="133" end="141" text="a window"/><TRAJECTOR id="T2133" start="147" end="158" text="flower pots"/><LANDMARK id="L2134" start="165" end="167" text="it"/><RELATION id="SR2007" trajector_id="T2132" landmark_id="L2134" spatial_indicator_id="S2132" general_type="" specific_type="" RCC8_value="" FoR=""/><RELATION id="SR2008" trajector_id="T2133" landmark_id="L2134" spatial_indicator_id="S2132" general_type="" specific_type="" RCC8_value="" FoR=""/><SPATIALINDICATOR id="S2135" start="96" end="98" text="in"/><TRAJECTOR id="T2135" start="133" end="141" text="a window"/><TRAJECTOR id="T2136" start="79" end="95" text="a large painting"/><TRAJECTOR id="T2137" start="58" end="74" text="four more chairs"/><LANDMARK id="L2138" start="99" end="113" text="the background"/><RELATION id="SR2010" trajector_id="T2135" landmark_id="L2138" spatial_indicator_id="S2135" general_type="" specific_type="" RCC8_value="" FoR=""/><RELATION id="SR2011" trajector_id="T2136" landmark_id="L2138" spatial_indicator_id="S2135" general_type="" specific_type="" RCC8_value="" FoR=""/><RELATION id="SR2012" trajector_id="T2137" landmark_id="L2138" spatial_indicator_id="S2135" general_type="" specific_type="" RCC8_value="" FoR=""/><SPATIALINDICATOR id="S2139" start="168" end="170" text="in"/><TRAJECTOR id="T2139" start="165" end="167" text="it"/><LANDMARK id="L2139" start="171" end="185" text="the background"/><RELATION id="SR2014" trajector_id="T2139" landmark_id="L2139" spatial_indicator_id="S2139" general_type="" specific_type="" RCC8_value="" FoR=""/><SPATIALINDICATOR id="S2140" start="186" end="197" text="on the left"/><TRAJECTOR id="T2140" start="171" end="185" text="the background"/><LANDMARK id="L2140" start="-1" end="-1"/><RELATION id="SR2016" trajector_id="T2140" landmark_id="L2140" spatial_indicator_id="S2140" general_type="" specific_type="" RCC8_value="" FoR=""/><SPATIALINDICATOR id="S2141" start="114" end="126" text="on the right"/><TRAJECTOR id="T2141" start="99" end="113" text="the background"/><LANDMARK id="L2141" start="-1" end="-1"/><RELATION id="SR2018" trajector_id="T2141" landmark_id="L2141" spatial_indicator_id="S2141" general_type="" specific_type="" RCC8_value="" FoR=""/><SPATIALINDICATOR id="S2142" start="44" end="55" text="on the left"/><TRAJECTOR id="T2142" start="37" end="43" text="chairs"/><LANDMARK id="L2142" start="-1" end="-1"/><RELATION id="SR2020" trajector_id="T2142" landmark_id="L2142" spatial_indicator_id="S2142" general_type="" specific_type="" RCC8_value="" FoR=""/></SENTENCE></SCENE>
    <SCENE>
        <DOCNO>annotations/01/1543.eng</DOCNO>
        <IMAGE>images/01/1543.jpg</IMAGE>
        <SENTENCE id="s1133" start="47830" end="48006"><TEXT>a room with two single beds made of wood with blue bedcovers , a night table with a lamp in between , and a window with white curtains both behind the beds and on the right .</TEXT><SPATIALINDICATOR id="S2145" start="140" end="146" text="behind"/><TRAJECTOR id="T2145" start="106" end="114" text="a window"/><TRAJECTOR id="T2146" start="120" end="134" text="white curtains"/><LANDMARK id="L2148" start="147" end="155" text="the beds"/><RELATION id="SR2023" trajector_id="T2145" landmark_id="L2148" spatial_indicator_id="S2145" general_type="" specific_type="" RCC8_value="" FoR=""/><RELATION id="SR2024" trajector_id="T2146" landmark_id="L2148" spatial_indicator_id="S2145" general_type="" specific_type="" RCC8_value="" FoR=""/><SPATIALINDICATOR id="S2150" start="160" end="172" text="on the right"/><TRAJECTOR id="T2151" start="147" end="155" text="the beds"/><LANDMARK id="L2152" start="-1" end="-1"/><RELATION id="SR2026" trajector_id="T2151" landmark_id="L2152" spatial_indicator_id="S2150" general_type="" specific_type="" RCC8_value="" FoR=""/></SENTENCE></SCENE>
    <SCENE>
        <DOCNO>annotations/01/1546.eng</DOCNO>
        <IMAGE>images/01/1546.jpg</IMAGE>
        <SENTENCE id="s1134" start="48006" end="48091"><TEXT>a white and yellow freighter with a few containers on board , docked in a harbour .</TEXT><SPATIALINDICATOR id="S2156" start="51" end="53" text="on"/><TRAJECTOR id="T2156" start="2" end="28" text="white and yellow freighter"/><TRAJECTOR id="T2157" start="34" end="50" text="a few containers"/><LANDMARK id="L2158" start="54" end="59" text="board"/><RELATION id="SR2029" trajector_id="T2156" landmark_id="L2158" spatial_indicator_id="S2156" general_type="" specific_type="" RCC8_value="" FoR=""/><RELATION id="SR2030" trajector_id="T2157" landmark_id="L2158" spatial_indicator_id="S2156" general_type="" specific_type="" RCC8_value="" FoR=""/><LANDMARK id="L2159" start="72" end="81" text="a harbour"/><SPATIALINDICATOR id="S2159" start="69" end="71" text="in"/><TRAJECTOR id="T2159" start="54" end="59" text="board"/><RELATION id="SR2032" trajector_id="T2159" landmark_id="L2159" spatial_indicator_id="S2159" general_type="" specific_type="" RCC8_value="" FoR=""/></SENTENCE><SENTENCE id="s1135" start="48091" end="48139"><TEXT>there are houses and hills in the background .</TEXT><SPATIALINDICATOR id="S2161" start="27" end="29" text="in"/><TRAJECTOR id="T2161" start="10" end="16" text="houses"/><TRAJECTOR id="T2162" start="21" end="26" text="hills"/><LANDMARK id="L2163" start="30" end="44" text="the background"/><RELATION id="SR2036" trajector_id="T2161" landmark_id="L2163" spatial_indicator_id="S2161" general_type="" specific_type="" RCC8_value="" FoR=""/><RELATION id="SR2037" trajector_id="T2162" landmark_id="L2163" spatial_indicator_id="S2161" general_type="" specific_type="" RCC8_value="" FoR=""/></SENTENCE></SCENE>
    <SCENE>
        <DOCNO>annotations/01/1547.eng</DOCNO>
        <IMAGE>images/01/1547.jpg</IMAGE>
        <SENTENCE id="s1136" start="48139" end="48215"><TEXT>a white and orange freighter on the water in front of a naked , brown hill</TEXT><SPATIALINDICATOR id="S2166" start="29" end="31" text="on"/><TRAJECTOR id="T2166" start="2" end="28" text="white and orange freighter"/><LANDMARK id="L2166" start="32" end="41" text="the water"/><RELATION id="SR2040" trajector_id="T2166" landmark_id="L2166" spatial_indicator_id="S2166" general_type="" specific_type="" RCC8_value="" FoR=""/><SPATIALINDICATOR id="S2167" start="42" end="53" text="in front of"/><TRAJECTOR id="T2167" start="32" end="41" text="the water"/><LANDMARK id="L2167" start="56" end="74" text="naked , brown hill"/><RELATION id="SR2042" trajector_id="T2167" landmark_id="L2167" spatial_indicator_id="S2167" general_type="" specific_type="" RCC8_value="" FoR=""/></SENTENCE></SCENE>
    <SCENE>
        <DOCNO>annotations/01/1550.eng</DOCNO>
        <IMAGE>images/01/1550.jpg</IMAGE>
        <SENTENCE id="s1137" start="48215" end="48257"><TEXT>a large , white catamaran in the water .</TEXT><SPATIALINDICATOR id="S2170" start="26" end="28" text="in"/><TRAJECTOR id="T2170" start="2" end="25" text="large , white catamaran"/><LANDMARK id="L2170" start="29" end="38" text="the water"/><RELATION id="SR2045" trajector_id="T2170" landmark_id="L2170" spatial_indicator_id="S2170" general_type="" specific_type="" RCC8_value="" FoR=""/></SENTENCE></SCENE>
    <SCENE>
        <DOCNO>annotations/01/1551.eng</DOCNO>
        <IMAGE>images/01/1551.jpg</IMAGE>
        <SENTENCE id="s1138" start="48257" end="48352"><TEXT>a ship cabin with a double bed with blue pillows and towels on it and two windows behind it .</TEXT><SPATIALINDICATOR id="S2174" start="60" end="62" text="on"/><TRAJECTOR id="T2174" start="53" end="59" text="towels"/><LANDMARK id="L2174" start="63" end="65" text="it"/><LANDMARK id="L2175" start="70" end="81" text="two windows"/><RELATION id="SR2048" trajector_id="T2174" landmark_id="L2174" spatial_indicator_id="S2174" general_type="" specific_type="" RCC8_value="" FoR=""/><RELATION id="SR2049" trajector_id="T2174" landmark_id="L2175" spatial_indicator_id="S2174" general_type="" specific_type="" RCC8_value="" FoR=""/><SPATIALINDICATOR id="S2177" start="82" end="88" text="behind"/><TRAJECTOR id="T2177" start="70" end="81" text="two windows"/><LANDMARK id="L2177" start="89" end="91" text="it"/><RELATION id="SR2051" trajector_id="T2177" landmark_id="L2177" spatial_indicator_id="S2177" general_type="" specific_type="" RCC8_value="" FoR=""/></SENTENCE><SENTENCE id="s1139" start="48352" end="48369"><TEXT>water outside .</TEXT></SENTENCE></SCENE>
    <SCENE>
        <DOCNO>annotations/01/1558.eng</DOCNO>
        <IMAGE>images/01/1558.jpg</IMAGE>
        <SENTENCE id="s1140" start="48369" end="48514"><TEXT>tourists are standing with their luggages in front of a brown , wooden house with many little towers , niches , windows and vegetation around .</TEXT><SPATIALINDICATOR id="S2181" start="42" end="53" text="in front of"/><TRAJECTOR id="T2181" start="27" end="41" text="their luggages"/><LANDMARK id="L2181" start="56" end="76" text="brown , wooden house"/><RELATION id="SR2055" trajector_id="T2181" landmark_id="L2181" spatial_indicator_id="S2181" general_type="" specific_type="" RCC8_value="" FoR=""/></SENTENCE></SCENE>
    <SCENE>
        <DOCNO>annotations/01/1578.eng</DOCNO>
        <IMAGE>images/01/1578.jpg</IMAGE>
        <SENTENCE id="s1141" start="48514" end="48605"><TEXT>the view of a few lakes surrounded by forests and with many mountains in the background .</TEXT><SPATIALINDICATOR id="S2184" start="70" end="72" text="in"/><TRAJECTOR id="T2184" start="55" end="69" text="many mountains"/><LANDMARK id="L2184" start="73" end="87" text="the background"/><RELATION id="SR2058" trajector_id="T2184" landmark_id="L2184" spatial_indicator_id="S2184" general_type="" specific_type="" RCC8_value="" FoR=""/><SPATIALINDICATOR id="S2185" start="35" end="37" text="by"/><TRAJECTOR id="T2185" start="0" end="23" text="the view of a few lakes"/><LANDMARK id="L2185" start="38" end="45" text="forests"/><RELATION id="SR2060" trajector_id="T2185" landmark_id="L2185" spatial_indicator_id="S2185" general_type="" specific_type="" RCC8_value="" FoR=""/></SENTENCE></SCENE>
    <SCENE>
        <DOCNO>annotations/01/1579.eng</DOCNO>
        <IMAGE>images/01/1579.jpg</IMAGE>
        <SENTENCE id="s1142" start="48605" end="48695"><TEXT>a glacier tongue , bare stone on the right and left of it , and a snowcovered mountain .</TEXT><SPATIALINDICATOR id="S2188" start="30" end="42" text="on the right"/><TRAJECTOR id="T2188" start="0" end="16" text="a glacier tongue"/><TRAJECTOR id="T2189" start="64" end="86" text="a snowcovered mountain"/><TRAJECTOR id="T2190" start="19" end="29" text="bare stone"/><LANDMARK id="L2191" start="-1" end="-1"/><RELATION id="SR2063" trajector_id="T2188" landmark_id="L2191" spatial_indicator_id="S2188" general_type="" specific_type="" RCC8_value="" FoR=""/><RELATION id="SR2064" trajector_id="T2189" landmark_id="L2191" spatial_indicator_id="S2188" general_type="" specific_type="" RCC8_value="" FoR=""/><RELATION id="SR2065" trajector_id="T2190" landmark_id="L2191" spatial_indicator_id="S2188" general_type="" specific_type="" RCC8_value="" FoR=""/></SENTENCE></SCENE>
    <SCENE>
        <DOCNO>annotations/01/1580.eng</DOCNO>
        <IMAGE>images/01/1580.jpg</IMAGE>
        <SENTENCE id="s1143" start="48695" end="48741"><TEXT>the sunset over water , from a ship window .</TEXT><SPATIALINDICATOR id="S2194" start="11" end="15" text="over"/><TRAJECTOR id="T2194" start="0" end="10" text="the sunset"/><LANDMARK id="L2194" start="16" end="21" text="water"/><RELATION id="SR2068" trajector_id="T2194" landmark_id="L2194" spatial_indicator_id="S2194" general_type="" specific_type="" RCC8_value="" FoR=""/></SENTENCE></SCENE>
    <SCENE>
        <DOCNO>annotations/01/1581.eng</DOCNO>
        <IMAGE>images/01/1581.jpg</IMAGE>
        <SENTENCE id="s1144" start="48741" end="48804"><TEXT>A rusty ship wreck with hundreds of birds around in a fjord .</TEXT><SPATIALINDICATOR id="S2198" start="49" end="51" text="in"/><TRAJECTOR id="T2198" start="0" end="18" text="A rusty ship wreck"/><TRAJECTOR id="T2199" start="24" end="41" text="hundreds of birds"/><LANDMARK id="L2200" start="52" end="59" text="a fjord"/><RELATION id="SR2071" trajector_id="T2198" landmark_id="L2200" spatial_indicator_id="S2198" general_type="" specific_type="" RCC8_value="" FoR=""/><RELATION id="SR2072" trajector_id="T2199" landmark_id="L2200" spatial_indicator_id="S2198" general_type="" specific_type="" RCC8_value="" FoR=""/></SENTENCE><SENTENCE id="s1145" start="48804" end="48880"><TEXT>there is a waterfall at the wooden slopes of the fjord in the background .</TEXT><SPATIALINDICATOR id="S2202" start="55" end="57" text="in"/><TRAJECTOR id="T2202" start="24" end="54" text="the wooden slopes of the fjord"/><LANDMARK id="L2202" start="58" end="72" text="the background"/><RELATION id="SR2075" trajector_id="T2202" landmark_id="L2202" spatial_indicator_id="S2202" general_type="" specific_type="" RCC8_value="" FoR=""/><SPATIALINDICATOR id="S2203" start="21" end="23" text="at"/><TRAJECTOR id="T2203" start="9" end="20" text="a waterfall"/><LANDMARK id="L2203" start="24" end="54" text="the wooden slopes of the fjord"/><RELATION id="SR2077" trajector_id="T2203" landmark_id="L2203" spatial_indicator_id="S2203" general_type="" specific_type="" RCC8_value="" FoR=""/></SENTENCE></SCENE>
    <SCENE>
        <DOCNO>annotations/01/1582.eng</DOCNO>
        <IMAGE>images/01/1582.jpg</IMAGE>
        <SENTENCE id="s1146" start="48880" end="48947"><TEXT>A mountain range with three outstanding rock summits at sunrise .</TEXT><SPATIALINDICATOR id="S2206" start="53" end="55" text="at"/><TRAJECTOR id="T2206" start="0" end="16" text="A mountain range"/><TRAJECTOR id="T2207" start="22" end="52" text="three outstanding rock summits"/><LANDMARK id="L2208" start="56" end="63" text="sunrise"/><RELATION id="SR2080" trajector_id="T2206" landmark_id="L2208" spatial_indicator_id="S2206" general_type="" specific_type="" RCC8_value="" FoR=""/><RELATION id="SR2081" trajector_id="T2207" landmark_id="L2208" spatial_indicator_id="S2206" general_type="" specific_type="" RCC8_value="" FoR=""/></SENTENCE></SCENE>
    <SCENE>
        <DOCNO>annotations/01/1583.eng</DOCNO>
        <IMAGE>images/01/1583.jpg</IMAGE>
        <SENTENCE id="s1147" start="48947" end="49051"><TEXT>a frozen lake with some small icebergs and a mountain range with many snow covered summits behind it .</TEXT><SPATIALINDICATOR id="S2211" start="91" end="97" text="behind"/><TRAJECTOR id="T2211" start="83" end="90" text="summits"/><LANDMARK id="L2211" start="98" end="100" text="it"/><RELATION id="SR2084" trajector_id="T2211" landmark_id="L2211" spatial_indicator_id="S2211" general_type="" specific_type="" RCC8_value="" FoR=""/></SENTENCE></SCENE>
    <SCENE>
        <DOCNO>annotations/01/1584.eng</DOCNO>
        <IMAGE>images/01/1584.jpg</IMAGE>
        <SENTENCE id="s1148" start="49051" end="49098"><TEXT>a lake with a couple of mountains behind it .</TEXT><SPATIALINDICATOR id="S2215" start="34" end="40" text="behind"/><TRAJECTOR id="T2215" start="0" end="6" text="a lake"/><TRAJECTOR id="T2216" start="12" end="33" text="a couple of mountains"/><LANDMARK id="L2217" start="41" end="43" text="it"/><RELATION id="SR2087" trajector_id="T2215" landmark_id="L2217" spatial_indicator_id="S2215" general_type="" specific_type="" RCC8_value="" FoR=""/><RELATION id="SR2088" trajector_id="T2216" landmark_id="L2217" spatial_indicator_id="S2215" general_type="" specific_type="" RCC8_value="" FoR=""/></SENTENCE><SENTENCE id="s1149" start="49098" end="49198"><TEXT>there is a snow covered summit on the left , and there are a few steep rugged rocks on the right .</TEXT><SPATIALINDICATOR id="S2219" start="31" end="42" text="on the left"/><TRAJECTOR id="T2219" start="24" end="30" text="summit"/><LANDMARK id="L2219" start="-1" end="-1"/><RELATION id="SR2091" trajector_id="T2219" landmark_id="L2219" spatial_indicator_id="S2219" general_type="" specific_type="" RCC8_value="" FoR=""/><SPATIALINDICATOR id="S2220" start="84" end="96" text="on the right"/><TRAJECTOR id="T2220" start="61" end="83" text="few steep rugged rocks"/><LANDMARK id="L2220" start="-1" end="-1"/><RELATION id="SR2093" trajector_id="T2220" landmark_id="L2220" spatial_indicator_id="S2220" general_type="" specific_type="" RCC8_value="" FoR=""/></SENTENCE></SCENE>
    <SCENE>
        <DOCNO>annotations/01/1585.eng</DOCNO>
        <IMAGE>images/01/1585.jpg</IMAGE>
        <SENTENCE id="s1150" start="49198" end="49267"><TEXT>a gravel road , which goes toward a lake with a slight left curve .</TEXT><LANDMARK id="L2224" start="34" end="40" text="a lake"/><SPATIALINDICATOR id="S2224" start="27" end="33" text="toward"/><TRAJECTOR id="T2224" start="0" end="13" text="a gravel road"/><RELATION id="SR2096" trajector_id="T2224" landmark_id="L2224" spatial_indicator_id="S2224" general_type="" specific_type="" RCC8_value="" FoR=""/></SENTENCE><SENTENCE id="s1151" start="49267" end="49344"><TEXT>there are high , cloud-imposed , snow covered mountains in the background .</TEXT><SPATIALINDICATOR id="S2226" start="56" end="58" text="in"/><TRAJECTOR id="T2226" start="46" end="55" text="mountains"/><LANDMARK id="L2226" start="59" end="73" text="the background"/><RELATION id="SR2100" trajector_id="T2226" landmark_id="L2226" spatial_indicator_id="S2226" general_type="" specific_type="" RCC8_value="" FoR=""/></SENTENCE></SCENE>
    <SCENE>
        <DOCNO>annotations/01/1586.eng</DOCNO>
        <IMAGE>images/01/1586.jpg</IMAGE>
        <SENTENCE id="s1152" start="49344" end="49418"><TEXT>Two poles with a good dozen signposts to different cities of the world .</TEXT></SENTENCE><SENTENCE id="s1153" start="49418" end="49477"><TEXT>there are house of a city and the sea in the background .</TEXT><SPATIALINDICATOR id="S2231" start="38" end="40" text="in"/><TRAJECTOR id="T2231" start="10" end="25" text="house of a city"/><TRAJECTOR id="T2232" start="30" end="37" text="the sea"/><LANDMARK id="L2233" start="41" end="55" text="the background"/><RELATION id="SR2104" trajector_id="T2231" landmark_id="L2233" spatial_indicator_id="S2231" general_type="" specific_type="" RCC8_value="" FoR=""/><RELATION id="SR2105" trajector_id="T2232" landmark_id="L2233" spatial_indicator_id="S2231" general_type="" specific_type="" RCC8_value="" FoR=""/></SENTENCE></SCENE>
    <SCENE>
        <DOCNO>annotations/01/1587.eng</DOCNO>
        <IMAGE>images/01/1587.jpg</IMAGE>
        <SENTENCE id="s1154" start="49477" end="49568"><TEXT>a small , white houses with two columns at the entrance and an angel statue on the roof .</TEXT><SPATIALINDICATOR id="S2237" start="76" end="78" text="on"/><TRAJECTOR id="T2237" start="60" end="75" text="an angel statue"/><LANDMARK id="L2237" start="79" end="87" text="the roof"/><RELATION id="SR2108" trajector_id="T2237" landmark_id="L2237" spatial_indicator_id="S2237" general_type="" specific_type="" RCC8_value="" FoR=""/><SPATIALINDICATOR id="S2238" start="40" end="42" text="at"/><TRAJECTOR id="T2238" start="28" end="39" text="two columns"/><TRAJECTOR id="T2239" start="2" end="22" text="small , white houses"/><TRAJECTOR id="T2240" start="60" end="75" text="an angel statue"/><LANDMARK id="L2241" start="43" end="55" text="the entrance"/><RELATION id="SR2110" trajector_id="T2238" landmark_id="L2241" spatial_indicator_id="S2238" general_type="" specific_type="" RCC8_value="" FoR=""/><RELATION id="SR2111" trajector_id="T2239" landmark_id="L2241" spatial_indicator_id="S2238" general_type="" specific_type="" RCC8_value="" FoR=""/><RELATION id="SR2112" trajector_id="T2240" landmark_id="L2241" spatial_indicator_id="S2238" general_type="" specific_type="" RCC8_value="" FoR=""/></SENTENCE><SENTENCE id="s1155" start="49568" end="49599"><TEXT>there is a man on the right .</TEXT><SPATIALINDICATOR id="S2243" start="15" end="27" text="on the right"/><TRAJECTOR id="T2243" start="9" end="14" text="a man"/><LANDMARK id="L2243" start="-1" end="-1"/><RELATION id="SR2115" trajector_id="T2243" landmark_id="L2243" spatial_indicator_id="S2243" general_type="" specific_type="" RCC8_value="" FoR=""/></SENTENCE></SCENE>
    <SCENE>
        <DOCNO>annotations/01/1588.eng</DOCNO>
        <IMAGE>images/01/1588.jpg</IMAGE>
        <SENTENCE id="s1156" start="49599" end="49641"><TEXT>two penguins are sitting in their nest .</TEXT><SPATIALINDICATOR id="S2246" start="25" end="27" text="in"/><TRAJECTOR id="T2246" start="0" end="12" text="two penguins"/><LANDMARK id="L2246" start="28" end="38" text="their nest"/><RELATION id="SR2118" trajector_id="T2246" landmark_id="L2246" spatial_indicator_id="S2246" general_type="" specific_type="" RCC8_value="" FoR=""/></SENTENCE></SCENE>
    <SCENE>
        <DOCNO>annotations/01/1589.eng</DOCNO>
        <IMAGE>images/01/1589.jpg</IMAGE>
        <SENTENCE id="s1157" start="49641" end="49676"><TEXT>a dead-straight , two lane road .</TEXT></SENTENCE><SENTENCE id="s1158" start="49676" end="49750"><TEXT>a flat grass landscape on both the right and the left side of the road .</TEXT><SPATIALINDICATOR id="S2251" start="23" end="25" text="on"/><TRAJECTOR id="T2251" start="0" end="22" text="a flat grass landscape"/><LANDMARK id="L2251" start="31" end="40" text="the right"/><LANDMARK id="L2252" start="45" end="70" text="the left side of the road"/><RELATION id="SR2122" trajector_id="T2251" landmark_id="L2251" spatial_indicator_id="S2251" general_type="" specific_type="" RCC8_value="" FoR=""/><RELATION id="SR2123" trajector_id="T2251" landmark_id="L2252" spatial_indicator_id="S2251" general_type="" specific_type="" RCC8_value="" FoR=""/></SENTENCE></SCENE>
    <SCENE>
        <DOCNO>annotations/01/1590.eng</DOCNO>
        <IMAGE>images/01/1590.jpg</IMAGE>
        <SENTENCE id="s1159" start="49750" end="49826"><TEXT>two all-terrain vehicles on a muddy road , with the forest on both sides .</TEXT><SPATIALINDICATOR id="S2256" start="59" end="61" text="on"/><TRAJECTOR id="T2256" start="48" end="58" text="the forest"/><LANDMARK id="L2256" start="62" end="72" text="both sides"/><RELATION id="SR2126" trajector_id="T2256" landmark_id="L2256" spatial_indicator_id="S2256" general_type="" specific_type="" RCC8_value="" FoR=""/><SPATIALINDICATOR id="S2257" start="25" end="27" text="on"/><TRAJECTOR id="T2257" start="0" end="24" text="two all-terrain vehicles"/><LANDMARK id="L2257" start="28" end="40" text="a muddy road"/><RELATION id="SR2128" trajector_id="T2257" landmark_id="L2257" spatial_indicator_id="S2257" general_type="" specific_type="" RCC8_value="" FoR=""/></SENTENCE></SCENE>
    <SCENE>
        <DOCNO>annotations/01/1591.eng</DOCNO>
        <IMAGE>images/01/1591.jpg</IMAGE>
        <SENTENCE id="s1160" start="49826" end="49870"><TEXT>sea lions and comorants on a rock island .</TEXT><SPATIALINDICATOR id="S2261" start="24" end="26" text="on"/><TRAJECTOR id="T2261" start="0" end="9" text="sea lions"/><TRAJECTOR id="T2262" start="14" end="23" text="comorants"/><LANDMARK id="L2263" start="27" end="40" text="a rock island"/><RELATION id="SR2131" trajector_id="T2261" landmark_id="L2263" spatial_indicator_id="S2261" general_type="" specific_type="" RCC8_value="" FoR=""/><RELATION id="SR2132" trajector_id="T2262" landmark_id="L2263" spatial_indicator_id="S2261" general_type="" specific_type="" RCC8_value="" FoR=""/></SENTENCE><SENTENCE id="s1161" start="49870" end="49915"><TEXT>there are big mountains in the background .</TEXT><SPATIALINDICATOR id="S2265" start="24" end="26" text="in"/><TRAJECTOR id="T2265" start="10" end="23" text="big mountains"/><LANDMARK id="L2265" start="27" end="41" text="the background"/><RELATION id="SR2135" trajector_id="T2265" landmark_id="L2265" spatial_indicator_id="S2265" general_type="" specific_type="" RCC8_value="" FoR=""/></SENTENCE></SCENE>
    <SCENE>
        <DOCNO>annotations/01/1596.eng</DOCNO>
        <IMAGE>images/01/1596.jpg</IMAGE>
        <SENTENCE id="s1162" start="49915" end="49932"><TEXT>Myrtle forest .</TEXT></SENTENCE></SCENE>
    <SCENE>
        <DOCNO>annotations/01/1608.eng</DOCNO>
        <IMAGE>images/01/1608.jpg</IMAGE>
        <SENTENCE id="s1163" start="49932" end="49983"><TEXT>children sitting around two white , round desks .</TEXT><SPATIALINDICATOR id="S2270" start="17" end="23" text="around"/><TRAJECTOR id="T2270" start="0" end="8" text="children"/><LANDMARK id="L2270" start="28" end="47" text="white , round desks"/><RELATION id="SR2139" trajector_id="T2270" landmark_id="L2270" spatial_indicator_id="S2270" general_type="" specific_type="" RCC8_value="" FoR=""/></SENTENCE></SCENE>
    <SCENE>
        <DOCNO>annotations/01/1653.eng</DOCNO>
        <IMAGE>images/01/1653.jpg</IMAGE>
        <SENTENCE id="s1164" start="49983" end="50025"><TEXT>a photo of eleven dark-haired children .</TEXT></SENTENCE></SCENE>
    <SCENE>
        <DOCNO>annotations/01/1657.eng</DOCNO>
        <IMAGE>images/01/1657.jpg</IMAGE>
        <SENTENCE id="s1165" start="50025" end="50134"><TEXT>a tourist is distributing tangerines to the children that are sitting around a round table in a classroom .</TEXT><SPATIALINDICATOR id="S2275" start="91" end="93" text="in"/><TRAJECTOR id="T2275" start="77" end="90" text="a round table"/><LANDMARK id="L2275" start="94" end="105" text="a classroom"/><RELATION id="SR2143" trajector_id="T2275" landmark_id="L2275" spatial_indicator_id="S2275" general_type="" specific_type="" RCC8_value="" FoR=""/><SPATIALINDICATOR id="S2276" start="70" end="76" text="around"/><TRAJECTOR id="T2276" start="40" end="52" text="the children"/><LANDMARK id="L2276" start="77" end="90" text="a round table"/><RELATION id="SR2145" trajector_id="T2276" landmark_id="L2276" spatial_indicator_id="S2276" general_type="" specific_type="" RCC8_value="" FoR=""/></SENTENCE></SCENE>
    <SCENE>
        <DOCNO>annotations/01/1690.eng</DOCNO>
        <IMAGE>images/01/1690.jpg</IMAGE>
        <SENTENCE id="s1166" start="50134" end="50195"><TEXT>the head of a turtle with an open mouth and a leaf inside .</TEXT></SENTENCE></SCENE>
    <SCENE>
        <DOCNO>annotations/01/1692.eng</DOCNO>
        <IMAGE>images/01/1692.jpg</IMAGE>
        <SENTENCE id="s1167" start="50195" end="50283"><TEXT>a white sailing ship with two masts and four hoisted sails and a few people on board .</TEXT><SPATIALINDICATOR id="S2281" start="76" end="78" text="on"/><TRAJECTOR id="T2281" start="63" end="75" text="a few people"/><TRAJECTOR id="T2282" start="40" end="58" text="four hoisted sails"/><LANDMARK id="L2283" start="79" end="84" text="board"/><RELATION id="SR2149" trajector_id="T2281" landmark_id="L2283" spatial_indicator_id="S2281" general_type="" specific_type="" RCC8_value="" FoR=""/><RELATION id="SR2150" trajector_id="T2282" landmark_id="L2283" spatial_indicator_id="S2281" general_type="" specific_type="" RCC8_value="" FoR=""/></SENTENCE></SCENE>
    <SCENE>
        <DOCNO>annotations/01/1703.eng</DOCNO>
        <IMAGE>images/01/1703.jpg</IMAGE>
        <SENTENCE id="s1168" start="50283" end="50357"><TEXT>a dozen mangos , coca tea and a bottle of Pisco Sour on a wooden table .</TEXT><SPATIALINDICATOR id="S2286" start="53" end="55" text="on"/><TRAJECTOR id="T2286" start="30" end="52" text="a bottle of Pisco Sour"/><TRAJECTOR id="T2287" start="17" end="25" text="coca tea"/><TRAJECTOR id="T2288" start="30" end="52" text="a bottle of Pisco Sour"/><TRAJECTOR id="T2289" start="0" end="14" text="a dozen mangos"/><LANDMARK id="L2290" start="56" end="70" text="a wooden table"/><RELATION id="SR2153" trajector_id="T2286" landmark_id="L2290" spatial_indicator_id="S2286" general_type="" specific_type="" RCC8_value="" FoR=""/><RELATION id="SR2154" trajector_id="T2287" landmark_id="L2290" spatial_indicator_id="S2286" general_type="" specific_type="" RCC8_value="" FoR=""/><RELATION id="SR2155" trajector_id="T2288" landmark_id="L2290" spatial_indicator_id="S2286" general_type="" specific_type="" RCC8_value="" FoR=""/><RELATION id="SR2156" trajector_id="T2289" landmark_id="L2290" spatial_indicator_id="S2286" general_type="" specific_type="" RCC8_value="" FoR=""/></SENTENCE></SCENE>
    <SCENE>
        <DOCNO>annotations/01/1708.eng</DOCNO>
        <IMAGE>images/01/1708.jpg</IMAGE>
        <SENTENCE id="s1169" start="50357" end="50425"><TEXT>a white catamaran with one mast and two yellow kayaks on the sea .</TEXT><SPATIALINDICATOR id="S2293" start="54" end="56" text="on"/><TRAJECTOR id="T2293" start="36" end="53" text="two yellow kayaks"/><LANDMARK id="L2293" start="57" end="64" text="the sea"/><RELATION id="SR2159" trajector_id="T2293" landmark_id="L2293" spatial_indicator_id="S2293" general_type="" specific_type="" RCC8_value="" FoR=""/></SENTENCE></SCENE>
    <SCENE>
        <DOCNO>annotations/01/1709.eng</DOCNO>
        <IMAGE>images/01/1709.jpg</IMAGE>
        <SENTENCE id="s1170" start="50425" end="50518"><TEXT>an all-terrain vehicle with a blue luggage bag on the roof during a trip on a gravel road .</TEXT><SPATIALINDICATOR id="S2297" start="73" end="75" text="on"/><TRAJECTOR id="T2297" start="66" end="72" text="a trip"/><LANDMARK id="L2297" start="76" end="89" text="a gravel road"/><RELATION id="SR2162" trajector_id="T2297" landmark_id="L2297" spatial_indicator_id="S2297" general_type="" specific_type="" RCC8_value="" FoR=""/><SPATIALINDICATOR id="S2298" start="47" end="49" text="on"/><TRAJECTOR id="T2298" start="0" end="22" text="an all-terrain vehicle"/><TRAJECTOR id="T2299" start="28" end="46" text="a blue luggage bag"/><LANDMARK id="L2300" start="50" end="58" text="the roof"/><RELATION id="SR2164" trajector_id="T2298" landmark_id="L2300" spatial_indicator_id="S2298" general_type="" specific_type="" RCC8_value="" FoR=""/><RELATION id="SR2165" trajector_id="T2299" landmark_id="L2300" spatial_indicator_id="S2298" general_type="" specific_type="" RCC8_value="" FoR=""/></SENTENCE><SENTENCE id="s1171" start="50518" end="50586"><TEXT>there are alpacas on a brown grass area , crossed by many creeks .</TEXT><SPATIALINDICATOR id="S2302" start="18" end="20" text="on"/><TRAJECTOR id="T2302" start="10" end="17" text="alpacas"/><LANDMARK id="L2302" start="21" end="39" text="a brown grass area"/><RELATION id="SR2168" trajector_id="T2302" landmark_id="L2302" spatial_indicator_id="S2302" general_type="" specific_type="" RCC8_value="" FoR=""/><LANDMARK id="L2303" start="53" end="64" text="many creeks"/><SPATIALINDICATOR id="S2303" start="50" end="52" text="by"/><TRAJECTOR id="T2303" start="10" end="17" text="alpacas"/><TRAJECTOR id="T2304" start="21" end="39" text="a brown grass area"/><RELATION id="SR2170" trajector_id="T2303" landmark_id="L2303" spatial_indicator_id="S2303" general_type="" specific_type="" RCC8_value="" FoR=""/><RELATION id="SR2171" trajector_id="T2304" landmark_id="L2303" spatial_indicator_id="S2303" general_type="" specific_type="" RCC8_value="" FoR=""/></SENTENCE></SCENE>
    <SCENE>
        <DOCNO>annotations/01/1714.eng</DOCNO>
        <IMAGE>images/01/1714.jpg</IMAGE>
        <SENTENCE id="s1172" start="50586" end="50680"><TEXT>a square with a statue in the centre and lots people , birds , trees and a fence around it .</TEXT><SPATIALINDICATOR id="S2309" start="23" end="25" text="in"/><TRAJECTOR id="T2309" start="14" end="22" text="a statue"/><TRAJECTOR id="T2310" start="0" end="8" text="a square"/><TRAJECTOR id="T2311" start="41" end="52" text="lots people"/><LANDMARK id="L2312" start="26" end="36" text="the centre"/><RELATION id="SR2175" trajector_id="T2309" landmark_id="L2312" spatial_indicator_id="S2309" general_type="" specific_type="" RCC8_value="" FoR=""/><RELATION id="SR2176" trajector_id="T2310" landmark_id="L2312" spatial_indicator_id="S2309" general_type="" specific_type="" RCC8_value="" FoR=""/><RELATION id="SR2177" trajector_id="T2311" landmark_id="L2312" spatial_indicator_id="S2309" general_type="" specific_type="" RCC8_value="" FoR=""/></SENTENCE><SENTENCE id="s1173" start="50680" end="50762"><TEXT>there is a large building with many windows and columns and a cupola behind it .</TEXT><SPATIALINDICATOR id="S2314" start="69" end="75" text="behind"/><TRAJECTOR id="T2314" start="48" end="55" text="columns"/><TRAJECTOR id="T2315" start="60" end="68" text="a cupola"/><LANDMARK id="L2316" start="76" end="78" text="it"/><RELATION id="SR2180" trajector_id="T2314" landmark_id="L2316" spatial_indicator_id="S2314" general_type="" specific_type="" RCC8_value="" FoR=""/><RELATION id="SR2181" trajector_id="T2315" landmark_id="L2316" spatial_indicator_id="S2314" general_type="" specific_type="" RCC8_value="" FoR=""/></SENTENCE></SCENE>
    <SCENE>
        <DOCNO>annotations/01/1715.eng</DOCNO>
        <IMAGE>images/01/1715.jpg</IMAGE>
        <SENTENCE id="s1174" start="50762" end="50815"><TEXT>a salt lake with the reflection of sky and clouds .</TEXT></SENTENCE></SCENE>
    <SCENE>
        <DOCNO>annotations/01/1716.eng</DOCNO>
        <IMAGE>images/01/1716.jpg</IMAGE>
        <SENTENCE id="s1175" start="50815" end="50858"><TEXT>four persons with a jeep on a salt lake .</TEXT><SPATIALINDICATOR id="S2322" start="25" end="27" text="on"/><TRAJECTOR id="T2322" start="0" end="12" text="four persons"/><TRAJECTOR id="T2323" start="18" end="24" text="a jeep"/><LANDMARK id="L2324" start="28" end="39" text="a salt lake"/><RELATION id="SR2185" trajector_id="T2322" landmark_id="L2324" spatial_indicator_id="S2322" general_type="" specific_type="" RCC8_value="" FoR=""/><RELATION id="SR2186" trajector_id="T2323" landmark_id="L2324" spatial_indicator_id="S2322" general_type="" specific_type="" RCC8_value="" FoR=""/></SENTENCE><SENTENCE id="s1176" start="50858" end="50981"><TEXT>there is a little pile of salt in the foreground on the right , and a few flat mountains in the background on the right .</TEXT><SPATIALINDICATOR id="S2326" start="89" end="91" text="in"/><TRAJECTOR id="T2326" start="68" end="88" text="a few flat mountains"/><LANDMARK id="L2326" start="92" end="106" text="the background"/><RELATION id="SR2189" trajector_id="T2326" landmark_id="L2326" spatial_indicator_id="S2326" general_type="" specific_type="" RCC8_value="" FoR=""/><SPATIALINDICATOR id="S2327" start="31" end="33" text="in"/><TRAJECTOR id="T2327" start="9" end="30" text="a little pile of salt"/><LANDMARK id="L2327" start="34" end="48" text="the foreground"/><RELATION id="SR2191" trajector_id="T2327" landmark_id="L2327" spatial_indicator_id="S2327" general_type="" specific_type="" RCC8_value="" FoR=""/><SPATIALINDICATOR id="S2328" start="49" end="61" text="on the right"/><TRAJECTOR id="T2328" start="34" end="48" text="the foreground"/><LANDMARK id="L2328" start="-1" end="-1"/><RELATION id="SR2193" trajector_id="T2328" landmark_id="L2328" spatial_indicator_id="S2328" general_type="" specific_type="" RCC8_value="" FoR=""/><SPATIALINDICATOR id="S2329" start="107" end="119" text="on the right"/><TRAJECTOR id="T2329" start="92" end="106" text="the background"/><LANDMARK id="L2329" start="-1" end="-1"/><RELATION id="SR2195" trajector_id="T2329" landmark_id="L2329" spatial_indicator_id="S2329" general_type="" specific_type="" RCC8_value="" FoR=""/></SENTENCE></SCENE>
    <SCENE>
        <DOCNO>annotations/01/1717.eng</DOCNO>
        <IMAGE>images/01/1717.jpg</IMAGE>
        <SENTENCE id="s1177" start="50981" end="51058"><TEXT>a rock with a very narrow bottom part in the middle of a red sandy desert .</TEXT><SPATIALINDICATOR id="S2332" start="38" end="54" text="in the middle of"/><TRAJECTOR id="T2332" start="19" end="37" text="narrow bottom part"/><LANDMARK id="L2332" start="55" end="73" text="a red sandy desert"/><RELATION id="SR2198" trajector_id="T2332" landmark_id="L2332" spatial_indicator_id="S2332" general_type="" specific_type="" RCC8_value="" FoR=""/></SENTENCE></SCENE>
    <SCENE>
        <DOCNO>annotations/01/1719.eng</DOCNO>
        <IMAGE>images/01/1719.jpg</IMAGE>
        <SENTENCE id="s1178" start="51058" end="51154"><TEXT>a statue of a rider on a base of bricks , surrounded by a blooming bush and a few palm trees .</TEXT><SPATIALINDICATOR id="S2336" start="20" end="22" text="on"/><TRAJECTOR id="T2336" start="0" end="19" text="a statue of a rider"/><LANDMARK id="L2336" start="23" end="39" text="a base of bricks"/><RELATION id="SR2201" trajector_id="T2336" landmark_id="L2336" spatial_indicator_id="S2336" general_type="" specific_type="" RCC8_value="" FoR=""/><SPATIALINDICATOR id="S2337" start="53" end="55" text="by"/><TRAJECTOR id="T2337" start="23" end="39" text="a base of bricks"/><LANDMARK id="L2337" start="76" end="92" text="a few palm trees"/><LANDMARK id="L2338" start="56" end="71" text="a blooming bush"/><RELATION id="SR2203" trajector_id="T2337" landmark_id="L2337" spatial_indicator_id="S2337" general_type="" specific_type="" RCC8_value="" FoR=""/><RELATION id="SR2204" trajector_id="T2337" landmark_id="L2338" spatial_indicator_id="S2337" general_type="" specific_type="" RCC8_value="" FoR=""/></SENTENCE><SENTENCE id="s1179" start="51154" end="51206"><TEXT>there is a huge glass building in the background .</TEXT><SPATIALINDICATOR id="S2341" start="31" end="33" text="in"/><TRAJECTOR id="T2341" start="9" end="30" text="a huge glass building"/><LANDMARK id="L2341" start="34" end="48" text="the background"/><RELATION id="SR2207" trajector_id="T2341" landmark_id="L2341" spatial_indicator_id="S2341" general_type="" specific_type="" RCC8_value="" FoR=""/></SENTENCE></SCENE>
    <SCENE>
        <DOCNO>annotations/01/1720.eng</DOCNO>
        <IMAGE>images/01/1720.jpg</IMAGE>
        <SENTENCE id="s1180" start="51206" end="51276"><TEXT>the bizare landscape of the Isla del Pescado with all the cactuses .</TEXT></SENTENCE></SCENE>
    <SCENE>
        <DOCNO>annotations/01/1721.eng</DOCNO>
        <IMAGE>images/01/1721.jpg</IMAGE>
        <SENTENCE id="s1181" start="51276" end="51357"><TEXT>a man and a woman are bathing in the hot , steaming springs on a flat plateau .</TEXT><SPATIALINDICATOR id="S2346" start="60" end="62" text="on"/><TRAJECTOR id="T2346" start="52" end="59" text="springs"/><LANDMARK id="L2346" start="63" end="77" text="a flat plateau"/><RELATION id="SR2211" trajector_id="T2346" landmark_id="L2346" spatial_indicator_id="S2346" general_type="" specific_type="" RCC8_value="" FoR=""/></SENTENCE></SCENE>
    <SCENE>
        <DOCNO>annotations/01/1722.eng</DOCNO>
        <IMAGE>images/01/1722.jpg</IMAGE>
        <SENTENCE id="s1182" start="51357" end="51401"><TEXT>a desert landscape with steaming geysers .</TEXT></SENTENCE><SENTENCE id="s1183" start="51401" end="51448"><TEXT>there are three people close to the geysers .</TEXT></SENTENCE></SCENE>
    <SCENE>
        <DOCNO>annotations/01/1724.eng</DOCNO>
        <IMAGE>images/01/1724.jpg</IMAGE>
        <SENTENCE id="s1184" start="51448" end="51558"><TEXT>the view of a large city in a basin with mountains in the background , one of them with snow at the summit .</TEXT><SPATIALINDICATOR id="S2353" start="25" end="27" text="in"/><TRAJECTOR id="T2353" start="0" end="24" text="the view of a large city"/><LANDMARK id="L2353" start="28" end="35" text="a basin"/><RELATION id="SR2216" trajector_id="T2353" landmark_id="L2353" spatial_indicator_id="S2353" general_type="" specific_type="" RCC8_value="" FoR=""/><SPATIALINDICATOR id="S2354" start="93" end="95" text="at"/><TRAJECTOR id="T2354" start="88" end="92" text="snow"/><LANDMARK id="L2354" start="96" end="106" text="the summit"/><RELATION id="SR2218" trajector_id="T2354" landmark_id="L2354" spatial_indicator_id="S2354" general_type="" specific_type="" RCC8_value="" FoR=""/><SPATIALINDICATOR id="S2355" start="51" end="53" text="in"/><TRAJECTOR id="T2355" start="41" end="50" text="mountains"/><LANDMARK id="L2355" start="54" end="68" text="the background"/><RELATION id="SR2220" trajector_id="T2355" landmark_id="L2355" spatial_indicator_id="S2355" general_type="" specific_type="" RCC8_value="" FoR=""/></SENTENCE></SCENE>
    <SCENE>
        <DOCNO>annotations/01/1725.eng</DOCNO>
        <IMAGE>images/01/1725.jpg</IMAGE>
        <SENTENCE id="s1185" start="51558" end="51649"><TEXT>tourists are kneeing at a lookout and are taking pictures of a city in a basin at night .</TEXT><SPATIALINDICATOR id="S2359" start="79" end="81" text="at"/><TRAJECTOR id="T2359" start="71" end="78" text="a basin"/><LANDMARK id="L2359" start="82" end="87" text="night"/><RELATION id="SR2223" trajector_id="T2359" landmark_id="L2359" spatial_indicator_id="S2359" general_type="" specific_type="" RCC8_value="" FoR=""/><LANDMARK id="L2360" start="24" end="33" text="a lookout"/><SPATIALINDICATOR id="S2360" start="21" end="23" text="at"/><TRAJECTOR id="T2360" start="0" end="8" text="tourists"/><RELATION id="SR2226" trajector_id="T2360" landmark_id="L2360" spatial_indicator_id="S2360" general_type="" specific_type="" RCC8_value="" FoR=""/><LANDMARK id="L2361" start="71" end="78" text="a basin"/><SPATIALINDICATOR id="S2361" start="68" end="70" text="in"/><TRAJECTOR id="T2361" start="49" end="67" text="pictures of a city"/><RELATION id="SR2229" trajector_id="T2361" landmark_id="L2361" spatial_indicator_id="S2361" general_type="" specific_type="" RCC8_value="" FoR=""/></SENTENCE><SENTENCE id="s1186" start="51649" end="51682"><TEXT>there is one summit with snow .</TEXT></SENTENCE></SCENE>
    <SCENE>
        <DOCNO>annotations/01/1726.eng</DOCNO>
        <IMAGE>images/01/1726.jpg</IMAGE>
        <SENTENCE id="s1187" start="51682" end="51703"><TEXT>a city in a basin .</TEXT><SPATIALINDICATOR id="S2366" start="7" end="9" text="in"/><TRAJECTOR id="T2366" start="0" end="6" text="a city"/><LANDMARK id="L2366" start="10" end="17" text="a basin"/><RELATION id="SR2234" trajector_id="T2366" landmark_id="L2366" spatial_indicator_id="S2366" general_type="" specific_type="" RCC8_value="" FoR=""/></SENTENCE><SENTENCE id="s1188" start="51703" end="51867"><TEXT>there are housed made of red bricks and corrugated sheet roofs in the foreground , high-rise buildings in the centre and snowcovered mountains in the background .</TEXT><SPATIALINDICATOR id="S2368" start="143" end="145" text="in"/><TRAJECTOR id="T2368" start="110" end="142" text="centre and snowcovered mountains"/><LANDMARK id="L2368" start="146" end="160" text="the background"/><RELATION id="SR2237" trajector_id="T2368" landmark_id="L2368" spatial_indicator_id="S2368" general_type="" specific_type="" RCC8_value="" FoR=""/><SPATIALINDICATOR id="S2369" start="63" end="65" text="in"/><TRAJECTOR id="T2369" start="25" end="35" text="red bricks"/><TRAJECTOR id="T2370" start="40" end="62" text="corrugated sheet roofs"/><LANDMARK id="L2371" start="66" end="80" text="the foreground"/><RELATION id="SR2239" trajector_id="T2369" landmark_id="L2371" spatial_indicator_id="S2369" general_type="" specific_type="" RCC8_value="" FoR=""/><RELATION id="SR2240" trajector_id="T2370" landmark_id="L2371" spatial_indicator_id="S2369" general_type="" specific_type="" RCC8_value="" FoR=""/><SPATIALINDICATOR id="S2372" start="103" end="105" text="in"/><TRAJECTOR id="T2372" start="83" end="102" text="high-rise buildings"/><LANDMARK id="L2372" start="110" end="142" text="centre and snowcovered mountains"/><RELATION id="SR2242" trajector_id="T2372" landmark_id="L2372" spatial_indicator_id="S2372" general_type="" specific_type="" RCC8_value="" FoR=""/></SENTENCE></SCENE>
    <SCENE>
        <DOCNO>annotations/01/1729.eng</DOCNO>
        <IMAGE>images/01/1729.jpg</IMAGE>
        <SENTENCE id="s1189" start="51867" end="51892"><TEXT>five people on a boat .</TEXT><SPATIALINDICATOR id="S2376" start="12" end="14" text="on"/><TRAJECTOR id="T2376" start="0" end="11" text="five people"/><LANDMARK id="L2376" start="15" end="21" text="a boat"/><RELATION id="SR2245" trajector_id="T2376" landmark_id="L2376" spatial_indicator_id="S2376" general_type="" specific_type="" RCC8_value="" FoR=""/></SENTENCE><SENTENCE id="s1190" start="51892" end="51933"><TEXT>a hill in the background on the right .</TEXT><SPATIALINDICATOR id="S2378" start="7" end="9" text="in"/><TRAJECTOR id="T2378" start="0" end="6" text="a hill"/><LANDMARK id="L2378" start="10" end="24" text="the background"/><RELATION id="SR2248" trajector_id="T2378" landmark_id="L2378" spatial_indicator_id="S2378" general_type="" specific_type="" RCC8_value="" FoR=""/><SPATIALINDICATOR id="S2379" start="25" end="37" text="on the right"/><TRAJECTOR id="T2379" start="10" end="24" text="the background"/><LANDMARK id="L2379" start="-1" end="-1"/><RELATION id="SR2250" trajector_id="T2379" landmark_id="L2379" spatial_indicator_id="S2379" general_type="" specific_type="" RCC8_value="" FoR=""/></SENTENCE></SCENE>
    <SCENE>
        <DOCNO>annotations/01/1730.eng</DOCNO>
        <IMAGE>images/01/1730.jpg</IMAGE>
        <SENTENCE id="s1191" start="51933" end="52000"><TEXT>eight grown-ups are posing in front of a green and white church .</TEXT></SENTENCE></SCENE>
    <SCENE>
        <DOCNO>annotations/01/1731.eng</DOCNO>
        <IMAGE>images/01/1731.jpg</IMAGE>
        <SENTENCE id="s1192" start="52000" end="52088"><TEXT>Cactuses on a rocky slope in the foreground and a flat salt desert in the background .</TEXT><SPATIALINDICATOR id="S2384" start="26" end="28" text="in"/><TRAJECTOR id="T2384" start="48" end="66" text="a flat salt desert"/><TRAJECTOR id="T2385" start="12" end="25" text="a rocky slope"/><LANDMARK id="L2386" start="29" end="43" text="the foreground"/><RELATION id="SR2254" trajector_id="T2384" landmark_id="L2386" spatial_indicator_id="S2384" general_type="" specific_type="" RCC8_value="" FoR=""/><RELATION id="SR2255" trajector_id="T2385" landmark_id="L2386" spatial_indicator_id="S2384" general_type="" specific_type="" RCC8_value="" FoR=""/><SPATIALINDICATOR id="S2387" start="67" end="69" text="in"/><TRAJECTOR id="T2387" start="48" end="66" text="a flat salt desert"/><LANDMARK id="L2387" start="70" end="84" text="the background"/><RELATION id="SR2257" trajector_id="T2387" landmark_id="L2387" spatial_indicator_id="S2387" general_type="" specific_type="" RCC8_value="" FoR=""/><SPATIALINDICATOR id="S2388" start="9" end="11" text="on"/><TRAJECTOR id="T2388" start="0" end="8" text="Cactuses"/><LANDMARK id="L2388" start="48" end="66" text="a flat salt desert"/><LANDMARK id="L2389" start="12" end="25" text="a rocky slope"/><RELATION id="SR2259" trajector_id="T2388" landmark_id="L2388" spatial_indicator_id="S2388" general_type="" specific_type="" RCC8_value="" FoR=""/><RELATION id="SR2260" trajector_id="T2388" landmark_id="L2389" spatial_indicator_id="S2388" general_type="" specific_type="" RCC8_value="" FoR=""/></SENTENCE></SCENE>
    <SCENE>
        <DOCNO>annotations/01/1732.eng</DOCNO>
        <IMAGE>images/01/1732.jpg</IMAGE>
        <SENTENCE id="s1193" start="52088" end="52150"><TEXT>Five persons are posing in front of an all-terrain vehicle .</TEXT></SENTENCE><SENTENCE id="s1194" start="52150" end="52211"><TEXT>there is a lagoon behind it and a mountain at the horizon .</TEXT><SPATIALINDICATOR id="S2395" start="43" end="45" text="at"/><TRAJECTOR id="T2395" start="32" end="42" text="a mountain"/><LANDMARK id="L2395" start="46" end="57" text="the horizon"/><RELATION id="SR2264" trajector_id="T2395" landmark_id="L2395" spatial_indicator_id="S2395" general_type="" specific_type="" RCC8_value="" FoR=""/><SPATIALINDICATOR id="S2396" start="18" end="24" text="behind"/><TRAJECTOR id="T2396" start="32" end="42" text="a mountain"/><TRAJECTOR id="T2397" start="9" end="17" text="a lagoon"/><LANDMARK id="L2398" start="25" end="27" text="it"/><RELATION id="SR2266" trajector_id="T2396" landmark_id="L2398" spatial_indicator_id="S2396" general_type="" specific_type="" RCC8_value="" FoR=""/><RELATION id="SR2267" trajector_id="T2397" landmark_id="L2398" spatial_indicator_id="S2396" general_type="" specific_type="" RCC8_value="" FoR=""/></SENTENCE></SCENE>
    <SCENE>
        <DOCNO>annotations/01/1734.eng</DOCNO>
        <IMAGE>images/01/1734.jpg</IMAGE>
        <SENTENCE id="s1195" start="52211" end="52286"><TEXT>two underexposed cactuses , behind them a salt lake and the setting sun .</TEXT><SPATIALINDICATOR id="S2401" start="28" end="34" text="behind"/><TRAJECTOR id="T2401" start="0" end="25" text="two underexposed cactuses"/><LANDMARK id="L2401" start="35" end="39" text="them"/><RELATION id="SR2270" trajector_id="T2401" landmark_id="L2401" spatial_indicator_id="S2401" general_type="" specific_type="" RCC8_value="" FoR=""/></SENTENCE></SCENE>
    <SCENE>
        <DOCNO>annotations/01/1735.eng</DOCNO>
        <IMAGE>images/01/1735.jpg</IMAGE>
        <SENTENCE id="s1196" start="52286" end="52374"><TEXT>Cactuses on a rocky slope in the foreground and a flat salt desert in the background .</TEXT><SPATIALINDICATOR id="S2404" start="26" end="28" text="in"/><TRAJECTOR id="T2404" start="48" end="66" text="a flat salt desert"/><TRAJECTOR id="T2405" start="12" end="25" text="a rocky slope"/><LANDMARK id="L2406" start="29" end="43" text="the foreground"/><RELATION id="SR2273" trajector_id="T2404" landmark_id="L2406" spatial_indicator_id="S2404" general_type="" specific_type="" RCC8_value="" FoR=""/><RELATION id="SR2274" trajector_id="T2405" landmark_id="L2406" spatial_indicator_id="S2404" general_type="" specific_type="" RCC8_value="" FoR=""/><SPATIALINDICATOR id="S2407" start="67" end="69" text="in"/><TRAJECTOR id="T2407" start="48" end="66" text="a flat salt desert"/><LANDMARK id="L2407" start="70" end="84" text="the background"/><RELATION id="SR2276" trajector_id="T2407" landmark_id="L2407" spatial_indicator_id="S2407" general_type="" specific_type="" RCC8_value="" FoR=""/><SPATIALINDICATOR id="S2408" start="9" end="11" text="on"/><TRAJECTOR id="T2408" start="0" end="8" text="Cactuses"/><LANDMARK id="L2408" start="48" end="66" text="a flat salt desert"/><LANDMARK id="L2409" start="12" end="25" text="a rocky slope"/><RELATION id="SR2278" trajector_id="T2408" landmark_id="L2408" spatial_indicator_id="S2408" general_type="" specific_type="" RCC8_value="" FoR=""/><RELATION id="SR2279" trajector_id="T2408" landmark_id="L2409" spatial_indicator_id="S2408" general_type="" specific_type="" RCC8_value="" FoR=""/></SENTENCE></SCENE>
    <SCENE>
        <DOCNO>annotations/01/1737.eng</DOCNO>
        <IMAGE>images/01/1737.jpg</IMAGE>
        <SENTENCE id="s1197" start="52374" end="52501"><TEXT>a group picture of seven grown-ups next to two large cactuses on a rock island , with a white salt desert in the background .</TEXT><SPATIALINDICATOR id="S2413" start="106" end="108" text="in"/><TRAJECTOR id="T2413" start="86" end="105" text="a white salt desert"/><LANDMARK id="L2413" start="109" end="123" text="the background"/><RELATION id="SR2282" trajector_id="T2413" landmark_id="L2413" spatial_indicator_id="S2413" general_type="" specific_type="" RCC8_value="" FoR=""/><SPATIALINDICATOR id="S2414" start="35" end="42" text="next to"/><TRAJECTOR id="T2414" start="0" end="34" text="a group picture of seven grown-ups"/><LANDMARK id="L2414" start="43" end="61" text="two large cactuses"/><RELATION id="SR2284" trajector_id="T2414" landmark_id="L2414" spatial_indicator_id="S2414" general_type="" specific_type="" RCC8_value="" FoR=""/><SPATIALINDICATOR id="S2415" start="62" end="64" text="on"/><TRAJECTOR id="T2415" start="43" end="61" text="two large cactuses"/><LANDMARK id="L2415" start="65" end="78" text="a rock island"/><RELATION id="SR2286" trajector_id="T2415" landmark_id="L2415" spatial_indicator_id="S2415" general_type="" specific_type="" RCC8_value="" FoR=""/></SENTENCE></SCENE>
    <SCENE>
        <DOCNO>annotations/01/1739.eng</DOCNO>
        <IMAGE>images/01/1739.jpg</IMAGE>
        <SENTENCE id="s1198" start="52501" end="52546"><TEXT>four tourists are standing in hot springs .</TEXT><SPATIALINDICATOR id="S2419" start="27" end="29" text="in"/><TRAJECTOR id="T2419" start="0" end="13" text="four tourists"/><LANDMARK id="L2419" start="30" end="41" text="hot springs"/><RELATION id="SR2289" trajector_id="T2419" landmark_id="L2419" spatial_indicator_id="S2419" general_type="" specific_type="" RCC8_value="" FoR=""/></SENTENCE><SENTENCE id="s1199" start="52546" end="52622"><TEXT>there is a flat desert landscape with more hot springs in the background .</TEXT><SPATIALINDICATOR id="S2421" start="55" end="57" text="in"/><TRAJECTOR id="T2421" start="43" end="54" text="hot springs"/><LANDMARK id="L2421" start="58" end="72" text="the background"/><RELATION id="SR2292" trajector_id="T2421" landmark_id="L2421" spatial_indicator_id="S2421" general_type="" specific_type="" RCC8_value="" FoR=""/></SENTENCE></SCENE>
    <SCENE>
        <DOCNO>annotations/01/1740.eng</DOCNO>
        <IMAGE>images/01/1740.jpg</IMAGE>
        <SENTENCE id="s1200" start="52622" end="52655"><TEXT>Cactuses on a very rocky hill .</TEXT><SPATIALINDICATOR id="S2424" start="9" end="11" text="on"/><TRAJECTOR id="T2424" start="0" end="8" text="Cactuses"/><LANDMARK id="L2424" start="12" end="29" text="a very rocky hill"/><RELATION id="SR2295" trajector_id="T2424" landmark_id="L2424" spatial_indicator_id="S2424" general_type="" specific_type="" RCC8_value="" FoR=""/></SENTENCE></SCENE>
    <SCENE>
        <DOCNO>annotations/01/1741.eng</DOCNO>
        <IMAGE>images/01/1741.jpg</IMAGE>
        <SENTENCE id="s1201" start="52655" end="52715"><TEXT>a jeep is driving on a gravel road in a dry stone desert .</TEXT><SPATIALINDICATOR id="S2428" start="35" end="37" text="in"/><TRAJECTOR id="T2428" start="21" end="34" text="a gravel road"/><LANDMARK id="L2428" start="38" end="56" text="a dry stone desert"/><RELATION id="SR2298" trajector_id="T2428" landmark_id="L2428" spatial_indicator_id="S2428" general_type="" specific_type="" RCC8_value="" FoR=""/><LANDMARK id="L2429" start="21" end="34" text="a gravel road"/><SPATIALINDICATOR id="S2429" start="18" end="20" text="on"/><TRAJECTOR id="T2429" start="0" end="6" text="a jeep"/><RELATION id="SR2300" trajector_id="T2429" landmark_id="L2429" spatial_indicator_id="S2429" general_type="" specific_type="" RCC8_value="" FoR=""/></SENTENCE><SENTENCE id="s1202" start="52715" end="52796"><TEXT>there is a slope of black stones on the right and a dust cloud behind the car .</TEXT><SPATIALINDICATOR id="S2431" start="63" end="69" text="behind"/><TRAJECTOR id="T2431" start="50" end="62" text="a dust cloud"/><LANDMARK id="L2431" start="70" end="77" text="the car"/><RELATION id="SR2304" trajector_id="T2431" landmark_id="L2431" spatial_indicator_id="S2431" general_type="" specific_type="" RCC8_value="" FoR=""/><SPATIALINDICATOR id="S2432" start="33" end="45" text="on the right"/><TRAJECTOR id="T2432" start="9" end="32" text="a slope of black stones"/><LANDMARK id="L2432" start="-1" end="-1"/><RELATION id="SR2306" trajector_id="T2432" landmark_id="L2432" spatial_indicator_id="S2432" general_type="" specific_type="" RCC8_value="" FoR=""/></SENTENCE></SCENE>
    <SCENE>
        <DOCNO>annotations/01/1742.eng</DOCNO>
        <IMAGE>images/01/1742.jpg</IMAGE>
        <SENTENCE id="s1203" start="52796" end="52884"><TEXT>two llamas in front of a salt lagoon , with snow covered mountains in the background .</TEXT><SPATIALINDICATOR id="S2435" start="11" end="22" text="in front of"/><TRAJECTOR id="T2435" start="0" end="10" text="two llamas"/><LANDMARK id="L2435" start="23" end="36" text="a salt lagoon"/><RELATION id="SR2309" trajector_id="T2435" landmark_id="L2435" spatial_indicator_id="S2435" general_type="" specific_type="" RCC8_value="" FoR=""/><SPATIALINDICATOR id="S2436" start="67" end="69" text="in"/><TRAJECTOR id="T2436" start="57" end="66" text="mountains"/><LANDMARK id="L2436" start="70" end="84" text="the background"/><RELATION id="SR2311" trajector_id="T2436" landmark_id="L2436" spatial_indicator_id="S2436" general_type="" specific_type="" RCC8_value="" FoR=""/></SENTENCE></SCENE>
    <SCENE>
        <DOCNO>annotations/01/1744.eng</DOCNO>
        <IMAGE>images/01/1744.jpg</IMAGE>
        <SENTENCE id="s1204" start="52884" end="52944"><TEXT>Hot springs in the middle in a flat dry desert landscape .</TEXT><SPATIALINDICATOR id="S2441" start="26" end="28" text="in"/><TRAJECTOR id="T2441" start="15" end="25" text="the middle"/><LANDMARK id="L2441" start="31" end="56" text="flat dry desert landscape"/><RELATION id="SR2314" trajector_id="T2441" landmark_id="L2441" spatial_indicator_id="S2441" general_type="" specific_type="" RCC8_value="" FoR=""/><SPATIALINDICATOR id="S2442" start="12" end="14" text="in"/><TRAJECTOR id="T2442" start="0" end="11" text="Hot springs"/><LANDMARK id="L2442" start="15" end="25" text="the middle"/><RELATION id="SR2316" trajector_id="T2442" landmark_id="L2442" spatial_indicator_id="S2442" general_type="" specific_type="" RCC8_value="" FoR=""/></SENTENCE><SENTENCE id="s1205" start="52944" end="52989"><TEXT>a man in a natural pool in the foreground .</TEXT><SPATIALINDICATOR id="S2444" start="6" end="8" text="in"/><TRAJECTOR id="T2444" start="0" end="5" text="a man"/><LANDMARK id="L2444" start="9" end="23" text="a natural pool"/><RELATION id="SR2319" trajector_id="T2444" landmark_id="L2444" spatial_indicator_id="S2444" general_type="" specific_type="" RCC8_value="" FoR=""/><SPATIALINDICATOR id="S2445" start="24" end="26" text="in"/><TRAJECTOR id="T2445" start="9" end="23" text="a natural pool"/><LANDMARK id="L2445" start="27" end="41" text="the foreground"/><RELATION id="SR2321" trajector_id="T2445" landmark_id="L2445" spatial_indicator_id="S2445" general_type="" specific_type="" RCC8_value="" FoR=""/></SENTENCE><SENTENCE id="s1206" start="52989" end="53027"><TEXT>a mountain range in the background .</TEXT><SPATIALINDICATOR id="S2447" start="17" end="19" text="in"/><TRAJECTOR id="T2447" start="0" end="16" text="a mountain range"/><LANDMARK id="L2447" start="20" end="34" text="the background"/><RELATION id="SR2324" trajector_id="T2447" landmark_id="L2447" spatial_indicator_id="S2447" general_type="" specific_type="" RCC8_value="" FoR=""/></SENTENCE></SCENE>
    <SCENE>
        <DOCNO>annotations/01/1745.eng</DOCNO>
        <IMAGE>images/01/1745.jpg</IMAGE>
        <SENTENCE id="s1207" start="53027" end="53075"><TEXT>a lake with a snow covered volcano behind it .</TEXT><SPATIALINDICATOR id="S2450" start="35" end="41" text="behind"/><TRAJECTOR id="T2450" start="27" end="34" text="volcano"/><LANDMARK id="L2450" start="42" end="44" text="it"/><RELATION id="SR2327" trajector_id="T2450" landmark_id="L2450" spatial_indicator_id="S2450" general_type="" specific_type="" RCC8_value="" FoR=""/></SENTENCE></SCENE>
    <SCENE>
        <DOCNO>annotations/01/1746.eng</DOCNO>
        <IMAGE>images/01/1746.jpg</IMAGE>
        <SENTENCE id="s1208" start="53075" end="53184"><TEXT>two children on a bench , the one on the left with a pink hood , the on on the right wearing a brown vest .</TEXT><SPATIALINDICATOR id="S2453" start="13" end="15" text="on"/><TRAJECTOR id="T2453" start="0" end="12" text="two children"/><LANDMARK id="L2453" start="16" end="23" text="a bench"/><RELATION id="SR2330" trajector_id="T2453" landmark_id="L2453" spatial_indicator_id="S2453" general_type="" specific_type="" RCC8_value="" FoR=""/><SPATIALINDICATOR id="S2454" start="34" end="45" text="on the left"/><TRAJECTOR id="T2454" start="16" end="23" text="a bench"/><LANDMARK id="L2454" start="-1" end="-1"/><RELATION id="SR2332" trajector_id="T2454" landmark_id="L2454" spatial_indicator_id="S2454" general_type="" specific_type="" RCC8_value="" FoR=""/></SENTENCE></SCENE>
    <SCENE>
        <DOCNO>annotations/01/1747.eng</DOCNO>
        <IMAGE>images/01/1747.jpg</IMAGE>
        <SENTENCE id="s1209" start="53184" end="53244"><TEXT>locals are sitting on the street and are receiving bread .</TEXT><SPATIALINDICATOR id="S2457" start="19" end="21" text="on"/><TRAJECTOR id="T2457" start="0" end="6" text="locals"/><LANDMARK id="L2457" start="22" end="32" text="the street"/><RELATION id="SR2335" trajector_id="T2457" landmark_id="L2457" spatial_indicator_id="S2457" general_type="" specific_type="" RCC8_value="" FoR=""/></SENTENCE></SCENE>
    <SCENE>
        <DOCNO>annotations/01/1749.eng</DOCNO>
        <IMAGE>images/01/1749.jpg</IMAGE>
        <SENTENCE id="s1210" start="53244" end="53310"><TEXT>a woman is feeding a man , another man is sitting next to them .</TEXT></SENTENCE><SENTENCE id="s1211" start="53310" end="53365"><TEXT>there are pallets and a grey wall in the background .</TEXT><SPATIALINDICATOR id="S2462" start="34" end="36" text="in"/><TRAJECTOR id="T2462" start="22" end="33" text="a grey wall"/><TRAJECTOR id="T2463" start="10" end="17" text="pallets"/><LANDMARK id="L2464" start="37" end="51" text="the background"/><RELATION id="SR2339" trajector_id="T2462" landmark_id="L2464" spatial_indicator_id="S2462" general_type="" specific_type="" RCC8_value="" FoR=""/><RELATION id="SR2340" trajector_id="T2463" landmark_id="L2464" spatial_indicator_id="S2462" general_type="" specific_type="" RCC8_value="" FoR=""/></SENTENCE></SCENE>
    <SCENE>
        <DOCNO>annotations/01/1751.eng</DOCNO>
        <IMAGE>images/01/1751.jpg</IMAGE>
        <SENTENCE id="s1212" start="53365" end="53418"><TEXT>a tourist with three children in front of a fence .</TEXT><SPATIALINDICATOR id="S2468" start="30" end="41" text="in front of"/><TRAJECTOR id="T2468" start="0" end="9" text="a tourist"/><TRAJECTOR id="T2469" start="15" end="29" text="three children"/><LANDMARK id="L2470" start="42" end="49" text="a fence"/><RELATION id="SR2343" trajector_id="T2468" landmark_id="L2470" spatial_indicator_id="S2468" general_type="" specific_type="" RCC8_value="" FoR=""/><RELATION id="SR2344" trajector_id="T2469" landmark_id="L2470" spatial_indicator_id="S2468" general_type="" specific_type="" RCC8_value="" FoR=""/></SENTENCE><SENTENCE id="s1213" start="53418" end="53549"><TEXT>one child is carrying shoe-cleaning equipment , the one on the left is holding a cup , the other one is hanging on to the fence .</TEXT></SENTENCE></SCENE>
</SpRL>
